2019-02-25 11:46:44,187 INFO  DownloadService - Downloading "https://github.com/wajahatkarim3/DBFlowManager-Hyperion-Plugin/archive/master.zip", attempt 3
2019-02-25 11:47:26,702 INFO  DownloadService - Downloaded https://github.com/wajahatkarim3/DBFlowManager-Hyperion-Plugin/archive/master.zip, attempt 3
2019-02-25 11:47:26,702 INFO  DownloadService - Size of file "/var/folders/bq/vtzpc5ns5sg2cthy61lqpg3dfzgbys/T/1551070004184-0/master.zip": 3 MB
2019-02-25 11:47:26,702 INFO  ArchiveUtils - Checking entries [.gradle] in ZIP file...
2019-02-25 11:47:26,703 INFO  ArchiveUtils - Has entries [.gradle] in ZIP file /var/folders/bq/vtzpc5ns5sg2cthy61lqpg3dfzgbys/T/1551070004184-0/master.zip: true
2019-02-25 11:47:26,703 DEBUG ZipUtil - Extracting '/var/folders/bq/vtzpc5ns5sg2cthy61lqpg3dfzgbys/T/1551070004184-0/master.zip' into '/var/folders/bq/vtzpc5ns5sg2cthy61lqpg3dfzgbys/T/1551070004184-0/src'.
2019-02-25 11:47:26,749 INFO  FullProcessService - Size of directory with sources: 3 MB
2019-02-25 11:47:26,750 INFO  SysUtils - Execute command: [git, init, /var/folders/bq/vtzpc5ns5sg2cthy61lqpg3dfzgbys/T/1551070004184-0/src]
2019-02-25 11:47:26,769 INFO  SysUtils - Initialized empty Git repository in /private/var/folders/bq/vtzpc5ns5sg2cthy61lqpg3dfzgbys/T/1551070004184-0/src/.git/

2019-02-25 11:47:26,774 INFO  ProjectBuildService - Gradle wrapper(s): /var/folders/bq/vtzpc5ns5sg2cthy61lqpg3dfzgbys/T/1551070004184-0/src/DBFlowManager-Hyperion-Plugin-master/gradlew
2019-02-25 11:47:26,779 INFO  ProjectBuildService - Build script(s): /var/folders/bq/vtzpc5ns5sg2cthy61lqpg3dfzgbys/T/1551070004184-0/src/DBFlowManager-Hyperion-Plugin-master/app/build.gradle /var/folders/bq/vtzpc5ns5sg2cthy61lqpg3dfzgbys/T/1551070004184-0/src/DBFlowManager-Hyperion-Plugin-master/dbflowmanager-hyperion-library-no-op/build.gradle /var/folders/bq/vtzpc5ns5sg2cthy61lqpg3dfzgbys/T/1551070004184-0/src/DBFlowManager-Hyperion-Plugin-master/dbflowmanager-hyperion-library/build.gradle /var/folders/bq/vtzpc5ns5sg2cthy61lqpg3dfzgbys/T/1551070004184-0/src/DBFlowManager-Hyperion-Plugin-master/build.gradle
2019-02-25 11:47:26,784 INFO  ProjectBuildService - All script(s): /var/folders/bq/vtzpc5ns5sg2cthy61lqpg3dfzgbys/T/1551070004184-0/src/DBFlowManager-Hyperion-Plugin-master/dbflowmanager-hyperion-library/build.gradle /var/folders/bq/vtzpc5ns5sg2cthy61lqpg3dfzgbys/T/1551070004184-0/src/DBFlowManager-Hyperion-Plugin-master/app/build.gradle /var/folders/bq/vtzpc5ns5sg2cthy61lqpg3dfzgbys/T/1551070004184-0/src/DBFlowManager-Hyperion-Plugin-master/dbflowmanager-hyperion-library-no-op/build.gradle /var/folders/bq/vtzpc5ns5sg2cthy61lqpg3dfzgbys/T/1551070004184-0/src/DBFlowManager-Hyperion-Plugin-master/build.gradle /var/folders/bq/vtzpc5ns5sg2cthy61lqpg3dfzgbys/T/1551070004184-0/src/DBFlowManager-Hyperion-Plugin-master/settings.gradle
2019-02-25 11:47:26,785 INFO  DownloadService - Downloading "https://raw.githubusercontent.com/blundell/release-android-library/master/android-release-aar.gradle", attempt 3
2019-02-25 11:47:26,880 INFO  DownloadService - Downloaded https://raw.githubusercontent.com/blundell/release-android-library/master/android-release-aar.gradle, attempt 3
2019-02-25 11:47:26,880 INFO  DownloadService - Downloading "https://raw.githubusercontent.com/nuuneoi/JCenter/master/bintrayv1.gradle", attempt 3
2019-02-25 11:47:26,972 INFO  DownloadService - Downloaded https://raw.githubusercontent.com/nuuneoi/JCenter/master/bintrayv1.gradle, attempt 3
2019-02-25 11:47:26,973 INFO  DownloadService - Downloading "https://raw.githubusercontent.com/nuuneoi/JCenter/master/installv1.gradle", attempt 3
2019-02-25 11:47:27,065 INFO  DownloadService - Downloaded https://raw.githubusercontent.com/nuuneoi/JCenter/master/installv1.gradle, attempt 3
2019-02-25 11:47:27,065 INFO  ProjectBuildService - Remote scripts: https://raw.githubusercontent.com/blundell/release-android-library/master/android-release-aar.gradle https://raw.githubusercontent.com/nuuneoi/JCenter/master/bintrayv1.gradle https://raw.githubusercontent.com/nuuneoi/JCenter/master/installv1.gradle
2019-02-25 11:47:27,065 INFO  ProjectFixService - Fixing project...
2019-02-25 11:47:27,081 INFO  LocalPropertiesFixService - Created fake /var/folders/bq/vtzpc5ns5sg2cthy61lqpg3dfzgbys/T/1551070004184-0/src/DBFlowManager-Hyperion-Plugin-master/app/local.properties
2019-02-25 11:47:27,083 INFO  ProjectFixService - Build info for "/var/folders/bq/vtzpc5ns5sg2cthy61lqpg3dfzgbys/T/1551070004184-0/src/DBFlowManager-Hyperion-Plugin-master/app/build.gradle": [buildToolsVersion=<null>,compileSdkVersion=27,minSdkVersion=15,targetSdkVersion=27]
2019-02-25 11:47:27,083 INFO  ProjectFixService - Fixed build info for "/var/folders/bq/vtzpc5ns5sg2cthy61lqpg3dfzgbys/T/1551070004184-0/src/DBFlowManager-Hyperion-Plugin-master/app/build.gradle": [buildToolsVersion=28.0.0-rc2,compileSdkVersion=27,minSdkVersion=15,targetSdkVersion=27]
2019-02-25 11:47:27,084 INFO  LocalPropertiesFixService - Created fake /var/folders/bq/vtzpc5ns5sg2cthy61lqpg3dfzgbys/T/1551070004184-0/src/DBFlowManager-Hyperion-Plugin-master/dbflowmanager-hyperion-library-no-op/local.properties
2019-02-25 11:47:27,087 INFO  ProjectFixService - Build info for "/var/folders/bq/vtzpc5ns5sg2cthy61lqpg3dfzgbys/T/1551070004184-0/src/DBFlowManager-Hyperion-Plugin-master/dbflowmanager-hyperion-library-no-op/build.gradle": [buildToolsVersion=<null>,compileSdkVersion=27,minSdkVersion=15,targetSdkVersion=27]
2019-02-25 11:47:27,087 INFO  ProjectFixService - Fixed build info for "/var/folders/bq/vtzpc5ns5sg2cthy61lqpg3dfzgbys/T/1551070004184-0/src/DBFlowManager-Hyperion-Plugin-master/dbflowmanager-hyperion-library-no-op/build.gradle": [buildToolsVersion=28.0.0-rc2,compileSdkVersion=27,minSdkVersion=15,targetSdkVersion=27]
2019-02-25 11:47:27,088 INFO  LocalPropertiesFixService - Created fake /var/folders/bq/vtzpc5ns5sg2cthy61lqpg3dfzgbys/T/1551070004184-0/src/DBFlowManager-Hyperion-Plugin-master/dbflowmanager-hyperion-library/local.properties
2019-02-25 11:47:27,089 INFO  ProjectFixService - Build info for "/var/folders/bq/vtzpc5ns5sg2cthy61lqpg3dfzgbys/T/1551070004184-0/src/DBFlowManager-Hyperion-Plugin-master/dbflowmanager-hyperion-library/build.gradle": [buildToolsVersion=<null>,compileSdkVersion=27,minSdkVersion=15,targetSdkVersion=27]
2019-02-25 11:47:27,089 INFO  ProjectFixService - Fixed build info for "/var/folders/bq/vtzpc5ns5sg2cthy61lqpg3dfzgbys/T/1551070004184-0/src/DBFlowManager-Hyperion-Plugin-master/dbflowmanager-hyperion-library/build.gradle": [buildToolsVersion=28.0.0-rc2,compileSdkVersion=27,minSdkVersion=15,targetSdkVersion=27]
2019-02-25 11:47:27,090 INFO  LocalPropertiesFixService - Created fake /var/folders/bq/vtzpc5ns5sg2cthy61lqpg3dfzgbys/T/1551070004184-0/src/DBFlowManager-Hyperion-Plugin-master/local.properties
2019-02-25 11:47:27,091 INFO  WrapperPropertiesFixService - Gradle wrapper: https://services.gradle.org/distributions/gradle-4.4-all.zip
2019-02-25 11:47:27,091 INFO  WrapperPropertiesFixService - Gradle wrapper was changed from "-all.zip" to "-bin.zip" (https://services.gradle.org/distributions/gradle-4.4-bin.zip)
2019-02-25 11:47:27,093 INFO  ProjectFixService - Build info for "/var/folders/bq/vtzpc5ns5sg2cthy61lqpg3dfzgbys/T/1551070004184-0/src/DBFlowManager-Hyperion-Plugin-master/build.gradle": [buildToolsVersion=<null>,compileSdkVersion=27,minSdkVersion=15,targetSdkVersion=27]
2019-02-25 11:47:27,093 INFO  ProjectFixService - Fixed build info for "/var/folders/bq/vtzpc5ns5sg2cthy61lqpg3dfzgbys/T/1551070004184-0/src/DBFlowManager-Hyperion-Plugin-master/build.gradle": [buildToolsVersion=28.0.0-rc2,compileSdkVersion=27,minSdkVersion=15,targetSdkVersion=27]
2019-02-25 11:47:27,093 INFO  ProjectFixService - Project was maybe fixed
2019-02-25 11:47:27,093 INFO  ProjectTaskService - Detecting possible tasks...
2019-02-25 11:47:27,094 INFO  SysUtils - Execute command: [/var/folders/bq/vtzpc5ns5sg2cthy61lqpg3dfzgbys/T/1551070004184-0/src/DBFlowManager-Hyperion-Plugin-master/gradlew, -b, /var/folders/bq/vtzpc5ns5sg2cthy61lqpg3dfzgbys/T/1551070004184-0/src/DBFlowManager-Hyperion-Plugin-master/app/build.gradle, -Dorg.gradle.daemon=false, -Dorg.gradle.daemon.performance.enable-monitoring=false, -Dorg.gradle.configureondemand=true, tasks]
2019-02-25 11:47:33,605 INFO  ProjectTaskService - Detected possible tasks: 73
2019-02-25 11:47:33,605 INFO  ProjectTaskService - Excluded tasks (25): lintDebug mockableAndroidJar androidJavadocs javadocJar deviceCheck lint androidSourcesJar testReleaseUnitTest javadoc uninstallRelease deviceAndroidTest uninstallDebugAndroidTest installDebugAndroidTest connectedCheck connectedDebugAndroidTest uninstallAll androidJavadocsJar sourcesJar test check testDebugUnitTest connectedAndroidTest installDebug lintRelease uninstallDebug
2019-02-25 11:47:33,605 INFO  SysUtils - Execute command: [/var/folders/bq/vtzpc5ns5sg2cthy61lqpg3dfzgbys/T/1551070004184-0/src/DBFlowManager-Hyperion-Plugin-master/gradlew, -b, /var/folders/bq/vtzpc5ns5sg2cthy61lqpg3dfzgbys/T/1551070004184-0/src/DBFlowManager-Hyperion-Plugin-master/app/build.gradle, -Dorg.gradle.daemon=false, -Dorg.gradle.daemon.performance.enable-monitoring=false, -Dorg.gradle.configureondemand=true, --stacktrace, -x, lintDebug, -x, mockableAndroidJar, -x, androidJavadocs, -x, javadocJar, -x, deviceCheck, -x, lint, -x, androidSourcesJar, -x, testReleaseUnitTest, -x, javadoc, -x, uninstallRelease, -x, deviceAndroidTest, -x, uninstallDebugAndroidTest, -x, installDebugAndroidTest, -x, connectedCheck, -x, connectedDebugAndroidTest, -x, uninstallAll, -x, androidJavadocsJar, -x, sourcesJar, -x, test, -x, check, -x, testDebugUnitTest, -x, connectedAndroidTest, -x, installDebug, -x, lintRelease, -x, uninstallDebug, build]
2019-02-25 11:47:40,896 ERROR SysUtils - Could not process external command
org.apache.commons.exec.ExecuteException: Process exited with an error: 1 (Exit value: 1)
	at org.apache.commons.exec.DefaultExecutor.executeInternal(DefaultExecutor.java:404)
	at org.apache.commons.exec.DefaultExecutor.execute(DefaultExecutor.java:166)
	at com.github.vbauer.apkmaster.util.SysUtils.execute(SysUtils.java:67)
	at com.github.vbauer.apkmaster.util.SysUtils.executeSimple(SysUtils.java:43)
	at com.github.vbauer.apkmaster.service.assembly.ProjectBuildService.buildProject(ProjectBuildService.java:78)
	at com.github.vbauer.apkmaster.service.assembly.ProjectBuildService.buildProject(ProjectBuildService.java:64)
	at com.github.vbauer.apkmaster.service.assembly.ProjectBuildService.buildProject(ProjectBuildService.java:43)
	at com.github.vbauer.apkmaster.service.FullProcessService.build(FullProcessService.java:84)
	at com.github.vbauer.apkmaster.service.FullProcessService.process(FullProcessService.java:34)
	at com.github.vbauer.apkmaster.app.MainApplication.process(MainApplication.java:38)
	at com.github.vbauer.apkmaster.app.MainApplication.main(MainApplication.java:20)
	at sun.reflect.GeneratedMethodAccessor9.invoke(Unknown Source)
	at sun.reflect.DelegatingMethodAccessorImpl.invoke(DelegatingMethodAccessorImpl.java:43)
	at java.lang.reflect.Method.invoke(Method.java:498)
	at com.android.arsenal.util.ReflectionUtils.invoke(ReflectionUtils.java:52)
	at com.android.arsenal.util.ApkMasterUtils.main(ApkMasterUtils.java:30)
	at com.android.arsenal.service.processor.impl.BuildProcessorServiceImpl.buildProject(BuildProcessorServiceImpl.java:196)
	at com.android.arsenal.service.processor.impl.BuildProcessorServiceImpl.build(BuildProcessorServiceImpl.java:130)
	at com.android.arsenal.service.processor.impl.BuildProcessorServiceImpl.lambda$createTasks$1(BuildProcessorServiceImpl.java:113)
	at java.util.concurrent.FutureTask.run(FutureTask.java:266)
	at java.util.concurrent.Executors$RunnableAdapter.call(Executors.java:511)
	at java.util.concurrent.FutureTask.run(FutureTask.java:266)
	at java.util.concurrent.ThreadPoolExecutor.runWorker(ThreadPoolExecutor.java:1149)
	at java.util.concurrent.ThreadPoolExecutor$Worker.run(ThreadPoolExecutor.java:624)
	at java.lang.Thread.run(Thread.java:748)
2019-02-25 11:47:40,896 INFO  SysUtils - Configuration on demand is an incubating feature.

FAILURE: Build failed with an exception.

* What went wrong:
Task 'androidJavadocs' not found in project ':app'.

* Try:
Run gradlew tasks to get a list of available tasks. Run with --info or --debug option to get more log output. Run with --scan to get full insights.

* Exception is:
org.gradle.execution.TaskSelectionException: Task 'androidJavadocs' not found in project ':app'.
	at org.gradle.execution.TaskSelector.getSelection(TaskSelector.java:116)
	at org.gradle.execution.TaskSelector.getFilter(TaskSelector.java:66)
	at org.gradle.execution.ExcludedTaskFilteringBuildConfigurationAction.configure(ExcludedTaskFilteringBuildConfigurationAction.java:42)
	at org.gradle.execution.DefaultBuildConfigurationActionExecuter.configure(DefaultBuildConfigurationActionExecuter.java:48)
	at org.gradle.execution.DefaultBuildConfigurationActionExecuter.select(DefaultBuildConfigurationActionExecuter.java:36)
	at org.gradle.initialization.DefaultGradleLauncher$CalculateTaskGraph.run(DefaultGradleLauncher.java:268)
	at org.gradle.internal.progress.DefaultBuildOperationExecutor$RunnableBuildOperationWorker.execute(DefaultBuildOperationExecutor.java:336)
	at org.gradle.internal.progress.DefaultBuildOperationExecutor$RunnableBuildOperationWorker.execute(DefaultBuildOperationExecutor.java:328)
	at org.gradle.internal.progress.DefaultBuildOperationExecutor.execute(DefaultBuildOperationExecutor.java:199)
	at org.gradle.internal.progress.DefaultBuildOperationExecutor.run(DefaultBuildOperationExecutor.java:110)
	at org.gradle.initialization.DefaultGradleLauncher.constructTaskGraph(DefaultGradleLauncher.java:175)
	at org.gradle.initialization.DefaultGradleLauncher.doBuildStages(DefaultGradleLauncher.java:130)
	at org.gradle.initialization.DefaultGradleLauncher.executeTasks(DefaultGradleLauncher.java:109)
	at org.gradle.internal.invocation.GradleBuildController$1.call(GradleBuildController.java:78)
	at org.gradle.internal.invocation.GradleBuildController$1.call(GradleBuildController.java:75)
	at org.gradle.internal.work.DefaultWorkerLeaseService.withLocks(DefaultWorkerLeaseService.java:152)
	at org.gradle.internal.invocation.GradleBuildController.doBuild(GradleBuildController.java:100)
	at org.gradle.internal.invocation.GradleBuildController.run(GradleBuildController.java:75)
	at org.gradle.tooling.internal.provider.ExecuteBuildActionRunner.run(ExecuteBuildActionRunner.java:28)
	at org.gradle.launcher.exec.ChainingBuildActionRunner.run(ChainingBuildActionRunner.java:35)
	at org.gradle.tooling.internal.provider.ValidatingBuildActionRunner.run(ValidatingBuildActionRunner.java:32)
	at org.gradle.launcher.exec.RunAsBuildOperationBuildActionRunner$1.run(RunAsBuildOperationBuildActionRunner.java:43)
	at org.gradle.internal.progress.DefaultBuildOperationExecutor$RunnableBuildOperationWorker.execute(DefaultBuildOperationExecutor.java:336)
	at org.gradle.internal.progress.DefaultBuildOperationExecutor$RunnableBuildOperationWorker.execute(DefaultBuildOperationExecutor.java:328)
	at org.gradle.internal.progress.DefaultBuildOperationExecutor.execute(DefaultBuildOperationExecutor.java:199)
	at org.gradle.internal.progress.DefaultBuildOperationExecutor.run(DefaultBuildOperationExecutor.java:110)
	at org.gradle.launcher.exec.RunAsBuildOperationBuildActionRunner.run(RunAsBuildOperationBuildActionRunner.java:40)
	at org.gradle.tooling.internal.provider.SubscribableBuildActionRunner.run(SubscribableBuildActionRunner.java:51)
	at org.gradle.launcher.exec.InProcessBuildActionExecuter.execute(InProcessBuildActionExecuter.java:47)
	at org.gradle.launcher.exec.InProcessBuildActionExecuter.execute(InProcessBuildActionExecuter.java:30)
	at org.gradle.launcher.exec.BuildTreeScopeBuildActionExecuter.execute(BuildTreeScopeBuildActionExecuter.java:39)
	at org.gradle.launcher.exec.BuildTreeScopeBuildActionExecuter.execute(BuildTreeScopeBuildActionExecuter.java:25)
	at org.gradle.tooling.internal.provider.ContinuousBuildActionExecuter.execute(ContinuousBuildActionExecuter.java:80)
	at org.gradle.tooling.internal.provider.ContinuousBuildActionExecuter.execute(ContinuousBuildActionExecuter.java:53)
	at org.gradle.tooling.internal.provider.ServicesSetupBuildActionExecuter.execute(ServicesSetupBuildActionExecuter.java:57)
	at org.gradle.tooling.internal.provider.ServicesSetupBuildActionExecuter.execute(ServicesSetupBuildActionExecuter.java:32)
	at org.gradle.tooling.internal.provider.GradleThreadBuildActionExecuter.execute(GradleThreadBuildActionExecuter.java:36)
	at org.gradle.tooling.internal.provider.GradleThreadBuildActionExecuter.execute(GradleThreadBuildActionExecuter.java:25)
	at org.gradle.tooling.internal.provider.ParallelismConfigurationBuildActionExecuter.execute(ParallelismConfigurationBuildActionExecuter.java:43)
	at org.gradle.tooling.internal.provider.ParallelismConfigurationBuildActionExecuter.execute(ParallelismConfigurationBuildActionExecuter.java:29)
	at org.gradle.tooling.internal.provider.StartParamsValidatingActionExecuter.execute(StartParamsValidatingActionExecuter.java:69)
	at org.gradle.tooling.internal.provider.StartParamsValidatingActionExecuter.execute(StartParamsValidatingActionExecuter.java:30)
	at org.gradle.tooling.internal.provider.SessionFailureReportingActionExecuter.execute(SessionFailureReportingActionExecuter.java:59)
	at org.gradle.tooling.internal.provider.SessionFailureReportingActionExecuter.execute(SessionFailureReportingActionExecuter.java:44)
	at org.gradle.tooling.internal.provider.SetupLoggingActionExecuter.execute(SetupLoggingActionExecuter.java:45)
	at org.gradle.tooling.internal.provider.SetupLoggingActionExecuter.execute(SetupLoggingActionExecuter.java:30)
	at org.gradle.launcher.cli.RunBuildAction.run(RunBuildAction.java:51)
	at org.gradle.internal.Actions$RunnableActionAdapter.execute(Actions.java:173)
	at org.gradle.launcher.cli.CommandLineActionFactory$ParseAndBuildAction.execute(CommandLineActionFactory.java:291)
	at org.gradle.launcher.cli.CommandLineActionFactory$ParseAndBuildAction.execute(CommandLineActionFactory.java:264)
	at org.gradle.launcher.cli.JavaRuntimeValidationAction.execute(JavaRuntimeValidationAction.java:33)
	at org.gradle.launcher.cli.JavaRuntimeValidationAction.execute(JavaRuntimeValidationAction.java:24)
	at org.gradle.launcher.cli.ExceptionReportingAction.execute(ExceptionReportingAction.java:33)
	at org.gradle.launcher.cli.ExceptionReportingAction.execute(ExceptionReportingAction.java:22)
	at org.gradle.launcher.cli.CommandLineActionFactory$WithLogging.execute(CommandLineActionFactory.java:257)
	at org.gradle.launcher.cli.CommandLineActionFactory$WithLogging.execute(CommandLineActionFactory.java:191)
	at org.gradle.launcher.Main.doAction(Main.java:33)
	at org.gradle.launcher.bootstrap.EntryPoint.run(EntryPoint.java:45)
	at org.gradle.launcher.bootstrap.ProcessBootstrap.runNoExit(ProcessBootstrap.java:60)
	at org.gradle.launcher.bootstrap.ProcessBootstrap.run(ProcessBootstrap.java:37)
	at org.gradle.launcher.GradleMain.main(GradleMain.java:23)
	at org.gradle.wrapper.BootstrapMainStarter.start(BootstrapMainStarter.java:31)
	at org.gradle.wrapper.WrapperExecutor.execute(WrapperExecutor.java:108)
	at org.gradle.wrapper.GradleWrapperMain.main(GradleWrapperMain.java:61)


* Get more help at https://help.gradle.org

BUILD FAILED in 6s

2019-02-25 11:47:40,896 ERROR ProjectBuildService - Excluded tasks were detected wrong
2019-02-25 11:47:40,896 INFO  SysUtils - Execute command: [/var/folders/bq/vtzpc5ns5sg2cthy61lqpg3dfzgbys/T/1551070004184-0/src/DBFlowManager-Hyperion-Plugin-master/gradlew, -b, /var/folders/bq/vtzpc5ns5sg2cthy61lqpg3dfzgbys/T/1551070004184-0/src/DBFlowManager-Hyperion-Plugin-master/app/build.gradle, -Dorg.gradle.daemon=false, -Dorg.gradle.daemon.performance.enable-monitoring=false, -Dorg.gradle.configureondemand=true, --stacktrace, build]
2019-02-25 11:48:31,044 INFO  SysUtils - Configuration on demand is an incubating feature.
:app:preBuild UP-TO-DATE
:dbflowmanager-hyperion-library:preBuild UP-TO-DATE
:dbflowmanager-hyperion-library:preDebugBuild UP-TO-DATE
:dbflowmanager-hyperion-library:checkDebugManifest
:dbflowmanager-hyperion-library:processDebugManifest
:app:preDebugBuild
:dbflowmanager-hyperion-library:compileDebugAidl
:app:compileDebugAidl
:dbflowmanager-hyperion-library:packageDebugRenderscript NO-SOURCE
:app:compileDebugRenderscript
:app:checkDebugManifest
:app:generateDebugBuildConfig
:app:mainApkListPersistenceDebug
:app:generateDebugResValues
:app:generateDebugResources
:dbflowmanager-hyperion-library:compileDebugRenderscript
:dbflowmanager-hyperion-library:generateDebugResValues
:dbflowmanager-hyperion-library:generateDebugResources
:dbflowmanager-hyperion-library:packageDebugResources
:app:mergeDebugResources
:app:createDebugCompatibleScreenManifests
:app:processDebugManifest
:app:splitsDiscoveryTaskDebug
:dbflowmanager-hyperion-library:platformAttrExtractor
:dbflowmanager-hyperion-library:generateDebugBuildConfig
:dbflowmanager-hyperion-library:prepareLintJar
:dbflowmanager-hyperion-library:javaPreCompileDebug
:dbflowmanager-hyperion-library:processDebugJavaRes NO-SOURCE
:app:prepareLintJar
:app:compileDebugNdk NO-SOURCE
:app:mergeDebugShaders
:app:compileDebugShaders
:app:generateDebugAssets
:dbflowmanager-hyperion-library:mergeDebugShaders
:dbflowmanager-hyperion-library:compileDebugShaders
:dbflowmanager-hyperion-library:generateDebugAssets
:dbflowmanager-hyperion-library:packageDebugAssets
:app:mergeDebugAssets
:app:mergeDebugJniLibFolders
:dbflowmanager-hyperion-library:compileDebugNdk NO-SOURCE
:dbflowmanager-hyperion-library:mergeDebugJniLibFolders
:dbflowmanager-hyperion-library:transformNativeLibsWithMergeJniLibsForDebug
:dbflowmanager-hyperion-library:transformNativeLibsWithStripDebugSymbolForDebug
:dbflowmanager-hyperion-library:transformNativeLibsWithIntermediateJniLibsForDebug
:app:processDebugJavaRes NO-SOURCE
:app:validateSigningDebug
:dbflowmanager-hyperion-library-no-op:preBuild UP-TO-DATE
:dbflowmanager-hyperion-library-no-op:preReleaseBuild UP-TO-DATE
:dbflowmanager-hyperion-library-no-op:checkReleaseManifest
:dbflowmanager-hyperion-library-no-op:processReleaseManifest
:app:preReleaseBuild
:dbflowmanager-hyperion-library-no-op:compileReleaseAidl
:app:compileReleaseAidl
:dbflowmanager-hyperion-library-no-op:packageReleaseRenderscript NO-SOURCE
:app:compileReleaseRenderscript
:app:checkReleaseManifest
:app:generateReleaseBuildConfig
:app:mainApkListPersistenceRelease
:app:generateReleaseResValues
:app:generateReleaseResources
:dbflowmanager-hyperion-library-no-op:compileReleaseRenderscript
:dbflowmanager-hyperion-library-no-op:generateReleaseResValues
:dbflowmanager-hyperion-library-no-op:generateReleaseResources
:dbflowmanager-hyperion-library-no-op:packageReleaseResources
:app:mergeReleaseResources
:app:createReleaseCompatibleScreenManifests
:app:processReleaseManifest
:app:splitsDiscoveryTaskRelease
:dbflowmanager-hyperion-library-no-op:platformAttrExtractor
:dbflowmanager-hyperion-library-no-op:generateReleaseBuildConfig
:dbflowmanager-hyperion-library-no-op:prepareLintJar
:dbflowmanager-hyperion-library-no-op:javaPreCompileRelease
:dbflowmanager-hyperion-library-no-op:processReleaseJavaRes NO-SOURCE
:app:compileReleaseNdk NO-SOURCE
:app:mergeReleaseShaders
:app:compileReleaseShaders
:app:generateReleaseAssets
:dbflowmanager-hyperion-library-no-op:mergeReleaseShaders
:dbflowmanager-hyperion-library-no-op:compileReleaseShaders
:dbflowmanager-hyperion-library-no-op:generateReleaseAssets
:dbflowmanager-hyperion-library-no-op:packageReleaseAssets
:app:mergeReleaseAssets
:app:mergeReleaseJniLibFolders
:dbflowmanager-hyperion-library-no-op:compileReleaseNdk NO-SOURCE
:dbflowmanager-hyperion-library-no-op:mergeReleaseJniLibFolders
:dbflowmanager-hyperion-library-no-op:transformNativeLibsWithMergeJniLibsForRelease
:dbflowmanager-hyperion-library-no-op:transformNativeLibsWithStripDebugSymbolForRelease
:dbflowmanager-hyperion-library-no-op:transformNativeLibsWithIntermediateJniLibsForRelease
:app:processReleaseJavaRes NO-SOURCE
:app:preDebugUnitTestBuild UP-TO-DATE
:app:mockableAndroidJar
:app:processDebugUnitTestJavaRes NO-SOURCE
:app:preReleaseUnitTestBuild UP-TO-DATE
:app:processReleaseUnitTestJavaRes NO-SOURCE
:dbflowmanager-hyperion-library:generateDebugRFile
:app:processDebugResources
:dbflowmanager-hyperion-library:generateDebugSources
:dbflowmanager-hyperion-library:compileDebugJavaWithJavac
:dbflowmanager-hyperion-library:transformClassesAndResourcesWithPrepareIntermediateJarsForDebug
:app:kaptGenerateStubsDebugKotlin
:app:kaptDebugKotlin
w: warning: File for type 'com.raizlabs.android.dbflow.config.AppDBAppDB_Database' created in the last round will not be subject to annotation processing.
:app:compileDebugKotlin
:app:generateDebugSources
:app:javaPreCompileDebug
:app:compileDebugJavaWithJavac
:app:compileDebugSources
:app:transformClassesWithDexBuilderForDebug
:app:transformDexArchiveWithExternalLibsDexMergerForDebug
:app:transformDexArchiveWithDexMergerForDebug
:app:transformNativeLibsWithMergeJniLibsForDebug
:app:transformNativeLibsWithStripDebugSymbolForDebug
:app:transformResourcesWithMergeJavaResForDebug
:app:packageDebug
:app:assembleDebug
:app:kaptGenerateStubsDebugUnitTestKotlin
:app:kaptDebugUnitTestKotlin
:app:compileDebugUnitTestKotlin
:app:javaPreCompileDebugUnitTest
:app:compileDebugUnitTestJavaWithJavac NO-SOURCE
:app:testDebugUnitTest
:dbflowmanager-hyperion-library-no-op:generateReleaseRFile
:app:processReleaseResources
:dbflowmanager-hyperion-library-no-op:generateReleaseSources
:dbflowmanager-hyperion-library-no-op:compileReleaseJavaWithJavac
:dbflowmanager-hyperion-library-no-op:transformClassesAndResourcesWithPrepareIntermediateJarsForRelease
:app:kaptGenerateStubsReleaseKotlin
:app:kaptReleaseKotlin
w: warning: File for type 'com.raizlabs.android.dbflow.config.AppDBAppDB_Database' created in the last round will not be subject to annotation processing.
:app:compileReleaseKotlin
:app:generateReleaseSources
:app:javaPreCompileRelease
:app:compileReleaseJavaWithJavac
:app:compileReleaseSources
:app:lintVitalRelease SKIPPED
:app:transformClassesWithDexBuilderForRelease
:app:transformDexArchiveWithExternalLibsDexMergerForRelease
:app:transformDexArchiveWithDexMergerForRelease
:app:transformNativeLibsWithMergeJniLibsForRelease
:app:transformNativeLibsWithStripDebugSymbolForRelease
:app:transformResourcesWithMergeJavaResForRelease
:app:packageRelease
:app:assembleRelease
:app:assemble
:app:lint
Ran lint on variant debug: 6 issues found
Ran lint on variant release: 6 issues found
Wrote HTML report to file:///private/var/folders/bq/vtzpc5ns5sg2cthy61lqpg3dfzgbys/T/1551070004184-0/src/DBFlowManager-Hyperion-Plugin-master/app/build/reports/lint-results.html
Wrote XML report to file:///private/var/folders/bq/vtzpc5ns5sg2cthy61lqpg3dfzgbys/T/1551070004184-0/src/DBFlowManager-Hyperion-Plugin-master/app/build/reports/lint-results.xml
:app:kaptGenerateStubsReleaseUnitTestKotlin
:app:kaptReleaseUnitTestKotlin
:app:compileReleaseUnitTestKotlin
:app:javaPreCompileReleaseUnitTest
:app:compileReleaseUnitTestJavaWithJavac NO-SOURCE
:app:testReleaseUnitTest
:app:test
:app:check
:app:build

BUILD SUCCESSFUL in 49s
110 actionable tasks: 110 executed

2019-02-25 11:48:31,142 INFO  FullProcessService - Found APK file: /var/folders/bq/vtzpc5ns5sg2cthy61lqpg3dfzgbys/T/1551070004184-0/src/DBFlowManager-Hyperion-Plugin-master/app/build/outputs/apk/debug/app-debug.apk
