2019-12-03 15:14:15,986 INFO  DownloadService - Downloading "https://github.com/dcampogiani/UnderlinePageIndicator/archive/master.zip", attempt 3
2019-12-03 15:14:17,792 INFO  DownloadService - Downloaded https://github.com/dcampogiani/UnderlinePageIndicator/archive/master.zip, attempt 3
2019-12-03 15:14:17,793 INFO  DownloadService - Size of file "/var/folders/bq/vtzpc5ns5sg2cthy61lqpg3dfzgbys/T/1575360855983-0/master.zip": 972 KB
2019-12-03 15:14:17,793 INFO  ArchiveUtils - Checking entries [.gradle] in ZIP file...
2019-12-03 15:14:17,794 INFO  ArchiveUtils - Has entries [.gradle] in ZIP file /var/folders/bq/vtzpc5ns5sg2cthy61lqpg3dfzgbys/T/1575360855983-0/master.zip: true
2019-12-03 15:14:17,795 DEBUG ZipUtil - Extracting '/var/folders/bq/vtzpc5ns5sg2cthy61lqpg3dfzgbys/T/1575360855983-0/master.zip' into '/var/folders/bq/vtzpc5ns5sg2cthy61lqpg3dfzgbys/T/1575360855983-0/src'.
2019-12-03 15:14:17,822 INFO  FullProcessService - Size of directory with sources: 1 MB
2019-12-03 15:14:17,823 INFO  SysUtils - Execute command: [git, init, /var/folders/bq/vtzpc5ns5sg2cthy61lqpg3dfzgbys/T/1575360855983-0/src]
2019-12-03 15:14:17,843 INFO  SysUtils - Initialized empty Git repository in /private/var/folders/bq/vtzpc5ns5sg2cthy61lqpg3dfzgbys/T/1575360855983-0/src/.git/

2019-12-03 15:14:17,846 INFO  ProjectBuildService - Gradle wrapper(s): /var/folders/bq/vtzpc5ns5sg2cthy61lqpg3dfzgbys/T/1575360855983-0/src/UnderlinePageIndicator-master/gradlew
2019-12-03 15:14:17,849 INFO  ProjectBuildService - Build script(s): /var/folders/bq/vtzpc5ns5sg2cthy61lqpg3dfzgbys/T/1575360855983-0/src/UnderlinePageIndicator-master/app/build.gradle /var/folders/bq/vtzpc5ns5sg2cthy61lqpg3dfzgbys/T/1575360855983-0/src/UnderlinePageIndicator-master/underlinepageindicator/build.gradle /var/folders/bq/vtzpc5ns5sg2cthy61lqpg3dfzgbys/T/1575360855983-0/src/UnderlinePageIndicator-master/build.gradle
2019-12-03 15:14:17,852 INFO  ProjectBuildService - All script(s): /var/folders/bq/vtzpc5ns5sg2cthy61lqpg3dfzgbys/T/1575360855983-0/src/UnderlinePageIndicator-master/underlinepageindicator/build.gradle /var/folders/bq/vtzpc5ns5sg2cthy61lqpg3dfzgbys/T/1575360855983-0/src/UnderlinePageIndicator-master/app/build.gradle /var/folders/bq/vtzpc5ns5sg2cthy61lqpg3dfzgbys/T/1575360855983-0/src/UnderlinePageIndicator-master/build.gradle /var/folders/bq/vtzpc5ns5sg2cthy61lqpg3dfzgbys/T/1575360855983-0/src/UnderlinePageIndicator-master/settings.gradle
2019-12-03 15:14:17,852 INFO  ProjectBuildService - Remote scripts: none
2019-12-03 15:14:17,852 INFO  ProjectFixService - Fixing project...
2019-12-03 15:14:17,858 INFO  LocalPropertiesFixService - Created fake /var/folders/bq/vtzpc5ns5sg2cthy61lqpg3dfzgbys/T/1575360855983-0/src/UnderlinePageIndicator-master/app/local.properties
2019-12-03 15:14:17,859 INFO  ProjectFixService - Build info for "/var/folders/bq/vtzpc5ns5sg2cthy61lqpg3dfzgbys/T/1575360855983-0/src/UnderlinePageIndicator-master/app/build.gradle": [buildToolsVersion=<null>,compileSdkVersion=27,minSdkVersion=14,targetSdkVersion=27]
2019-12-03 15:14:17,859 INFO  ProjectFixService - Fixed build info for "/var/folders/bq/vtzpc5ns5sg2cthy61lqpg3dfzgbys/T/1575360855983-0/src/UnderlinePageIndicator-master/app/build.gradle": [buildToolsVersion=28.0.0-rc2,compileSdkVersion=27,minSdkVersion=14,targetSdkVersion=27]
2019-12-03 15:14:17,860 INFO  LocalPropertiesFixService - Created fake /var/folders/bq/vtzpc5ns5sg2cthy61lqpg3dfzgbys/T/1575360855983-0/src/UnderlinePageIndicator-master/underlinepageindicator/local.properties
2019-12-03 15:14:17,861 INFO  ProjectFixService - Build info for "/var/folders/bq/vtzpc5ns5sg2cthy61lqpg3dfzgbys/T/1575360855983-0/src/UnderlinePageIndicator-master/underlinepageindicator/build.gradle": [buildToolsVersion=<null>,compileSdkVersion=27,minSdkVersion=14,targetSdkVersion=27]
2019-12-03 15:14:17,861 INFO  ProjectFixService - Fixed build info for "/var/folders/bq/vtzpc5ns5sg2cthy61lqpg3dfzgbys/T/1575360855983-0/src/UnderlinePageIndicator-master/underlinepageindicator/build.gradle": [buildToolsVersion=28.0.0-rc2,compileSdkVersion=27,minSdkVersion=14,targetSdkVersion=27]
2019-12-03 15:14:17,862 INFO  LocalPropertiesFixService - Created fake /var/folders/bq/vtzpc5ns5sg2cthy61lqpg3dfzgbys/T/1575360855983-0/src/UnderlinePageIndicator-master/local.properties
2019-12-03 15:14:17,862 INFO  WrapperPropertiesFixService - Gradle wrapper: https://services.gradle.org/distributions/gradle-4.4-all.zip
2019-12-03 15:14:17,862 INFO  WrapperPropertiesFixService - Gradle wrapper was changed from "-all.zip" to "-bin.zip" (https://services.gradle.org/distributions/gradle-4.4-bin.zip)
2019-12-03 15:14:17,863 INFO  ProjectFixService - Build info for "/var/folders/bq/vtzpc5ns5sg2cthy61lqpg3dfzgbys/T/1575360855983-0/src/UnderlinePageIndicator-master/build.gradle": [buildToolsVersion=<null>,compileSdkVersion=27,minSdkVersion=14,targetSdkVersion=27]
2019-12-03 15:14:17,864 INFO  ProjectFixService - Fixed build info for "/var/folders/bq/vtzpc5ns5sg2cthy61lqpg3dfzgbys/T/1575360855983-0/src/UnderlinePageIndicator-master/build.gradle": [buildToolsVersion=28.0.0-rc2,compileSdkVersion=27,minSdkVersion=14,targetSdkVersion=27]
2019-12-03 15:14:17,864 INFO  ProjectFixService - Project was maybe fixed
2019-12-03 15:14:17,864 INFO  ProjectTaskService - Detecting possible tasks...
2019-12-03 15:14:17,864 INFO  SysUtils - Execute command: [/var/folders/bq/vtzpc5ns5sg2cthy61lqpg3dfzgbys/T/1575360855983-0/src/UnderlinePageIndicator-master/gradlew, -b, /var/folders/bq/vtzpc5ns5sg2cthy61lqpg3dfzgbys/T/1575360855983-0/src/UnderlinePageIndicator-master/app/build.gradle, -Dorg.gradle.daemon=false, -Dorg.gradle.daemon.performance.enable-monitoring=false, -Dorg.gradle.configureondemand=true, tasks]
2019-12-03 15:14:32,342 INFO  ProjectTaskService - Detected possible tasks: 67
2019-12-03 15:14:32,342 INFO  ProjectTaskService - Excluded tasks (19): lintDebug mockableAndroidJar deviceCheck lint testReleaseUnitTest uninstallRelease deviceAndroidTest uninstallDebugAndroidTest installDebugAndroidTest connectedCheck connectedDebugAndroidTest uninstallAll test check testDebugUnitTest connectedAndroidTest installDebug lintRelease uninstallDebug
2019-12-03 15:14:32,342 INFO  SysUtils - Execute command: [/var/folders/bq/vtzpc5ns5sg2cthy61lqpg3dfzgbys/T/1575360855983-0/src/UnderlinePageIndicator-master/gradlew, -b, /var/folders/bq/vtzpc5ns5sg2cthy61lqpg3dfzgbys/T/1575360855983-0/src/UnderlinePageIndicator-master/app/build.gradle, -Dorg.gradle.daemon=false, -Dorg.gradle.daemon.performance.enable-monitoring=false, -Dorg.gradle.configureondemand=true, --stacktrace, -x, lintDebug, -x, mockableAndroidJar, -x, deviceCheck, -x, lint, -x, testReleaseUnitTest, -x, uninstallRelease, -x, deviceAndroidTest, -x, uninstallDebugAndroidTest, -x, installDebugAndroidTest, -x, connectedCheck, -x, connectedDebugAndroidTest, -x, uninstallAll, -x, test, -x, check, -x, testDebugUnitTest, -x, connectedAndroidTest, -x, installDebug, -x, lintRelease, -x, uninstallDebug, build]
2019-12-03 15:15:04,169 ERROR SysUtils - Could not process external command
org.apache.commons.exec.ExecuteException: Process exited with an error: 1 (Exit value: 1)
	at org.apache.commons.exec.DefaultExecutor.executeInternal(DefaultExecutor.java:404)
	at org.apache.commons.exec.DefaultExecutor.execute(DefaultExecutor.java:166)
	at com.github.vbauer.apkmaster.util.SysUtils.execute(SysUtils.java:67)
	at com.github.vbauer.apkmaster.util.SysUtils.executeSimple(SysUtils.java:43)
	at com.github.vbauer.apkmaster.service.assembly.ProjectBuildService.buildProject(ProjectBuildService.java:78)
	at com.github.vbauer.apkmaster.service.assembly.ProjectBuildService.buildProject(ProjectBuildService.java:64)
	at com.github.vbauer.apkmaster.service.assembly.ProjectBuildService.buildProject(ProjectBuildService.java:43)
	at com.github.vbauer.apkmaster.service.FullProcessService.build(FullProcessService.java:84)
	at com.github.vbauer.apkmaster.service.FullProcessService.process(FullProcessService.java:34)
	at com.github.vbauer.apkmaster.app.MainApplication.process(MainApplication.java:38)
	at com.github.vbauer.apkmaster.app.MainApplication.main(MainApplication.java:20)
	at sun.reflect.NativeMethodAccessorImpl.invoke0(Native Method)
	at sun.reflect.NativeMethodAccessorImpl.invoke(NativeMethodAccessorImpl.java:62)
	at sun.reflect.DelegatingMethodAccessorImpl.invoke(DelegatingMethodAccessorImpl.java:43)
	at java.lang.reflect.Method.invoke(Method.java:498)
	at com.android.arsenal.util.ReflectionUtils.invoke(ReflectionUtils.java:52)
	at com.android.arsenal.util.ApkMasterUtils.main(ApkMasterUtils.java:30)
	at com.android.arsenal.service.processor.impl.BuildProcessorServiceImpl.buildProject(BuildProcessorServiceImpl.java:196)
	at com.android.arsenal.service.processor.impl.BuildProcessorServiceImpl.build(BuildProcessorServiceImpl.java:130)
	at com.android.arsenal.service.processor.impl.BuildProcessorServiceImpl.lambda$null$1(BuildProcessorServiceImpl.java:113)
	at java.util.concurrent.FutureTask.run(FutureTask.java:266)
	at java.util.concurrent.Executors$RunnableAdapter.call(Executors.java:511)
	at java.util.concurrent.FutureTask.run(FutureTask.java:266)
	at java.util.concurrent.ThreadPoolExecutor.runWorker(ThreadPoolExecutor.java:1149)
	at java.util.concurrent.ThreadPoolExecutor$Worker.run(ThreadPoolExecutor.java:624)
	at java.lang.Thread.run(Thread.java:748)
2019-12-03 15:15:04,169 INFO  SysUtils - Configuration on demand is an incubating feature.
WARNING: Configuration 'compile' is obsolete and has been replaced with 'implementation' and 'api'.
It will be removed at the end of 2018. For more information see: http://d.android.com/r/tools/update-dependency-configurations.html
:app:preBuild UP-TO-DATE
:underlinepageindicator:preBuild UP-TO-DATE
:underlinepageindicator:preDebugBuild UP-TO-DATE
:underlinepageindicator:checkDebugManifest
:underlinepageindicator:processDebugManifest
:app:preDebugBuild
:underlinepageindicator:compileDebugAidl
:app:compileDebugAidl
:underlinepageindicator:packageDebugRenderscript NO-SOURCE
:app:compileDebugRenderscript
:app:checkDebugManifest
:app:generateDebugBuildConfig
:app:mainApkListPersistenceDebug
:app:generateDebugResValues
:app:generateDebugResources
:underlinepageindicator:compileDebugRenderscript
:underlinepageindicator:generateDebugResValues
:underlinepageindicator:generateDebugResources
:underlinepageindicator:packageDebugResources
:app:mergeDebugResources
:app:createDebugCompatibleScreenManifests
:app:processDebugManifest
:app:splitsDiscoveryTaskDebug
:underlinepageindicator:platformAttrExtractor
:underlinepageindicator:generateDebugBuildConfig
:underlinepageindicator:prepareLintJar
:underlinepageindicator:processDebugJavaRes NO-SOURCE
:app:prepareLintJar
:app:compileDebugNdk NO-SOURCE
:app:mergeDebugShaders
:app:compileDebugShaders
:app:generateDebugAssets
:underlinepageindicator:mergeDebugShaders
:underlinepageindicator:compileDebugShaders
:underlinepageindicator:generateDebugAssets
:underlinepageindicator:packageDebugAssets
:app:mergeDebugAssets
:app:mergeDebugJniLibFolders
:underlinepageindicator:compileDebugNdk NO-SOURCE
:underlinepageindicator:mergeDebugJniLibFolders
:underlinepageindicator:transformNativeLibsWithMergeJniLibsForDebug
:underlinepageindicator:transformNativeLibsWithStripDebugSymbolForDebug
:underlinepageindicator:transformNativeLibsWithIntermediateJniLibsForDebug
:app:processDebugJavaRes NO-SOURCE
:app:validateSigningDebug
:underlinepageindicator:preReleaseBuild UP-TO-DATE
:underlinepageindicator:checkReleaseManifest
:underlinepageindicator:processReleaseManifest
:app:preReleaseBuild
:underlinepageindicator:compileReleaseAidl
:app:compileReleaseAidl
:underlinepageindicator:packageReleaseRenderscript NO-SOURCE
:app:compileReleaseRenderscript
:app:checkReleaseManifest
:app:generateReleaseBuildConfig
:app:mainApkListPersistenceRelease
:app:generateReleaseResValues
:app:generateReleaseResources
:underlinepageindicator:compileReleaseRenderscript
:underlinepageindicator:generateReleaseResValues
:underlinepageindicator:generateReleaseResources
:underlinepageindicator:packageReleaseResources
:app:mergeReleaseResources
:app:createReleaseCompatibleScreenManifests
:app:processReleaseManifest
:app:splitsDiscoveryTaskRelease
:underlinepageindicator:generateReleaseBuildConfig
:underlinepageindicator:processReleaseJavaRes NO-SOURCE
:app:compileReleaseNdk NO-SOURCE
:app:mergeReleaseShaders
:app:compileReleaseShaders
:app:generateReleaseAssets
:underlinepageindicator:mergeReleaseShaders
:underlinepageindicator:compileReleaseShaders
:underlinepageindicator:generateReleaseAssets
:underlinepageindicator:packageReleaseAssets
:app:mergeReleaseAssets
:app:mergeReleaseJniLibFolders
:underlinepageindicator:compileReleaseNdk NO-SOURCE
:underlinepageindicator:mergeReleaseJniLibFolders
:underlinepageindicator:transformNativeLibsWithMergeJniLibsForRelease
:underlinepageindicator:transformNativeLibsWithStripDebugSymbolForRelease
:underlinepageindicator:transformNativeLibsWithIntermediateJniLibsForRelease
:app:processReleaseJavaRes NO-SOURCE
:underlinepageindicator:generateDebugRFile
:app:processDebugResources
:underlinepageindicator:compileDebugKotlin
Download https://jcenter.bintray.com/org/jetbrains/kotlin/kotlin-stdlib-jdk7/1.2.51/kotlin-stdlib-jdk7-1.2.51.jar
:underlinepageindicator:generateDebugSources
:underlinepageindicator:javaPreCompileDebug
:underlinepageindicator:compileDebugJavaWithJavac
:underlinepageindicator:transformClassesAndResourcesWithPrepareIntermediateJarsForDebug
:app:compileDebugKotlin
:app:generateDebugSources
:app:javaPreCompileDebug
:app:compileDebugJavaWithJavac
:app:compileDebugSources
:app:transformClassesWithDexBuilderForDebug
D8: Stripped invalid locals information from 1 method.
D8: Stripped invalid locals information from 1 method.
:app:transformDexArchiveWithExternalLibsDexMergerForDebug
:app:transformDexArchiveWithDexMergerForDebugD8: Program type already present: com.danielecampogiani.underlinepageindicator.BuildConfig
java.lang.RuntimeException: java.lang.RuntimeException: com.android.builder.dexing.DexArchiveMergerException: Error while merging dex archives: /private/var/folders/bq/vtzpc5ns5sg2cthy61lqpg3dfzgbys/T/1575360855983-0/src/UnderlinePageIndicator-master/app/build/intermediates/transforms/dexBuilder/debug/130, /private/var/folders/bq/vtzpc5ns5sg2cthy61lqpg3dfzgbys/T/1575360855983-0/src/UnderlinePageIndicator-master/app/build/intermediates/transforms/dexBuilder/debug/131, /private/var/folders/bq/vtzpc5ns5sg2cthy61lqpg3dfzgbys/T/1575360855983-0/src/UnderlinePageIndicator-master/app/build/intermediates/transforms/externalLibsDexMerger/debug/0, /private/var/folders/bq/vtzpc5ns5sg2cthy61lqpg3dfzgbys/T/1575360855983-0/src/UnderlinePageIndicator-master/app/build/intermediates/transforms/dexBuilder/debug/125.jar, /private/var/folders/bq/vtzpc5ns5sg2cthy61lqpg3dfzgbys/T/1575360855983-0/src/UnderlinePageIndicator-master/app/build/intermediates/transforms/dexBuilder/debug/126.jar
	at sun.reflect.NativeConstructorAccessorImpl.newInstance0(Native Method)
	at sun.reflect.NativeConstructorAccessorImpl.newInstance(NativeConstructorAccessorImpl.java:62)
	at sun.reflect.DelegatingConstructorAccessorImpl.newInstance(DelegatingConstructorAccessorImpl.java:45)
	at java.lang.reflect.Constructor.newInstance(Constructor.java:423)
	at java.util.concurrent.ForkJoinTask.getThrowableException(ForkJoinTask.java:593)
	at java.util.concurrent.ForkJoinTask.reportException(ForkJoinTask.java:677)
	at java.util.concurrent.ForkJoinTask.join(ForkJoinTask.java:720)
	at com.google.common.collect.ImmutableList.forEach(ImmutableList.java:397)
	at com.android.build.gradle.internal.transforms.DexMergerTransform.transform(DexMergerTransform.java:221)
	at com.android.build.gradle.internal.pipeline.TransformTask$2.call(TransformTask.java:221)
	at com.android.build.gradle.internal.pipeline.TransformTask$2.call(TransformTask.java:217)
	at com.android.builder.profile.ThreadRecorder.record(ThreadRecorder.java:102)
	at com.android.build.gradle.internal.pipeline.TransformTask.transform(TransformTask.java:212)
	at sun.reflect.NativeMethodAccessorImpl.invoke0(Native Method)
	at sun.reflect.NativeMethodAccessorImpl.invoke(NativeMethodAccessorImpl.java:62)
	at sun.reflect.DelegatingMethodAccessorImpl.invoke(DelegatingMethodAccessorImpl.java:43)
	at java.lang.reflect.Method.invoke(Method.java:498)
	at org.gradle.internal.reflect.JavaMethod.invoke(JavaMethod.java:73)
	at org.gradle.api.internal.project.taskfactory.IncrementalTaskAction.doExecute(IncrementalTaskAction.java:46)
	at org.gradle.api.internal.project.taskfactory.StandardTaskAction.execute(StandardTaskAction.java:39)
	at org.gradle.api.internal.project.taskfactory.StandardTaskAction.execute(StandardTaskAction.java:26)
	at org.gradle.api.internal.tasks.execution.ExecuteActionsTaskExecuter$1.run(ExecuteActionsTaskExecuter.java:121)
	at org.gradle.internal.progress.DefaultBuildOperationExecutor$RunnableBuildOperationWorker.execute(DefaultBuildOperationExecutor.java:336)
	at org.gradle.internal.progress.DefaultBuildOperationExecutor$RunnableBuildOperationWorker.execute(DefaultBuildOperationExecutor.java:328)
	at org.gradle.internal.progress.DefaultBuildOperationExecutor.execute(DefaultBuildOperationExecutor.java:199)
	at org.gradle.internal.progress.DefaultBuildOperationExecutor.run(DefaultBuildOperationExecutor.java:110)
	at org.gradle.api.internal.tasks.execution.ExecuteActionsTaskExecuter.executeAction(ExecuteActionsTaskExecuter.java:110)
	at org.gradle.api.internal.tasks.execution.ExecuteActionsTaskExecuter.executeActions(ExecuteActionsTaskExecuter.java:92)
	at org.gradle.api.internal.tasks.execution.ExecuteActionsTaskExecuter.execute(ExecuteActionsTaskExecuter.java:70)
	at org.gradle.api.internal.tasks.execution.OutputDirectoryCreatingTaskExecuter.execute(OutputDirectoryCreatingTaskExecuter.java:51)
	at org.gradle.api.internal.tasks.execution.SkipUpToDateTaskExecuter.execute(SkipUpToDateTaskExecuter.java:62)
	at org.gradle.api.internal.tasks.execution.ResolveTaskOutputCachingStateExecuter.execute(ResolveTaskOutputCachingStateExecuter.java:54)
	at org.gradle.api.internal.tasks.execution.ValidatingTaskExecuter.execute(ValidatingTaskExecuter.java:60)
	at org.gradle.api.internal.tasks.execution.SkipEmptySourceFilesTaskExecuter.execute(SkipEmptySourceFilesTaskExecuter.java:97)
	at org.gradle.api.internal.tasks.execution.CleanupStaleOutputsExecuter.execute(CleanupStaleOutputsExecuter.java:87)
	at org.gradle.api.internal.tasks.execution.ResolveTaskArtifactStateTaskExecuter.execute(ResolveTaskArtifactStateTaskExecuter.java:52)
	at org.gradle.api.internal.tasks.execution.SkipTaskWithNoActionsExecuter.execute(SkipTaskWithNoActionsExecuter.java:52)
	at org.gradle.api.internal.tasks.execution.SkipOnlyIfTaskExecuter.execute(SkipOnlyIfTaskExecuter.java:54)
	at org.gradle.api.internal.tasks.execution.ExecuteAtMostOnceTaskExecuter.execute(ExecuteAtMostOnceTaskExecuter.java:43)
	at org.gradle.api.internal.tasks.execution.CatchExceptionTaskExecuter.execute(CatchExceptionTaskExecuter.java:34)
	at org.gradle.execution.taskgraph.DefaultTaskGraphExecuter$EventFiringTaskWorker$1.run(DefaultTaskGraphExecuter.java:248)
	at org.gradle.internal.progress.DefaultBuildOperationExecutor$RunnableBuildOperationWorker.execute(DefaultBuildOperationExecutor.java:336)
	at org.gradle.internal.progress.DefaultBuildOperationExecutor$RunnableBuildOperationWorker.execute(DefaultBuildOperationExecutor.java:328)
	at org.gradle.internal.progress.DefaultBuildOperationExecutor.execute(DefaultBuildOperationExecutor.java:199)
	at org.gradle.internal.progress.DefaultBuildOperationExecutor.run(DefaultBuildOperationExecutor.java:110)
	at org.gradle.execution.taskgraph.DefaultTaskGraphExecuter$EventFiringTaskWorker.execute(DefaultTaskGraphExecuter.java:241)
	at org.gradle.execution.taskgraph.DefaultTaskGraphExecuter$EventFiringTaskWorker.execute(DefaultTaskGraphExecuter.java:230)
	at org.gradle.execution.taskgraph.DefaultTaskPlanExecutor$TaskExecutorWorker.processTask(DefaultTaskPlanExecutor.java:123)
	at org.gradle.execution.taskgraph.DefaultTaskPlanExecutor$TaskExecutorWorker.access$200(DefaultTaskPlanExecutor.java:79)
	at org.gradle.execution.taskgraph.DefaultTaskPlanExecutor$TaskExecutorWorker$1.execute(DefaultTaskPlanExecutor.java:104)
	at org.gradle.execution.taskgraph.DefaultTaskPlanExecutor$TaskExecutorWorker$1.execute(DefaultTaskPlanExecutor.java:98)
	at org.gradle.execution.taskgraph.DefaultTaskExecutionPlan.execute(DefaultTaskExecutionPlan.java:626)
	at org.gradle.execution.taskgraph.DefaultTaskExecutionPlan.executeWithTask(DefaultTaskExecutionPlan.java:581)
	at org.gradle.execution.taskgraph.DefaultTaskPlanExecutor$TaskExecutorWorker.run(DefaultTaskPlanExecutor.java:98)
	at org.gradle.internal.concurrent.ExecutorPolicy$CatchAndRecordFailures.onExecute(ExecutorPolicy.java:63)
	at org.gradle.internal.concurrent.ManagedExecutorImpl$1.run(ManagedExecutorImpl.java:46)
	at java.util.concurrent.ThreadPoolExecutor.runWorker(ThreadPoolExecutor.java:1149)
	at java.util.concurrent.ThreadPoolExecutor$Worker.run(ThreadPoolExecutor.java:624)
	at org.gradle.internal.concurrent.ThreadFactoryImpl$ManagedThreadRunnable.run(ThreadFactoryImpl.java:55)
	at java.lang.Thread.run(Thread.java:748)
Caused by: java.lang.RuntimeException: com.android.builder.dexing.DexArchiveMergerException: Error while merging dex archives: /private/var/folders/bq/vtzpc5ns5sg2cthy61lqpg3dfzgbys/T/1575360855983-0/src/UnderlinePageIndicator-master/app/build/intermediates/transforms/dexBuilder/debug/130, /private/var/folders/bq/vtzpc5ns5sg2cthy61lqpg3dfzgbys/T/1575360855983-0/src/UnderlinePageIndicator-master/app/build/intermediates/transforms/dexBuilder/debug/131, /private/var/folders/bq/vtzpc5ns5sg2cthy61lqpg3dfzgbys/T/1575360855983-0/src/UnderlinePageIndicator-master/app/build/intermediates/transforms/externalLibsDexMerger/debug/0, /private/var/folders/bq/vtzpc5ns5sg2cthy61lqpg3dfzgbys/T/1575360855983-0/src/UnderlinePageIndicator-master/app/build/intermediates/transforms/dexBuilder/debug/125.jar, /private/var/folders/bq/vtzpc5ns5sg2cthy61lqpg3dfzgbys/T/1575360855983-0/src/UnderlinePageIndicator-master/app/build/intermediates/transforms/dexBuilder/debug/126.jar
	at java.util.concurrent.ForkJoinTask$AdaptedCallable.exec(ForkJoinTask.java:1431)
	at java.util.concurrent.ForkJoinTask.doExec(ForkJoinTask.java:289)
	at java.util.concurrent.ForkJoinPool$WorkQueue.runTask(ForkJoinPool.java:1056)
	at java.util.concurrent.ForkJoinPool.runWorker(ForkJoinPool.java:1692)
	at java.util.concurrent.ForkJoinWorkerThread.run(ForkJoinWorkerThread.java:157)
Caused by: com.android.builder.dexing.DexArchiveMergerException: Error while merging dex archives: /private/var/folders/bq/vtzpc5ns5sg2cthy61lqpg3dfzgbys/T/1575360855983-0/src/UnderlinePageIndicator-master/app/build/intermediates/transforms/dexBuilder/debug/130, /private/var/folders/bq/vtzpc5ns5sg2cthy61lqpg3dfzgbys/T/1575360855983-0/src/UnderlinePageIndicator-master/app/build/intermediates/transforms/dexBuilder/debug/131, /private/var/folders/bq/vtzpc5ns5sg2cthy61lqpg3dfzgbys/T/1575360855983-0/src/UnderlinePageIndicator-master/app/build/intermediates/transforms/externalLibsDexMerger/debug/0, /private/var/folders/bq/vtzpc5ns5sg2cthy61lqpg3dfzgbys/T/1575360855983-0/src/UnderlinePageIndicator-master/app/build/intermediates/transforms/dexBuilder/debug/125.jar, /private/var/folders/bq/vtzpc5ns5sg2cthy61lqpg3dfzgbys/T/1575360855983-0/src/UnderlinePageIndicator-master/app/build/intermediates/transforms/dexBuilder/debug/126.jar
	at com.android.builder.dexing.D8DexArchiveMerger.getExceptionToRethrow(D8DexArchiveMerger.java:124)
	at com.android.builder.dexing.D8DexArchiveMerger.mergeDexArchives(D8DexArchiveMerger.java:109)
	at com.android.build.gradle.internal.transforms.DexMergerTransformCallable.call(DexMergerTransformCallable.java:101)
	at com.android.build.gradle.internal.transforms.DexMergerTransformCallable.call(DexMergerTransformCallable.java:36)
	at java.util.concurrent.ForkJoinTask$AdaptedCallable.exec(ForkJoinTask.java:1424)
	... 4 more
Caused by: com.android.tools.r8.CompilationFailedException: Compilation failed to complete
	at com.android.tools.r8.utils.ExceptionUtils.withCompilationHandler(ExceptionUtils.java:76)
	at com.android.tools.r8.utils.ExceptionUtils.withD8CompilationHandler(ExceptionUtils.java:45)
	at com.android.tools.r8.D8.run(D8.java:67)
	at com.android.builder.dexing.D8DexArchiveMerger.mergeDexArchives(D8DexArchiveMerger.java:107)
	... 7 more
Caused by: com.android.tools.r8.utils.AbortException
	at com.android.tools.r8.utils.Reporter.failIfPendingErrors(Reporter.java:77)
	at com.android.tools.r8.utils.Reporter.fatalError(Reporter.java:58)
	at com.android.tools.r8.utils.ExceptionUtils.withCompilationHandler(ExceptionUtils.java:67)
	... 10 more

 FAILED

FAILURE: Build failed with an exception.

* What went wrong:
Execution failed for task ':app:transformDexArchiveWithDexMergerForDebug'.
> com.android.build.api.transform.TransformException: java.lang.RuntimeException: java.lang.RuntimeException: com.android.builder.dexing.DexArchiveMergerException: Error while merging dex archives: /private/var/folders/bq/vtzpc5ns5sg2cthy61lqpg3dfzgbys/T/1575360855983-0/src/UnderlinePageIndicator-master/app/build/intermediates/transforms/dexBuilder/debug/130, /private/var/folders/bq/vtzpc5ns5sg2cthy61lqpg3dfzgbys/T/1575360855983-0/src/UnderlinePageIndicator-master/app/build/intermediates/transforms/dexBuilder/debug/131, /private/var/folders/bq/vtzpc5ns5sg2cthy61lqpg3dfzgbys/T/1575360855983-0/src/UnderlinePageIndicator-master/app/build/intermediates/transforms/externalLibsDexMerger/debug/0, /private/var/folders/bq/vtzpc5ns5sg2cthy61lqpg3dfzgbys/T/1575360855983-0/src/UnderlinePageIndicator-master/app/build/intermediates/transforms/dexBuilder/debug/125.jar, /private/var/folders/bq/vtzpc5ns5sg2cthy61lqpg3dfzgbys/T/1575360855983-0/src/UnderlinePageIndicator-master/app/build/intermediates/transforms/dexBuilder/debug/126.jar

* Try:
Run with --info or --debug option to get more log output. Run with --scan to get full insights.

* Exception is:
org.gradle.api.tasks.TaskExecutionException: Execution failed for task ':app:transformDexArchiveWithDexMergerForDebug'.
	at org.gradle.api.internal.tasks.execution.ExecuteActionsTaskExecuter.executeActions(ExecuteActionsTaskExecuter.java:100)
	at org.gradle.api.internal.tasks.execution.ExecuteActionsTaskExecuter.execute(ExecuteActionsTaskExecuter.java:70)
	at org.gradle.api.internal.tasks.execution.OutputDirectoryCreatingTaskExecuter.execute(OutputDirectoryCreatingTaskExecuter.java:51)
	at org.gradle.api.internal.tasks.execution.SkipUpToDateTaskExecuter.execute(SkipUpToDateTaskExecuter.java:62)
	at org.gradle.api.internal.tasks.execution.ResolveTaskOutputCachingStateExecuter.execute(ResolveTaskOutputCachingStateExecuter.java:54)
	at org.gradle.api.internal.tasks.execution.ValidatingTaskExecuter.execute(ValidatingTaskExecuter.java:60)
	at org.gradle.api.internal.tasks.execution.SkipEmptySourceFilesTaskExecuter.execute(SkipEmptySourceFilesTaskExecuter.java:97)
	at org.gradle.api.internal.tasks.execution.CleanupStaleOutputsExecuter.execute(CleanupStaleOutputsExecuter.java:87)
	at org.gradle.api.internal.tasks.execution.ResolveTaskArtifactStateTaskExecuter.execute(ResolveTaskArtifactStateTaskExecuter.java:52)
	at org.gradle.api.internal.tasks.execution.SkipTaskWithNoActionsExecuter.execute(SkipTaskWithNoActionsExecuter.java:52)
	at org.gradle.api.internal.tasks.execution.SkipOnlyIfTaskExecuter.execute(SkipOnlyIfTaskExecuter.java:54)
	at org.gradle.api.internal.tasks.execution.ExecuteAtMostOnceTaskExecuter.execute(ExecuteAtMostOnceTaskExecuter.java:43)
	at org.gradle.api.internal.tasks.execution.CatchExceptionTaskExecuter.execute(CatchExceptionTaskExecuter.java:34)
	at org.gradle.execution.taskgraph.DefaultTaskGraphExecuter$EventFiringTaskWorker$1.run(DefaultTaskGraphExecuter.java:248)
	at org.gradle.internal.progress.DefaultBuildOperationExecutor$RunnableBuildOperationWorker.execute(DefaultBuildOperationExecutor.java:336)
	at org.gradle.internal.progress.DefaultBuildOperationExecutor$RunnableBuildOperationWorker.execute(DefaultBuildOperationExecutor.java:328)
	at org.gradle.internal.progress.DefaultBuildOperationExecutor.execute(DefaultBuildOperationExecutor.java:199)
	at org.gradle.internal.progress.DefaultBuildOperationExecutor.run(DefaultBuildOperationExecutor.java:110)
	at org.gradle.execution.taskgraph.DefaultTaskGraphExecuter$EventFiringTaskWorker.execute(DefaultTaskGraphExecuter.java:241)
	at org.gradle.execution.taskgraph.DefaultTaskGraphExecuter$EventFiringTaskWorker.execute(DefaultTaskGraphExecuter.java:230)
	at org.gradle.execution.taskgraph.DefaultTaskPlanExecutor$TaskExecutorWorker.processTask(DefaultTaskPlanExecutor.java:123)
	at org.gradle.execution.taskgraph.DefaultTaskPlanExecutor$TaskExecutorWorker.access$200(DefaultTaskPlanExecutor.java:79)
	at org.gradle.execution.taskgraph.DefaultTaskPlanExecutor$TaskExecutorWorker$1.execute(DefaultTaskPlanExecutor.java:104)
	at org.gradle.execution.taskgraph.DefaultTaskPlanExecutor$TaskExecutorWorker$1.execute(DefaultTaskPlanExecutor.java:98)
	at org.gradle.execution.taskgraph.DefaultTaskExecutionPlan.execute(DefaultTaskExecutionPlan.java:626)
	at org.gradle.execution.taskgraph.DefaultTaskExecutionPlan.executeWithTask(DefaultTaskExecutionPlan.java:581)
	at org.gradle.execution.taskgraph.DefaultTaskPlanExecutor$TaskExecutorWorker.run(DefaultTaskPlanExecutor.java:98)
	at org.gradle.internal.concurrent.ExecutorPolicy$CatchAndRecordFailures.onExecute(ExecutorPolicy.java:63)
	at org.gradle.internal.concurrent.ManagedExecutorImpl$1.run(ManagedExecutorImpl.java:46)
	at org.gradle.internal.concurrent.ThreadFactoryImpl$ManagedThreadRunnable.run(ThreadFactoryImpl.java:55)
Caused by: java.lang.RuntimeException: com.android.build.api.transform.TransformException: java.lang.RuntimeException: java.lang.RuntimeException: com.android.builder.dexing.DexArchiveMergerException: Error while merging dex archives: /private/var/folders/bq/vtzpc5ns5sg2cthy61lqpg3dfzgbys/T/1575360855983-0/src/UnderlinePageIndicator-master/app/build/intermediates/transforms/dexBuilder/debug/130, /private/var/folders/bq/vtzpc5ns5sg2cthy61lqpg3dfzgbys/T/1575360855983-0/src/UnderlinePageIndicator-master/app/build/intermediates/transforms/dexBuilder/debug/131, /private/var/folders/bq/vtzpc5ns5sg2cthy61lqpg3dfzgbys/T/1575360855983-0/src/UnderlinePageIndicator-master/app/build/intermediates/transforms/externalLibsDexMerger/debug/0, /private/var/folders/bq/vtzpc5ns5sg2cthy61lqpg3dfzgbys/T/1575360855983-0/src/UnderlinePageIndicator-master/app/build/intermediates/transforms/dexBuilder/debug/125.jar, /private/var/folders/bq/vtzpc5ns5sg2cthy61lqpg3dfzgbys/T/1575360855983-0/src/UnderlinePageIndicator-master/app/build/intermediates/transforms/dexBuilder/debug/126.jar
	at com.android.builder.profile.Recorder$Block.handleException(Recorder.java:55)
	at com.android.builder.profile.ThreadRecorder.record(ThreadRecorder.java:104)
	at com.android.build.gradle.internal.pipeline.TransformTask.transform(TransformTask.java:212)
	at org.gradle.internal.reflect.JavaMethod.invoke(JavaMethod.java:73)
	at org.gradle.api.internal.project.taskfactory.IncrementalTaskAction.doExecute(IncrementalTaskAction.java:46)
	at org.gradle.api.internal.project.taskfactory.StandardTaskAction.execute(StandardTaskAction.java:39)
	at org.gradle.api.internal.project.taskfactory.StandardTaskAction.execute(StandardTaskAction.java:26)
	at org.gradle.api.internal.tasks.execution.ExecuteActionsTaskExecuter$1.run(ExecuteActionsTaskExecuter.java:121)
	at org.gradle.internal.progress.DefaultBuildOperationExecutor$RunnableBuildOperationWorker.execute(DefaultBuildOperationExecutor.java:336)
	at org.gradle.internal.progress.DefaultBuildOperationExecutor$RunnableBuildOperationWorker.execute(DefaultBuildOperationExecutor.java:328)
	at org.gradle.internal.progress.DefaultBuildOperationExecutor.execute(DefaultBuildOperationExecutor.java:199)
	at org.gradle.internal.progress.DefaultBuildOperationExecutor.run(DefaultBuildOperationExecutor.java:110)
	at org.gradle.api.internal.tasks.execution.ExecuteActionsTaskExecuter.executeAction(ExecuteActionsTaskExecuter.java:110)
	at org.gradle.api.internal.tasks.execution.ExecuteActionsTaskExecuter.executeActions(ExecuteActionsTaskExecuter.java:92)
	... 29 more
Caused by: com.android.build.api.transform.TransformException: java.lang.RuntimeException: java.lang.RuntimeException: com.android.builder.dexing.DexArchiveMergerException: Error while merging dex archives: /private/var/folders/bq/vtzpc5ns5sg2cthy61lqpg3dfzgbys/T/1575360855983-0/src/UnderlinePageIndicator-master/app/build/intermediates/transforms/dexBuilder/debug/130, /private/var/folders/bq/vtzpc5ns5sg2cthy61lqpg3dfzgbys/T/1575360855983-0/src/UnderlinePageIndicator-master/app/build/intermediates/transforms/dexBuilder/debug/131, /private/var/folders/bq/vtzpc5ns5sg2cthy61lqpg3dfzgbys/T/1575360855983-0/src/UnderlinePageIndicator-master/app/build/intermediates/transforms/externalLibsDexMerger/debug/0, /private/var/folders/bq/vtzpc5ns5sg2cthy61lqpg3dfzgbys/T/1575360855983-0/src/UnderlinePageIndicator-master/app/build/intermediates/transforms/dexBuilder/debug/125.jar, /private/var/folders/bq/vtzpc5ns5sg2cthy61lqpg3dfzgbys/T/1575360855983-0/src/UnderlinePageIndicator-master/app/build/intermediates/transforms/dexBuilder/debug/126.jar
	at com.android.build.gradle.internal.transforms.DexMergerTransform.transform(DexMergerTransform.java:225)
	at com.android.build.gradle.internal.pipeline.TransformTask$2.call(TransformTask.java:221)
	at com.android.build.gradle.internal.pipeline.TransformTask$2.call(TransformTask.java:217)
	at com.android.builder.profile.ThreadRecorder.record(ThreadRecorder.java:102)
	... 41 more
Caused by: java.lang.RuntimeException: java.lang.RuntimeException: com.android.builder.dexing.DexArchiveMergerException: Error while merging dex archives: /private/var/folders/bq/vtzpc5ns5sg2cthy61lqpg3dfzgbys/T/1575360855983-0/src/UnderlinePageIndicator-master/app/build/intermediates/transforms/dexBuilder/debug/130, /private/var/folders/bq/vtzpc5ns5sg2cthy61lqpg3dfzgbys/T/1575360855983-0/src/UnderlinePageIndicator-master/app/build/intermediates/transforms/dexBuilder/debug/131, /private/var/folders/bq/vtzpc5ns5sg2cthy61lqpg3dfzgbys/T/1575360855983-0/src/UnderlinePageIndicator-master/app/build/intermediates/transforms/externalLibsDexMerger/debug/0, /private/var/folders/bq/vtzpc5ns5sg2cthy61lqpg3dfzgbys/T/1575360855983-0/src/UnderlinePageIndicator-master/app/build/intermediates/transforms/dexBuilder/debug/125.jar, /private/var/folders/bq/vtzpc5ns5sg2cthy61lqpg3dfzgbys/T/1575360855983-0/src/UnderlinePageIndicator-master/app/build/intermediates/transforms/dexBuilder/debug/126.jar
	at com.google.common.collect.ImmutableList.forEach(ImmutableList.java:397)
	at com.android.build.gradle.internal.transforms.DexMergerTransform.transform(DexMergerTransform.java:221)
	... 44 more
Caused by: java.lang.RuntimeException: com.android.builder.dexing.DexArchiveMergerException: Error while merging dex archives: /private/var/folders/bq/vtzpc5ns5sg2cthy61lqpg3dfzgbys/T/1575360855983-0/src/UnderlinePageIndicator-master/app/build/intermediates/transforms/dexBuilder/debug/130, /private/var/folders/bq/vtzpc5ns5sg2cthy61lqpg3dfzgbys/T/1575360855983-0/src/UnderlinePageIndicator-master/app/build/intermediates/transforms/dexBuilder/debug/131, /private/var/folders/bq/vtzpc5ns5sg2cthy61lqpg3dfzgbys/T/1575360855983-0/src/UnderlinePageIndicator-master/app/build/intermediates/transforms/externalLibsDexMerger/debug/0, /private/var/folders/bq/vtzpc5ns5sg2cthy61lqpg3dfzgbys/T/1575360855983-0/src/UnderlinePageIndicator-master/app/build/intermediates/transforms/dexBuilder/debug/125.jar, /private/var/folders/bq/vtzpc5ns5sg2cthy61lqpg3dfzgbys/T/1575360855983-0/src/UnderlinePageIndicator-master/app/build/intermediates/transforms/dexBuilder/debug/126.jar
Caused by: com.android.builder.dexing.DexArchiveMergerException: Error while merging dex archives: /private/var/folders/bq/vtzpc5ns5sg2cthy61lqpg3dfzgbys/T/1575360855983-0/src/UnderlinePageIndicator-master/app/build/intermediates/transforms/dexBuilder/debug/130, /private/var/folders/bq/vtzpc5ns5sg2cthy61lqpg3dfzgbys/T/1575360855983-0/src/UnderlinePageIndicator-master/app/build/intermediates/transforms/dexBuilder/debug/131, /private/var/folders/bq/vtzpc5ns5sg2cthy61lqpg3dfzgbys/T/1575360855983-0/src/UnderlinePageIndicator-master/app/build/intermediates/transforms/externalLibsDexMerger/debug/0, /private/var/folders/bq/vtzpc5ns5sg2cthy61lqpg3dfzgbys/T/1575360855983-0/src/UnderlinePageIndicator-master/app/build/intermediates/transforms/dexBuilder/debug/125.jar, /private/var/folders/bq/vtzpc5ns5sg2cthy61lqpg3dfzgbys/T/1575360855983-0/src/UnderlinePageIndicator-master/app/build/intermediates/transforms/dexBuilder/debug/126.jar
	at com.android.builder.dexing.D8DexArchiveMerger.getExceptionToRethrow(D8DexArchiveMerger.java:124)
	at com.android.builder.dexing.D8DexArchiveMerger.mergeDexArchives(D8DexArchiveMerger.java:109)
	at com.android.build.gradle.internal.transforms.DexMergerTransformCallable.call(DexMergerTransformCallable.java:101)
	at com.android.build.gradle.internal.transforms.DexMergerTransformCallable.call(DexMergerTransformCallable.java:36)
Caused by: com.android.tools.r8.CompilationFailedException: Compilation failed to complete
	at com.android.tools.r8.utils.ExceptionUtils.withCompilationHandler(ExceptionUtils.java:76)
	at com.android.tools.r8.utils.ExceptionUtils.withD8CompilationHandler(ExceptionUtils.java:45)
	at com.android.tools.r8.D8.run(D8.java:67)
	at com.android.builder.dexing.D8DexArchiveMerger.mergeDexArchives(D8DexArchiveMerger.java:107)
	... 2 more
Caused by: com.android.tools.r8.utils.AbortException
	at com.android.tools.r8.utils.Reporter.failIfPendingErrors(Reporter.java:77)
	at com.android.tools.r8.utils.Reporter.fatalError(Reporter.java:58)
	at com.android.tools.r8.utils.ExceptionUtils.withCompilationHandler(ExceptionUtils.java:67)
	... 5 more


* Get more help at https://help.gradle.org

BUILD FAILED in 31s
74 actionable tasks: 74 executed

2019-12-03 15:15:04,226 INFO  ProjectTaskService - Detecting possible tasks...
2019-12-03 15:15:04,226 INFO  SysUtils - Execute command: [/var/folders/bq/vtzpc5ns5sg2cthy61lqpg3dfzgbys/T/1575360855983-0/src/UnderlinePageIndicator-master/gradlew, -b, /var/folders/bq/vtzpc5ns5sg2cthy61lqpg3dfzgbys/T/1575360855983-0/src/UnderlinePageIndicator-master/underlinepageindicator/build.gradle, -Dorg.gradle.daemon=false, -Dorg.gradle.daemon.performance.enable-monitoring=false, -Dorg.gradle.configureondemand=true, tasks]
2019-12-03 15:15:10,658 INFO  ProjectTaskService - Detected possible tasks: 66
2019-12-03 15:15:10,658 INFO  ProjectTaskService - Excluded tasks (16): lintDebug mockableAndroidJar deviceCheck lint testReleaseUnitTest deviceAndroidTest uninstallDebugAndroidTest installDebugAndroidTest connectedCheck connectedDebugAndroidTest uninstallAll test check testDebugUnitTest connectedAndroidTest lintRelease
2019-12-03 15:15:10,658 INFO  SysUtils - Execute command: [/var/folders/bq/vtzpc5ns5sg2cthy61lqpg3dfzgbys/T/1575360855983-0/src/UnderlinePageIndicator-master/gradlew, -b, /var/folders/bq/vtzpc5ns5sg2cthy61lqpg3dfzgbys/T/1575360855983-0/src/UnderlinePageIndicator-master/underlinepageindicator/build.gradle, -Dorg.gradle.daemon=false, -Dorg.gradle.daemon.performance.enable-monitoring=false, -Dorg.gradle.configureondemand=true, --stacktrace, -x, lintDebug, -x, mockableAndroidJar, -x, deviceCheck, -x, lint, -x, testReleaseUnitTest, -x, deviceAndroidTest, -x, uninstallDebugAndroidTest, -x, installDebugAndroidTest, -x, connectedCheck, -x, connectedDebugAndroidTest, -x, uninstallAll, -x, test, -x, check, -x, testDebugUnitTest, -x, connectedAndroidTest, -x, lintRelease, build]
2019-12-03 15:15:26,701 INFO  SysUtils - Configuration on demand is an incubating feature.
WARNING: Configuration 'compile' is obsolete and has been replaced with 'implementation' and 'api'.
It will be removed at the end of 2018. For more information see: http://d.android.com/r/tools/update-dependency-configurations.html
:underlinepageindicator:preBuild UP-TO-DATE
:underlinepageindicator:preDebugBuild UP-TO-DATE
:underlinepageindicator:compileDebugAidl UP-TO-DATE
:underlinepageindicator:compileDebugRenderscript UP-TO-DATE
:underlinepageindicator:checkDebugManifest UP-TO-DATE
:underlinepageindicator:generateDebugBuildConfig UP-TO-DATE
:underlinepageindicator:generateDebugResValues UP-TO-DATE
:underlinepageindicator:generateDebugResources UP-TO-DATE
:underlinepageindicator:packageDebugResources UP-TO-DATE
:underlinepageindicator:platformAttrExtractor UP-TO-DATE
:underlinepageindicator:processDebugManifest UP-TO-DATE
:underlinepageindicator:generateDebugRFile UP-TO-DATE
:underlinepageindicator:compileDebugKotlin UP-TO-DATE
:underlinepageindicator:prepareLintJar UP-TO-DATE
:underlinepageindicator:generateDebugSources UP-TO-DATE
:underlinepageindicator:javaPreCompileDebug UP-TO-DATE
:underlinepageindicator:compileDebugJavaWithJavac UP-TO-DATE
:underlinepageindicator:extractDebugAnnotations
:underlinepageindicator:mergeDebugConsumerProguardFiles
:underlinepageindicator:mergeDebugShaders UP-TO-DATE
:underlinepageindicator:compileDebugShaders UP-TO-DATE
:underlinepageindicator:generateDebugAssets UP-TO-DATE
:underlinepageindicator:packageDebugAssets UP-TO-DATE
:underlinepageindicator:packageDebugRenderscript NO-SOURCE
:underlinepageindicator:processDebugJavaRes NO-SOURCE
:underlinepageindicator:transformResourcesWithMergeJavaResForDebug
:underlinepageindicator:transformClassesAndResourcesWithSyncLibJarsForDebug
:underlinepageindicator:compileDebugNdk NO-SOURCE
:underlinepageindicator:mergeDebugJniLibFolders UP-TO-DATE
:underlinepageindicator:transformNativeLibsWithMergeJniLibsForDebug UP-TO-DATE
:underlinepageindicator:transformNativeLibsWithStripDebugSymbolForDebug UP-TO-DATE
:underlinepageindicator:transformNativeLibsWithSyncJniLibsForDebug
:underlinepageindicator:bundleDebug
:underlinepageindicator:compileDebugSources UP-TO-DATE
:underlinepageindicator:assembleDebug
:underlinepageindicator:preReleaseBuild UP-TO-DATE
:underlinepageindicator:compileReleaseAidl UP-TO-DATE
:underlinepageindicator:compileReleaseRenderscript UP-TO-DATE
:underlinepageindicator:checkReleaseManifest UP-TO-DATE
:underlinepageindicator:generateReleaseBuildConfig UP-TO-DATE
:underlinepageindicator:generateReleaseResValues UP-TO-DATE
:underlinepageindicator:generateReleaseResources UP-TO-DATE
:underlinepageindicator:packageReleaseResources UP-TO-DATE
:underlinepageindicator:processReleaseManifest UP-TO-DATE
:underlinepageindicator:generateReleaseRFile
:underlinepageindicator:compileReleaseKotlin
:underlinepageindicator:generateReleaseSources
:underlinepageindicator:javaPreCompileRelease
:underlinepageindicator:compileReleaseJavaWithJavac
:underlinepageindicator:extractReleaseAnnotations
:underlinepageindicator:mergeReleaseConsumerProguardFiles
:underlinepageindicator:mergeReleaseShaders UP-TO-DATE
:underlinepageindicator:compileReleaseShaders UP-TO-DATE
:underlinepageindicator:generateReleaseAssets UP-TO-DATE
:underlinepageindicator:packageReleaseAssets UP-TO-DATE
:underlinepageindicator:packageReleaseRenderscript NO-SOURCE
:underlinepageindicator:processReleaseJavaRes NO-SOURCE
:underlinepageindicator:transformResourcesWithMergeJavaResForRelease
:underlinepageindicator:transformClassesAndResourcesWithSyncLibJarsForRelease
:underlinepageindicator:compileReleaseNdk NO-SOURCE
:underlinepageindicator:mergeReleaseJniLibFolders UP-TO-DATE
:underlinepageindicator:transformNativeLibsWithMergeJniLibsForRelease UP-TO-DATE
:underlinepageindicator:transformNativeLibsWithStripDebugSymbolForRelease UP-TO-DATE
:underlinepageindicator:transformNativeLibsWithSyncJniLibsForRelease
:underlinepageindicator:bundleRelease
:underlinepageindicator:compileReleaseSources
:underlinepageindicator:mergeReleaseResources
:underlinepageindicator:verifyReleaseResources
:underlinepageindicator:assembleRelease
:underlinepageindicator:assemble
:underlinepageindicator:build

BUILD SUCCESSFUL in 15s
50 actionable tasks: 18 executed, 32 up-to-date

2019-12-03 15:15:26,795 INFO  ProjectTaskService - Detecting possible tasks...
2019-12-03 15:15:26,795 INFO  SysUtils - Execute command: [/var/folders/bq/vtzpc5ns5sg2cthy61lqpg3dfzgbys/T/1575360855983-0/src/UnderlinePageIndicator-master/gradlew, -b, /var/folders/bq/vtzpc5ns5sg2cthy61lqpg3dfzgbys/T/1575360855983-0/src/UnderlinePageIndicator-master/build.gradle, -Dorg.gradle.daemon=false, -Dorg.gradle.daemon.performance.enable-monitoring=false, -Dorg.gradle.configureondemand=true, tasks]
2019-12-03 15:15:33,453 INFO  ProjectTaskService - Detected possible tasks: 70
2019-12-03 15:15:33,453 INFO  ProjectTaskService - Excluded tasks (19): lintDebug mockableAndroidJar deviceCheck lint testReleaseUnitTest uninstallRelease deviceAndroidTest uninstallDebugAndroidTest installDebugAndroidTest connectedCheck connectedDebugAndroidTest uninstallAll test check testDebugUnitTest connectedAndroidTest installDebug lintRelease uninstallDebug
2019-12-03 15:15:33,453 INFO  SysUtils - Execute command: [/var/folders/bq/vtzpc5ns5sg2cthy61lqpg3dfzgbys/T/1575360855983-0/src/UnderlinePageIndicator-master/gradlew, -b, /var/folders/bq/vtzpc5ns5sg2cthy61lqpg3dfzgbys/T/1575360855983-0/src/UnderlinePageIndicator-master/build.gradle, -Dorg.gradle.daemon=false, -Dorg.gradle.daemon.performance.enable-monitoring=false, -Dorg.gradle.configureondemand=true, --stacktrace, -x, lintDebug, -x, mockableAndroidJar, -x, deviceCheck, -x, lint, -x, testReleaseUnitTest, -x, uninstallRelease, -x, deviceAndroidTest, -x, uninstallDebugAndroidTest, -x, installDebugAndroidTest, -x, connectedCheck, -x, connectedDebugAndroidTest, -x, uninstallAll, -x, test, -x, check, -x, testDebugUnitTest, -x, connectedAndroidTest, -x, installDebug, -x, lintRelease, -x, uninstallDebug, build]
2019-12-03 15:15:42,311 ERROR SysUtils - Could not process external command
org.apache.commons.exec.ExecuteException: Process exited with an error: 1 (Exit value: 1)
	at org.apache.commons.exec.DefaultExecutor.executeInternal(DefaultExecutor.java:404)
	at org.apache.commons.exec.DefaultExecutor.execute(DefaultExecutor.java:166)
	at com.github.vbauer.apkmaster.util.SysUtils.execute(SysUtils.java:67)
	at com.github.vbauer.apkmaster.util.SysUtils.executeSimple(SysUtils.java:43)
	at com.github.vbauer.apkmaster.service.assembly.ProjectBuildService.buildProject(ProjectBuildService.java:78)
	at com.github.vbauer.apkmaster.service.assembly.ProjectBuildService.buildProject(ProjectBuildService.java:64)
	at com.github.vbauer.apkmaster.service.assembly.ProjectBuildService.buildProject(ProjectBuildService.java:43)
	at com.github.vbauer.apkmaster.service.FullProcessService.build(FullProcessService.java:84)
	at com.github.vbauer.apkmaster.service.FullProcessService.process(FullProcessService.java:34)
	at com.github.vbauer.apkmaster.app.MainApplication.process(MainApplication.java:38)
	at com.github.vbauer.apkmaster.app.MainApplication.main(MainApplication.java:20)
	at sun.reflect.NativeMethodAccessorImpl.invoke0(Native Method)
	at sun.reflect.NativeMethodAccessorImpl.invoke(NativeMethodAccessorImpl.java:62)
	at sun.reflect.DelegatingMethodAccessorImpl.invoke(DelegatingMethodAccessorImpl.java:43)
	at java.lang.reflect.Method.invoke(Method.java:498)
	at com.android.arsenal.util.ReflectionUtils.invoke(ReflectionUtils.java:52)
	at com.android.arsenal.util.ApkMasterUtils.main(ApkMasterUtils.java:30)
	at com.android.arsenal.service.processor.impl.BuildProcessorServiceImpl.buildProject(BuildProcessorServiceImpl.java:196)
	at com.android.arsenal.service.processor.impl.BuildProcessorServiceImpl.build(BuildProcessorServiceImpl.java:130)
	at com.android.arsenal.service.processor.impl.BuildProcessorServiceImpl.lambda$null$1(BuildProcessorServiceImpl.java:113)
	at java.util.concurrent.FutureTask.run(FutureTask.java:266)
	at java.util.concurrent.Executors$RunnableAdapter.call(Executors.java:511)
	at java.util.concurrent.FutureTask.run(FutureTask.java:266)
	at java.util.concurrent.ThreadPoolExecutor.runWorker(ThreadPoolExecutor.java:1149)
	at java.util.concurrent.ThreadPoolExecutor$Worker.run(ThreadPoolExecutor.java:624)
	at java.lang.Thread.run(Thread.java:748)
2019-12-03 15:15:42,311 INFO  SysUtils - Configuration on demand is an incubating feature.
WARNING: Configuration 'compile' is obsolete and has been replaced with 'implementation' and 'api'.
It will be removed at the end of 2018. For more information see: http://d.android.com/r/tools/update-dependency-configurations.html
:app:preBuild UP-TO-DATE
:underlinepageindicator:preBuild UP-TO-DATE
:underlinepageindicator:preDebugBuild UP-TO-DATE
:underlinepageindicator:checkDebugManifest UP-TO-DATE
:underlinepageindicator:processDebugManifest UP-TO-DATE
:app:preDebugBuild UP-TO-DATE
:underlinepageindicator:compileDebugAidl UP-TO-DATE
:app:compileDebugAidl UP-TO-DATE
:underlinepageindicator:packageDebugRenderscript NO-SOURCE
:app:compileDebugRenderscript UP-TO-DATE
:app:checkDebugManifest UP-TO-DATE
:app:generateDebugBuildConfig UP-TO-DATE
:app:mainApkListPersistenceDebug UP-TO-DATE
:app:generateDebugResValues UP-TO-DATE
:app:generateDebugResources UP-TO-DATE
:underlinepageindicator:compileDebugRenderscript UP-TO-DATE
:underlinepageindicator:generateDebugResValues UP-TO-DATE
:underlinepageindicator:generateDebugResources UP-TO-DATE
:underlinepageindicator:packageDebugResources UP-TO-DATE
:app:mergeDebugResources UP-TO-DATE
:app:createDebugCompatibleScreenManifests UP-TO-DATE
:app:processDebugManifest UP-TO-DATE
:app:splitsDiscoveryTaskDebug UP-TO-DATE
:underlinepageindicator:platformAttrExtractor UP-TO-DATE
:underlinepageindicator:generateDebugRFile UP-TO-DATE
:app:processDebugResources UP-TO-DATE
:underlinepageindicator:generateDebugBuildConfig UP-TO-DATE
:underlinepageindicator:compileDebugKotlin UP-TO-DATE
:underlinepageindicator:prepareLintJar UP-TO-DATE
:underlinepageindicator:generateDebugSources UP-TO-DATE
:underlinepageindicator:javaPreCompileDebug UP-TO-DATE
:underlinepageindicator:compileDebugJavaWithJavac UP-TO-DATE
:underlinepageindicator:processDebugJavaRes NO-SOURCE
:underlinepageindicator:transformClassesAndResourcesWithPrepareIntermediateJarsForDebug UP-TO-DATE
:app:compileDebugKotlin UP-TO-DATE
:app:prepareLintJar UP-TO-DATE
:app:generateDebugSources UP-TO-DATE
:app:javaPreCompileDebug UP-TO-DATE
:app:compileDebugJavaWithJavac UP-TO-DATE
:app:compileDebugNdk NO-SOURCE
:app:compileDebugSources UP-TO-DATE
:app:mergeDebugShaders UP-TO-DATE
:app:compileDebugShaders UP-TO-DATE
:app:generateDebugAssets UP-TO-DATE
:underlinepageindicator:mergeDebugShaders UP-TO-DATE
:underlinepageindicator:compileDebugShaders UP-TO-DATE
:underlinepageindicator:generateDebugAssets UP-TO-DATE
:underlinepageindicator:packageDebugAssets UP-TO-DATE
:app:mergeDebugAssets UP-TO-DATE
:app:transformClassesWithDexBuilderForDebug UP-TO-DATE
:app:transformDexArchiveWithExternalLibsDexMergerForDebug UP-TO-DATE
:app:transformDexArchiveWithDexMergerForDebugD8: Program type already present: com.danielecampogiani.underlinepageindicator.BuildConfig
java.lang.RuntimeException: java.lang.RuntimeException: com.android.builder.dexing.DexArchiveMergerException: Error while merging dex archives: /private/var/folders/bq/vtzpc5ns5sg2cthy61lqpg3dfzgbys/T/1575360855983-0/src/UnderlinePageIndicator-master/app/build/intermediates/transforms/dexBuilder/debug/130, /private/var/folders/bq/vtzpc5ns5sg2cthy61lqpg3dfzgbys/T/1575360855983-0/src/UnderlinePageIndicator-master/app/build/intermediates/transforms/dexBuilder/debug/131, /private/var/folders/bq/vtzpc5ns5sg2cthy61lqpg3dfzgbys/T/1575360855983-0/src/UnderlinePageIndicator-master/app/build/intermediates/transforms/externalLibsDexMerger/debug/0, /private/var/folders/bq/vtzpc5ns5sg2cthy61lqpg3dfzgbys/T/1575360855983-0/src/UnderlinePageIndicator-master/app/build/intermediates/transforms/dexBuilder/debug/125.jar, /private/var/folders/bq/vtzpc5ns5sg2cthy61lqpg3dfzgbys/T/1575360855983-0/src/UnderlinePageIndicator-master/app/build/intermediates/transforms/dexBuilder/debug/126.jar
	at sun.reflect.NativeConstructorAccessorImpl.newInstance0(Native Method)
	at sun.reflect.NativeConstructorAccessorImpl.newInstance(NativeConstructorAccessorImpl.java:62)
	at sun.reflect.DelegatingConstructorAccessorImpl.newInstance(DelegatingConstructorAccessorImpl.java:45)
	at java.lang.reflect.Constructor.newInstance(Constructor.java:423)
	at java.util.concurrent.ForkJoinTask.getThrowableException(ForkJoinTask.java:593)
	at java.util.concurrent.ForkJoinTask.reportException(ForkJoinTask.java:677)
	at java.util.concurrent.ForkJoinTask.join(ForkJoinTask.java:720)
	at com.google.common.collect.ImmutableList.forEach(ImmutableList.java:397)
	at com.android.build.gradle.internal.transforms.DexMergerTransform.transform(DexMergerTransform.java:221)
	at com.android.build.gradle.internal.pipeline.TransformTask$2.call(TransformTask.java:221)
	at com.android.build.gradle.internal.pipeline.TransformTask$2.call(TransformTask.java:217)
	at com.android.builder.profile.ThreadRecorder.record(ThreadRecorder.java:102)
	at com.android.build.gradle.internal.pipeline.TransformTask.transform(TransformTask.java:212)
	at sun.reflect.NativeMethodAccessorImpl.invoke0(Native Method)
	at sun.reflect.NativeMethodAccessorImpl.invoke(NativeMethodAccessorImpl.java:62)
	at sun.reflect.DelegatingMethodAccessorImpl.invoke(DelegatingMethodAccessorImpl.java:43)
	at java.lang.reflect.Method.invoke(Method.java:498)
	at org.gradle.internal.reflect.JavaMethod.invoke(JavaMethod.java:73)
	at org.gradle.api.internal.project.taskfactory.IncrementalTaskAction.doExecute(IncrementalTaskAction.java:46)
	at org.gradle.api.internal.project.taskfactory.StandardTaskAction.execute(StandardTaskAction.java:39)
	at org.gradle.api.internal.project.taskfactory.StandardTaskAction.execute(StandardTaskAction.java:26)
	at org.gradle.api.internal.tasks.execution.ExecuteActionsTaskExecuter$1.run(ExecuteActionsTaskExecuter.java:121)
	at org.gradle.internal.progress.DefaultBuildOperationExecutor$RunnableBuildOperationWorker.execute(DefaultBuildOperationExecutor.java:336)
	at org.gradle.internal.progress.DefaultBuildOperationExecutor$RunnableBuildOperationWorker.execute(DefaultBuildOperationExecutor.java:328)
	at org.gradle.internal.progress.DefaultBuildOperationExecutor.execute(DefaultBuildOperationExecutor.java:199)
	at org.gradle.internal.progress.DefaultBuildOperationExecutor.run(DefaultBuildOperationExecutor.java:110)
	at org.gradle.api.internal.tasks.execution.ExecuteActionsTaskExecuter.executeAction(ExecuteActionsTaskExecuter.java:110)
	at org.gradle.api.internal.tasks.execution.ExecuteActionsTaskExecuter.executeActions(ExecuteActionsTaskExecuter.java:92)
	at org.gradle.api.internal.tasks.execution.ExecuteActionsTaskExecuter.execute(ExecuteActionsTaskExecuter.java:70)
	at org.gradle.api.internal.tasks.execution.OutputDirectoryCreatingTaskExecuter.execute(OutputDirectoryCreatingTaskExecuter.java:51)
	at org.gradle.api.internal.tasks.execution.SkipUpToDateTaskExecuter.execute(SkipUpToDateTaskExecuter.java:62)
	at org.gradle.api.internal.tasks.execution.ResolveTaskOutputCachingStateExecuter.execute(ResolveTaskOutputCachingStateExecuter.java:54)
	at org.gradle.api.internal.tasks.execution.ValidatingTaskExecuter.execute(ValidatingTaskExecuter.java:60)
	at org.gradle.api.internal.tasks.execution.SkipEmptySourceFilesTaskExecuter.execute(SkipEmptySourceFilesTaskExecuter.java:97)
	at org.gradle.api.internal.tasks.execution.CleanupStaleOutputsExecuter.execute(CleanupStaleOutputsExecuter.java:87)
	at org.gradle.api.internal.tasks.execution.ResolveTaskArtifactStateTaskExecuter.execute(ResolveTaskArtifactStateTaskExecuter.java:52)
	at org.gradle.api.internal.tasks.execution.SkipTaskWithNoActionsExecuter.execute(SkipTaskWithNoActionsExecuter.java:52)
	at org.gradle.api.internal.tasks.execution.SkipOnlyIfTaskExecuter.execute(SkipOnlyIfTaskExecuter.java:54)
	at org.gradle.api.internal.tasks.execution.ExecuteAtMostOnceTaskExecuter.execute(ExecuteAtMostOnceTaskExecuter.java:43)
	at org.gradle.api.internal.tasks.execution.CatchExceptionTaskExecuter.execute(CatchExceptionTaskExecuter.java:34)
	at org.gradle.execution.taskgraph.DefaultTaskGraphExecuter$EventFiringTaskWorker$1.run(DefaultTaskGraphExecuter.java:248)
	at org.gradle.internal.progress.DefaultBuildOperationExecutor$RunnableBuildOperationWorker.execute(DefaultBuildOperationExecutor.java:336)
	at org.gradle.internal.progress.DefaultBuildOperationExecutor$RunnableBuildOperationWorker.execute(DefaultBuildOperationExecutor.java:328)
	at org.gradle.internal.progress.DefaultBuildOperationExecutor.execute(DefaultBuildOperationExecutor.java:199)
	at org.gradle.internal.progress.DefaultBuildOperationExecutor.run(DefaultBuildOperationExecutor.java:110)
	at org.gradle.execution.taskgraph.DefaultTaskGraphExecuter$EventFiringTaskWorker.execute(DefaultTaskGraphExecuter.java:241)
	at org.gradle.execution.taskgraph.DefaultTaskGraphExecuter$EventFiringTaskWorker.execute(DefaultTaskGraphExecuter.java:230)
	at org.gradle.execution.taskgraph.DefaultTaskPlanExecutor$TaskExecutorWorker.processTask(DefaultTaskPlanExecutor.java:123)
	at org.gradle.execution.taskgraph.DefaultTaskPlanExecutor$TaskExecutorWorker.access$200(DefaultTaskPlanExecutor.java:79)
	at org.gradle.execution.taskgraph.DefaultTaskPlanExecutor$TaskExecutorWorker$1.execute(DefaultTaskPlanExecutor.java:104)
	at org.gradle.execution.taskgraph.DefaultTaskPlanExecutor$TaskExecutorWorker$1.execute(DefaultTaskPlanExecutor.java:98)
	at org.gradle.execution.taskgraph.DefaultTaskExecutionPlan.execute(DefaultTaskExecutionPlan.java:626)
	at org.gradle.execution.taskgraph.DefaultTaskExecutionPlan.executeWithTask(DefaultTaskExecutionPlan.java:581)
	at org.gradle.execution.taskgraph.DefaultTaskPlanExecutor$TaskExecutorWorker.run(DefaultTaskPlanExecutor.java:98)
	at org.gradle.internal.concurrent.ExecutorPolicy$CatchAndRecordFailures.onExecute(ExecutorPolicy.java:63)
	at org.gradle.internal.concurrent.ManagedExecutorImpl$1.run(ManagedExecutorImpl.java:46)
	at java.util.concurrent.ThreadPoolExecutor.runWorker(ThreadPoolExecutor.java:1149)
	at java.util.concurrent.ThreadPoolExecutor$Worker.run(ThreadPoolExecutor.java:624)
	at org.gradle.internal.concurrent.ThreadFactoryImpl$ManagedThreadRunnable.run(ThreadFactoryImpl.java:55)
	at java.lang.Thread.run(Thread.java:748)
Caused by: java.lang.RuntimeException: com.android.builder.dexing.DexArchiveMergerException: Error while merging dex archives: /private/var/folders/bq/vtzpc5ns5sg2cthy61lqpg3dfzgbys/T/1575360855983-0/src/UnderlinePageIndicator-master/app/build/intermediates/transforms/dexBuilder/debug/130, /private/var/folders/bq/vtzpc5ns5sg2cthy61lqpg3dfzgbys/T/1575360855983-0/src/UnderlinePageIndicator-master/app/build/intermediates/transforms/dexBuilder/debug/131, /private/var/folders/bq/vtzpc5ns5sg2cthy61lqpg3dfzgbys/T/1575360855983-0/src/UnderlinePageIndicator-master/app/build/intermediates/transforms/externalLibsDexMerger/debug/0, /private/var/folders/bq/vtzpc5ns5sg2cthy61lqpg3dfzgbys/T/1575360855983-0/src/UnderlinePageIndicator-master/app/build/intermediates/transforms/dexBuilder/debug/125.jar, /private/var/folders/bq/vtzpc5ns5sg2cthy61lqpg3dfzgbys/T/1575360855983-0/src/UnderlinePageIndicator-master/app/build/intermediates/transforms/dexBuilder/debug/126.jar
	at java.util.concurrent.ForkJoinTask$AdaptedCallable.exec(ForkJoinTask.java:1431)
	at java.util.concurrent.ForkJoinTask.doExec(ForkJoinTask.java:289)
	at java.util.concurrent.ForkJoinPool$WorkQueue.runTask(ForkJoinPool.java:1056)
	at java.util.concurrent.ForkJoinPool.runWorker(ForkJoinPool.java:1692)
	at java.util.concurrent.ForkJoinWorkerThread.run(ForkJoinWorkerThread.java:157)
Caused by: com.android.builder.dexing.DexArchiveMergerException: Error while merging dex archives: /private/var/folders/bq/vtzpc5ns5sg2cthy61lqpg3dfzgbys/T/1575360855983-0/src/UnderlinePageIndicator-master/app/build/intermediates/transforms/dexBuilder/debug/130, /private/var/folders/bq/vtzpc5ns5sg2cthy61lqpg3dfzgbys/T/1575360855983-0/src/UnderlinePageIndicator-master/app/build/intermediates/transforms/dexBuilder/debug/131, /private/var/folders/bq/vtzpc5ns5sg2cthy61lqpg3dfzgbys/T/1575360855983-0/src/UnderlinePageIndicator-master/app/build/intermediates/transforms/externalLibsDexMerger/debug/0, /private/var/folders/bq/vtzpc5ns5sg2cthy61lqpg3dfzgbys/T/1575360855983-0/src/UnderlinePageIndicator-master/app/build/intermediates/transforms/dexBuilder/debug/125.jar, /private/var/folders/bq/vtzpc5ns5sg2cthy61lqpg3dfzgbys/T/1575360855983-0/src/UnderlinePageIndicator-master/app/build/intermediates/transforms/dexBuilder/debug/126.jar
	at com.android.builder.dexing.D8DexArchiveMerger.getExceptionToRethrow(D8DexArchiveMerger.java:124)
	at com.android.builder.dexing.D8DexArchiveMerger.mergeDexArchives(D8DexArchiveMerger.java:109)
	at com.android.build.gradle.internal.transforms.DexMergerTransformCallable.call(DexMergerTransformCallable.java:101)
	at com.android.build.gradle.internal.transforms.DexMergerTransformCallable.call(DexMergerTransformCallable.java:36)
	at java.util.concurrent.ForkJoinTask$AdaptedCallable.exec(ForkJoinTask.java:1424)
	... 4 more
Caused by: com.android.tools.r8.CompilationFailedException: Compilation failed to complete
	at com.android.tools.r8.utils.ExceptionUtils.withCompilationHandler(ExceptionUtils.java:76)
	at com.android.tools.r8.utils.ExceptionUtils.withD8CompilationHandler(ExceptionUtils.java:45)
	at com.android.tools.r8.D8.run(D8.java:67)
	at com.android.builder.dexing.D8DexArchiveMerger.mergeDexArchives(D8DexArchiveMerger.java:107)
	... 7 more
Caused by: com.android.tools.r8.utils.AbortException
	at com.android.tools.r8.utils.Reporter.failIfPendingErrors(Reporter.java:77)
	at com.android.tools.r8.utils.Reporter.fatalError(Reporter.java:58)
	at com.android.tools.r8.utils.ExceptionUtils.withCompilationHandler(ExceptionUtils.java:67)
	... 10 more

 FAILED

FAILURE: Build failed with an exception.

* What went wrong:
Execution failed for task ':app:transformDexArchiveWithDexMergerForDebug'.
> com.android.build.api.transform.TransformException: java.lang.RuntimeException: java.lang.RuntimeException: com.android.builder.dexing.DexArchiveMergerException: Error while merging dex archives: /private/var/folders/bq/vtzpc5ns5sg2cthy61lqpg3dfzgbys/T/1575360855983-0/src/UnderlinePageIndicator-master/app/build/intermediates/transforms/dexBuilder/debug/130, /private/var/folders/bq/vtzpc5ns5sg2cthy61lqpg3dfzgbys/T/1575360855983-0/src/UnderlinePageIndicator-master/app/build/intermediates/transforms/dexBuilder/debug/131, /private/var/folders/bq/vtzpc5ns5sg2cthy61lqpg3dfzgbys/T/1575360855983-0/src/UnderlinePageIndicator-master/app/build/intermediates/transforms/externalLibsDexMerger/debug/0, /private/var/folders/bq/vtzpc5ns5sg2cthy61lqpg3dfzgbys/T/1575360855983-0/src/UnderlinePageIndicator-master/app/build/intermediates/transforms/dexBuilder/debug/125.jar, /private/var/folders/bq/vtzpc5ns5sg2cthy61lqpg3dfzgbys/T/1575360855983-0/src/UnderlinePageIndicator-master/app/build/intermediates/transforms/dexBuilder/debug/126.jar

* Try:
Run with --info or --debug option to get more log output. Run with --scan to get full insights.

* Exception is:
org.gradle.api.tasks.TaskExecutionException: Execution failed for task ':app:transformDexArchiveWithDexMergerForDebug'.
	at org.gradle.api.internal.tasks.execution.ExecuteActionsTaskExecuter.executeActions(ExecuteActionsTaskExecuter.java:100)
	at org.gradle.api.internal.tasks.execution.ExecuteActionsTaskExecuter.execute(ExecuteActionsTaskExecuter.java:70)
	at org.gradle.api.internal.tasks.execution.OutputDirectoryCreatingTaskExecuter.execute(OutputDirectoryCreatingTaskExecuter.java:51)
	at org.gradle.api.internal.tasks.execution.SkipUpToDateTaskExecuter.execute(SkipUpToDateTaskExecuter.java:62)
	at org.gradle.api.internal.tasks.execution.ResolveTaskOutputCachingStateExecuter.execute(ResolveTaskOutputCachingStateExecuter.java:54)
	at org.gradle.api.internal.tasks.execution.ValidatingTaskExecuter.execute(ValidatingTaskExecuter.java:60)
	at org.gradle.api.internal.tasks.execution.SkipEmptySourceFilesTaskExecuter.execute(SkipEmptySourceFilesTaskExecuter.java:97)
	at org.gradle.api.internal.tasks.execution.CleanupStaleOutputsExecuter.execute(CleanupStaleOutputsExecuter.java:87)
	at org.gradle.api.internal.tasks.execution.ResolveTaskArtifactStateTaskExecuter.execute(ResolveTaskArtifactStateTaskExecuter.java:52)
	at org.gradle.api.internal.tasks.execution.SkipTaskWithNoActionsExecuter.execute(SkipTaskWithNoActionsExecuter.java:52)
	at org.gradle.api.internal.tasks.execution.SkipOnlyIfTaskExecuter.execute(SkipOnlyIfTaskExecuter.java:54)
	at org.gradle.api.internal.tasks.execution.ExecuteAtMostOnceTaskExecuter.execute(ExecuteAtMostOnceTaskExecuter.java:43)
	at org.gradle.api.internal.tasks.execution.CatchExceptionTaskExecuter.execute(CatchExceptionTaskExecuter.java:34)
	at org.gradle.execution.taskgraph.DefaultTaskGraphExecuter$EventFiringTaskWorker$1.run(DefaultTaskGraphExecuter.java:248)
	at org.gradle.internal.progress.DefaultBuildOperationExecutor$RunnableBuildOperationWorker.execute(DefaultBuildOperationExecutor.java:336)
	at org.gradle.internal.progress.DefaultBuildOperationExecutor$RunnableBuildOperationWorker.execute(DefaultBuildOperationExecutor.java:328)
	at org.gradle.internal.progress.DefaultBuildOperationExecutor.execute(DefaultBuildOperationExecutor.java:199)
	at org.gradle.internal.progress.DefaultBuildOperationExecutor.run(DefaultBuildOperationExecutor.java:110)
	at org.gradle.execution.taskgraph.DefaultTaskGraphExecuter$EventFiringTaskWorker.execute(DefaultTaskGraphExecuter.java:241)
	at org.gradle.execution.taskgraph.DefaultTaskGraphExecuter$EventFiringTaskWorker.execute(DefaultTaskGraphExecuter.java:230)
	at org.gradle.execution.taskgraph.DefaultTaskPlanExecutor$TaskExecutorWorker.processTask(DefaultTaskPlanExecutor.java:123)
	at org.gradle.execution.taskgraph.DefaultTaskPlanExecutor$TaskExecutorWorker.access$200(DefaultTaskPlanExecutor.java:79)
	at org.gradle.execution.taskgraph.DefaultTaskPlanExecutor$TaskExecutorWorker$1.execute(DefaultTaskPlanExecutor.java:104)
	at org.gradle.execution.taskgraph.DefaultTaskPlanExecutor$TaskExecutorWorker$1.execute(DefaultTaskPlanExecutor.java:98)
	at org.gradle.execution.taskgraph.DefaultTaskExecutionPlan.execute(DefaultTaskExecutionPlan.java:626)
	at org.gradle.execution.taskgraph.DefaultTaskExecutionPlan.executeWithTask(DefaultTaskExecutionPlan.java:581)
	at org.gradle.execution.taskgraph.DefaultTaskPlanExecutor$TaskExecutorWorker.run(DefaultTaskPlanExecutor.java:98)
	at org.gradle.internal.concurrent.ExecutorPolicy$CatchAndRecordFailures.onExecute(ExecutorPolicy.java:63)
	at org.gradle.internal.concurrent.ManagedExecutorImpl$1.run(ManagedExecutorImpl.java:46)
	at org.gradle.internal.concurrent.ThreadFactoryImpl$ManagedThreadRunnable.run(ThreadFactoryImpl.java:55)
Caused by: java.lang.RuntimeException: com.android.build.api.transform.TransformException: java.lang.RuntimeException: java.lang.RuntimeException: com.android.builder.dexing.DexArchiveMergerException: Error while merging dex archives: /private/var/folders/bq/vtzpc5ns5sg2cthy61lqpg3dfzgbys/T/1575360855983-0/src/UnderlinePageIndicator-master/app/build/intermediates/transforms/dexBuilder/debug/130, /private/var/folders/bq/vtzpc5ns5sg2cthy61lqpg3dfzgbys/T/1575360855983-0/src/UnderlinePageIndicator-master/app/build/intermediates/transforms/dexBuilder/debug/131, /private/var/folders/bq/vtzpc5ns5sg2cthy61lqpg3dfzgbys/T/1575360855983-0/src/UnderlinePageIndicator-master/app/build/intermediates/transforms/externalLibsDexMerger/debug/0, /private/var/folders/bq/vtzpc5ns5sg2cthy61lqpg3dfzgbys/T/1575360855983-0/src/UnderlinePageIndicator-master/app/build/intermediates/transforms/dexBuilder/debug/125.jar, /private/var/folders/bq/vtzpc5ns5sg2cthy61lqpg3dfzgbys/T/1575360855983-0/src/UnderlinePageIndicator-master/app/build/intermediates/transforms/dexBuilder/debug/126.jar
	at com.android.builder.profile.Recorder$Block.handleException(Recorder.java:55)
	at com.android.builder.profile.ThreadRecorder.record(ThreadRecorder.java:104)
	at com.android.build.gradle.internal.pipeline.TransformTask.transform(TransformTask.java:212)
	at org.gradle.internal.reflect.JavaMethod.invoke(JavaMethod.java:73)
	at org.gradle.api.internal.project.taskfactory.IncrementalTaskAction.doExecute(IncrementalTaskAction.java:46)
	at org.gradle.api.internal.project.taskfactory.StandardTaskAction.execute(StandardTaskAction.java:39)
	at org.gradle.api.internal.project.taskfactory.StandardTaskAction.execute(StandardTaskAction.java:26)
	at org.gradle.api.internal.tasks.execution.ExecuteActionsTaskExecuter$1.run(ExecuteActionsTaskExecuter.java:121)
	at org.gradle.internal.progress.DefaultBuildOperationExecutor$RunnableBuildOperationWorker.execute(DefaultBuildOperationExecutor.java:336)
	at org.gradle.internal.progress.DefaultBuildOperationExecutor$RunnableBuildOperationWorker.execute(DefaultBuildOperationExecutor.java:328)
	at org.gradle.internal.progress.DefaultBuildOperationExecutor.execute(DefaultBuildOperationExecutor.java:199)
	at org.gradle.internal.progress.DefaultBuildOperationExecutor.run(DefaultBuildOperationExecutor.java:110)
	at org.gradle.api.internal.tasks.execution.ExecuteActionsTaskExecuter.executeAction(ExecuteActionsTaskExecuter.java:110)
	at org.gradle.api.internal.tasks.execution.ExecuteActionsTaskExecuter.executeActions(ExecuteActionsTaskExecuter.java:92)
	... 29 more
Caused by: com.android.build.api.transform.TransformException: java.lang.RuntimeException: java.lang.RuntimeException: com.android.builder.dexing.DexArchiveMergerException: Error while merging dex archives: /private/var/folders/bq/vtzpc5ns5sg2cthy61lqpg3dfzgbys/T/1575360855983-0/src/UnderlinePageIndicator-master/app/build/intermediates/transforms/dexBuilder/debug/130, /private/var/folders/bq/vtzpc5ns5sg2cthy61lqpg3dfzgbys/T/1575360855983-0/src/UnderlinePageIndicator-master/app/build/intermediates/transforms/dexBuilder/debug/131, /private/var/folders/bq/vtzpc5ns5sg2cthy61lqpg3dfzgbys/T/1575360855983-0/src/UnderlinePageIndicator-master/app/build/intermediates/transforms/externalLibsDexMerger/debug/0, /private/var/folders/bq/vtzpc5ns5sg2cthy61lqpg3dfzgbys/T/1575360855983-0/src/UnderlinePageIndicator-master/app/build/intermediates/transforms/dexBuilder/debug/125.jar, /private/var/folders/bq/vtzpc5ns5sg2cthy61lqpg3dfzgbys/T/1575360855983-0/src/UnderlinePageIndicator-master/app/build/intermediates/transforms/dexBuilder/debug/126.jar
	at com.android.build.gradle.internal.transforms.DexMergerTransform.transform(DexMergerTransform.java:225)
	at com.android.build.gradle.internal.pipeline.TransformTask$2.call(TransformTask.java:221)
	at com.android.build.gradle.internal.pipeline.TransformTask$2.call(TransformTask.java:217)
	at com.android.builder.profile.ThreadRecorder.record(ThreadRecorder.java:102)
	... 41 more
Caused by: java.lang.RuntimeException: java.lang.RuntimeException: com.android.builder.dexing.DexArchiveMergerException: Error while merging dex archives: /private/var/folders/bq/vtzpc5ns5sg2cthy61lqpg3dfzgbys/T/1575360855983-0/src/UnderlinePageIndicator-master/app/build/intermediates/transforms/dexBuilder/debug/130, /private/var/folders/bq/vtzpc5ns5sg2cthy61lqpg3dfzgbys/T/1575360855983-0/src/UnderlinePageIndicator-master/app/build/intermediates/transforms/dexBuilder/debug/131, /private/var/folders/bq/vtzpc5ns5sg2cthy61lqpg3dfzgbys/T/1575360855983-0/src/UnderlinePageIndicator-master/app/build/intermediates/transforms/externalLibsDexMerger/debug/0, /private/var/folders/bq/vtzpc5ns5sg2cthy61lqpg3dfzgbys/T/1575360855983-0/src/UnderlinePageIndicator-master/app/build/intermediates/transforms/dexBuilder/debug/125.jar, /private/var/folders/bq/vtzpc5ns5sg2cthy61lqpg3dfzgbys/T/1575360855983-0/src/UnderlinePageIndicator-master/app/build/intermediates/transforms/dexBuilder/debug/126.jar
	at com.google.common.collect.ImmutableList.forEach(ImmutableList.java:397)
	at com.android.build.gradle.internal.transforms.DexMergerTransform.transform(DexMergerTransform.java:221)
	... 44 more
Caused by: java.lang.RuntimeException: com.android.builder.dexing.DexArchiveMergerException: Error while merging dex archives: /private/var/folders/bq/vtzpc5ns5sg2cthy61lqpg3dfzgbys/T/1575360855983-0/src/UnderlinePageIndicator-master/app/build/intermediates/transforms/dexBuilder/debug/130, /private/var/folders/bq/vtzpc5ns5sg2cthy61lqpg3dfzgbys/T/1575360855983-0/src/UnderlinePageIndicator-master/app/build/intermediates/transforms/dexBuilder/debug/131, /private/var/folders/bq/vtzpc5ns5sg2cthy61lqpg3dfzgbys/T/1575360855983-0/src/UnderlinePageIndicator-master/app/build/intermediates/transforms/externalLibsDexMerger/debug/0, /private/var/folders/bq/vtzpc5ns5sg2cthy61lqpg3dfzgbys/T/1575360855983-0/src/UnderlinePageIndicator-master/app/build/intermediates/transforms/dexBuilder/debug/125.jar, /private/var/folders/bq/vtzpc5ns5sg2cthy61lqpg3dfzgbys/T/1575360855983-0/src/UnderlinePageIndicator-master/app/build/intermediates/transforms/dexBuilder/debug/126.jar
Caused by: com.android.builder.dexing.DexArchiveMergerException: Error while merging dex archives: /private/var/folders/bq/vtzpc5ns5sg2cthy61lqpg3dfzgbys/T/1575360855983-0/src/UnderlinePageIndicator-master/app/build/intermediates/transforms/dexBuilder/debug/130, /private/var/folders/bq/vtzpc5ns5sg2cthy61lqpg3dfzgbys/T/1575360855983-0/src/UnderlinePageIndicator-master/app/build/intermediates/transforms/dexBuilder/debug/131, /private/var/folders/bq/vtzpc5ns5sg2cthy61lqpg3dfzgbys/T/1575360855983-0/src/UnderlinePageIndicator-master/app/build/intermediates/transforms/externalLibsDexMerger/debug/0, /private/var/folders/bq/vtzpc5ns5sg2cthy61lqpg3dfzgbys/T/1575360855983-0/src/UnderlinePageIndicator-master/app/build/intermediates/transforms/dexBuilder/debug/125.jar, /private/var/folders/bq/vtzpc5ns5sg2cthy61lqpg3dfzgbys/T/1575360855983-0/src/UnderlinePageIndicator-master/app/build/intermediates/transforms/dexBuilder/debug/126.jar
	at com.android.builder.dexing.D8DexArchiveMerger.getExceptionToRethrow(D8DexArchiveMerger.java:124)
	at com.android.builder.dexing.D8DexArchiveMerger.mergeDexArchives(D8DexArchiveMerger.java:109)
	at com.android.build.gradle.internal.transforms.DexMergerTransformCallable.call(DexMergerTransformCallable.java:101)
	at com.android.build.gradle.internal.transforms.DexMergerTransformCallable.call(DexMergerTransformCallable.java:36)
Caused by: com.android.tools.r8.CompilationFailedException: Compilation failed to complete
	at com.android.tools.r8.utils.ExceptionUtils.withCompilationHandler(ExceptionUtils.java:76)
	at com.android.tools.r8.utils.ExceptionUtils.withD8CompilationHandler(ExceptionUtils.java:45)
	at com.android.tools.r8.D8.run(D8.java:67)
	at com.android.builder.dexing.D8DexArchiveMerger.mergeDexArchives(D8DexArchiveMerger.java:107)
	... 2 more
Caused by: com.android.tools.r8.utils.AbortException
	at com.android.tools.r8.utils.Reporter.failIfPendingErrors(Reporter.java:77)
	at com.android.tools.r8.utils.Reporter.fatalError(Reporter.java:58)
	at com.android.tools.r8.utils.ExceptionUtils.withCompilationHandler(ExceptionUtils.java:67)
	... 5 more


* Get more help at https://help.gradle.org

BUILD FAILED in 8s
39 actionable tasks: 1 executed, 38 up-to-date

2019-12-03 15:15:42,392 ERROR FullProcessService - Project build has not produced APK file
2019-12-03 15:15:42,464 ERROR FullProcessService - Could not find generated or existed APK file
