2020-05-20 14:25:00,418 INFO  DownloadService - Downloading "https://github.com/romellfudi/FudiPermission/archive/master.zip", attempt 3
2020-05-20 14:25:02,688 INFO  DownloadService - Downloaded https://github.com/romellfudi/FudiPermission/archive/master.zip, attempt 3
2020-05-20 14:25:02,688 INFO  DownloadService - Size of file "/var/folders/bq/vtzpc5ns5sg2cthy61lqpg3dfzgbys/T/1589959500414-0/master.zip": 174 KB
2020-05-20 14:25:02,688 INFO  ArchiveUtils - Checking entries [.gradle] in ZIP file...
2020-05-20 14:25:02,689 INFO  ArchiveUtils - Has entries [.gradle] in ZIP file /var/folders/bq/vtzpc5ns5sg2cthy61lqpg3dfzgbys/T/1589959500414-0/master.zip: true
2020-05-20 14:25:02,689 DEBUG ZipUtil - Extracting '/var/folders/bq/vtzpc5ns5sg2cthy61lqpg3dfzgbys/T/1589959500414-0/master.zip' into '/var/folders/bq/vtzpc5ns5sg2cthy61lqpg3dfzgbys/T/1589959500414-0/src'.
2020-05-20 14:25:02,719 INFO  FullProcessService - Size of directory with sources: 210 KB
2020-05-20 14:25:02,719 INFO  SysUtils - Execute command: [git, init, /var/folders/bq/vtzpc5ns5sg2cthy61lqpg3dfzgbys/T/1589959500414-0/src]
2020-05-20 14:25:02,755 INFO  SysUtils - Initialized empty Git repository in /private/var/folders/bq/vtzpc5ns5sg2cthy61lqpg3dfzgbys/T/1589959500414-0/src/.git/

2020-05-20 14:25:02,761 INFO  ProjectBuildService - Gradle wrapper(s): /var/folders/bq/vtzpc5ns5sg2cthy61lqpg3dfzgbys/T/1589959500414-0/src/FudiPermission-master/gradlew
2020-05-20 14:25:02,767 INFO  ProjectBuildService - Build script(s): /var/folders/bq/vtzpc5ns5sg2cthy61lqpg3dfzgbys/T/1589959500414-0/src/FudiPermission-master/app-kotlin/build.gradle /var/folders/bq/vtzpc5ns5sg2cthy61lqpg3dfzgbys/T/1589959500414-0/src/FudiPermission-master/app/build.gradle /var/folders/bq/vtzpc5ns5sg2cthy61lqpg3dfzgbys/T/1589959500414-0/src/FudiPermission-master/fudi-permission-kotlin/build.gradle /var/folders/bq/vtzpc5ns5sg2cthy61lqpg3dfzgbys/T/1589959500414-0/src/FudiPermission-master/fudi-permission/build.gradle /var/folders/bq/vtzpc5ns5sg2cthy61lqpg3dfzgbys/T/1589959500414-0/src/FudiPermission-master/build.gradle
2020-05-20 14:25:02,772 INFO  ProjectBuildService - All script(s): /var/folders/bq/vtzpc5ns5sg2cthy61lqpg3dfzgbys/T/1589959500414-0/src/FudiPermission-master/fudi-permission/build.gradle /var/folders/bq/vtzpc5ns5sg2cthy61lqpg3dfzgbys/T/1589959500414-0/src/FudiPermission-master/app/build.gradle /var/folders/bq/vtzpc5ns5sg2cthy61lqpg3dfzgbys/T/1589959500414-0/src/FudiPermission-master/app-kotlin/build.gradle /var/folders/bq/vtzpc5ns5sg2cthy61lqpg3dfzgbys/T/1589959500414-0/src/FudiPermission-master/fudi-permission-kotlin/build.gradle /var/folders/bq/vtzpc5ns5sg2cthy61lqpg3dfzgbys/T/1589959500414-0/src/FudiPermission-master/build.gradle /var/folders/bq/vtzpc5ns5sg2cthy61lqpg3dfzgbys/T/1589959500414-0/src/FudiPermission-master/settings.gradle
2020-05-20 14:25:02,772 INFO  DownloadService - Downloading "https://raw.githubusercontent.com/romellfudi/assets/bintray/artifactory_install.gradle", attempt 3
2020-05-20 14:25:03,345 INFO  DownloadService - Downloaded https://raw.githubusercontent.com/romellfudi/assets/bintray/artifactory_install.gradle, attempt 3
2020-05-20 14:25:03,345 INFO  DownloadService - Downloading "https://raw.githubusercontent.com/romellfudi/assets/bintray/artifactory_bintray.gradle", attempt 3
2020-05-20 14:25:03,603 INFO  DownloadService - Downloaded https://raw.githubusercontent.com/romellfudi/assets/bintray/artifactory_bintray.gradle, attempt 3
2020-05-20 14:25:03,603 INFO  ProjectBuildService - Remote scripts: https://raw.githubusercontent.com/romellfudi/assets/bintray/artifactory_install.gradle https://raw.githubusercontent.com/romellfudi/assets/bintray/artifactory_bintray.gradle
2020-05-20 14:25:03,603 INFO  ProjectFixService - Fixing project...
2020-05-20 14:25:03,619 INFO  LocalPropertiesFixService - Created fake /var/folders/bq/vtzpc5ns5sg2cthy61lqpg3dfzgbys/T/1589959500414-0/src/FudiPermission-master/app-kotlin/local.properties
2020-05-20 14:25:03,620 INFO  ProjectFixService - Build info for "/var/folders/bq/vtzpc5ns5sg2cthy61lqpg3dfzgbys/T/1589959500414-0/src/FudiPermission-master/app-kotlin/build.gradle": [buildToolsVersion=28.0.3,compileSdkVersion=28,minSdkVersion=17,targetSdkVersion=28]
2020-05-20 14:25:03,620 INFO  LocalPropertiesFixService - Created fake /var/folders/bq/vtzpc5ns5sg2cthy61lqpg3dfzgbys/T/1589959500414-0/src/FudiPermission-master/app/local.properties
2020-05-20 14:25:03,621 INFO  ProjectFixService - Build info for "/var/folders/bq/vtzpc5ns5sg2cthy61lqpg3dfzgbys/T/1589959500414-0/src/FudiPermission-master/app/build.gradle": [buildToolsVersion=28.0.3,compileSdkVersion=28,minSdkVersion=17,targetSdkVersion=28]
2020-05-20 14:25:03,621 INFO  LocalPropertiesFixService - Created fake /var/folders/bq/vtzpc5ns5sg2cthy61lqpg3dfzgbys/T/1589959500414-0/src/FudiPermission-master/fudi-permission-kotlin/local.properties
2020-05-20 14:25:03,622 INFO  ProjectFixService - Build info for "/var/folders/bq/vtzpc5ns5sg2cthy61lqpg3dfzgbys/T/1589959500414-0/src/FudiPermission-master/fudi-permission-kotlin/build.gradle": [buildToolsVersion=28.0.3,compileSdkVersion=28,minSdkVersion=17,targetSdkVersion=28]
2020-05-20 14:25:03,622 INFO  LocalPropertiesFixService - Created fake /var/folders/bq/vtzpc5ns5sg2cthy61lqpg3dfzgbys/T/1589959500414-0/src/FudiPermission-master/fudi-permission/local.properties
2020-05-20 14:25:03,623 INFO  ProjectFixService - Build info for "/var/folders/bq/vtzpc5ns5sg2cthy61lqpg3dfzgbys/T/1589959500414-0/src/FudiPermission-master/fudi-permission/build.gradle": [buildToolsVersion=28.0.3,compileSdkVersion=28,minSdkVersion=17,targetSdkVersion=28]
2020-05-20 14:25:03,623 INFO  LocalPropertiesFixService - Updated fake /var/folders/bq/vtzpc5ns5sg2cthy61lqpg3dfzgbys/T/1589959500414-0/src/FudiPermission-master/local.properties
2020-05-20 14:25:03,623 INFO  WrapperPropertiesFixService - Gradle wrapper: https://services.gradle.org/distributions/gradle-5.4.1-all.zip
2020-05-20 14:25:03,624 INFO  WrapperPropertiesFixService - Gradle wrapper was changed from "-all.zip" to "-bin.zip" (https://services.gradle.org/distributions/gradle-5.4.1-bin.zip)
2020-05-20 14:25:03,625 INFO  ProjectFixService - Build info for "/var/folders/bq/vtzpc5ns5sg2cthy61lqpg3dfzgbys/T/1589959500414-0/src/FudiPermission-master/build.gradle": [buildToolsVersion=28.0.3,compileSdkVersion=28,minSdkVersion=17,targetSdkVersion=28]
2020-05-20 14:25:03,625 INFO  ProjectFixService - Project was maybe fixed
2020-05-20 14:25:03,625 INFO  ProjectTaskService - Detecting possible tasks...
2020-05-20 14:25:03,625 INFO  SysUtils - Execute command: [/var/folders/bq/vtzpc5ns5sg2cthy61lqpg3dfzgbys/T/1589959500414-0/src/FudiPermission-master/gradlew, -b, /var/folders/bq/vtzpc5ns5sg2cthy61lqpg3dfzgbys/T/1589959500414-0/src/FudiPermission-master/app-kotlin/build.gradle, -Dorg.gradle.daemon=false, -Dorg.gradle.daemon.performance.enable-monitoring=false, -Dorg.gradle.configureondemand=true, tasks]
2020-05-20 14:25:12,544 INFO  VirusProcessorServiceImpl - Queued project 7112 to scan viruses
2020-05-20 14:25:13,189 INFO  ProjectTaskService - Detected possible tasks: 70
2020-05-20 14:25:13,190 INFO  ProjectTaskService - Excluded tasks (21): lintDebug javadocJar deviceCheck lint testReleaseUnitTest javadoc uninstallRelease deviceAndroidTest uninstallDebugAndroidTest installDebugAndroidTest connectedCheck connectedDebugAndroidTest uninstallAll sourcesJar test check testDebugUnitTest connectedAndroidTest installDebug lintRelease uninstallDebug
2020-05-20 14:25:13,190 INFO  SysUtils - Execute command: [/var/folders/bq/vtzpc5ns5sg2cthy61lqpg3dfzgbys/T/1589959500414-0/src/FudiPermission-master/gradlew, -b, /var/folders/bq/vtzpc5ns5sg2cthy61lqpg3dfzgbys/T/1589959500414-0/src/FudiPermission-master/app-kotlin/build.gradle, -Dorg.gradle.daemon=false, -Dorg.gradle.daemon.performance.enable-monitoring=false, -Dorg.gradle.configureondemand=true, --stacktrace, -x, lintDebug, -x, javadocJar, -x, deviceCheck, -x, lint, -x, testReleaseUnitTest, -x, javadoc, -x, uninstallRelease, -x, deviceAndroidTest, -x, uninstallDebugAndroidTest, -x, installDebugAndroidTest, -x, connectedCheck, -x, connectedDebugAndroidTest, -x, uninstallAll, -x, sourcesJar, -x, test, -x, check, -x, testDebugUnitTest, -x, connectedAndroidTest, -x, installDebug, -x, lintRelease, -x, uninstallDebug, build]
2020-05-20 14:25:18,300 ERROR SysUtils - Could not process external command
org.apache.commons.exec.ExecuteException: Process exited with an error: 1 (Exit value: 1)
	at org.apache.commons.exec.DefaultExecutor.executeInternal(DefaultExecutor.java:404)
	at org.apache.commons.exec.DefaultExecutor.execute(DefaultExecutor.java:166)
	at com.github.vbauer.apkmaster.util.SysUtils.execute(SysUtils.java:67)
	at com.github.vbauer.apkmaster.util.SysUtils.executeSimple(SysUtils.java:43)
	at com.github.vbauer.apkmaster.service.assembly.ProjectBuildService.buildProject(ProjectBuildService.java:78)
	at com.github.vbauer.apkmaster.service.assembly.ProjectBuildService.buildProject(ProjectBuildService.java:64)
	at com.github.vbauer.apkmaster.service.assembly.ProjectBuildService.buildProject(ProjectBuildService.java:43)
	at com.github.vbauer.apkmaster.service.FullProcessService.build(FullProcessService.java:84)
	at com.github.vbauer.apkmaster.service.FullProcessService.process(FullProcessService.java:34)
	at com.github.vbauer.apkmaster.app.MainApplication.process(MainApplication.java:38)
	at com.github.vbauer.apkmaster.app.MainApplication.main(MainApplication.java:20)
	at sun.reflect.NativeMethodAccessorImpl.invoke0(Native Method)
	at sun.reflect.NativeMethodAccessorImpl.invoke(NativeMethodAccessorImpl.java:62)
	at sun.reflect.DelegatingMethodAccessorImpl.invoke(DelegatingMethodAccessorImpl.java:43)
	at java.lang.reflect.Method.invoke(Method.java:498)
	at com.android.arsenal.util.ReflectionUtils.invoke(ReflectionUtils.java:42)
	at com.android.arsenal.util.ApkMasterUtils.main(ApkMasterUtils.java:30)
	at com.android.arsenal.service.processor.impl.BuildProcessorServiceImpl.buildProject(BuildProcessorServiceImpl.java:197)
	at com.android.arsenal.service.processor.impl.BuildProcessorServiceImpl.build(BuildProcessorServiceImpl.java:131)
	at com.android.arsenal.service.processor.impl.BuildProcessorServiceImpl.lambda$createTasks$1(BuildProcessorServiceImpl.java:114)
	at java.util.concurrent.FutureTask.run(FutureTask.java:266)
	at java.util.concurrent.Executors$RunnableAdapter.call(Executors.java:511)
	at java.util.concurrent.FutureTask.run(FutureTask.java:266)
	at java.util.concurrent.ThreadPoolExecutor.runWorker(ThreadPoolExecutor.java:1149)
	at java.util.concurrent.ThreadPoolExecutor$Worker.run(ThreadPoolExecutor.java:624)
	at java.lang.Thread.run(Thread.java:748)
2020-05-20 14:25:18,300 INFO  SysUtils - Configuration on demand is an incubating feature.

> Configure project :app-kotlin
Kotlin plugin should be enabled before 'kotlin-android-extensions'

FAILURE: Build failed with an exception.

* What went wrong:
Task 'javadocJar' not found in project ':app-kotlin'.

* Try:
Run gradlew tasks to get a list of available tasks. Run with --info or --debug option to get more log output. Run with --scan to get full insights.

* Exception is:
org.gradle.execution.TaskSelectionException: Task 'javadocJar' not found in project ':app-kotlin'.
	at org.gradle.execution.TaskSelector.getSelection(TaskSelector.java:116)
	at org.gradle.execution.TaskSelector.getFilter(TaskSelector.java:66)
	at org.gradle.execution.ExcludedTaskFilteringBuildConfigurationAction.configure(ExcludedTaskFilteringBuildConfigurationAction.java:42)
	at org.gradle.execution.DefaultBuildConfigurationActionExecuter.configure(DefaultBuildConfigurationActionExecuter.java:57)
	at org.gradle.execution.DefaultBuildConfigurationActionExecuter.access$200(DefaultBuildConfigurationActionExecuter.java:26)
	at org.gradle.execution.DefaultBuildConfigurationActionExecuter$1.run(DefaultBuildConfigurationActionExecuter.java:43)
	at org.gradle.internal.Factories$1.create(Factories.java:25)
	at org.gradle.api.internal.project.DefaultProjectStateRegistry.withLenientState(DefaultProjectStateRegistry.java:132)
	at org.gradle.api.internal.project.DefaultProjectStateRegistry.withLenientState(DefaultProjectStateRegistry.java:124)
	at org.gradle.execution.DefaultBuildConfigurationActionExecuter.select(DefaultBuildConfigurationActionExecuter.java:39)
	at org.gradle.initialization.DefaultGradleLauncher$CalculateTaskGraph.run(DefaultGradleLauncher.java:333)
	at org.gradle.internal.operations.DefaultBuildOperationExecutor$RunnableBuildOperationWorker.execute(DefaultBuildOperationExecutor.java:402)
	at org.gradle.internal.operations.DefaultBuildOperationExecutor$RunnableBuildOperationWorker.execute(DefaultBuildOperationExecutor.java:394)
	at org.gradle.internal.operations.DefaultBuildOperationExecutor$1.execute(DefaultBuildOperationExecutor.java:165)
	at org.gradle.internal.operations.DefaultBuildOperationExecutor.execute(DefaultBuildOperationExecutor.java:250)
	at org.gradle.internal.operations.DefaultBuildOperationExecutor.execute(DefaultBuildOperationExecutor.java:158)
	at org.gradle.internal.operations.DefaultBuildOperationExecutor.run(DefaultBuildOperationExecutor.java:92)
	at org.gradle.internal.operations.DelegatingBuildOperationExecutor.run(DelegatingBuildOperationExecutor.java:31)
	at org.gradle.initialization.DefaultGradleLauncher.constructTaskGraph(DefaultGradleLauncher.java:218)
	at org.gradle.initialization.DefaultGradleLauncher.doBuildStages(DefaultGradleLauncher.java:155)
	at org.gradle.initialization.DefaultGradleLauncher.executeTasks(DefaultGradleLauncher.java:134)
	at org.gradle.internal.invocation.GradleBuildController$1.execute(GradleBuildController.java:58)
	at org.gradle.internal.invocation.GradleBuildController$1.execute(GradleBuildController.java:55)
	at org.gradle.internal.invocation.GradleBuildController$3.create(GradleBuildController.java:82)
	at org.gradle.internal.invocation.GradleBuildController$3.create(GradleBuildController.java:75)
	at org.gradle.internal.work.DefaultWorkerLeaseService.withLocks(DefaultWorkerLeaseService.java:183)
	at org.gradle.internal.work.StopShieldingWorkerLeaseService.withLocks(StopShieldingWorkerLeaseService.java:40)
	at org.gradle.internal.invocation.GradleBuildController.doBuild(GradleBuildController.java:75)
	at org.gradle.internal.invocation.GradleBuildController.run(GradleBuildController.java:55)
	at org.gradle.tooling.internal.provider.ExecuteBuildActionRunner.run(ExecuteBuildActionRunner.java:31)
	at org.gradle.launcher.exec.ChainingBuildActionRunner.run(ChainingBuildActionRunner.java:35)
	at org.gradle.launcher.exec.BuildOutcomeReportingBuildActionRunner.run(BuildOutcomeReportingBuildActionRunner.java:58)
	at org.gradle.tooling.internal.provider.ValidatingBuildActionRunner.run(ValidatingBuildActionRunner.java:32)
	at org.gradle.launcher.exec.BuildCompletionNotifyingBuildActionRunner.run(BuildCompletionNotifyingBuildActionRunner.java:39)
	at org.gradle.launcher.exec.RunAsBuildOperationBuildActionRunner$3.call(RunAsBuildOperationBuildActionRunner.java:51)
	at org.gradle.launcher.exec.RunAsBuildOperationBuildActionRunner$3.call(RunAsBuildOperationBuildActionRunner.java:45)
	at org.gradle.internal.operations.DefaultBuildOperationExecutor$CallableBuildOperationWorker.execute(DefaultBuildOperationExecutor.java:416)
	at org.gradle.internal.operations.DefaultBuildOperationExecutor$CallableBuildOperationWorker.execute(DefaultBuildOperationExecutor.java:406)
	at org.gradle.internal.operations.DefaultBuildOperationExecutor$1.execute(DefaultBuildOperationExecutor.java:165)
	at org.gradle.internal.operations.DefaultBuildOperationExecutor.execute(DefaultBuildOperationExecutor.java:250)
	at org.gradle.internal.operations.DefaultBuildOperationExecutor.execute(DefaultBuildOperationExecutor.java:158)
	at org.gradle.internal.operations.DefaultBuildOperationExecutor.call(DefaultBuildOperationExecutor.java:102)
	at org.gradle.internal.operations.DelegatingBuildOperationExecutor.call(DelegatingBuildOperationExecutor.java:36)
	at org.gradle.launcher.exec.RunAsBuildOperationBuildActionRunner.run(RunAsBuildOperationBuildActionRunner.java:45)
	at org.gradle.launcher.exec.InProcessBuildActionExecuter$1.transform(InProcessBuildActionExecuter.java:49)
	at org.gradle.launcher.exec.InProcessBuildActionExecuter$1.transform(InProcessBuildActionExecuter.java:46)
	at org.gradle.composite.internal.DefaultRootBuildState.run(DefaultRootBuildState.java:78)
	at org.gradle.launcher.exec.InProcessBuildActionExecuter.execute(InProcessBuildActionExecuter.java:46)
	at org.gradle.launcher.exec.InProcessBuildActionExecuter.execute(InProcessBuildActionExecuter.java:31)
	at org.gradle.launcher.exec.BuildTreeScopeBuildActionExecuter.execute(BuildTreeScopeBuildActionExecuter.java:42)
	at org.gradle.launcher.exec.BuildTreeScopeBuildActionExecuter.execute(BuildTreeScopeBuildActionExecuter.java:28)
	at org.gradle.tooling.internal.provider.ContinuousBuildActionExecuter.execute(ContinuousBuildActionExecuter.java:78)
	at org.gradle.tooling.internal.provider.ContinuousBuildActionExecuter.execute(ContinuousBuildActionExecuter.java:52)
	at org.gradle.tooling.internal.provider.SubscribableBuildActionExecuter.execute(SubscribableBuildActionExecuter.java:59)
	at org.gradle.tooling.internal.provider.SubscribableBuildActionExecuter.execute(SubscribableBuildActionExecuter.java:36)
	at org.gradle.tooling.internal.provider.SessionScopeBuildActionExecuter.execute(SessionScopeBuildActionExecuter.java:68)
	at org.gradle.tooling.internal.provider.SessionScopeBuildActionExecuter.execute(SessionScopeBuildActionExecuter.java:38)
	at org.gradle.tooling.internal.provider.GradleThreadBuildActionExecuter.execute(GradleThreadBuildActionExecuter.java:37)
	at org.gradle.tooling.internal.provider.GradleThreadBuildActionExecuter.execute(GradleThreadBuildActionExecuter.java:26)
	at org.gradle.tooling.internal.provider.ParallelismConfigurationBuildActionExecuter.execute(ParallelismConfigurationBuildActionExecuter.java:43)
	at org.gradle.tooling.internal.provider.ParallelismConfigurationBuildActionExecuter.execute(ParallelismConfigurationBuildActionExecuter.java:29)
	at org.gradle.tooling.internal.provider.StartParamsValidatingActionExecuter.execute(StartParamsValidatingActionExecuter.java:60)
	at org.gradle.tooling.internal.provider.StartParamsValidatingActionExecuter.execute(StartParamsValidatingActionExecuter.java:32)
	at org.gradle.tooling.internal.provider.SessionFailureReportingActionExecuter.execute(SessionFailureReportingActionExecuter.java:55)
	at org.gradle.tooling.internal.provider.SessionFailureReportingActionExecuter.execute(SessionFailureReportingActionExecuter.java:41)
	at org.gradle.tooling.internal.provider.SetupLoggingActionExecuter.execute(SetupLoggingActionExecuter.java:48)
	at org.gradle.tooling.internal.provider.SetupLoggingActionExecuter.execute(SetupLoggingActionExecuter.java:32)
	at org.gradle.launcher.cli.RunBuildAction.run(RunBuildAction.java:55)
	at org.gradle.internal.Actions$RunnableActionAdapter.execute(Actions.java:208)
	at org.gradle.launcher.cli.CommandLineActionFactory$ParseAndBuildAction.execute(CommandLineActionFactory.java:394)
	at org.gradle.launcher.cli.CommandLineActionFactory$ParseAndBuildAction.execute(CommandLineActionFactory.java:367)
	at org.gradle.launcher.cli.ExceptionReportingAction.execute(ExceptionReportingAction.java:37)
	at org.gradle.launcher.cli.ExceptionReportingAction.execute(ExceptionReportingAction.java:23)
	at org.gradle.launcher.cli.CommandLineActionFactory$WithLogging.execute(CommandLineActionFactory.java:360)
	at org.gradle.launcher.cli.CommandLineActionFactory$WithLogging.execute(CommandLineActionFactory.java:292)
	at org.gradle.launcher.Main.doAction(Main.java:36)
	at org.gradle.launcher.bootstrap.EntryPoint.run(EntryPoint.java:45)
	at org.gradle.launcher.bootstrap.ProcessBootstrap.runNoExit(ProcessBootstrap.java:60)
	at org.gradle.launcher.bootstrap.ProcessBootstrap.run(ProcessBootstrap.java:37)
	at org.gradle.launcher.GradleMain.main(GradleMain.java:23)
	at org.gradle.wrapper.BootstrapMainStarter.start(BootstrapMainStarter.java:30)
	at org.gradle.wrapper.WrapperExecutor.execute(WrapperExecutor.java:129)
	at org.gradle.wrapper.GradleWrapperMain.main(GradleWrapperMain.java:61)


* Get more help at https://help.gradle.org

BUILD FAILED in 4s

2020-05-20 14:25:18,300 ERROR ProjectBuildService - Excluded tasks were detected wrong
2020-05-20 14:25:18,300 INFO  SysUtils - Execute command: [/var/folders/bq/vtzpc5ns5sg2cthy61lqpg3dfzgbys/T/1589959500414-0/src/FudiPermission-master/gradlew, -b, /var/folders/bq/vtzpc5ns5sg2cthy61lqpg3dfzgbys/T/1589959500414-0/src/FudiPermission-master/app-kotlin/build.gradle, -Dorg.gradle.daemon=false, -Dorg.gradle.daemon.performance.enable-monitoring=false, -Dorg.gradle.configureondemand=true, --stacktrace, build]
2020-05-20 14:26:28,173 INFO  SysUtils - Configuration on demand is an incubating feature.

> Configure project :app-kotlin
Kotlin plugin should be enabled before 'kotlin-android-extensions'

> Configure project :fudi-permission-kotlin
Kotlin plugin should be enabled before 'kotlin-android-extensions'

> Task :app-kotlin:preBuild UP-TO-DATE
> Task :app-kotlin:preDebugBuild UP-TO-DATE
> Task :fudi-permission-kotlin:preBuild UP-TO-DATE
> Task :fudi-permission-kotlin:preDebugBuild UP-TO-DATE
> Task :fudi-permission-kotlin:compileDebugAidl NO-SOURCE
> Task :app-kotlin:compileDebugAidl NO-SOURCE
> Task :fudi-permission-kotlin:packageDebugRenderscript NO-SOURCE
> Task :app-kotlin:checkDebugManifest
> Task :app-kotlin:compileDebugRenderscript NO-SOURCE
> Task :app-kotlin:generateDebugBuildConfig
> Task :app-kotlin:mainApkListPersistenceDebug
> Task :app-kotlin:generateDebugResValues
> Task :app-kotlin:generateDebugResources
> Task :fudi-permission-kotlin:compileDebugRenderscript NO-SOURCE
> Task :fudi-permission-kotlin:generateDebugResValues
> Task :fudi-permission-kotlin:generateDebugResources
> Task :fudi-permission-kotlin:packageDebugResources
> Task :app-kotlin:createDebugCompatibleScreenManifests
> Task :fudi-permission-kotlin:checkDebugManifest
> Task :fudi-permission-kotlin:generateDebugBuildConfig
> Task :app-kotlin:mergeDebugResources
> Task :fudi-permission-kotlin:processDebugManifest
> Task :app-kotlin:processDebugManifest
> Task :fudi-permission-kotlin:parseDebugLibraryResources
> Task :app-kotlin:mergeDebugShaders
> Task :app-kotlin:compileDebugShaders
> Task :app-kotlin:generateDebugAssets
> Task :fudi-permission-kotlin:mergeDebugShaders
> Task :fudi-permission-kotlin:compileDebugShaders
> Task :fudi-permission-kotlin:generateDebugAssets
> Task :fudi-permission-kotlin:packageDebugAssets
> Task :app-kotlin:mergeDebugAssets
> Task :fudi-permission-kotlin:generateDebugRFile
> Task :app-kotlin:processDebugResources
> Task :fudi-permission-kotlin:compileDebugKotlin
> Task :fudi-permission-kotlin:javaPreCompileDebug
> Task :fudi-permission-kotlin:compileDebugJavaWithJavac
> Task :app-kotlin:processDebugJavaRes NO-SOURCE
> Task :fudi-permission-kotlin:processDebugJavaRes NO-SOURCE
> Task :fudi-permission-kotlin:bundleLibResDebug
> Task :fudi-permission-kotlin:bundleLibCompileDebug
> Task :app-kotlin:kaptGenerateStubsDebugKotlin
> Task :fudi-permission-kotlin:bundleLibRuntimeDebug
> Task :app-kotlin:checkDebugDuplicateClasses
> Task :app-kotlin:kaptDebugKotlin
> Task :app-kotlin:compileDebugKotlin
> Task :app-kotlin:validateSigningDebug
> Task :app-kotlin:signingConfigWriterDebug
> Task :app-kotlin:javaPreCompileDebug
> Task :app-kotlin:compileDebugJavaWithJavac
> Task :app-kotlin:compileDebugSources
> Task :app-kotlin:transformClassesWithDexBuilderForDebug
> Task :app-kotlin:mergeDebugJniLibFolders
> Task :fudi-permission-kotlin:mergeDebugJniLibFolders
> Task :app-kotlin:preReleaseBuild UP-TO-DATE
> Task :fudi-permission-kotlin:preReleaseBuild UP-TO-DATE
> Task :fudi-permission-kotlin:compileReleaseAidl NO-SOURCE
> Task :app-kotlin:compileReleaseAidl NO-SOURCE
> Task :fudi-permission-kotlin:packageReleaseRenderscript NO-SOURCE
> Task :app-kotlin:compileReleaseRenderscript NO-SOURCE
> Task :app-kotlin:checkReleaseManifest
> Task :app-kotlin:generateReleaseBuildConfig
> Task :app-kotlin:mainApkListPersistenceRelease
> Task :app-kotlin:generateReleaseResValues
> Task :app-kotlin:generateReleaseResources
> Task :fudi-permission-kotlin:compileReleaseRenderscript NO-SOURCE
> Task :fudi-permission-kotlin:generateReleaseResValues
> Task :fudi-permission-kotlin:generateReleaseResources
> Task :fudi-permission-kotlin:packageReleaseResources
> Task :app-kotlin:createReleaseCompatibleScreenManifests
> Task :fudi-permission-kotlin:checkReleaseManifest
> Task :fudi-permission-kotlin:mergeDebugNativeLibs
> Task :fudi-permission-kotlin:stripDebugDebugSymbols
> Task :fudi-permission-kotlin:transformNativeLibsWithIntermediateJniLibsForDebug
> Task :fudi-permission-kotlin:parseReleaseLibraryResources
> Task :fudi-permission-kotlin:generateReleaseBuildConfig
> Task :app-kotlin:prepareLintJar
> Task :app-kotlin:checkReleaseDuplicateClasses
> Task :app-kotlin:mergeDebugJavaResource
> Task :fudi-permission-kotlin:processReleaseManifest
> Task :app-kotlin:processReleaseManifest
> Task :app-kotlin:mergeReleaseResources
> Task :fudi-permission-kotlin:prepareLintJarForPublish
> Task :app-kotlin:mergeDebugNativeLibs
> Task :app-kotlin:stripDebugDebugSymbols
> Task :fudi-permission-kotlin:generateReleaseRFile
> Task :app-kotlin:processReleaseResources
> Task :fudi-permission-kotlin:compileReleaseKotlin
> Task :fudi-permission-kotlin:javaPreCompileRelease
> Task :fudi-permission-kotlin:compileReleaseJavaWithJavac
> Task :fudi-permission-kotlin:bundleLibCompileRelease
> Task :app-kotlin:kaptGenerateStubsReleaseKotlin
> Task :fudi-permission-kotlin:bundleLibRuntimeRelease
> Task :app-kotlin:kaptReleaseKotlin
> Task :app-kotlin:compileReleaseKotlin
> Task :app-kotlin:mergeReleaseShaders
> Task :app-kotlin:compileReleaseShaders
> Task :app-kotlin:generateReleaseAssets
> Task :fudi-permission-kotlin:mergeReleaseShaders
> Task :fudi-permission-kotlin:compileReleaseShaders
> Task :fudi-permission-kotlin:generateReleaseAssets
> Task :fudi-permission-kotlin:packageReleaseAssets
> Task :app-kotlin:mergeReleaseAssets
> Task :app-kotlin:processReleaseJavaRes NO-SOURCE
> Task :fudi-permission-kotlin:processReleaseJavaRes NO-SOURCE
> Task :app-kotlin:signingConfigWriterRelease
> Task :app-kotlin:mergeReleaseJniLibFolders
> Task :fudi-permission-kotlin:mergeReleaseJniLibFolders
> Task :app-kotlin:mergeExtDexDebug
> Task :app-kotlin:kaptGenerateStubsDebugUnitTestKotlin NO-SOURCE
> Task :app-kotlin:kaptDebugUnitTestKotlin
> Task :app-kotlin:compileDebugUnitTestKotlin NO-SOURCE
> Task :app-kotlin:preDebugUnitTestBuild UP-TO-DATE
> Task :fudi-permission-kotlin:mergeReleaseNativeLibs
> Task :fudi-permission-kotlin:stripReleaseDebugSymbols
> Task :fudi-permission-kotlin:transformNativeLibsWithIntermediateJniLibsForRelease
> Task :app-kotlin:processDebugUnitTestJavaRes NO-SOURCE
> Task :app-kotlin:preReleaseUnitTestBuild UP-TO-DATE
> Task :app-kotlin:processReleaseUnitTestJavaRes NO-SOURCE
> Task :app-kotlin:javaPreCompileRelease
> Task :app-kotlin:compileReleaseJavaWithJavac
> Task :app-kotlin:compileReleaseSources
> Task :app-kotlin:lintVitalRelease SKIPPED
> Task :app-kotlin:transformClassesWithDexBuilderForRelease

> Task :app-kotlin:lint
Calling mockable JAR artifact transform to create file: /Users/vbauer/.gradle/caches/transforms-2/files-2.1/dc3b1bd3ff420b0e07f2909806ad88b5/android.jar with input /Users/vbauer/Library/Android/sdk/platforms/android-28/android.jar
Calling mockable JAR artifact transform to create file: /Users/vbauer/.gradle/caches/transforms-2/files-2.1/757efc7000e55d86dbf4d4caa2b0bb8a/android.jar with input /Users/vbauer/Library/Android/sdk/platforms/android-28/android.jar
Ran lint on variant release: 4 issues found
Ran lint on variant debug: 4 issues found
Wrote HTML report to file:///private/var/folders/bq/vtzpc5ns5sg2cthy61lqpg3dfzgbys/T/1589959500414-0/src/FudiPermission-master/app-kotlin/build/reports/lint-results.html
Wrote XML report to file:///private/var/folders/bq/vtzpc5ns5sg2cthy61lqpg3dfzgbys/T/1589959500414-0/src/FudiPermission-master/app-kotlin/build/reports/lint-results.xml

> Task :fudi-permission-kotlin:bundleLibResRelease
> Task :app-kotlin:kaptGenerateStubsReleaseUnitTestKotlin NO-SOURCE
> Task :app-kotlin:kaptReleaseUnitTestKotlin
> Task :app-kotlin:compileReleaseUnitTestKotlin NO-SOURCE
> Task :app-kotlin:mergeDexDebug
> Task :app-kotlin:packageDebug
> Task :app-kotlin:assembleDebug
> Task :app-kotlin:javaPreCompileReleaseUnitTest
> Task :app-kotlin:compileReleaseUnitTestJavaWithJavac NO-SOURCE
> Task :app-kotlin:testReleaseUnitTest NO-SOURCE
> Task :app-kotlin:mergeReleaseNativeLibs
> Task :app-kotlin:stripReleaseDebugSymbols
> Task :app-kotlin:mergeReleaseJavaResource
> Task :app-kotlin:javaPreCompileDebugUnitTest
> Task :app-kotlin:compileDebugUnitTestJavaWithJavac NO-SOURCE
> Task :app-kotlin:testDebugUnitTest NO-SOURCE
> Task :app-kotlin:test UP-TO-DATE
> Task :app-kotlin:check
> Task :app-kotlin:mergeExtDexRelease
> Task :app-kotlin:mergeDexRelease
> Task :app-kotlin:packageRelease
> Task :app-kotlin:assembleRelease
> Task :app-kotlin:assemble
> Task :app-kotlin:build

Deprecated Gradle features were used in this build, making it incompatible with Gradle 6.0.
Use '--warning-mode all' to show the individual deprecation warnings.
See https://docs.gradle.org/5.4.1/userguide/command_line_interface.html#sec:command_line_warnings

BUILD SUCCESSFUL in 1m 9s
100 actionable tasks: 100 executed

2020-05-20 14:26:28,281 INFO  FullProcessService - Found APK file: /var/folders/bq/vtzpc5ns5sg2cthy61lqpg3dfzgbys/T/1589959500414-0/src/FudiPermission-master/app-kotlin/build/outputs/apk/release/app-kotlin-release-unsigned.apk
