2019-03-03 23:14:09,722 INFO  DownloadService - Downloading "https://github.com/wajahatkarim3/MediumClap-Android/archive/master.zip", attempt 3
2019-03-03 23:14:12,644 INFO  DownloadService - Downloaded https://github.com/wajahatkarim3/MediumClap-Android/archive/master.zip, attempt 3
2019-03-03 23:14:12,645 INFO  DownloadService - Size of file "/var/folders/bq/vtzpc5ns5sg2cthy61lqpg3dfzgbys/T/1551629649718-0/master.zip": 1 MB
2019-03-03 23:14:12,645 INFO  ArchiveUtils - Checking entries [.gradle] in ZIP file...
2019-03-03 23:14:12,645 INFO  ArchiveUtils - Has entries [.gradle] in ZIP file /var/folders/bq/vtzpc5ns5sg2cthy61lqpg3dfzgbys/T/1551629649718-0/master.zip: true
2019-03-03 23:14:12,645 DEBUG ZipUtil - Extracting '/var/folders/bq/vtzpc5ns5sg2cthy61lqpg3dfzgbys/T/1551629649718-0/master.zip' into '/var/folders/bq/vtzpc5ns5sg2cthy61lqpg3dfzgbys/T/1551629649718-0/src'.
2019-03-03 23:14:12,684 INFO  FullProcessService - Size of directory with sources: 1 MB
2019-03-03 23:14:12,684 INFO  SysUtils - Execute command: [git, init, /var/folders/bq/vtzpc5ns5sg2cthy61lqpg3dfzgbys/T/1551629649718-0/src]
2019-03-03 23:14:12,716 INFO  SysUtils - Initialized empty Git repository in /private/var/folders/bq/vtzpc5ns5sg2cthy61lqpg3dfzgbys/T/1551629649718-0/src/.git/

2019-03-03 23:14:12,720 INFO  ProjectBuildService - Gradle wrapper(s): /var/folders/bq/vtzpc5ns5sg2cthy61lqpg3dfzgbys/T/1551629649718-0/src/MediumClap-Android-master/gradlew
2019-03-03 23:14:12,725 INFO  ProjectBuildService - Build script(s): /var/folders/bq/vtzpc5ns5sg2cthy61lqpg3dfzgbys/T/1551629649718-0/src/MediumClap-Android-master/app/build.gradle /var/folders/bq/vtzpc5ns5sg2cthy61lqpg3dfzgbys/T/1551629649718-0/src/MediumClap-Android-master/clapfab/build.gradle /var/folders/bq/vtzpc5ns5sg2cthy61lqpg3dfzgbys/T/1551629649718-0/src/MediumClap-Android-master/build.gradle
2019-03-03 23:14:12,730 INFO  ProjectBuildService - All script(s): /var/folders/bq/vtzpc5ns5sg2cthy61lqpg3dfzgbys/T/1551629649718-0/src/MediumClap-Android-master/app/build.gradle /var/folders/bq/vtzpc5ns5sg2cthy61lqpg3dfzgbys/T/1551629649718-0/src/MediumClap-Android-master/clapfab/build.gradle /var/folders/bq/vtzpc5ns5sg2cthy61lqpg3dfzgbys/T/1551629649718-0/src/MediumClap-Android-master/build.gradle /var/folders/bq/vtzpc5ns5sg2cthy61lqpg3dfzgbys/T/1551629649718-0/src/MediumClap-Android-master/settings.gradle
2019-03-03 23:14:12,730 INFO  DownloadService - Downloading "https://raw.githubusercontent.com/wajahatkarim3/JCenter-Gradle-Scripts/master/install.gradle", attempt 3
2019-03-03 23:14:13,596 INFO  DownloadService - Downloaded https://raw.githubusercontent.com/wajahatkarim3/JCenter-Gradle-Scripts/master/install.gradle, attempt 3
2019-03-03 23:14:13,596 INFO  DownloadService - Downloading "https://raw.githubusercontent.com/wajahatkarim3/JCenter-Gradle-Scripts/master/bintray.gradle", attempt 3
2019-03-03 23:14:13,825 INFO  DownloadService - Downloaded https://raw.githubusercontent.com/wajahatkarim3/JCenter-Gradle-Scripts/master/bintray.gradle, attempt 3
2019-03-03 23:14:13,825 INFO  ProjectBuildService - Remote scripts: https://raw.githubusercontent.com/wajahatkarim3/JCenter-Gradle-Scripts/master/install.gradle https://raw.githubusercontent.com/wajahatkarim3/JCenter-Gradle-Scripts/master/bintray.gradle
2019-03-03 23:14:13,825 INFO  ProjectFixService - Fixing project...
2019-03-03 23:14:13,837 INFO  LocalPropertiesFixService - Created fake /var/folders/bq/vtzpc5ns5sg2cthy61lqpg3dfzgbys/T/1551629649718-0/src/MediumClap-Android-master/app/local.properties
2019-03-03 23:14:13,840 INFO  ProjectFixService - Build info for "/var/folders/bq/vtzpc5ns5sg2cthy61lqpg3dfzgbys/T/1551629649718-0/src/MediumClap-Android-master/app/build.gradle": [buildToolsVersion=<null>,compileSdkVersion=27,minSdkVersion=19,targetSdkVersion=27]
2019-03-03 23:14:13,840 INFO  ProjectFixService - Fixed build info for "/var/folders/bq/vtzpc5ns5sg2cthy61lqpg3dfzgbys/T/1551629649718-0/src/MediumClap-Android-master/app/build.gradle": [buildToolsVersion=28.0.0-rc2,compileSdkVersion=27,minSdkVersion=19,targetSdkVersion=27]
2019-03-03 23:14:13,841 INFO  LocalPropertiesFixService - Created fake /var/folders/bq/vtzpc5ns5sg2cthy61lqpg3dfzgbys/T/1551629649718-0/src/MediumClap-Android-master/clapfab/local.properties
2019-03-03 23:14:13,843 INFO  ProjectFixService - Build info for "/var/folders/bq/vtzpc5ns5sg2cthy61lqpg3dfzgbys/T/1551629649718-0/src/MediumClap-Android-master/clapfab/build.gradle": [buildToolsVersion=<null>,compileSdkVersion=27,minSdkVersion=16,targetSdkVersion=27]
2019-03-03 23:14:13,843 INFO  ProjectFixService - Fixed build info for "/var/folders/bq/vtzpc5ns5sg2cthy61lqpg3dfzgbys/T/1551629649718-0/src/MediumClap-Android-master/clapfab/build.gradle": [buildToolsVersion=28.0.0-rc2,compileSdkVersion=27,minSdkVersion=16,targetSdkVersion=27]
2019-03-03 23:14:13,844 INFO  LocalPropertiesFixService - Created fake /var/folders/bq/vtzpc5ns5sg2cthy61lqpg3dfzgbys/T/1551629649718-0/src/MediumClap-Android-master/local.properties
2019-03-03 23:14:13,844 INFO  WrapperPropertiesFixService - Gradle wrapper: https://services.gradle.org/distributions/gradle-4.4-all.zip
2019-03-03 23:14:13,844 INFO  WrapperPropertiesFixService - Gradle wrapper was changed from "-all.zip" to "-bin.zip" (https://services.gradle.org/distributions/gradle-4.4-bin.zip)
2019-03-03 23:14:13,846 INFO  ProjectFixService - Build info for "/var/folders/bq/vtzpc5ns5sg2cthy61lqpg3dfzgbys/T/1551629649718-0/src/MediumClap-Android-master/build.gradle": [buildToolsVersion=<null>,compileSdkVersion=27,minSdkVersion=19,targetSdkVersion=27]
2019-03-03 23:14:13,846 INFO  ProjectFixService - Fixed build info for "/var/folders/bq/vtzpc5ns5sg2cthy61lqpg3dfzgbys/T/1551629649718-0/src/MediumClap-Android-master/build.gradle": [buildToolsVersion=28.0.0-rc2,compileSdkVersion=27,minSdkVersion=19,targetSdkVersion=27]
2019-03-03 23:14:13,846 INFO  ProjectFixService - Project was maybe fixed
2019-03-03 23:14:13,846 INFO  ProjectTaskService - Detecting possible tasks...
2019-03-03 23:14:13,846 INFO  SysUtils - Execute command: [/var/folders/bq/vtzpc5ns5sg2cthy61lqpg3dfzgbys/T/1551629649718-0/src/MediumClap-Android-master/gradlew, -b, /var/folders/bq/vtzpc5ns5sg2cthy61lqpg3dfzgbys/T/1551629649718-0/src/MediumClap-Android-master/app/build.gradle, -Dorg.gradle.daemon=false, -Dorg.gradle.daemon.performance.enable-monitoring=false, -Dorg.gradle.configureondemand=true, tasks]
2019-03-03 23:14:22,710 INFO  ProjectTaskService - Detected possible tasks: 69
2019-03-03 23:14:22,710 INFO  ProjectTaskService - Excluded tasks (22): lintDebug mockableAndroidJar javadocJar deviceCheck lint testReleaseUnitTest javadoc uninstallRelease deviceAndroidTest uninstallDebugAndroidTest installDebugAndroidTest connectedCheck connectedDebugAndroidTest uninstallAll sourcesJar test check testDebugUnitTest connectedAndroidTest installDebug lintRelease uninstallDebug
2019-03-03 23:14:22,710 INFO  SysUtils - Execute command: [/var/folders/bq/vtzpc5ns5sg2cthy61lqpg3dfzgbys/T/1551629649718-0/src/MediumClap-Android-master/gradlew, -b, /var/folders/bq/vtzpc5ns5sg2cthy61lqpg3dfzgbys/T/1551629649718-0/src/MediumClap-Android-master/app/build.gradle, -Dorg.gradle.daemon=false, -Dorg.gradle.daemon.performance.enable-monitoring=false, -Dorg.gradle.configureondemand=true, --stacktrace, -x, lintDebug, -x, mockableAndroidJar, -x, javadocJar, -x, deviceCheck, -x, lint, -x, testReleaseUnitTest, -x, javadoc, -x, uninstallRelease, -x, deviceAndroidTest, -x, uninstallDebugAndroidTest, -x, installDebugAndroidTest, -x, connectedCheck, -x, connectedDebugAndroidTest, -x, uninstallAll, -x, sourcesJar, -x, test, -x, check, -x, testDebugUnitTest, -x, connectedAndroidTest, -x, installDebug, -x, lintRelease, -x, uninstallDebug, build]
2019-03-03 23:14:28,633 ERROR SysUtils - Could not process external command
org.apache.commons.exec.ExecuteException: Process exited with an error: 1 (Exit value: 1)
	at org.apache.commons.exec.DefaultExecutor.executeInternal(DefaultExecutor.java:404)
	at org.apache.commons.exec.DefaultExecutor.execute(DefaultExecutor.java:166)
	at com.github.vbauer.apkmaster.util.SysUtils.execute(SysUtils.java:67)
	at com.github.vbauer.apkmaster.util.SysUtils.executeSimple(SysUtils.java:43)
	at com.github.vbauer.apkmaster.service.assembly.ProjectBuildService.buildProject(ProjectBuildService.java:78)
	at com.github.vbauer.apkmaster.service.assembly.ProjectBuildService.buildProject(ProjectBuildService.java:64)
	at com.github.vbauer.apkmaster.service.assembly.ProjectBuildService.buildProject(ProjectBuildService.java:43)
	at com.github.vbauer.apkmaster.service.FullProcessService.build(FullProcessService.java:84)
	at com.github.vbauer.apkmaster.service.FullProcessService.process(FullProcessService.java:34)
	at com.github.vbauer.apkmaster.app.MainApplication.process(MainApplication.java:38)
	at com.github.vbauer.apkmaster.app.MainApplication.main(MainApplication.java:20)
	at sun.reflect.GeneratedMethodAccessor9.invoke(Unknown Source)
	at sun.reflect.DelegatingMethodAccessorImpl.invoke(DelegatingMethodAccessorImpl.java:43)
	at java.lang.reflect.Method.invoke(Method.java:498)
	at com.android.arsenal.util.ReflectionUtils.invoke(ReflectionUtils.java:52)
	at com.android.arsenal.util.ApkMasterUtils.main(ApkMasterUtils.java:30)
	at com.android.arsenal.service.processor.impl.BuildProcessorServiceImpl.buildProject(BuildProcessorServiceImpl.java:196)
	at com.android.arsenal.service.processor.impl.BuildProcessorServiceImpl.build(BuildProcessorServiceImpl.java:130)
	at com.android.arsenal.service.processor.impl.BuildProcessorServiceImpl.lambda$null$1(BuildProcessorServiceImpl.java:113)
	at java.util.concurrent.FutureTask.run(FutureTask.java:266)
	at java.util.concurrent.Executors$RunnableAdapter.call(Executors.java:511)
	at java.util.concurrent.FutureTask.run(FutureTask.java:266)
	at java.util.concurrent.ThreadPoolExecutor.runWorker(ThreadPoolExecutor.java:1149)
	at java.util.concurrent.ThreadPoolExecutor$Worker.run(ThreadPoolExecutor.java:624)
	at java.lang.Thread.run(Thread.java:748)
2019-03-03 23:14:28,633 INFO  SysUtils - Configuration on demand is an incubating feature.

FAILURE: Build failed with an exception.

* What went wrong:
Task 'javadocJar' not found in project ':app'.

* Try:
Run gradlew tasks to get a list of available tasks. Run with --info or --debug option to get more log output. Run with --scan to get full insights.

* Exception is:
org.gradle.execution.TaskSelectionException: Task 'javadocJar' not found in project ':app'.
	at org.gradle.execution.TaskSelector.getSelection(TaskSelector.java:116)
	at org.gradle.execution.TaskSelector.getFilter(TaskSelector.java:66)
	at org.gradle.execution.ExcludedTaskFilteringBuildConfigurationAction.configure(ExcludedTaskFilteringBuildConfigurationAction.java:42)
	at org.gradle.execution.DefaultBuildConfigurationActionExecuter.configure(DefaultBuildConfigurationActionExecuter.java:48)
	at org.gradle.execution.DefaultBuildConfigurationActionExecuter.select(DefaultBuildConfigurationActionExecuter.java:36)
	at org.gradle.initialization.DefaultGradleLauncher$CalculateTaskGraph.run(DefaultGradleLauncher.java:268)
	at org.gradle.internal.progress.DefaultBuildOperationExecutor$RunnableBuildOperationWorker.execute(DefaultBuildOperationExecutor.java:336)
	at org.gradle.internal.progress.DefaultBuildOperationExecutor$RunnableBuildOperationWorker.execute(DefaultBuildOperationExecutor.java:328)
	at org.gradle.internal.progress.DefaultBuildOperationExecutor.execute(DefaultBuildOperationExecutor.java:199)
	at org.gradle.internal.progress.DefaultBuildOperationExecutor.run(DefaultBuildOperationExecutor.java:110)
	at org.gradle.initialization.DefaultGradleLauncher.constructTaskGraph(DefaultGradleLauncher.java:175)
	at org.gradle.initialization.DefaultGradleLauncher.doBuildStages(DefaultGradleLauncher.java:130)
	at org.gradle.initialization.DefaultGradleLauncher.executeTasks(DefaultGradleLauncher.java:109)
	at org.gradle.internal.invocation.GradleBuildController$1.call(GradleBuildController.java:78)
	at org.gradle.internal.invocation.GradleBuildController$1.call(GradleBuildController.java:75)
	at org.gradle.internal.work.DefaultWorkerLeaseService.withLocks(DefaultWorkerLeaseService.java:152)
	at org.gradle.internal.invocation.GradleBuildController.doBuild(GradleBuildController.java:100)
	at org.gradle.internal.invocation.GradleBuildController.run(GradleBuildController.java:75)
	at org.gradle.tooling.internal.provider.ExecuteBuildActionRunner.run(ExecuteBuildActionRunner.java:28)
	at org.gradle.launcher.exec.ChainingBuildActionRunner.run(ChainingBuildActionRunner.java:35)
	at org.gradle.tooling.internal.provider.ValidatingBuildActionRunner.run(ValidatingBuildActionRunner.java:32)
	at org.gradle.launcher.exec.RunAsBuildOperationBuildActionRunner$1.run(RunAsBuildOperationBuildActionRunner.java:43)
	at org.gradle.internal.progress.DefaultBuildOperationExecutor$RunnableBuildOperationWorker.execute(DefaultBuildOperationExecutor.java:336)
	at org.gradle.internal.progress.DefaultBuildOperationExecutor$RunnableBuildOperationWorker.execute(DefaultBuildOperationExecutor.java:328)
	at org.gradle.internal.progress.DefaultBuildOperationExecutor.execute(DefaultBuildOperationExecutor.java:199)
	at org.gradle.internal.progress.DefaultBuildOperationExecutor.run(DefaultBuildOperationExecutor.java:110)
	at org.gradle.launcher.exec.RunAsBuildOperationBuildActionRunner.run(RunAsBuildOperationBuildActionRunner.java:40)
	at org.gradle.tooling.internal.provider.SubscribableBuildActionRunner.run(SubscribableBuildActionRunner.java:51)
	at org.gradle.launcher.exec.InProcessBuildActionExecuter.execute(InProcessBuildActionExecuter.java:47)
	at org.gradle.launcher.exec.InProcessBuildActionExecuter.execute(InProcessBuildActionExecuter.java:30)
	at org.gradle.launcher.exec.BuildTreeScopeBuildActionExecuter.execute(BuildTreeScopeBuildActionExecuter.java:39)
	at org.gradle.launcher.exec.BuildTreeScopeBuildActionExecuter.execute(BuildTreeScopeBuildActionExecuter.java:25)
	at org.gradle.tooling.internal.provider.ContinuousBuildActionExecuter.execute(ContinuousBuildActionExecuter.java:80)
	at org.gradle.tooling.internal.provider.ContinuousBuildActionExecuter.execute(ContinuousBuildActionExecuter.java:53)
	at org.gradle.tooling.internal.provider.ServicesSetupBuildActionExecuter.execute(ServicesSetupBuildActionExecuter.java:57)
	at org.gradle.tooling.internal.provider.ServicesSetupBuildActionExecuter.execute(ServicesSetupBuildActionExecuter.java:32)
	at org.gradle.tooling.internal.provider.GradleThreadBuildActionExecuter.execute(GradleThreadBuildActionExecuter.java:36)
	at org.gradle.tooling.internal.provider.GradleThreadBuildActionExecuter.execute(GradleThreadBuildActionExecuter.java:25)
	at org.gradle.tooling.internal.provider.ParallelismConfigurationBuildActionExecuter.execute(ParallelismConfigurationBuildActionExecuter.java:43)
	at org.gradle.tooling.internal.provider.ParallelismConfigurationBuildActionExecuter.execute(ParallelismConfigurationBuildActionExecuter.java:29)
	at org.gradle.tooling.internal.provider.StartParamsValidatingActionExecuter.execute(StartParamsValidatingActionExecuter.java:69)
	at org.gradle.tooling.internal.provider.StartParamsValidatingActionExecuter.execute(StartParamsValidatingActionExecuter.java:30)
	at org.gradle.tooling.internal.provider.SessionFailureReportingActionExecuter.execute(SessionFailureReportingActionExecuter.java:59)
	at org.gradle.tooling.internal.provider.SessionFailureReportingActionExecuter.execute(SessionFailureReportingActionExecuter.java:44)
	at org.gradle.tooling.internal.provider.SetupLoggingActionExecuter.execute(SetupLoggingActionExecuter.java:45)
	at org.gradle.tooling.internal.provider.SetupLoggingActionExecuter.execute(SetupLoggingActionExecuter.java:30)
	at org.gradle.launcher.cli.RunBuildAction.run(RunBuildAction.java:51)
	at org.gradle.internal.Actions$RunnableActionAdapter.execute(Actions.java:173)
	at org.gradle.launcher.cli.CommandLineActionFactory$ParseAndBuildAction.execute(CommandLineActionFactory.java:291)
	at org.gradle.launcher.cli.CommandLineActionFactory$ParseAndBuildAction.execute(CommandLineActionFactory.java:264)
	at org.gradle.launcher.cli.JavaRuntimeValidationAction.execute(JavaRuntimeValidationAction.java:33)
	at org.gradle.launcher.cli.JavaRuntimeValidationAction.execute(JavaRuntimeValidationAction.java:24)
	at org.gradle.launcher.cli.ExceptionReportingAction.execute(ExceptionReportingAction.java:33)
	at org.gradle.launcher.cli.ExceptionReportingAction.execute(ExceptionReportingAction.java:22)
	at org.gradle.launcher.cli.CommandLineActionFactory$WithLogging.execute(CommandLineActionFactory.java:257)
	at org.gradle.launcher.cli.CommandLineActionFactory$WithLogging.execute(CommandLineActionFactory.java:191)
	at org.gradle.launcher.Main.doAction(Main.java:33)
	at org.gradle.launcher.bootstrap.EntryPoint.run(EntryPoint.java:45)
	at org.gradle.launcher.bootstrap.ProcessBootstrap.runNoExit(ProcessBootstrap.java:60)
	at org.gradle.launcher.bootstrap.ProcessBootstrap.run(ProcessBootstrap.java:37)
	at org.gradle.launcher.GradleMain.main(GradleMain.java:23)
	at org.gradle.wrapper.BootstrapMainStarter.start(BootstrapMainStarter.java:30)
	at org.gradle.wrapper.WrapperExecutor.execute(WrapperExecutor.java:129)
	at org.gradle.wrapper.GradleWrapperMain.main(GradleWrapperMain.java:61)


* Get more help at https://help.gradle.org

BUILD FAILED in 5s

2019-03-03 23:14:28,633 ERROR ProjectBuildService - Excluded tasks were detected wrong
2019-03-03 23:14:28,633 INFO  SysUtils - Execute command: [/var/folders/bq/vtzpc5ns5sg2cthy61lqpg3dfzgbys/T/1551629649718-0/src/MediumClap-Android-master/gradlew, -b, /var/folders/bq/vtzpc5ns5sg2cthy61lqpg3dfzgbys/T/1551629649718-0/src/MediumClap-Android-master/app/build.gradle, -Dorg.gradle.daemon=false, -Dorg.gradle.daemon.performance.enable-monitoring=false, -Dorg.gradle.configureondemand=true, --stacktrace, build]
2019-03-03 23:15:36,436 INFO  SysUtils - Configuration on demand is an incubating feature.
:app:preBuild UP-TO-DATE
:clapfab:preBuild UP-TO-DATE
:clapfab:preDebugBuild UP-TO-DATE
:clapfab:checkDebugManifest
:clapfab:processDebugManifest
:app:preDebugBuild
:clapfab:compileDebugAidl
:app:compileDebugAidl
:clapfab:packageDebugRenderscript NO-SOURCE
:app:compileDebugRenderscript
:app:generateDebugResValues
:app:generateDebugResources
:clapfab:compileDebugRenderscript
:clapfab:generateDebugResValues
:clapfab:generateDebugResources
:clapfab:packageDebugResources
:app:mergeDebugResources
:app:transformDataBindingBaseClassLogWithDataBindingMergeGenClassesForDebug
:app:dataBindingGenBaseClassesDebug
:app:checkDebugManifest
:app:generateDebugBuildConfig
:app:prepareLintJar
:app:mainApkListPersistenceDebug
:app:createDebugCompatibleScreenManifests
:app:processDebugManifest
:app:splitsDiscoveryTaskDebug
:clapfab:platformAttrExtractor
:clapfab:generateDebugBuildConfig
:clapfab:prepareLintJar
:clapfab:processDebugJavaRes NO-SOURCE
:app:transformDataBindingWithDataBindingMergeArtifactsForDebug
:app:compileDebugNdk NO-SOURCE
:app:mergeDebugShaders
:app:compileDebugShaders
:app:generateDebugAssets
:clapfab:mergeDebugShaders
:clapfab:compileDebugShaders
:clapfab:generateDebugAssets
:clapfab:packageDebugAssets
:app:mergeDebugAssets
:app:mergeDebugJniLibFolders
:clapfab:compileDebugNdk NO-SOURCE
:clapfab:mergeDebugJniLibFolders
:clapfab:transformNativeLibsWithMergeJniLibsForDebug
:clapfab:transformNativeLibsWithStripDebugSymbolForDebug
:clapfab:transformNativeLibsWithIntermediateJniLibsForDebug
:app:processDebugJavaRes NO-SOURCE
:app:validateSigningDebug
:clapfab:preReleaseBuild UP-TO-DATE
:clapfab:checkReleaseManifest
:clapfab:processReleaseManifest
:app:preReleaseBuild
:clapfab:compileReleaseAidl
:app:compileReleaseAidl
:clapfab:packageReleaseRenderscript NO-SOURCE
:app:compileReleaseRenderscript
:app:generateReleaseResValues
:app:generateReleaseResources
:clapfab:compileReleaseRenderscript
:clapfab:generateReleaseResValues
:clapfab:generateReleaseResources
:clapfab:packageReleaseResources
:app:mergeReleaseResources
:app:transformDataBindingBaseClassLogWithDataBindingMergeGenClassesForRelease
:app:dataBindingGenBaseClassesRelease
:app:checkReleaseManifest
:app:generateReleaseBuildConfig
:app:mainApkListPersistenceRelease
:app:createReleaseCompatibleScreenManifests
:app:processReleaseManifest
:app:splitsDiscoveryTaskRelease
:clapfab:generateReleaseBuildConfig
:clapfab:processReleaseJavaRes NO-SOURCE
:app:transformDataBindingWithDataBindingMergeArtifactsForRelease
:app:compileReleaseNdk NO-SOURCE
:app:mergeReleaseShaders
:app:compileReleaseShaders
:app:generateReleaseAssets
:clapfab:mergeReleaseShaders
:clapfab:compileReleaseShaders
:clapfab:generateReleaseAssets
:clapfab:packageReleaseAssets
:app:mergeReleaseAssets
:app:mergeReleaseJniLibFolders
:clapfab:compileReleaseNdk NO-SOURCE
:clapfab:mergeReleaseJniLibFolders
:clapfab:transformNativeLibsWithMergeJniLibsForRelease
:clapfab:transformNativeLibsWithStripDebugSymbolForRelease
:clapfab:transformNativeLibsWithIntermediateJniLibsForRelease
:app:processReleaseJavaRes NO-SOURCE
:app:preDebugUnitTestBuild UP-TO-DATE
:app:mockableAndroidJar
:app:processDebugUnitTestJavaRes NO-SOURCE
:app:preReleaseUnitTestBuild UP-TO-DATE
:app:processReleaseUnitTestJavaRes NO-SOURCE
:clapfab:generateDebugRFile
:app:processDebugResources
:app:generateDebugSources
:clapfab:compileDebugKotlin
w: /private/var/folders/bq/vtzpc5ns5sg2cthy61lqpg3dfzgbys/T/1551629649718-0/src/MediumClap-Android-master/clapfab/src/main/java/com/wajahatkarim3/clapfab/ClapFAB.kt: (125, 27): Parameter 'attrs' is never used, could be renamed to _
w: /private/var/folders/bq/vtzpc5ns5sg2cthy61lqpg3dfzgbys/T/1551629649718-0/src/MediumClap-Android-master/clapfab/src/main/java/com/wajahatkarim3/clapfab/ClapFAB.kt: (162, 50): Parameter 'v' is never used, could be renamed to _
:clapfab:generateDebugSources
:clapfab:javaPreCompileDebug
:clapfab:compileDebugJavaWithJavac
:clapfab:transformClassesAndResourcesWithPrepareIntermediateJarsForDebug
:app:dataBindingExportBuildInfoDebug
:app:kaptGenerateStubsDebugKotlin
:app:kaptDebugKotlin
:app:compileDebugKotlin
w: /private/var/folders/bq/vtzpc5ns5sg2cthy61lqpg3dfzgbys/T/1551629649718-0/src/MediumClap-Android-master/app/src/main/java/com/wajahatkarim3/mediumclap_android/ExampleActivity.kt: (61, 38): 'getColor(Int): Int' is deprecated. Deprecated in Java
w: /private/var/folders/bq/vtzpc5ns5sg2cthy61lqpg3dfzgbys/T/1551629649718-0/src/MediumClap-Android-master/app/src/main/java/com/wajahatkarim3/mediumclap_android/ExampleActivity.kt: (61, 85): 'getColor(Int): Int' is deprecated. Deprecated in Java
w: /private/var/folders/bq/vtzpc5ns5sg2cthy61lqpg3dfzgbys/T/1551629649718-0/src/MediumClap-Android-master/app/src/main/java/com/wajahatkarim3/mediumclap_android/MyAnimatorListener.kt: (13, 21): Unnecessary safe call on a non-null receiver of type (Animator?) -> Unit
:app:javaPreCompileDebug
:app:compileDebugJavaWithJavac
:app:compileDebugSources
:app:transformClassesWithDexBuilderForDebug
:app:transformDexArchiveWithExternalLibsDexMergerForDebug
:app:transformDexArchiveWithDexMergerForDebug
:app:transformNativeLibsWithMergeJniLibsForDebug
:app:transformNativeLibsWithStripDebugSymbolForDebug
:app:transformResourcesWithMergeJavaResForDebug
:app:packageDebug
:app:assembleDebug
:clapfab:generateReleaseRFile
:app:processReleaseResources
:app:generateReleaseSources
:clapfab:compileReleaseKotlin
w: /private/var/folders/bq/vtzpc5ns5sg2cthy61lqpg3dfzgbys/T/1551629649718-0/src/MediumClap-Android-master/clapfab/src/main/java/com/wajahatkarim3/clapfab/ClapFAB.kt: (125, 27): Parameter 'attrs' is never used, could be renamed to _
w: /private/var/folders/bq/vtzpc5ns5sg2cthy61lqpg3dfzgbys/T/1551629649718-0/src/MediumClap-Android-master/clapfab/src/main/java/com/wajahatkarim3/clapfab/ClapFAB.kt: (162, 50): Parameter 'v' is never used, could be renamed to _
:clapfab:generateReleaseSources
:clapfab:javaPreCompileRelease
:clapfab:compileReleaseJavaWithJavac
:clapfab:transformClassesAndResourcesWithPrepareIntermediateJarsForRelease
:app:dataBindingExportBuildInfoRelease
:app:kaptGenerateStubsReleaseKotlin
:app:kaptReleaseKotlin
:app:compileReleaseKotlin
w: /private/var/folders/bq/vtzpc5ns5sg2cthy61lqpg3dfzgbys/T/1551629649718-0/src/MediumClap-Android-master/app/src/main/java/com/wajahatkarim3/mediumclap_android/ExampleActivity.kt: (61, 38): 'getColor(Int): Int' is deprecated. Deprecated in Java
w: /private/var/folders/bq/vtzpc5ns5sg2cthy61lqpg3dfzgbys/T/1551629649718-0/src/MediumClap-Android-master/app/src/main/java/com/wajahatkarim3/mediumclap_android/ExampleActivity.kt: (61, 85): 'getColor(Int): Int' is deprecated. Deprecated in Java
w: /private/var/folders/bq/vtzpc5ns5sg2cthy61lqpg3dfzgbys/T/1551629649718-0/src/MediumClap-Android-master/app/src/main/java/com/wajahatkarim3/mediumclap_android/MyAnimatorListener.kt: (13, 21): Unnecessary safe call on a non-null receiver of type (Animator?) -> Unit
:app:javaPreCompileRelease
:app:compileReleaseJavaWithJavac
:app:compileReleaseSources
:app:lintVitalRelease SKIPPED
:app:transformClassesWithDexBuilderForRelease
:app:transformDexArchiveWithExternalLibsDexMergerForRelease
:app:transformDexArchiveWithDexMergerForRelease
:app:transformNativeLibsWithMergeJniLibsForRelease
:app:transformNativeLibsWithStripDebugSymbolForRelease
:app:transformResourcesWithMergeJavaResForRelease
:app:packageRelease
:app:assembleRelease
:app:assemble
:app:lint
Ran lint on variant debug: 23 issues found
Ran lint on variant release: 23 issues found
Wrote HTML report to file:///private/var/folders/bq/vtzpc5ns5sg2cthy61lqpg3dfzgbys/T/1551629649718-0/src/MediumClap-Android-master/app/build/reports/lint-results.html
Wrote XML report to file:///private/var/folders/bq/vtzpc5ns5sg2cthy61lqpg3dfzgbys/T/1551629649718-0/src/MediumClap-Android-master/app/build/reports/lint-results.xml
:app:kaptGenerateStubsDebugUnitTestKotlin
:app:kaptDebugUnitTestKotlin
:app:compileDebugUnitTestKotlin
:app:javaPreCompileDebugUnitTest
:app:compileDebugUnitTestJavaWithJavac NO-SOURCE
:app:testDebugUnitTest
:app:kaptGenerateStubsReleaseUnitTestKotlin
:app:kaptReleaseUnitTestKotlin
:app:compileReleaseUnitTestKotlin
:app:javaPreCompileReleaseUnitTest
:app:compileReleaseUnitTestJavaWithJavac NO-SOURCE
:app:testReleaseUnitTest
:app:test
:app:check
:app:build

BUILD SUCCESSFUL in 1m 7s
118 actionable tasks: 118 executed

2019-03-03 23:15:36,551 INFO  FullProcessService - Found APK file: /var/folders/bq/vtzpc5ns5sg2cthy61lqpg3dfzgbys/T/1551629649718-0/src/MediumClap-Android-master/app/build/outputs/apk/debug/app-debug.apk
