2019-03-02 14:53:13,317 INFO  DownloadService - Downloading "https://github.com/BasetEsmaeili/MaterialCounterView/archive/master.zip", attempt 3
2019-03-02 14:53:15,433 INFO  DownloadService - Downloaded https://github.com/BasetEsmaeili/MaterialCounterView/archive/master.zip, attempt 3
2019-03-02 14:53:15,433 INFO  DownloadService - Size of file "/var/folders/bq/vtzpc5ns5sg2cthy61lqpg3dfzgbys/T/1551513193309-0/master.zip": 363 KB
2019-03-02 14:53:15,433 INFO  ArchiveUtils - Checking entries [.gradle] in ZIP file...
2019-03-02 14:53:15,439 INFO  ArchiveUtils - Has entries [.gradle] in ZIP file /var/folders/bq/vtzpc5ns5sg2cthy61lqpg3dfzgbys/T/1551513193309-0/master.zip: true
2019-03-02 14:53:15,439 DEBUG ZipUtil - Extracting '/var/folders/bq/vtzpc5ns5sg2cthy61lqpg3dfzgbys/T/1551513193309-0/master.zip' into '/var/folders/bq/vtzpc5ns5sg2cthy61lqpg3dfzgbys/T/1551513193309-0/src'.
2019-03-02 14:53:15,462 INFO  FullProcessService - Size of directory with sources: 414 KB
2019-03-02 14:53:15,462 INFO  SysUtils - Execute command: [git, init, /var/folders/bq/vtzpc5ns5sg2cthy61lqpg3dfzgbys/T/1551513193309-0/src]
2019-03-02 14:53:15,489 INFO  SysUtils - Initialized empty Git repository in /private/var/folders/bq/vtzpc5ns5sg2cthy61lqpg3dfzgbys/T/1551513193309-0/src/.git/

2019-03-02 14:53:15,493 INFO  ProjectBuildService - Gradle wrapper(s): /var/folders/bq/vtzpc5ns5sg2cthy61lqpg3dfzgbys/T/1551513193309-0/src/MaterialCounterView-master/gradlew
2019-03-02 14:53:15,502 INFO  ProjectBuildService - Build script(s): /var/folders/bq/vtzpc5ns5sg2cthy61lqpg3dfzgbys/T/1551513193309-0/src/MaterialCounterView-master/mcounterview/build.gradle /var/folders/bq/vtzpc5ns5sg2cthy61lqpg3dfzgbys/T/1551513193309-0/src/MaterialCounterView-master/sample/build.gradle /var/folders/bq/vtzpc5ns5sg2cthy61lqpg3dfzgbys/T/1551513193309-0/src/MaterialCounterView-master/build.gradle
2019-03-02 14:53:15,506 INFO  ProjectBuildService - All script(s): /var/folders/bq/vtzpc5ns5sg2cthy61lqpg3dfzgbys/T/1551513193309-0/src/MaterialCounterView-master/mcounterview/build.gradle /var/folders/bq/vtzpc5ns5sg2cthy61lqpg3dfzgbys/T/1551513193309-0/src/MaterialCounterView-master/build.gradle /var/folders/bq/vtzpc5ns5sg2cthy61lqpg3dfzgbys/T/1551513193309-0/src/MaterialCounterView-master/sample/build.gradle /var/folders/bq/vtzpc5ns5sg2cthy61lqpg3dfzgbys/T/1551513193309-0/src/MaterialCounterView-master/settings.gradle
2019-03-02 14:53:15,506 INFO  ProjectBuildService - Remote scripts: none
2019-03-02 14:53:15,506 INFO  ProjectFixService - Fixing project...
2019-03-02 14:53:15,515 INFO  LocalPropertiesFixService - Created fake /var/folders/bq/vtzpc5ns5sg2cthy61lqpg3dfzgbys/T/1551513193309-0/src/MaterialCounterView-master/mcounterview/local.properties
2019-03-02 14:53:15,515 INFO  ProjectFixService - Build info for "/var/folders/bq/vtzpc5ns5sg2cthy61lqpg3dfzgbys/T/1551513193309-0/src/MaterialCounterView-master/mcounterview/build.gradle": [buildToolsVersion=<null>,compileSdkVersion=27,minSdkVersion=14,targetSdkVersion=27]
2019-03-02 14:53:15,516 INFO  ProjectFixService - Fixed build info for "/var/folders/bq/vtzpc5ns5sg2cthy61lqpg3dfzgbys/T/1551513193309-0/src/MaterialCounterView-master/mcounterview/build.gradle": [buildToolsVersion=28.0.0-rc2,compileSdkVersion=27,minSdkVersion=14,targetSdkVersion=27]
2019-03-02 14:53:15,516 INFO  LocalPropertiesFixService - Created fake /var/folders/bq/vtzpc5ns5sg2cthy61lqpg3dfzgbys/T/1551513193309-0/src/MaterialCounterView-master/sample/local.properties
2019-03-02 14:53:15,517 INFO  ProjectFixService - Build info for "/var/folders/bq/vtzpc5ns5sg2cthy61lqpg3dfzgbys/T/1551513193309-0/src/MaterialCounterView-master/sample/build.gradle": [buildToolsVersion=<null>,compileSdkVersion=27,minSdkVersion=14,targetSdkVersion=27]
2019-03-02 14:53:15,517 INFO  ProjectFixService - Fixed build info for "/var/folders/bq/vtzpc5ns5sg2cthy61lqpg3dfzgbys/T/1551513193309-0/src/MaterialCounterView-master/sample/build.gradle": [buildToolsVersion=28.0.0-rc2,compileSdkVersion=27,minSdkVersion=14,targetSdkVersion=27]
2019-03-02 14:53:15,518 INFO  LocalPropertiesFixService - Created fake /var/folders/bq/vtzpc5ns5sg2cthy61lqpg3dfzgbys/T/1551513193309-0/src/MaterialCounterView-master/local.properties
2019-03-02 14:53:15,518 INFO  WrapperPropertiesFixService - Gradle wrapper: https://services.gradle.org/distributions/gradle-4.6-all.zip
2019-03-02 14:53:15,518 INFO  WrapperPropertiesFixService - Gradle wrapper was changed from "-all.zip" to "-bin.zip" (https://services.gradle.org/distributions/gradle-4.6-bin.zip)
2019-03-02 14:53:15,519 INFO  ProjectFixService - Build info for "/var/folders/bq/vtzpc5ns5sg2cthy61lqpg3dfzgbys/T/1551513193309-0/src/MaterialCounterView-master/build.gradle": [buildToolsVersion=<null>,compileSdkVersion=27,minSdkVersion=14,targetSdkVersion=27]
2019-03-02 14:53:15,519 INFO  ProjectFixService - Fixed build info for "/var/folders/bq/vtzpc5ns5sg2cthy61lqpg3dfzgbys/T/1551513193309-0/src/MaterialCounterView-master/build.gradle": [buildToolsVersion=28.0.0-rc2,compileSdkVersion=27,minSdkVersion=14,targetSdkVersion=27]
2019-03-02 14:53:15,520 INFO  ProjectFixService - Project was maybe fixed
2019-03-02 14:53:15,520 INFO  ProjectTaskService - Detecting possible tasks...
2019-03-02 14:53:15,520 INFO  SysUtils - Execute command: [/var/folders/bq/vtzpc5ns5sg2cthy61lqpg3dfzgbys/T/1551513193309-0/src/MaterialCounterView-master/gradlew, -b, /var/folders/bq/vtzpc5ns5sg2cthy61lqpg3dfzgbys/T/1551513193309-0/src/MaterialCounterView-master/mcounterview/build.gradle, -Dorg.gradle.daemon=false, -Dorg.gradle.daemon.performance.enable-monitoring=false, -Dorg.gradle.configureondemand=true, tasks]
2019-03-02 14:53:22,807 INFO  ProjectTaskService - Detected possible tasks: 65
2019-03-02 14:53:22,807 INFO  ProjectTaskService - Excluded tasks (15): lintDebug deviceCheck lint testReleaseUnitTest deviceAndroidTest uninstallDebugAndroidTest installDebugAndroidTest connectedCheck connectedDebugAndroidTest uninstallAll test check testDebugUnitTest connectedAndroidTest lintRelease
2019-03-02 14:53:22,807 INFO  SysUtils - Execute command: [/var/folders/bq/vtzpc5ns5sg2cthy61lqpg3dfzgbys/T/1551513193309-0/src/MaterialCounterView-master/gradlew, -b, /var/folders/bq/vtzpc5ns5sg2cthy61lqpg3dfzgbys/T/1551513193309-0/src/MaterialCounterView-master/mcounterview/build.gradle, -Dorg.gradle.daemon=false, -Dorg.gradle.daemon.performance.enable-monitoring=false, -Dorg.gradle.configureondemand=true, --stacktrace, -x, lintDebug, -x, deviceCheck, -x, lint, -x, testReleaseUnitTest, -x, deviceAndroidTest, -x, uninstallDebugAndroidTest, -x, installDebugAndroidTest, -x, connectedCheck, -x, connectedDebugAndroidTest, -x, uninstallAll, -x, test, -x, check, -x, testDebugUnitTest, -x, connectedAndroidTest, -x, lintRelease, build]
2019-03-02 14:53:31,659 ERROR SysUtils - Could not process external command
org.apache.commons.exec.ExecuteException: Process exited with an error: 1 (Exit value: 1)
	at org.apache.commons.exec.DefaultExecutor.executeInternal(DefaultExecutor.java:404)
	at org.apache.commons.exec.DefaultExecutor.execute(DefaultExecutor.java:166)
	at com.github.vbauer.apkmaster.util.SysUtils.execute(SysUtils.java:67)
	at com.github.vbauer.apkmaster.util.SysUtils.executeSimple(SysUtils.java:43)
	at com.github.vbauer.apkmaster.service.assembly.ProjectBuildService.buildProject(ProjectBuildService.java:78)
	at com.github.vbauer.apkmaster.service.assembly.ProjectBuildService.buildProject(ProjectBuildService.java:64)
	at com.github.vbauer.apkmaster.service.assembly.ProjectBuildService.buildProject(ProjectBuildService.java:43)
	at com.github.vbauer.apkmaster.service.FullProcessService.build(FullProcessService.java:84)
	at com.github.vbauer.apkmaster.service.FullProcessService.process(FullProcessService.java:34)
	at com.github.vbauer.apkmaster.app.MainApplication.process(MainApplication.java:38)
	at com.github.vbauer.apkmaster.app.MainApplication.main(MainApplication.java:20)
	at sun.reflect.GeneratedMethodAccessor8.invoke(Unknown Source)
	at sun.reflect.DelegatingMethodAccessorImpl.invoke(DelegatingMethodAccessorImpl.java:43)
	at java.lang.reflect.Method.invoke(Method.java:498)
	at com.android.arsenal.util.ReflectionUtils.invoke(ReflectionUtils.java:52)
	at com.android.arsenal.util.ApkMasterUtils.main(ApkMasterUtils.java:30)
	at com.android.arsenal.service.processor.impl.BuildProcessorServiceImpl.buildProject(BuildProcessorServiceImpl.java:196)
	at com.android.arsenal.service.processor.impl.BuildProcessorServiceImpl.build(BuildProcessorServiceImpl.java:130)
	at com.android.arsenal.service.processor.impl.BuildProcessorServiceImpl.lambda$null$1(BuildProcessorServiceImpl.java:113)
	at java.util.concurrent.FutureTask.run(FutureTask.java:266)
	at java.util.concurrent.Executors$RunnableAdapter.call(Executors.java:511)
	at java.util.concurrent.FutureTask.run(FutureTask.java:266)
	at java.util.concurrent.ThreadPoolExecutor.runWorker(ThreadPoolExecutor.java:1149)
	at java.util.concurrent.ThreadPoolExecutor$Worker.run(ThreadPoolExecutor.java:624)
	at java.lang.Thread.run(Thread.java:748)
2019-03-02 14:53:31,659 INFO  SysUtils - Configuration on demand is an incubating feature.
:mcounterview:preBuild UP-TO-DATE
:mcounterview:preDebugBuild UP-TO-DATE
:mcounterview:compileDebugAidl NO-SOURCE
:mcounterview:compileDebugRenderscript
:mcounterview:checkDebugManifest
:mcounterview:generateDebugBuildConfig
:mcounterview:generateDebugResValues
:mcounterview:generateDebugResources
:mcounterview:packageDebugResources
:mcounterview:processDebugManifest
:mcounterview:generateDebugRFile
:mcounterview:prepareLintJar
:mcounterview:generateDebugSources
:mcounterview:javaPreCompileDebug
:mcounterview:compileDebugJavaWithJavac/private/var/folders/bq/vtzpc5ns5sg2cthy61lqpg3dfzgbys/T/1551513193309-0/src/MaterialCounterView-master/mcounterview/src/main/java/com/baset/counterview/MaterialCounterView.java:88: error: cannot find symbol
        inflate(context, R.layout.counter_view, this);
                                 ^
  symbol:   variable counter_view
  location: class layout
/private/var/folders/bq/vtzpc5ns5sg2cthy61lqpg3dfzgbys/T/1551513193309-0/src/MaterialCounterView-master/mcounterview/src/main/java/com/baset/counterview/MaterialCounterView.java:89: error: cannot find symbol
        lnrRoot = findViewById(R.id.lnrRoot);
                                   ^
  symbol:   variable lnrRoot
  location: class id
/private/var/folders/bq/vtzpc5ns5sg2cthy61lqpg3dfzgbys/T/1551513193309-0/src/MaterialCounterView-master/mcounterview/src/main/java/com/baset/counterview/MaterialCounterView.java:90: error: cannot find symbol
        TypedArray typedArray = context.obtainStyledAttributes(attributeSet, R.styleable.MaterialCounterView, 0, 0);
                                                                                        ^
  symbol:   variable MaterialCounterView
  location: class styleable
/private/var/folders/bq/vtzpc5ns5sg2cthy61lqpg3dfzgbys/T/1551513193309-0/src/MaterialCounterView-master/mcounterview/src/main/java/com/baset/counterview/MaterialCounterView.java:92: error: cannot find symbol
            countTextColor = typedArray.getColor(R.styleable.MaterialCounterView_counterTextColor, ContextCompat.getColor(context, android.R.color.black));
                                                            ^
  symbol:   variable MaterialCounterView_counterTextColor
  location: class styleable
/private/var/folders/bq/vtzpc5ns5sg2cthy61lqpg3dfzgbys/T/1551513193309-0/src/MaterialCounterView-master/mcounterview/src/main/java/com/baset/counterview/MaterialCounterView.java:93: error: cannot find symbol
            increaseButtonDrawable = typedArray.getDrawable(R.styleable.MaterialCounterView_increaseButtonDrawable);
                                                                       ^
  symbol:   variable MaterialCounterView_increaseButtonDrawable
  location: class styleable
/private/var/folders/bq/vtzpc5ns5sg2cthy61lqpg3dfzgbys/T/1551513193309-0/src/MaterialCounterView-master/mcounterview/src/main/java/com/baset/counterview/MaterialCounterView.java:94: error: cannot find symbol
            decreaseButtonDrawable = typedArray.getDrawable(R.styleable.MaterialCounterView_decreaseButtonDrawable);
                                                                       ^
  symbol:   variable MaterialCounterView_decreaseButtonDrawable
  location: class styleable
/private/var/folders/bq/vtzpc5ns5sg2cthy61lqpg3dfzgbys/T/1551513193309-0/src/MaterialCounterView-master/mcounterview/src/main/java/com/baset/counterview/MaterialCounterView.java:95: error: cannot find symbol
            IncreaseDecreaseDrawableColor = typedArray.getColor(R.styleable.MaterialCounterView_increase_decreaseDrawableColor, ContextCompat.getColor(context, android.R.color.darker_gray));
                                                                           ^
  symbol:   variable MaterialCounterView_increase_decreaseDrawableColor
  location: class styleable
/private/var/folders/bq/vtzpc5ns5sg2cthy61lqpg3dfzgbys/T/1551513193309-0/src/MaterialCounterView-master/mcounterview/src/main/java/com/baset/counterview/MaterialCounterView.java:96: error: cannot find symbol
            borderBtnBackgroundColor = typedArray.getColor(R.styleable.MaterialCounterView_borderBtnBackgroundColor, ContextCompat.getColor(context, android.R.color.darker_gray));
                                                                      ^
  symbol:   variable MaterialCounterView_borderBtnBackgroundColor
  location: class styleable
/private/var/folders/bq/vtzpc5ns5sg2cthy61lqpg3dfzgbys/T/1551513193309-0/src/MaterialCounterView-master/mcounterview/src/main/java/com/baset/counterview/MaterialCounterView.java:101: error: cannot find symbol
        decreaseBtn = findViewById(R.id.img_remove);
                                       ^
  symbol:   variable img_remove
  location: class id
/private/var/folders/bq/vtzpc5ns5sg2cthy61lqpg3dfzgbys/T/1551513193309-0/src/MaterialCounterView-master/mcounterview/src/main/java/com/baset/counterview/MaterialCounterView.java:102: error: cannot find symbol
        tvCount = findViewById(R.id.tvCount);
                                   ^
  symbol:   variable tvCount
  location: class id
/private/var/folders/bq/vtzpc5ns5sg2cthy61lqpg3dfzgbys/T/1551513193309-0/src/MaterialCounterView-master/mcounterview/src/main/java/com/baset/counterview/MaterialCounterView.java:103: error: cannot find symbol
        increaseBtn = findViewById(R.id.img_add);
                                       ^
  symbol:   variable img_add
  location: class id
/private/var/folders/bq/vtzpc5ns5sg2cthy61lqpg3dfzgbys/T/1551513193309-0/src/MaterialCounterView-master/mcounterview/src/main/java/com/baset/counterview/MaterialCounterView.java:108: error: cannot find symbol
            increaseBtn.setImageDrawable(ContextCompat.getDrawable(context, R.drawable.ic_add_gray_24dp));
                                                                                      ^
  symbol:   variable ic_add_gray_24dp
  location: class drawable
/private/var/folders/bq/vtzpc5ns5sg2cthy61lqpg3dfzgbys/T/1551513193309-0/src/MaterialCounterView-master/mcounterview/src/main/java/com/baset/counterview/MaterialCounterView.java:113: error: cannot find symbol
            decreaseBtn.setImageDrawable(ContextCompat.getDrawable(context, R.drawable.ic_remove_gray_24dp));
                                                                                      ^
  symbol:   variable ic_remove_gray_24dp
  location: class drawable
13 errors
 FAILED

FAILURE: Build failed with an exception.

* What went wrong:
Execution failed for task ':mcounterview:compileDebugJavaWithJavac'.
> Compilation failed; see the compiler error output for details.

* Try:
Run with --info or --debug option to get more log output. Run with --scan to get full insights.

* Exception is:
org.gradle.api.tasks.TaskExecutionException: Execution failed for task ':mcounterview:compileDebugJavaWithJavac'.
	at org.gradle.api.internal.tasks.execution.ExecuteActionsTaskExecuter.executeActions(ExecuteActionsTaskExecuter.java:103)
	at org.gradle.api.internal.tasks.execution.ExecuteActionsTaskExecuter.execute(ExecuteActionsTaskExecuter.java:73)
	at org.gradle.api.internal.tasks.execution.OutputDirectoryCreatingTaskExecuter.execute(OutputDirectoryCreatingTaskExecuter.java:51)
	at org.gradle.api.internal.tasks.execution.SkipUpToDateTaskExecuter.execute(SkipUpToDateTaskExecuter.java:59)
	at org.gradle.api.internal.tasks.execution.ResolveTaskOutputCachingStateExecuter.execute(ResolveTaskOutputCachingStateExecuter.java:54)
	at org.gradle.api.internal.tasks.execution.ValidatingTaskExecuter.execute(ValidatingTaskExecuter.java:59)
	at org.gradle.api.internal.tasks.execution.SkipEmptySourceFilesTaskExecuter.execute(SkipEmptySourceFilesTaskExecuter.java:101)
	at org.gradle.api.internal.tasks.execution.FinalizeInputFilePropertiesTaskExecuter.execute(FinalizeInputFilePropertiesTaskExecuter.java:44)
	at org.gradle.api.internal.tasks.execution.CleanupStaleOutputsExecuter.execute(CleanupStaleOutputsExecuter.java:91)
	at org.gradle.api.internal.tasks.execution.ResolveTaskArtifactStateTaskExecuter.execute(ResolveTaskArtifactStateTaskExecuter.java:62)
	at org.gradle.api.internal.tasks.execution.SkipTaskWithNoActionsExecuter.execute(SkipTaskWithNoActionsExecuter.java:59)
	at org.gradle.api.internal.tasks.execution.SkipOnlyIfTaskExecuter.execute(SkipOnlyIfTaskExecuter.java:54)
	at org.gradle.api.internal.tasks.execution.ExecuteAtMostOnceTaskExecuter.execute(ExecuteAtMostOnceTaskExecuter.java:43)
	at org.gradle.api.internal.tasks.execution.CatchExceptionTaskExecuter.execute(CatchExceptionTaskExecuter.java:34)
	at org.gradle.execution.taskgraph.DefaultTaskGraphExecuter$EventFiringTaskWorker$1.run(DefaultTaskGraphExecuter.java:256)
	at org.gradle.internal.progress.DefaultBuildOperationExecutor$RunnableBuildOperationWorker.execute(DefaultBuildOperationExecutor.java:336)
	at org.gradle.internal.progress.DefaultBuildOperationExecutor$RunnableBuildOperationWorker.execute(DefaultBuildOperationExecutor.java:328)
	at org.gradle.internal.progress.DefaultBuildOperationExecutor.execute(DefaultBuildOperationExecutor.java:199)
	at org.gradle.internal.progress.DefaultBuildOperationExecutor.run(DefaultBuildOperationExecutor.java:110)
	at org.gradle.execution.taskgraph.DefaultTaskGraphExecuter$EventFiringTaskWorker.execute(DefaultTaskGraphExecuter.java:249)
	at org.gradle.execution.taskgraph.DefaultTaskGraphExecuter$EventFiringTaskWorker.execute(DefaultTaskGraphExecuter.java:238)
	at org.gradle.execution.taskgraph.DefaultTaskPlanExecutor$TaskExecutorWorker.processTask(DefaultTaskPlanExecutor.java:123)
	at org.gradle.execution.taskgraph.DefaultTaskPlanExecutor$TaskExecutorWorker.access$200(DefaultTaskPlanExecutor.java:79)
	at org.gradle.execution.taskgraph.DefaultTaskPlanExecutor$TaskExecutorWorker$1.execute(DefaultTaskPlanExecutor.java:104)
	at org.gradle.execution.taskgraph.DefaultTaskPlanExecutor$TaskExecutorWorker$1.execute(DefaultTaskPlanExecutor.java:98)
	at org.gradle.execution.taskgraph.DefaultTaskExecutionPlan.execute(DefaultTaskExecutionPlan.java:663)
	at org.gradle.execution.taskgraph.DefaultTaskExecutionPlan.executeWithTask(DefaultTaskExecutionPlan.java:597)
	at org.gradle.execution.taskgraph.DefaultTaskPlanExecutor$TaskExecutorWorker.run(DefaultTaskPlanExecutor.java:98)
	at org.gradle.internal.concurrent.ExecutorPolicy$CatchAndRecordFailures.onExecute(ExecutorPolicy.java:63)
	at org.gradle.internal.concurrent.ManagedExecutorImpl$1.run(ManagedExecutorImpl.java:46)
	at org.gradle.internal.concurrent.ThreadFactoryImpl$ManagedThreadRunnable.run(ThreadFactoryImpl.java:55)
Caused by: org.gradle.api.internal.tasks.compile.CompilationFailedException: Compilation failed; see the compiler error output for details.
	at org.gradle.api.internal.tasks.compile.JdkJavaCompiler.execute(JdkJavaCompiler.java:52)
	at org.gradle.api.internal.tasks.compile.JdkJavaCompiler.execute(JdkJavaCompiler.java:37)
	at org.gradle.api.internal.tasks.compile.NormalizingJavaCompiler.delegateAndHandleErrors(NormalizingJavaCompiler.java:98)
	at org.gradle.api.internal.tasks.compile.NormalizingJavaCompiler.execute(NormalizingJavaCompiler.java:51)
	at org.gradle.api.internal.tasks.compile.NormalizingJavaCompiler.execute(NormalizingJavaCompiler.java:37)
	at org.gradle.api.internal.tasks.compile.CleaningJavaCompilerSupport.execute(CleaningJavaCompilerSupport.java:35)
	at org.gradle.api.internal.tasks.compile.CleaningJavaCompilerSupport.execute(CleaningJavaCompilerSupport.java:25)
	at org.gradle.api.internal.tasks.compile.incremental.IncrementalResultStoringDecorator.execute(IncrementalResultStoringDecorator.java:41)
	at org.gradle.api.internal.tasks.compile.incremental.IncrementalResultStoringDecorator.execute(IncrementalResultStoringDecorator.java:27)
	at org.gradle.api.internal.tasks.compile.incremental.IncrementalAnnotationProcessingCompiler.execute(IncrementalAnnotationProcessingCompiler.java:50)
	at org.gradle.api.internal.tasks.compile.incremental.IncrementalAnnotationProcessingCompiler.execute(IncrementalAnnotationProcessingCompiler.java:36)
	at org.gradle.api.tasks.compile.JavaCompile.performCompilation(JavaCompile.java:156)
	at org.gradle.api.tasks.compile.JavaCompile.compile(JavaCompile.java:126)
	at com.android.build.gradle.tasks.factory.AndroidJavaCompile.compile(AndroidJavaCompile.java:92)
	at org.gradle.internal.reflect.JavaMethod.invoke(JavaMethod.java:73)
	at org.gradle.api.internal.project.taskfactory.IncrementalTaskAction.doExecute(IncrementalTaskAction.java:50)
	at org.gradle.api.internal.project.taskfactory.StandardTaskAction.execute(StandardTaskAction.java:39)
	at org.gradle.api.internal.project.taskfactory.StandardTaskAction.execute(StandardTaskAction.java:26)
	at org.gradle.api.internal.tasks.execution.ExecuteActionsTaskExecuter$1.run(ExecuteActionsTaskExecuter.java:124)
	at org.gradle.internal.progress.DefaultBuildOperationExecutor$RunnableBuildOperationWorker.execute(DefaultBuildOperationExecutor.java:336)
	at org.gradle.internal.progress.DefaultBuildOperationExecutor$RunnableBuildOperationWorker.execute(DefaultBuildOperationExecutor.java:328)
	at org.gradle.internal.progress.DefaultBuildOperationExecutor.execute(DefaultBuildOperationExecutor.java:199)
	at org.gradle.internal.progress.DefaultBuildOperationExecutor.run(DefaultBuildOperationExecutor.java:110)
	at org.gradle.api.internal.tasks.execution.ExecuteActionsTaskExecuter.executeAction(ExecuteActionsTaskExecuter.java:113)
	at org.gradle.api.internal.tasks.execution.ExecuteActionsTaskExecuter.executeActions(ExecuteActionsTaskExecuter.java:95)
	... 30 more


* Get more help at https://help.gradle.org

BUILD FAILED in 8s
10 actionable tasks: 10 executed

2019-03-02 14:53:31,669 INFO  ProjectTaskService - Detecting possible tasks...
2019-03-02 14:53:31,669 INFO  SysUtils - Execute command: [/var/folders/bq/vtzpc5ns5sg2cthy61lqpg3dfzgbys/T/1551513193309-0/src/MaterialCounterView-master/gradlew, -b, /var/folders/bq/vtzpc5ns5sg2cthy61lqpg3dfzgbys/T/1551513193309-0/src/MaterialCounterView-master/sample/build.gradle, -Dorg.gradle.daemon=false, -Dorg.gradle.daemon.performance.enable-monitoring=false, -Dorg.gradle.configureondemand=true, tasks]
2019-03-02 14:53:37,567 INFO  ProjectTaskService - Detected possible tasks: 69
2019-03-02 14:53:37,568 INFO  ProjectTaskService - Excluded tasks (18): lintDebug deviceCheck lint testReleaseUnitTest uninstallRelease deviceAndroidTest uninstallDebugAndroidTest installDebugAndroidTest connectedCheck connectedDebugAndroidTest uninstallAll test check testDebugUnitTest connectedAndroidTest installDebug lintRelease uninstallDebug
2019-03-02 14:53:37,568 INFO  SysUtils - Execute command: [/var/folders/bq/vtzpc5ns5sg2cthy61lqpg3dfzgbys/T/1551513193309-0/src/MaterialCounterView-master/gradlew, -b, /var/folders/bq/vtzpc5ns5sg2cthy61lqpg3dfzgbys/T/1551513193309-0/src/MaterialCounterView-master/sample/build.gradle, -Dorg.gradle.daemon=false, -Dorg.gradle.daemon.performance.enable-monitoring=false, -Dorg.gradle.configureondemand=true, --stacktrace, -x, lintDebug, -x, deviceCheck, -x, lint, -x, testReleaseUnitTest, -x, uninstallRelease, -x, deviceAndroidTest, -x, uninstallDebugAndroidTest, -x, installDebugAndroidTest, -x, connectedCheck, -x, connectedDebugAndroidTest, -x, uninstallAll, -x, test, -x, check, -x, testDebugUnitTest, -x, connectedAndroidTest, -x, installDebug, -x, lintRelease, -x, uninstallDebug, build]
2019-03-02 14:53:59,789 INFO  SysUtils - Configuration on demand is an incubating feature.
:sample:checkDebugClasspath
:sample:preBuild UP-TO-DATE
:sample:preDebugBuild
:sample:compileDebugAidl NO-SOURCE
:sample:compileDebugRenderscript
:sample:checkDebugManifest
:sample:generateDebugBuildConfig
:sample:prepareLintJar
:sample:mainApkListPersistenceDebug
:sample:generateDebugResValues
:sample:generateDebugResources
:sample:mergeDebugResources
:sample:createDebugCompatibleScreenManifests
:sample:processDebugManifest
:sample:splitsDiscoveryTaskDebug
:sample:processDebugResources
:sample:generateDebugSources
:sample:javaPreCompileDebug
:sample:compileDebugJavaWithJavac
:sample:compileDebugNdk NO-SOURCE
:sample:compileDebugSources
:sample:mergeDebugShaders
:sample:compileDebugShaders
:sample:generateDebugAssets
:sample:mergeDebugAssets
:sample:transformClassesWithDexBuilderForDebug
:sample:transformDexArchiveWithExternalLibsDexMergerForDebug
:sample:transformDexArchiveWithDexMergerForDebug
:sample:mergeDebugJniLibFolders
:sample:transformNativeLibsWithMergeJniLibsForDebug
:sample:transformNativeLibsWithStripDebugSymbolForDebug
:sample:checkDebugLibraries
:sample:processDebugJavaRes NO-SOURCE
:sample:transformResourcesWithMergeJavaResForDebug
:sample:validateSigningDebug
:sample:packageDebug
:sample:assembleDebug
:sample:checkReleaseClasspath
:sample:preReleaseBuild
:sample:compileReleaseAidl NO-SOURCE
:sample:compileReleaseRenderscript
:sample:checkReleaseManifest
:sample:generateReleaseBuildConfig
:sample:mainApkListPersistenceRelease
:sample:generateReleaseResValues
:sample:generateReleaseResources
:sample:mergeReleaseResources
:sample:createReleaseCompatibleScreenManifests
:sample:processReleaseManifest
:sample:splitsDiscoveryTaskRelease
:sample:processReleaseResources
:sample:generateReleaseSources
:sample:javaPreCompileRelease
:sample:compileReleaseJavaWithJavac
:sample:compileReleaseNdk NO-SOURCE
:sample:compileReleaseSources
:sample:lintVitalRelease
:sample:mergeReleaseShaders
:sample:compileReleaseShaders
:sample:generateReleaseAssets
:sample:mergeReleaseAssets
:sample:transformClassesWithDexBuilderForRelease
:sample:transformDexArchiveWithExternalLibsDexMergerForRelease
:sample:transformDexArchiveWithDexMergerForRelease
:sample:mergeReleaseJniLibFolders
:sample:transformNativeLibsWithMergeJniLibsForRelease
:sample:transformNativeLibsWithStripDebugSymbolForRelease
:sample:checkReleaseLibraries
:sample:processReleaseJavaRes NO-SOURCE
:sample:transformResourcesWithMergeJavaResForRelease
:sample:packageRelease
:sample:assembleRelease
:sample:assemble
:sample:build

BUILD SUCCESSFUL in 21s
55 actionable tasks: 55 executed

2019-03-02 14:53:59,856 INFO  FullProcessService - Found APK file: /var/folders/bq/vtzpc5ns5sg2cthy61lqpg3dfzgbys/T/1551513193309-0/src/MaterialCounterView-master/sample/build/outputs/apk/release/sample-release-unsigned.apk
