2020-04-12 00:02:17,140 INFO  DownloadService - Downloading "https://github.com/wajahatkarim3/EasyValidation/archive/master.zip", attempt 3
2020-04-12 00:02:31,824 INFO  VirusProcessorServiceImpl - Queued project 7151 to scan viruses
2020-04-12 00:03:53,611 INFO  DownloadService - Downloaded https://github.com/wajahatkarim3/EasyValidation/archive/master.zip, attempt 3
2020-04-12 00:03:53,612 INFO  DownloadService - Size of file "/var/folders/bq/vtzpc5ns5sg2cthy61lqpg3dfzgbys/T/1586624537132-0/master.zip": 714 KB
2020-04-12 00:03:53,612 INFO  ArchiveUtils - Checking entries [.gradle] in ZIP file...
2020-04-12 00:03:53,617 INFO  ArchiveUtils - Has entries [.gradle] in ZIP file /var/folders/bq/vtzpc5ns5sg2cthy61lqpg3dfzgbys/T/1586624537132-0/master.zip: true
2020-04-12 00:03:53,617 DEBUG ZipUtil - Extracting '/var/folders/bq/vtzpc5ns5sg2cthy61lqpg3dfzgbys/T/1586624537132-0/master.zip' into '/var/folders/bq/vtzpc5ns5sg2cthy61lqpg3dfzgbys/T/1586624537132-0/src'.
2020-04-12 00:03:53,663 INFO  FullProcessService - Size of directory with sources: 1 MB
2020-04-12 00:03:53,663 INFO  SysUtils - Execute command: [git, init, /var/folders/bq/vtzpc5ns5sg2cthy61lqpg3dfzgbys/T/1586624537132-0/src]
2020-04-12 00:03:53,699 INFO  SysUtils - Initialized empty Git repository in /private/var/folders/bq/vtzpc5ns5sg2cthy61lqpg3dfzgbys/T/1586624537132-0/src/.git/

2020-04-12 00:03:53,705 INFO  ProjectBuildService - Gradle wrapper(s): /var/folders/bq/vtzpc5ns5sg2cthy61lqpg3dfzgbys/T/1586624537132-0/src/EasyValidation-master/gradlew
2020-04-12 00:03:53,712 INFO  ProjectBuildService - Build script(s): /var/folders/bq/vtzpc5ns5sg2cthy61lqpg3dfzgbys/T/1586624537132-0/src/EasyValidation-master/app/build.gradle /var/folders/bq/vtzpc5ns5sg2cthy61lqpg3dfzgbys/T/1586624537132-0/src/EasyValidation-master/easyvalidation-core/build.gradle /var/folders/bq/vtzpc5ns5sg2cthy61lqpg3dfzgbys/T/1586624537132-0/src/EasyValidation-master/easyvalidation-toasts/build.gradle /var/folders/bq/vtzpc5ns5sg2cthy61lqpg3dfzgbys/T/1586624537132-0/src/EasyValidation-master/build.gradle
2020-04-12 00:03:53,718 INFO  ProjectBuildService - All script(s): /var/folders/bq/vtzpc5ns5sg2cthy61lqpg3dfzgbys/T/1586624537132-0/src/EasyValidation-master/app/build.gradle /var/folders/bq/vtzpc5ns5sg2cthy61lqpg3dfzgbys/T/1586624537132-0/src/EasyValidation-master/easyvalidation-core/build.gradle /var/folders/bq/vtzpc5ns5sg2cthy61lqpg3dfzgbys/T/1586624537132-0/src/EasyValidation-master/build.gradle /var/folders/bq/vtzpc5ns5sg2cthy61lqpg3dfzgbys/T/1586624537132-0/src/EasyValidation-master/settings.gradle /var/folders/bq/vtzpc5ns5sg2cthy61lqpg3dfzgbys/T/1586624537132-0/src/EasyValidation-master/easyvalidation-toasts/build.gradle
2020-04-12 00:03:53,719 INFO  DownloadService - Downloading "https://raw.githubusercontent.com/nuuneoi/JCenter/master/bintrayv1.gradle", attempt 3
2020-04-12 00:03:54,037 INFO  DownloadService - Downloaded https://raw.githubusercontent.com/nuuneoi/JCenter/master/bintrayv1.gradle, attempt 3
2020-04-12 00:03:54,037 INFO  DownloadService - Downloading "https://raw.githubusercontent.com/nuuneoi/JCenter/master/installv1.gradle", attempt 3
2020-04-12 00:03:54,302 INFO  DownloadService - Downloaded https://raw.githubusercontent.com/nuuneoi/JCenter/master/installv1.gradle, attempt 3
2020-04-12 00:03:54,303 INFO  ProjectBuildService - Remote scripts: https://raw.githubusercontent.com/nuuneoi/JCenter/master/bintrayv1.gradle https://raw.githubusercontent.com/nuuneoi/JCenter/master/installv1.gradle
2020-04-12 00:03:54,303 INFO  ProjectFixService - Fixing project...
2020-04-12 00:03:54,321 INFO  LocalPropertiesFixService - Created fake /var/folders/bq/vtzpc5ns5sg2cthy61lqpg3dfzgbys/T/1586624537132-0/src/EasyValidation-master/app/local.properties
2020-04-12 00:03:54,323 INFO  ProjectFixService - Build info for "/var/folders/bq/vtzpc5ns5sg2cthy61lqpg3dfzgbys/T/1586624537132-0/src/EasyValidation-master/app/build.gradle": [buildToolsVersion=<null>,compileSdkVersion=27,minSdkVersion=15,targetSdkVersion=27]
2020-04-12 00:03:54,323 INFO  ProjectFixService - Fixed build info for "/var/folders/bq/vtzpc5ns5sg2cthy61lqpg3dfzgbys/T/1586624537132-0/src/EasyValidation-master/app/build.gradle": [buildToolsVersion=28.0.0-rc2,compileSdkVersion=27,minSdkVersion=15,targetSdkVersion=27]
2020-04-12 00:03:54,324 INFO  LocalPropertiesFixService - Created fake /var/folders/bq/vtzpc5ns5sg2cthy61lqpg3dfzgbys/T/1586624537132-0/src/EasyValidation-master/easyvalidation-core/local.properties
2020-04-12 00:03:54,328 INFO  ProjectFixService - Build info for "/var/folders/bq/vtzpc5ns5sg2cthy61lqpg3dfzgbys/T/1586624537132-0/src/EasyValidation-master/easyvalidation-core/build.gradle": [buildToolsVersion=<null>,compileSdkVersion=27,minSdkVersion=15,targetSdkVersion=27]
2020-04-12 00:03:54,328 INFO  ProjectFixService - Fixed build info for "/var/folders/bq/vtzpc5ns5sg2cthy61lqpg3dfzgbys/T/1586624537132-0/src/EasyValidation-master/easyvalidation-core/build.gradle": [buildToolsVersion=28.0.0-rc2,compileSdkVersion=27,minSdkVersion=15,targetSdkVersion=27]
2020-04-12 00:03:54,329 INFO  LocalPropertiesFixService - Created fake /var/folders/bq/vtzpc5ns5sg2cthy61lqpg3dfzgbys/T/1586624537132-0/src/EasyValidation-master/easyvalidation-toasts/local.properties
2020-04-12 00:03:54,330 INFO  ProjectFixService - Build info for "/var/folders/bq/vtzpc5ns5sg2cthy61lqpg3dfzgbys/T/1586624537132-0/src/EasyValidation-master/easyvalidation-toasts/build.gradle": [buildToolsVersion=<null>,compileSdkVersion=27,minSdkVersion=15,targetSdkVersion=27]
2020-04-12 00:03:54,330 INFO  ProjectFixService - Fixed build info for "/var/folders/bq/vtzpc5ns5sg2cthy61lqpg3dfzgbys/T/1586624537132-0/src/EasyValidation-master/easyvalidation-toasts/build.gradle": [buildToolsVersion=28.0.0-rc2,compileSdkVersion=27,minSdkVersion=15,targetSdkVersion=27]
2020-04-12 00:03:54,331 INFO  LocalPropertiesFixService - Created fake /var/folders/bq/vtzpc5ns5sg2cthy61lqpg3dfzgbys/T/1586624537132-0/src/EasyValidation-master/local.properties
2020-04-12 00:03:54,332 INFO  WrapperPropertiesFixService - Gradle wrapper: https://services.gradle.org/distributions/gradle-4.4-all.zip
2020-04-12 00:03:54,332 INFO  WrapperPropertiesFixService - Gradle wrapper was changed from "-all.zip" to "-bin.zip" (https://services.gradle.org/distributions/gradle-4.4-bin.zip)
2020-04-12 00:03:54,334 INFO  ProjectFixService - Build info for "/var/folders/bq/vtzpc5ns5sg2cthy61lqpg3dfzgbys/T/1586624537132-0/src/EasyValidation-master/build.gradle": [buildToolsVersion=<null>,compileSdkVersion=27,minSdkVersion=15,targetSdkVersion=27]
2020-04-12 00:03:54,334 INFO  ProjectFixService - Fixed build info for "/var/folders/bq/vtzpc5ns5sg2cthy61lqpg3dfzgbys/T/1586624537132-0/src/EasyValidation-master/build.gradle": [buildToolsVersion=28.0.0-rc2,compileSdkVersion=27,minSdkVersion=15,targetSdkVersion=27]
2020-04-12 00:03:54,334 INFO  ProjectFixService - Project was maybe fixed
2020-04-12 00:03:54,334 INFO  ProjectTaskService - Detecting possible tasks...
2020-04-12 00:03:54,335 INFO  SysUtils - Execute command: [/var/folders/bq/vtzpc5ns5sg2cthy61lqpg3dfzgbys/T/1586624537132-0/src/EasyValidation-master/gradlew, -b, /var/folders/bq/vtzpc5ns5sg2cthy61lqpg3dfzgbys/T/1586624537132-0/src/EasyValidation-master/app/build.gradle, -Dorg.gradle.daemon=false, -Dorg.gradle.daemon.performance.enable-monitoring=false, -Dorg.gradle.configureondemand=true, tasks]
2020-04-12 00:04:28,255 INFO  ProjectTaskService - Detected possible tasks: 87
2020-04-12 00:04:28,256 INFO  ProjectTaskService - Excluded tasks (22): lintDebug mockableAndroidJar javadocJar deviceCheck lint testReleaseUnitTest javadoc uninstallRelease deviceAndroidTest uninstallDebugAndroidTest installDebugAndroidTest connectedCheck connectedDebugAndroidTest uninstallAll sourcesJar test check testDebugUnitTest connectedAndroidTest installDebug lintRelease uninstallDebug
2020-04-12 00:04:28,256 INFO  SysUtils - Execute command: [/var/folders/bq/vtzpc5ns5sg2cthy61lqpg3dfzgbys/T/1586624537132-0/src/EasyValidation-master/gradlew, -b, /var/folders/bq/vtzpc5ns5sg2cthy61lqpg3dfzgbys/T/1586624537132-0/src/EasyValidation-master/app/build.gradle, -Dorg.gradle.daemon=false, -Dorg.gradle.daemon.performance.enable-monitoring=false, -Dorg.gradle.configureondemand=true, --stacktrace, -x, lintDebug, -x, mockableAndroidJar, -x, javadocJar, -x, deviceCheck, -x, lint, -x, testReleaseUnitTest, -x, javadoc, -x, uninstallRelease, -x, deviceAndroidTest, -x, uninstallDebugAndroidTest, -x, installDebugAndroidTest, -x, connectedCheck, -x, connectedDebugAndroidTest, -x, uninstallAll, -x, sourcesJar, -x, test, -x, check, -x, testDebugUnitTest, -x, connectedAndroidTest, -x, installDebug, -x, lintRelease, -x, uninstallDebug, build]
2020-04-12 00:04:35,178 ERROR SysUtils - Could not process external command
org.apache.commons.exec.ExecuteException: Process exited with an error: 1 (Exit value: 1)
	at org.apache.commons.exec.DefaultExecutor.executeInternal(DefaultExecutor.java:404)
	at org.apache.commons.exec.DefaultExecutor.execute(DefaultExecutor.java:166)
	at com.github.vbauer.apkmaster.util.SysUtils.execute(SysUtils.java:67)
	at com.github.vbauer.apkmaster.util.SysUtils.executeSimple(SysUtils.java:43)
	at com.github.vbauer.apkmaster.service.assembly.ProjectBuildService.buildProject(ProjectBuildService.java:78)
	at com.github.vbauer.apkmaster.service.assembly.ProjectBuildService.buildProject(ProjectBuildService.java:64)
	at com.github.vbauer.apkmaster.service.assembly.ProjectBuildService.buildProject(ProjectBuildService.java:43)
	at com.github.vbauer.apkmaster.service.FullProcessService.build(FullProcessService.java:84)
	at com.github.vbauer.apkmaster.service.FullProcessService.process(FullProcessService.java:34)
	at com.github.vbauer.apkmaster.app.MainApplication.process(MainApplication.java:38)
	at com.github.vbauer.apkmaster.app.MainApplication.main(MainApplication.java:20)
	at sun.reflect.NativeMethodAccessorImpl.invoke0(Native Method)
	at sun.reflect.NativeMethodAccessorImpl.invoke(NativeMethodAccessorImpl.java:62)
	at sun.reflect.DelegatingMethodAccessorImpl.invoke(DelegatingMethodAccessorImpl.java:43)
	at java.lang.reflect.Method.invoke(Method.java:498)
	at com.android.arsenal.util.ReflectionUtils.invoke(ReflectionUtils.java:42)
	at com.android.arsenal.util.ApkMasterUtils.main(ApkMasterUtils.java:30)
	at com.android.arsenal.service.processor.impl.BuildProcessorServiceImpl.buildProject(BuildProcessorServiceImpl.java:197)
	at com.android.arsenal.service.processor.impl.BuildProcessorServiceImpl.build(BuildProcessorServiceImpl.java:131)
	at com.android.arsenal.service.processor.impl.BuildProcessorServiceImpl.lambda$null$1(BuildProcessorServiceImpl.java:114)
	at java.util.concurrent.FutureTask.run(FutureTask.java:266)
	at java.util.concurrent.Executors$RunnableAdapter.call(Executors.java:511)
	at java.util.concurrent.FutureTask.run(FutureTask.java:266)
	at java.util.concurrent.ThreadPoolExecutor.runWorker(ThreadPoolExecutor.java:1149)
	at java.util.concurrent.ThreadPoolExecutor$Worker.run(ThreadPoolExecutor.java:624)
	at java.lang.Thread.run(Thread.java:748)
2020-04-12 00:04:35,178 INFO  SysUtils - Configuration on demand is an incubating feature.
:buildSrc:compileKotlin UP-TO-DATE
:buildSrc:compileJava NO-SOURCE
:buildSrc:compileGroovy NO-SOURCE
:buildSrc:processResources NO-SOURCE
:buildSrc:classes UP-TO-DATE
:buildSrc:jar UP-TO-DATE
:buildSrc:assemble UP-TO-DATE
:buildSrc:compileTestKotlin NO-SOURCE
:buildSrc:compileTestJava NO-SOURCE
:buildSrc:compileTestGroovy NO-SOURCE
:buildSrc:processTestResources NO-SOURCE
:buildSrc:testClasses UP-TO-DATE
:buildSrc:test NO-SOURCE
:buildSrc:check UP-TO-DATE
:buildSrc:build UP-TO-DATE

FAILURE: Build failed with an exception.

* What went wrong:
Task 'javadocJar' not found in project ':app'.

* Try:
Run gradlew tasks to get a list of available tasks. Run with --info or --debug option to get more log output. Run with --scan to get full insights.

* Exception is:
org.gradle.execution.TaskSelectionException: Task 'javadocJar' not found in project ':app'.
	at org.gradle.execution.TaskSelector.getSelection(TaskSelector.java:116)
	at org.gradle.execution.TaskSelector.getFilter(TaskSelector.java:66)
	at org.gradle.execution.ExcludedTaskFilteringBuildConfigurationAction.configure(ExcludedTaskFilteringBuildConfigurationAction.java:42)
	at org.gradle.execution.DefaultBuildConfigurationActionExecuter.configure(DefaultBuildConfigurationActionExecuter.java:48)
	at org.gradle.execution.DefaultBuildConfigurationActionExecuter.select(DefaultBuildConfigurationActionExecuter.java:36)
	at org.gradle.initialization.DefaultGradleLauncher$CalculateTaskGraph.run(DefaultGradleLauncher.java:268)
	at org.gradle.internal.progress.DefaultBuildOperationExecutor$RunnableBuildOperationWorker.execute(DefaultBuildOperationExecutor.java:336)
	at org.gradle.internal.progress.DefaultBuildOperationExecutor$RunnableBuildOperationWorker.execute(DefaultBuildOperationExecutor.java:328)
	at org.gradle.internal.progress.DefaultBuildOperationExecutor.execute(DefaultBuildOperationExecutor.java:199)
	at org.gradle.internal.progress.DefaultBuildOperationExecutor.run(DefaultBuildOperationExecutor.java:110)
	at org.gradle.initialization.DefaultGradleLauncher.constructTaskGraph(DefaultGradleLauncher.java:175)
	at org.gradle.initialization.DefaultGradleLauncher.doBuildStages(DefaultGradleLauncher.java:130)
	at org.gradle.initialization.DefaultGradleLauncher.executeTasks(DefaultGradleLauncher.java:109)
	at org.gradle.internal.invocation.GradleBuildController$1.call(GradleBuildController.java:78)
	at org.gradle.internal.invocation.GradleBuildController$1.call(GradleBuildController.java:75)
	at org.gradle.internal.work.DefaultWorkerLeaseService.withLocks(DefaultWorkerLeaseService.java:152)
	at org.gradle.internal.invocation.GradleBuildController.doBuild(GradleBuildController.java:100)
	at org.gradle.internal.invocation.GradleBuildController.run(GradleBuildController.java:75)
	at org.gradle.tooling.internal.provider.ExecuteBuildActionRunner.run(ExecuteBuildActionRunner.java:28)
	at org.gradle.launcher.exec.ChainingBuildActionRunner.run(ChainingBuildActionRunner.java:35)
	at org.gradle.tooling.internal.provider.ValidatingBuildActionRunner.run(ValidatingBuildActionRunner.java:32)
	at org.gradle.launcher.exec.RunAsBuildOperationBuildActionRunner$1.run(RunAsBuildOperationBuildActionRunner.java:43)
	at org.gradle.internal.progress.DefaultBuildOperationExecutor$RunnableBuildOperationWorker.execute(DefaultBuildOperationExecutor.java:336)
	at org.gradle.internal.progress.DefaultBuildOperationExecutor$RunnableBuildOperationWorker.execute(DefaultBuildOperationExecutor.java:328)
	at org.gradle.internal.progress.DefaultBuildOperationExecutor.execute(DefaultBuildOperationExecutor.java:199)
	at org.gradle.internal.progress.DefaultBuildOperationExecutor.run(DefaultBuildOperationExecutor.java:110)
	at org.gradle.launcher.exec.RunAsBuildOperationBuildActionRunner.run(RunAsBuildOperationBuildActionRunner.java:40)
	at org.gradle.tooling.internal.provider.SubscribableBuildActionRunner.run(SubscribableBuildActionRunner.java:51)
	at org.gradle.launcher.exec.InProcessBuildActionExecuter.execute(InProcessBuildActionExecuter.java:47)
	at org.gradle.launcher.exec.InProcessBuildActionExecuter.execute(InProcessBuildActionExecuter.java:30)
	at org.gradle.launcher.exec.BuildTreeScopeBuildActionExecuter.execute(BuildTreeScopeBuildActionExecuter.java:39)
	at org.gradle.launcher.exec.BuildTreeScopeBuildActionExecuter.execute(BuildTreeScopeBuildActionExecuter.java:25)
	at org.gradle.tooling.internal.provider.ContinuousBuildActionExecuter.execute(ContinuousBuildActionExecuter.java:80)
	at org.gradle.tooling.internal.provider.ContinuousBuildActionExecuter.execute(ContinuousBuildActionExecuter.java:53)
	at org.gradle.tooling.internal.provider.ServicesSetupBuildActionExecuter.execute(ServicesSetupBuildActionExecuter.java:57)
	at org.gradle.tooling.internal.provider.ServicesSetupBuildActionExecuter.execute(ServicesSetupBuildActionExecuter.java:32)
	at org.gradle.tooling.internal.provider.GradleThreadBuildActionExecuter.execute(GradleThreadBuildActionExecuter.java:36)
	at org.gradle.tooling.internal.provider.GradleThreadBuildActionExecuter.execute(GradleThreadBuildActionExecuter.java:25)
	at org.gradle.tooling.internal.provider.ParallelismConfigurationBuildActionExecuter.execute(ParallelismConfigurationBuildActionExecuter.java:43)
	at org.gradle.tooling.internal.provider.ParallelismConfigurationBuildActionExecuter.execute(ParallelismConfigurationBuildActionExecuter.java:29)
	at org.gradle.tooling.internal.provider.StartParamsValidatingActionExecuter.execute(StartParamsValidatingActionExecuter.java:69)
	at org.gradle.tooling.internal.provider.StartParamsValidatingActionExecuter.execute(StartParamsValidatingActionExecuter.java:30)
	at org.gradle.tooling.internal.provider.SessionFailureReportingActionExecuter.execute(SessionFailureReportingActionExecuter.java:59)
	at org.gradle.tooling.internal.provider.SessionFailureReportingActionExecuter.execute(SessionFailureReportingActionExecuter.java:44)
	at org.gradle.tooling.internal.provider.SetupLoggingActionExecuter.execute(SetupLoggingActionExecuter.java:45)
	at org.gradle.tooling.internal.provider.SetupLoggingActionExecuter.execute(SetupLoggingActionExecuter.java:30)
	at org.gradle.launcher.cli.RunBuildAction.run(RunBuildAction.java:51)
	at org.gradle.internal.Actions$RunnableActionAdapter.execute(Actions.java:173)
	at org.gradle.launcher.cli.CommandLineActionFactory$ParseAndBuildAction.execute(CommandLineActionFactory.java:291)
	at org.gradle.launcher.cli.CommandLineActionFactory$ParseAndBuildAction.execute(CommandLineActionFactory.java:264)
	at org.gradle.launcher.cli.JavaRuntimeValidationAction.execute(JavaRuntimeValidationAction.java:33)
	at org.gradle.launcher.cli.JavaRuntimeValidationAction.execute(JavaRuntimeValidationAction.java:24)
	at org.gradle.launcher.cli.ExceptionReportingAction.execute(ExceptionReportingAction.java:33)
	at org.gradle.launcher.cli.ExceptionReportingAction.execute(ExceptionReportingAction.java:22)
	at org.gradle.launcher.cli.CommandLineActionFactory$WithLogging.execute(CommandLineActionFactory.java:257)
	at org.gradle.launcher.cli.CommandLineActionFactory$WithLogging.execute(CommandLineActionFactory.java:191)
	at org.gradle.launcher.Main.doAction(Main.java:33)
	at org.gradle.launcher.bootstrap.EntryPoint.run(EntryPoint.java:45)
	at org.gradle.launcher.bootstrap.ProcessBootstrap.runNoExit(ProcessBootstrap.java:60)
	at org.gradle.launcher.bootstrap.ProcessBootstrap.run(ProcessBootstrap.java:37)
	at org.gradle.launcher.GradleMain.main(GradleMain.java:23)
	at org.gradle.wrapper.BootstrapMainStarter.start(BootstrapMainStarter.java:31)
	at org.gradle.wrapper.WrapperExecutor.execute(WrapperExecutor.java:108)
	at org.gradle.wrapper.GradleWrapperMain.main(GradleWrapperMain.java:61)


* Get more help at https://help.gradle.org

BUILD FAILED in 6s

2020-04-12 00:04:35,178 ERROR ProjectBuildService - Excluded tasks were detected wrong
2020-04-12 00:04:35,179 INFO  SysUtils - Execute command: [/var/folders/bq/vtzpc5ns5sg2cthy61lqpg3dfzgbys/T/1586624537132-0/src/EasyValidation-master/gradlew, -b, /var/folders/bq/vtzpc5ns5sg2cthy61lqpg3dfzgbys/T/1586624537132-0/src/EasyValidation-master/app/build.gradle, -Dorg.gradle.daemon=false, -Dorg.gradle.daemon.performance.enable-monitoring=false, -Dorg.gradle.configureondemand=true, --stacktrace, build]
2020-04-12 00:06:21,575 INFO  SysUtils - Configuration on demand is an incubating feature.
:buildSrc:compileKotlin UP-TO-DATE
:buildSrc:compileJava NO-SOURCE
:buildSrc:compileGroovy NO-SOURCE
:buildSrc:processResources NO-SOURCE
:buildSrc:classes UP-TO-DATE
:buildSrc:jar UP-TO-DATE
:buildSrc:assemble UP-TO-DATE
:buildSrc:compileTestKotlin NO-SOURCE
:buildSrc:compileTestJava NO-SOURCE
:buildSrc:compileTestGroovy NO-SOURCE
:buildSrc:processTestResources NO-SOURCE
:buildSrc:testClasses UP-TO-DATE
:buildSrc:test NO-SOURCE
:buildSrc:check UP-TO-DATE
:buildSrc:build UP-TO-DATE
Download https://raw.githubusercontent.com/nuuneoi/JCenter/master/installv1.gradle
Download https://raw.githubusercontent.com/nuuneoi/JCenter/master/bintrayv1.gradle
:app:preBuild UP-TO-DATE
:easyvalidation-core:preBuild UP-TO-DATE
:easyvalidation-core:preDebugBuild UP-TO-DATE
:easyvalidation-core:checkDebugManifest
:easyvalidation-core:processDebugManifest
:easyvalidation-toasts:preBuild UP-TO-DATE
:easyvalidation-toasts:preDebugBuild UP-TO-DATE
:easyvalidation-toasts:checkDebugManifest
:easyvalidation-toasts:processDebugManifest
:app:preDebugBuild
Download https://jcenter.bintray.com/org/jetbrains/kotlin/kotlin-stdlib-jdk7/1.2.41/kotlin-stdlib-jdk7-1.2.41.pom
:easyvalidation-core:compileDebugAidl
:easyvalidation-toasts:compileDebugAidl
:app:compileDebugAidl
:easyvalidation-core:packageDebugRenderscript NO-SOURCE
:easyvalidation-toasts:packageDebugRenderscript NO-SOURCE
:app:compileDebugRenderscript
:app:checkDebugManifest
:app:generateDebugBuildConfig
:app:mainApkListPersistenceDebug
:app:generateDebugResValues
:app:generateDebugResources
:easyvalidation-core:compileDebugRenderscript
:easyvalidation-core:generateDebugResValues
:easyvalidation-core:generateDebugResources
:easyvalidation-core:packageDebugResources
:easyvalidation-toasts:compileDebugRenderscript
:easyvalidation-toasts:generateDebugResValues
:easyvalidation-toasts:generateDebugResources
:easyvalidation-toasts:packageDebugResources
:app:mergeDebugResources
:app:createDebugCompatibleScreenManifests
:app:processDebugManifest
:app:splitsDiscoveryTaskDebug
:easyvalidation-core:platformAttrExtractor
:easyvalidation-toasts:platformAttrExtractor
:easyvalidation-core:generateDebugBuildConfig
:easyvalidation-core:prepareLintJar
:easyvalidation-core:processDebugJavaRes NO-SOURCE
:easyvalidation-toasts:generateDebugBuildConfig
:easyvalidation-toasts:prepareLintJar
:easyvalidation-toasts:processDebugJavaRes NO-SOURCE
:app:prepareLintJar
:app:compileDebugNdk NO-SOURCE
:app:mergeDebugShaders
:app:compileDebugShaders
:app:generateDebugAssets
:easyvalidation-core:mergeDebugShaders
:easyvalidation-core:compileDebugShaders
:easyvalidation-core:generateDebugAssets
:easyvalidation-core:packageDebugAssets
:easyvalidation-toasts:mergeDebugShaders
:easyvalidation-toasts:compileDebugShaders
:easyvalidation-toasts:generateDebugAssets
:easyvalidation-toasts:packageDebugAssets
:app:mergeDebugAssets
:app:mergeDebugJniLibFolders
:easyvalidation-core:compileDebugNdk NO-SOURCE
:easyvalidation-core:mergeDebugJniLibFolders
:easyvalidation-core:transformNativeLibsWithMergeJniLibsForDebug
:easyvalidation-core:transformNativeLibsWithStripDebugSymbolForDebug
:easyvalidation-core:transformNativeLibsWithIntermediateJniLibsForDebug
:easyvalidation-toasts:compileDebugNdk NO-SOURCE
:easyvalidation-toasts:mergeDebugJniLibFolders
:easyvalidation-toasts:transformNativeLibsWithMergeJniLibsForDebug
:easyvalidation-toasts:transformNativeLibsWithStripDebugSymbolForDebug
:easyvalidation-toasts:transformNativeLibsWithIntermediateJniLibsForDebug
:app:processDebugJavaRes NO-SOURCE
:app:validateSigningDebug
:easyvalidation-core:preReleaseBuild UP-TO-DATE
:easyvalidation-core:checkReleaseManifest
:easyvalidation-core:processReleaseManifest
:easyvalidation-toasts:preReleaseBuild UP-TO-DATE
:easyvalidation-core:generateDebugRFile
:easyvalidation-core:compileDebugKotlin
Download https://jcenter.bintray.com/org/jetbrains/kotlin/kotlin-stdlib-jdk7/1.2.41/kotlin-stdlib-jdk7-1.2.41.jar
:easyvalidation-core:generateDebugSources
:easyvalidation-core:javaPreCompileDebug
:easyvalidation-core:compileDebugJavaWithJavac
:easyvalidation-core:transformClassesAndResourcesWithPrepareIntermediateJarsForDebug
:easyvalidation-toasts:checkReleaseManifest
:easyvalidation-toasts:processReleaseManifest
:app:preReleaseBuild
:easyvalidation-core:compileReleaseAidl
:easyvalidation-toasts:compileReleaseAidl
:app:compileReleaseAidl
:easyvalidation-core:packageReleaseRenderscript NO-SOURCE
:easyvalidation-toasts:packageReleaseRenderscript NO-SOURCE
:app:compileReleaseRenderscript
:app:checkReleaseManifest
:app:generateReleaseBuildConfig
:app:mainApkListPersistenceRelease
:app:generateReleaseResValues
:app:generateReleaseResources
:easyvalidation-core:compileReleaseRenderscript
:easyvalidation-core:generateReleaseResValues
:easyvalidation-core:generateReleaseResources
:easyvalidation-core:packageReleaseResources
:easyvalidation-toasts:compileReleaseRenderscript
:easyvalidation-toasts:generateReleaseResValues
:easyvalidation-toasts:generateReleaseResources
:easyvalidation-toasts:packageReleaseResources
:app:mergeReleaseResources
:app:createReleaseCompatibleScreenManifests
:app:processReleaseManifest
:app:splitsDiscoveryTaskRelease
:easyvalidation-core:generateReleaseRFile
:easyvalidation-core:generateReleaseBuildConfig
:easyvalidation-core:compileReleaseKotlin
:easyvalidation-core:generateReleaseSources
:easyvalidation-core:javaPreCompileRelease
:easyvalidation-core:compileReleaseJavaWithJavac
:easyvalidation-core:processReleaseJavaRes NO-SOURCE
:easyvalidation-core:transformClassesAndResourcesWithPrepareIntermediateJarsForRelease
:easyvalidation-toasts:generateReleaseBuildConfig
:easyvalidation-toasts:processReleaseJavaRes NO-SOURCE
:app:compileReleaseNdk NO-SOURCE
:app:mergeReleaseShaders
:app:compileReleaseShaders
:app:generateReleaseAssets
:easyvalidation-core:mergeReleaseShaders
:easyvalidation-core:compileReleaseShaders
:easyvalidation-core:generateReleaseAssets
:easyvalidation-core:packageReleaseAssets
:easyvalidation-toasts:mergeReleaseShaders
:easyvalidation-toasts:compileReleaseShaders
:easyvalidation-toasts:generateReleaseAssets
:easyvalidation-toasts:packageReleaseAssets
:app:mergeReleaseAssets
:app:mergeReleaseJniLibFolders
:easyvalidation-core:compileReleaseNdk NO-SOURCE
:easyvalidation-core:mergeReleaseJniLibFolders
:easyvalidation-core:transformNativeLibsWithMergeJniLibsForRelease
:easyvalidation-core:transformNativeLibsWithStripDebugSymbolForRelease
:easyvalidation-core:transformNativeLibsWithIntermediateJniLibsForRelease
:easyvalidation-toasts:compileReleaseNdk NO-SOURCE
:easyvalidation-toasts:mergeReleaseJniLibFolders
:easyvalidation-toasts:transformNativeLibsWithMergeJniLibsForRelease
:easyvalidation-toasts:transformNativeLibsWithStripDebugSymbolForRelease
:easyvalidation-toasts:transformNativeLibsWithIntermediateJniLibsForRelease
:app:processReleaseJavaRes NO-SOURCE
:app:preDebugUnitTestBuild UP-TO-DATE
:app:mockableAndroidJar
:app:processDebugUnitTestJavaRes NO-SOURCE
:app:preReleaseUnitTestBuild UP-TO-DATE
:app:processReleaseUnitTestJavaRes NO-SOURCE
:easyvalidation-toasts:generateDebugRFile
:app:processDebugResources
:easyvalidation-toasts:compileDebugKotlin
:easyvalidation-toasts:generateDebugSources
:easyvalidation-toasts:javaPreCompileDebug
:easyvalidation-toasts:compileDebugJavaWithJavac
:easyvalidation-toasts:transformClassesAndResourcesWithPrepareIntermediateJarsForDebug
:app:compileDebugKotlin
:app:generateDebugSources
:app:javaPreCompileDebug
:app:compileDebugJavaWithJavac
:app:compileDebugSources
:app:transformClassesWithDexBuilderForDebug
D8: Stripped invalid locals information from 2 methods.
:app:transformDexArchiveWithExternalLibsDexMergerForDebug
:app:transformDexArchiveWithDexMergerForDebug
:app:transformNativeLibsWithMergeJniLibsForDebug
:app:transformNativeLibsWithStripDebugSymbolForDebug
:app:transformResourcesWithMergeJavaResForDebug
:app:packageDebug
:app:assembleDebug
:easyvalidation-toasts:generateReleaseRFile
:app:processReleaseResources
:easyvalidation-toasts:compileReleaseKotlin
:easyvalidation-toasts:generateReleaseSources
:easyvalidation-toasts:javaPreCompileRelease
:easyvalidation-toasts:compileReleaseJavaWithJavac
:easyvalidation-toasts:transformClassesAndResourcesWithPrepareIntermediateJarsForRelease
:app:compileReleaseKotlin
:app:generateReleaseSources
:app:javaPreCompileRelease
:app:compileReleaseJavaWithJavac
:app:compileReleaseSources
:app:lintVitalRelease SKIPPED
:app:transformClassesWithDexBuilderForRelease
:app:transformDexArchiveWithExternalLibsDexMergerForRelease
:app:transformDexArchiveWithDexMergerForRelease
:app:transformNativeLibsWithMergeJniLibsForRelease
:app:transformNativeLibsWithStripDebugSymbolForRelease
:app:transformResourcesWithMergeJavaResForRelease
:app:packageRelease
:app:assembleRelease
:app:assemble
:app:lint
Download https://dl.google.com/dl/android/maven2/com/android/tools/lint/lint-gradle/26.1.1/lint-gradle-26.1.1.pom
Download https://dl.google.com/dl/android/maven2/com/android/tools/external/com-intellij/intellij-core/26.1.1/intellij-core-26.1.1.pom
Download https://dl.google.com/dl/android/maven2/com/android/tools/lint/lint/26.1.1/lint-26.1.1.pom
Download https://dl.google.com/dl/android/maven2/com/android/tools/external/org-jetbrains/uast/26.1.1/uast-26.1.1.pom
Download https://dl.google.com/dl/android/maven2/com/android/tools/lint/lint-checks/26.1.1/lint-checks-26.1.1.pom
Download https://dl.google.com/dl/android/maven2/com/android/tools/external/com-intellij/kotlin-compiler/26.1.1/kotlin-compiler-26.1.1.pom
Download https://dl.google.com/dl/android/maven2/com/android/tools/lint/lint-kotlin/26.1.1/lint-kotlin-26.1.1.pom
Download https://dl.google.com/dl/android/maven2/com/android/tools/lint/lint-api/26.1.1/lint-api-26.1.1.pom
Download https://dl.google.com/dl/android/maven2/com/android/tools/lint/lint-api/26.1.1/lint-api-26.1.1.jar
Download https://dl.google.com/dl/android/maven2/com/android/tools/lint/lint-checks/26.1.1/lint-checks-26.1.1.jar
Download https://dl.google.com/dl/android/maven2/com/android/tools/external/com-intellij/intellij-core/26.1.1/intellij-core-26.1.1.jar
Download https://dl.google.com/dl/android/maven2/com/android/tools/lint/lint-kotlin/26.1.1/lint-kotlin-26.1.1.jar
Download https://dl.google.com/dl/android/maven2/com/android/tools/lint/lint-gradle/26.1.1/lint-gradle-26.1.1.jar
Download https://dl.google.com/dl/android/maven2/com/android/tools/lint/lint/26.1.1/lint-26.1.1.jar
Download https://dl.google.com/dl/android/maven2/com/android/tools/external/org-jetbrains/uast/26.1.1/uast-26.1.1.jar
Download https://dl.google.com/dl/android/maven2/com/android/tools/external/com-intellij/kotlin-compiler/26.1.1/kotlin-compiler-26.1.1.jar
Ran lint on variant release: 14 issues found
Ran lint on variant debug: 14 issues found
Wrote HTML report to file:///private/var/folders/bq/vtzpc5ns5sg2cthy61lqpg3dfzgbys/T/1586624537132-0/src/EasyValidation-master/app/build/reports/lint-results.html
Wrote XML report to file:///private/var/folders/bq/vtzpc5ns5sg2cthy61lqpg3dfzgbys/T/1586624537132-0/src/EasyValidation-master/app/build/reports/lint-results.xml
:app:compileDebugUnitTestKotlin
:app:javaPreCompileDebugUnitTest
:app:compileDebugUnitTestJavaWithJavac NO-SOURCE
:app:testDebugUnitTest
:app:compileReleaseUnitTestKotlin
:app:javaPreCompileReleaseUnitTest
:app:compileReleaseUnitTestJavaWithJavac NO-SOURCE
:app:testReleaseUnitTest
:app:test
:app:check
:app:build

BUILD SUCCESSFUL in 1m 45s
142 actionable tasks: 142 executed

2020-04-12 00:06:21,734 INFO  FullProcessService - Found APK file: /var/folders/bq/vtzpc5ns5sg2cthy61lqpg3dfzgbys/T/1586624537132-0/src/EasyValidation-master/app/build/outputs/apk/debug/app-debug.apk
