2019-02-04 11:19:46,705 INFO  DownloadService - Downloading "https://github.com/devmike01/coffeetextview/archive/master.zip", attempt 3
2019-02-04 11:19:54,633 INFO  DownloadService - Downloaded https://github.com/devmike01/coffeetextview/archive/master.zip, attempt 3
2019-02-04 11:19:54,633 INFO  DownloadService - Size of file "/var/folders/bq/vtzpc5ns5sg2cthy61lqpg3dfzgbys/T/1549253986697-0/master.zip": 6 MB
2019-02-04 11:19:54,633 INFO  ArchiveUtils - Checking entries [.gradle] in ZIP file...
2019-02-04 11:19:54,639 INFO  ArchiveUtils - Has entries [.gradle] in ZIP file /var/folders/bq/vtzpc5ns5sg2cthy61lqpg3dfzgbys/T/1549253986697-0/master.zip: true
2019-02-04 11:19:54,639 DEBUG ZipUtil - Extracting '/var/folders/bq/vtzpc5ns5sg2cthy61lqpg3dfzgbys/T/1549253986697-0/master.zip' into '/var/folders/bq/vtzpc5ns5sg2cthy61lqpg3dfzgbys/T/1549253986697-0/src'.
2019-02-04 11:19:54,706 INFO  FullProcessService - Size of directory with sources: 6 MB
2019-02-04 11:19:54,706 INFO  SysUtils - Execute command: [git, init, /var/folders/bq/vtzpc5ns5sg2cthy61lqpg3dfzgbys/T/1549253986697-0/src]
2019-02-04 11:19:54,731 INFO  SysUtils - Initialized empty Git repository in /private/var/folders/bq/vtzpc5ns5sg2cthy61lqpg3dfzgbys/T/1549253986697-0/src/.git/

2019-02-04 11:19:54,735 INFO  ProjectBuildService - Gradle wrapper(s): /var/folders/bq/vtzpc5ns5sg2cthy61lqpg3dfzgbys/T/1549253986697-0/src/coffeetextview-master/gradlew
2019-02-04 11:19:54,738 INFO  ProjectBuildService - Build script(s): /var/folders/bq/vtzpc5ns5sg2cthy61lqpg3dfzgbys/T/1549253986697-0/src/coffeetextview-master/app/build.gradle /var/folders/bq/vtzpc5ns5sg2cthy61lqpg3dfzgbys/T/1549253986697-0/src/coffeetextview-master/coffeetextview/build.gradle /var/folders/bq/vtzpc5ns5sg2cthy61lqpg3dfzgbys/T/1549253986697-0/src/coffeetextview-master/build.gradle
2019-02-04 11:19:54,742 INFO  ProjectBuildService - All script(s): /var/folders/bq/vtzpc5ns5sg2cthy61lqpg3dfzgbys/T/1549253986697-0/src/coffeetextview-master/app/build.gradle /var/folders/bq/vtzpc5ns5sg2cthy61lqpg3dfzgbys/T/1549253986697-0/src/coffeetextview-master/coffeetextview/build.gradle /var/folders/bq/vtzpc5ns5sg2cthy61lqpg3dfzgbys/T/1549253986697-0/src/coffeetextview-master/build.gradle /var/folders/bq/vtzpc5ns5sg2cthy61lqpg3dfzgbys/T/1549253986697-0/src/coffeetextview-master/settings.gradle
2019-02-04 11:19:54,742 INFO  DownloadService - Downloading "https://raw.githubusercontent.com/nuuneoi/JCenter/master/bintrayv1.gradle", attempt 3
2019-02-04 11:19:55,501 INFO  DownloadService - Downloaded https://raw.githubusercontent.com/nuuneoi/JCenter/master/bintrayv1.gradle, attempt 3
2019-02-04 11:19:55,501 INFO  DownloadService - Downloading "https://raw.githubusercontent.com/nuuneoi/JCenter/master/installv1.gradle", attempt 3
2019-02-04 11:19:55,584 INFO  DownloadService - Downloaded https://raw.githubusercontent.com/nuuneoi/JCenter/master/installv1.gradle, attempt 3
2019-02-04 11:19:55,584 INFO  ProjectBuildService - Remote scripts: https://raw.githubusercontent.com/nuuneoi/JCenter/master/bintrayv1.gradle https://raw.githubusercontent.com/nuuneoi/JCenter/master/installv1.gradle
2019-02-04 11:19:55,584 INFO  ProjectFixService - Fixing project...
2019-02-04 11:19:55,596 INFO  LocalPropertiesFixService - Created fake /var/folders/bq/vtzpc5ns5sg2cthy61lqpg3dfzgbys/T/1549253986697-0/src/coffeetextview-master/app/local.properties
2019-02-04 11:19:55,596 INFO  ProjectFixService - Build info for "/var/folders/bq/vtzpc5ns5sg2cthy61lqpg3dfzgbys/T/1549253986697-0/src/coffeetextview-master/app/build.gradle": [buildToolsVersion=28.0.2,compileSdkVersion=28,minSdkVersion=17,targetSdkVersion=28]
2019-02-04 11:19:55,597 INFO  LocalPropertiesFixService - Created fake /var/folders/bq/vtzpc5ns5sg2cthy61lqpg3dfzgbys/T/1549253986697-0/src/coffeetextview-master/coffeetextview/local.properties
2019-02-04 11:19:55,597 INFO  ProjectFixService - Build info for "/var/folders/bq/vtzpc5ns5sg2cthy61lqpg3dfzgbys/T/1549253986697-0/src/coffeetextview-master/coffeetextview/build.gradle": [buildToolsVersion=28.0.2,compileSdkVersion=28,minSdkVersion=17,targetSdkVersion=28]
2019-02-04 11:19:55,597 INFO  LocalPropertiesFixService - Created fake /var/folders/bq/vtzpc5ns5sg2cthy61lqpg3dfzgbys/T/1549253986697-0/src/coffeetextview-master/local.properties
2019-02-04 11:19:55,598 INFO  WrapperPropertiesFixService - Gradle wrapper: https://services.gradle.org/distributions/gradle-4.4-all.zip
2019-02-04 11:19:55,598 INFO  WrapperPropertiesFixService - Gradle wrapper was changed from "-all.zip" to "-bin.zip" (https://services.gradle.org/distributions/gradle-4.4-bin.zip)
2019-02-04 11:19:55,599 INFO  ProjectFixService - Build info for "/var/folders/bq/vtzpc5ns5sg2cthy61lqpg3dfzgbys/T/1549253986697-0/src/coffeetextview-master/build.gradle": [buildToolsVersion=28.0.2,compileSdkVersion=28,minSdkVersion=17,targetSdkVersion=28]
2019-02-04 11:19:55,599 INFO  ProjectFixService - Project was maybe fixed
2019-02-04 11:19:55,599 INFO  ProjectTaskService - Detecting possible tasks...
2019-02-04 11:19:55,599 INFO  SysUtils - Execute command: [/var/folders/bq/vtzpc5ns5sg2cthy61lqpg3dfzgbys/T/1549253986697-0/src/coffeetextview-master/gradlew, -b, /var/folders/bq/vtzpc5ns5sg2cthy61lqpg3dfzgbys/T/1549253986697-0/src/coffeetextview-master/app/build.gradle, -Dorg.gradle.daemon=false, -Dorg.gradle.daemon.performance.enable-monitoring=false, -Dorg.gradle.configureondemand=true, tasks]
2019-02-04 11:20:01,614 INFO  ProjectTaskService - Detected possible tasks: 69
2019-02-04 11:20:01,614 INFO  ProjectTaskService - Excluded tasks (22): lintDebug mockableAndroidJar javadocJar deviceCheck lint testReleaseUnitTest javadoc uninstallRelease deviceAndroidTest uninstallDebugAndroidTest installDebugAndroidTest connectedCheck connectedDebugAndroidTest uninstallAll sourcesJar test check testDebugUnitTest connectedAndroidTest installDebug lintRelease uninstallDebug
2019-02-04 11:20:01,614 INFO  SysUtils - Execute command: [/var/folders/bq/vtzpc5ns5sg2cthy61lqpg3dfzgbys/T/1549253986697-0/src/coffeetextview-master/gradlew, -b, /var/folders/bq/vtzpc5ns5sg2cthy61lqpg3dfzgbys/T/1549253986697-0/src/coffeetextview-master/app/build.gradle, -Dorg.gradle.daemon=false, -Dorg.gradle.daemon.performance.enable-monitoring=false, -Dorg.gradle.configureondemand=true, --stacktrace, -x, lintDebug, -x, mockableAndroidJar, -x, javadocJar, -x, deviceCheck, -x, lint, -x, testReleaseUnitTest, -x, javadoc, -x, uninstallRelease, -x, deviceAndroidTest, -x, uninstallDebugAndroidTest, -x, installDebugAndroidTest, -x, connectedCheck, -x, connectedDebugAndroidTest, -x, uninstallAll, -x, sourcesJar, -x, test, -x, check, -x, testDebugUnitTest, -x, connectedAndroidTest, -x, installDebug, -x, lintRelease, -x, uninstallDebug, build]
2019-02-04 11:20:07,162 ERROR SysUtils - Could not process external command
org.apache.commons.exec.ExecuteException: Process exited with an error: 1 (Exit value: 1)
	at org.apache.commons.exec.DefaultExecutor.executeInternal(DefaultExecutor.java:404)
	at org.apache.commons.exec.DefaultExecutor.execute(DefaultExecutor.java:166)
	at com.github.vbauer.apkmaster.util.SysUtils.execute(SysUtils.java:67)
	at com.github.vbauer.apkmaster.util.SysUtils.executeSimple(SysUtils.java:43)
	at com.github.vbauer.apkmaster.service.assembly.ProjectBuildService.buildProject(ProjectBuildService.java:78)
	at com.github.vbauer.apkmaster.service.assembly.ProjectBuildService.buildProject(ProjectBuildService.java:64)
	at com.github.vbauer.apkmaster.service.assembly.ProjectBuildService.buildProject(ProjectBuildService.java:43)
	at com.github.vbauer.apkmaster.service.FullProcessService.build(FullProcessService.java:84)
	at com.github.vbauer.apkmaster.service.FullProcessService.process(FullProcessService.java:34)
	at com.github.vbauer.apkmaster.app.MainApplication.process(MainApplication.java:38)
	at com.github.vbauer.apkmaster.app.MainApplication.main(MainApplication.java:20)
	at sun.reflect.GeneratedMethodAccessor8.invoke(Unknown Source)
	at sun.reflect.DelegatingMethodAccessorImpl.invoke(DelegatingMethodAccessorImpl.java:43)
	at java.lang.reflect.Method.invoke(Method.java:498)
	at com.android.arsenal.util.ReflectionUtils.invoke(ReflectionUtils.java:52)
	at com.android.arsenal.util.ApkMasterUtils.main(ApkMasterUtils.java:30)
	at com.android.arsenal.service.processor.impl.BuildProcessorServiceImpl.buildProject(BuildProcessorServiceImpl.java:196)
	at com.android.arsenal.service.processor.impl.BuildProcessorServiceImpl.build(BuildProcessorServiceImpl.java:130)
	at com.android.arsenal.service.processor.impl.BuildProcessorServiceImpl.lambda$createTasks$1(BuildProcessorServiceImpl.java:113)
	at java.util.concurrent.FutureTask.run(FutureTask.java:266)
	at java.util.concurrent.Executors$RunnableAdapter.call(Executors.java:511)
	at java.util.concurrent.FutureTask.run(FutureTask.java:266)
	at java.util.concurrent.ThreadPoolExecutor.runWorker(ThreadPoolExecutor.java:1149)
	at java.util.concurrent.ThreadPoolExecutor$Worker.run(ThreadPoolExecutor.java:624)
	at java.lang.Thread.run(Thread.java:748)
2019-02-04 11:20:07,162 INFO  SysUtils - Configuration on demand is an incubating feature.

FAILURE: Build failed with an exception.

* What went wrong:
Task 'javadocJar' not found in project ':app'.

* Try:
Run gradlew tasks to get a list of available tasks. Run with --info or --debug option to get more log output. Run with --scan to get full insights.

* Exception is:
org.gradle.execution.TaskSelectionException: Task 'javadocJar' not found in project ':app'.
	at org.gradle.execution.TaskSelector.getSelection(TaskSelector.java:116)
	at org.gradle.execution.TaskSelector.getFilter(TaskSelector.java:66)
	at org.gradle.execution.ExcludedTaskFilteringBuildConfigurationAction.configure(ExcludedTaskFilteringBuildConfigurationAction.java:42)
	at org.gradle.execution.DefaultBuildConfigurationActionExecuter.configure(DefaultBuildConfigurationActionExecuter.java:48)
	at org.gradle.execution.DefaultBuildConfigurationActionExecuter.select(DefaultBuildConfigurationActionExecuter.java:36)
	at org.gradle.initialization.DefaultGradleLauncher$CalculateTaskGraph.run(DefaultGradleLauncher.java:268)
	at org.gradle.internal.progress.DefaultBuildOperationExecutor$RunnableBuildOperationWorker.execute(DefaultBuildOperationExecutor.java:336)
	at org.gradle.internal.progress.DefaultBuildOperationExecutor$RunnableBuildOperationWorker.execute(DefaultBuildOperationExecutor.java:328)
	at org.gradle.internal.progress.DefaultBuildOperationExecutor.execute(DefaultBuildOperationExecutor.java:199)
	at org.gradle.internal.progress.DefaultBuildOperationExecutor.run(DefaultBuildOperationExecutor.java:110)
	at org.gradle.initialization.DefaultGradleLauncher.constructTaskGraph(DefaultGradleLauncher.java:175)
	at org.gradle.initialization.DefaultGradleLauncher.doBuildStages(DefaultGradleLauncher.java:130)
	at org.gradle.initialization.DefaultGradleLauncher.executeTasks(DefaultGradleLauncher.java:109)
	at org.gradle.internal.invocation.GradleBuildController$1.call(GradleBuildController.java:78)
	at org.gradle.internal.invocation.GradleBuildController$1.call(GradleBuildController.java:75)
	at org.gradle.internal.work.DefaultWorkerLeaseService.withLocks(DefaultWorkerLeaseService.java:152)
	at org.gradle.internal.invocation.GradleBuildController.doBuild(GradleBuildController.java:100)
	at org.gradle.internal.invocation.GradleBuildController.run(GradleBuildController.java:75)
	at org.gradle.tooling.internal.provider.ExecuteBuildActionRunner.run(ExecuteBuildActionRunner.java:28)
	at org.gradle.launcher.exec.ChainingBuildActionRunner.run(ChainingBuildActionRunner.java:35)
	at org.gradle.tooling.internal.provider.ValidatingBuildActionRunner.run(ValidatingBuildActionRunner.java:32)
	at org.gradle.launcher.exec.RunAsBuildOperationBuildActionRunner$1.run(RunAsBuildOperationBuildActionRunner.java:43)
	at org.gradle.internal.progress.DefaultBuildOperationExecutor$RunnableBuildOperationWorker.execute(DefaultBuildOperationExecutor.java:336)
	at org.gradle.internal.progress.DefaultBuildOperationExecutor$RunnableBuildOperationWorker.execute(DefaultBuildOperationExecutor.java:328)
	at org.gradle.internal.progress.DefaultBuildOperationExecutor.execute(DefaultBuildOperationExecutor.java:199)
	at org.gradle.internal.progress.DefaultBuildOperationExecutor.run(DefaultBuildOperationExecutor.java:110)
	at org.gradle.launcher.exec.RunAsBuildOperationBuildActionRunner.run(RunAsBuildOperationBuildActionRunner.java:40)
	at org.gradle.tooling.internal.provider.SubscribableBuildActionRunner.run(SubscribableBuildActionRunner.java:51)
	at org.gradle.launcher.exec.InProcessBuildActionExecuter.execute(InProcessBuildActionExecuter.java:47)
	at org.gradle.launcher.exec.InProcessBuildActionExecuter.execute(InProcessBuildActionExecuter.java:30)
	at org.gradle.launcher.exec.BuildTreeScopeBuildActionExecuter.execute(BuildTreeScopeBuildActionExecuter.java:39)
	at org.gradle.launcher.exec.BuildTreeScopeBuildActionExecuter.execute(BuildTreeScopeBuildActionExecuter.java:25)
	at org.gradle.tooling.internal.provider.ContinuousBuildActionExecuter.execute(ContinuousBuildActionExecuter.java:80)
	at org.gradle.tooling.internal.provider.ContinuousBuildActionExecuter.execute(ContinuousBuildActionExecuter.java:53)
	at org.gradle.tooling.internal.provider.ServicesSetupBuildActionExecuter.execute(ServicesSetupBuildActionExecuter.java:57)
	at org.gradle.tooling.internal.provider.ServicesSetupBuildActionExecuter.execute(ServicesSetupBuildActionExecuter.java:32)
	at org.gradle.tooling.internal.provider.GradleThreadBuildActionExecuter.execute(GradleThreadBuildActionExecuter.java:36)
	at org.gradle.tooling.internal.provider.GradleThreadBuildActionExecuter.execute(GradleThreadBuildActionExecuter.java:25)
	at org.gradle.tooling.internal.provider.ParallelismConfigurationBuildActionExecuter.execute(ParallelismConfigurationBuildActionExecuter.java:43)
	at org.gradle.tooling.internal.provider.ParallelismConfigurationBuildActionExecuter.execute(ParallelismConfigurationBuildActionExecuter.java:29)
	at org.gradle.tooling.internal.provider.StartParamsValidatingActionExecuter.execute(StartParamsValidatingActionExecuter.java:69)
	at org.gradle.tooling.internal.provider.StartParamsValidatingActionExecuter.execute(StartParamsValidatingActionExecuter.java:30)
	at org.gradle.tooling.internal.provider.SessionFailureReportingActionExecuter.execute(SessionFailureReportingActionExecuter.java:59)
	at org.gradle.tooling.internal.provider.SessionFailureReportingActionExecuter.execute(SessionFailureReportingActionExecuter.java:44)
	at org.gradle.tooling.internal.provider.SetupLoggingActionExecuter.execute(SetupLoggingActionExecuter.java:45)
	at org.gradle.tooling.internal.provider.SetupLoggingActionExecuter.execute(SetupLoggingActionExecuter.java:30)
	at org.gradle.launcher.cli.RunBuildAction.run(RunBuildAction.java:51)
	at org.gradle.internal.Actions$RunnableActionAdapter.execute(Actions.java:173)
	at org.gradle.launcher.cli.CommandLineActionFactory$ParseAndBuildAction.execute(CommandLineActionFactory.java:291)
	at org.gradle.launcher.cli.CommandLineActionFactory$ParseAndBuildAction.execute(CommandLineActionFactory.java:264)
	at org.gradle.launcher.cli.JavaRuntimeValidationAction.execute(JavaRuntimeValidationAction.java:33)
	at org.gradle.launcher.cli.JavaRuntimeValidationAction.execute(JavaRuntimeValidationAction.java:24)
	at org.gradle.launcher.cli.ExceptionReportingAction.execute(ExceptionReportingAction.java:33)
	at org.gradle.launcher.cli.ExceptionReportingAction.execute(ExceptionReportingAction.java:22)
	at org.gradle.launcher.cli.CommandLineActionFactory$WithLogging.execute(CommandLineActionFactory.java:257)
	at org.gradle.launcher.cli.CommandLineActionFactory$WithLogging.execute(CommandLineActionFactory.java:191)
	at org.gradle.launcher.Main.doAction(Main.java:33)
	at org.gradle.launcher.bootstrap.EntryPoint.run(EntryPoint.java:45)
	at org.gradle.launcher.bootstrap.ProcessBootstrap.runNoExit(ProcessBootstrap.java:60)
	at org.gradle.launcher.bootstrap.ProcessBootstrap.run(ProcessBootstrap.java:37)
	at org.gradle.launcher.GradleMain.main(GradleMain.java:23)
	at org.gradle.wrapper.BootstrapMainStarter.start(BootstrapMainStarter.java:31)
	at org.gradle.wrapper.WrapperExecutor.execute(WrapperExecutor.java:108)
	at org.gradle.wrapper.GradleWrapperMain.main(GradleWrapperMain.java:61)


* Get more help at https://help.gradle.org

BUILD FAILED in 5s

2019-02-04 11:20:07,162 ERROR ProjectBuildService - Excluded tasks were detected wrong
2019-02-04 11:20:07,162 INFO  SysUtils - Execute command: [/var/folders/bq/vtzpc5ns5sg2cthy61lqpg3dfzgbys/T/1549253986697-0/src/coffeetextview-master/gradlew, -b, /var/folders/bq/vtzpc5ns5sg2cthy61lqpg3dfzgbys/T/1549253986697-0/src/coffeetextview-master/app/build.gradle, -Dorg.gradle.daemon=false, -Dorg.gradle.daemon.performance.enable-monitoring=false, -Dorg.gradle.configureondemand=true, --stacktrace, build]
2019-02-04 11:21:01,579 INFO  SysUtils - Configuration on demand is an incubating feature.
:app:preBuild UP-TO-DATE
:coffeetextview:preBuild UP-TO-DATE
:coffeetextview:preDebugBuild UP-TO-DATE
:coffeetextview:checkDebugManifest
:coffeetextview:processDebugManifest
:app:preDebugBuild
Download https://dl.google.com/dl/android/maven2/com/android/support/support-core-utils/28.0.0-alpha1/support-core-utils-28.0.0-alpha1.aar
Download https://dl.google.com/dl/android/maven2/com/android/support/support-fragment/28.0.0-alpha1/support-fragment-28.0.0-alpha1.aar
Download https://dl.google.com/dl/android/maven2/com/android/support/support-vector-drawable/28.0.0-alpha1/support-vector-drawable-28.0.0-alpha1.aar
Download https://dl.google.com/dl/android/maven2/com/android/support/appcompat-v7/28.0.0-alpha1/appcompat-v7-28.0.0-alpha1.aar
Download https://dl.google.com/dl/android/maven2/com/android/support/animated-vector-drawable/28.0.0-alpha1/animated-vector-drawable-28.0.0-alpha1.aar
Download https://dl.google.com/dl/android/maven2/com/android/support/support-core-ui/28.0.0-alpha1/support-core-ui-28.0.0-alpha1.aar
Download https://dl.google.com/dl/android/maven2/com/android/support/viewpager/28.0.0-alpha1/viewpager-28.0.0-alpha1.aar
Download https://dl.google.com/dl/android/maven2/com/android/support/loader/28.0.0-alpha1/loader-28.0.0-alpha1.aar
Download https://dl.google.com/dl/android/maven2/com/android/support/coordinatorlayout/28.0.0-alpha1/coordinatorlayout-28.0.0-alpha1.aar
Download https://dl.google.com/dl/android/maven2/com/android/support/slidingpanelayout/28.0.0-alpha1/slidingpanelayout-28.0.0-alpha1.aar
Download https://dl.google.com/dl/android/maven2/com/android/support/customview/28.0.0-alpha1/customview-28.0.0-alpha1.aar
Download https://dl.google.com/dl/android/maven2/com/android/support/swiperefreshlayout/28.0.0-alpha1/swiperefreshlayout-28.0.0-alpha1.aar
Download https://dl.google.com/dl/android/maven2/com/android/support/drawerlayout/28.0.0-alpha1/drawerlayout-28.0.0-alpha1.aar
Download https://dl.google.com/dl/android/maven2/com/android/support/asynclayoutinflater/28.0.0-alpha1/asynclayoutinflater-28.0.0-alpha1.aar
Download https://dl.google.com/dl/android/maven2/com/android/support/support-compat/28.0.0-alpha1/support-compat-28.0.0-alpha1.aar
Download https://dl.google.com/dl/android/maven2/com/android/support/cursoradapter/28.0.0-alpha1/cursoradapter-28.0.0-alpha1.aar
Download https://dl.google.com/dl/android/maven2/com/android/support/localbroadcastmanager/28.0.0-alpha1/localbroadcastmanager-28.0.0-alpha1.aar
Download https://dl.google.com/dl/android/maven2/com/android/support/print/28.0.0-alpha1/print-28.0.0-alpha1.aar
Download https://dl.google.com/dl/android/maven2/com/android/support/documentfile/28.0.0-alpha1/documentfile-28.0.0-alpha1.aar
Download https://dl.google.com/dl/android/maven2/com/android/support/interpolator/28.0.0-alpha1/interpolator-28.0.0-alpha1.aar
:coffeetextview:compileDebugAidl
:app:compileDebugAidl
:coffeetextview:packageDebugRenderscript NO-SOURCE
:app:compileDebugRenderscript
:app:checkDebugManifest
:app:generateDebugBuildConfig
:app:mainApkListPersistenceDebug
:app:generateDebugResValues
:app:generateDebugResources
:coffeetextview:compileDebugRenderscript
:coffeetextview:generateDebugResValues
:coffeetextview:generateDebugResources
:coffeetextview:packageDebugResources
:app:mergeDebugResources
:app:createDebugCompatibleScreenManifests
:app:processDebugManifest
:app:splitsDiscoveryTaskDebug
:coffeetextview:platformAttrExtractor
:coffeetextview:generateDebugBuildConfig
:coffeetextview:prepareLintJar
:coffeetextview:javaPreCompileDebug
Download https://dl.google.com/dl/android/maven2/com/android/support/collections/28.0.0-alpha1/collections-28.0.0-alpha1.jar
Download https://dl.google.com/dl/android/maven2/com/android/support/support-annotations/28.0.0-alpha1/support-annotations-28.0.0-alpha1.jar
:coffeetextview:processDebugJavaRes NO-SOURCE
:app:prepareLintJar
:app:compileDebugNdk NO-SOURCE
:app:mergeDebugShaders
:app:compileDebugShaders
:app:generateDebugAssets
:coffeetextview:mergeDebugShaders
:coffeetextview:compileDebugShaders
:coffeetextview:generateDebugAssets
:coffeetextview:packageDebugAssets
:app:mergeDebugAssets
:app:mergeDebugJniLibFolders
:coffeetextview:compileDebugNdk NO-SOURCE
:coffeetextview:mergeDebugJniLibFolders
:coffeetextview:transformNativeLibsWithMergeJniLibsForDebug
:coffeetextview:transformNativeLibsWithStripDebugSymbolForDebug
:coffeetextview:transformNativeLibsWithIntermediateJniLibsForDebug
:app:processDebugJavaRes NO-SOURCE
:app:validateSigningDebug
:coffeetextview:preReleaseBuild UP-TO-DATE
:coffeetextview:checkReleaseManifest
:coffeetextview:processReleaseManifest
:app:preReleaseBuild
:coffeetextview:compileReleaseAidl
:app:compileReleaseAidl
:coffeetextview:packageReleaseRenderscript NO-SOURCE
:app:compileReleaseRenderscript
:app:checkReleaseManifest
:app:generateReleaseBuildConfig
:app:mainApkListPersistenceRelease
:app:generateReleaseResValues
:app:generateReleaseResources
:coffeetextview:compileReleaseRenderscript
:coffeetextview:generateReleaseResValues
:coffeetextview:generateReleaseResources
:coffeetextview:packageReleaseResources
:app:mergeReleaseResources
:app:createReleaseCompatibleScreenManifests
:app:processReleaseManifest
:app:splitsDiscoveryTaskRelease
:coffeetextview:generateReleaseBuildConfig
:coffeetextview:javaPreCompileRelease
:coffeetextview:processReleaseJavaRes NO-SOURCE
:app:compileReleaseNdk NO-SOURCE
:app:mergeReleaseShaders
:app:compileReleaseShaders
:app:generateReleaseAssets
:coffeetextview:mergeReleaseShaders
:coffeetextview:compileReleaseShaders
:coffeetextview:generateReleaseAssets
:coffeetextview:packageReleaseAssets
:app:mergeReleaseAssets
:app:mergeReleaseJniLibFolders
:coffeetextview:compileReleaseNdk NO-SOURCE
:coffeetextview:mergeReleaseJniLibFolders
:coffeetextview:transformNativeLibsWithMergeJniLibsForRelease
:coffeetextview:transformNativeLibsWithStripDebugSymbolForRelease
:coffeetextview:transformNativeLibsWithIntermediateJniLibsForRelease
:app:processReleaseJavaRes NO-SOURCE
:app:preDebugUnitTestBuild UP-TO-DATE
:app:mockableAndroidJar
:app:processDebugUnitTestJavaRes NO-SOURCE
:app:preReleaseUnitTestBuild UP-TO-DATE
:app:processReleaseUnitTestJavaRes NO-SOURCE
:coffeetextview:generateDebugRFile
:app:processDebugResources
:coffeetextview:generateDebugSources
:coffeetextview:compileDebugJavaWithJavac
:coffeetextview:transformClassesAndResourcesWithPrepareIntermediateJarsForDebug
:app:compileDebugKotlin
:app:generateDebugSources
:app:javaPreCompileDebug
:app:compileDebugJavaWithJavac
:app:compileDebugSources
:app:transformClassesWithDexBuilderForDebug
D8: Stripped invalid locals information from 1 method.
D8: Stripped invalid locals information from 1 method.
:app:transformDexArchiveWithExternalLibsDexMergerForDebug
:app:transformDexArchiveWithDexMergerForDebug
:app:transformNativeLibsWithMergeJniLibsForDebug
:app:transformNativeLibsWithStripDebugSymbolForDebug
:app:transformResourcesWithMergeJavaResForDebug
:app:packageDebug
:app:assembleDebug
:coffeetextview:generateReleaseRFile
:app:processReleaseResources
:coffeetextview:generateReleaseSources
:coffeetextview:compileReleaseJavaWithJavac
:coffeetextview:transformClassesAndResourcesWithPrepareIntermediateJarsForRelease
:app:compileReleaseKotlin
:app:generateReleaseSources
:app:javaPreCompileRelease
:app:compileReleaseJavaWithJavac
:app:compileReleaseSources
:app:lintVitalRelease SKIPPED
:app:transformClassesWithDexBuilderForRelease
:app:transformDexArchiveWithExternalLibsDexMergerForRelease
:app:transformDexArchiveWithDexMergerForRelease
:app:transformNativeLibsWithMergeJniLibsForRelease
:app:transformNativeLibsWithStripDebugSymbolForRelease
:app:transformResourcesWithMergeJavaResForRelease
:app:packageRelease
:app:assembleRelease
:app:assemble
:app:lint
Ran lint on variant release: 11 issues found
Ran lint on variant debug: 11 issues found
Wrote HTML report to file:///private/var/folders/bq/vtzpc5ns5sg2cthy61lqpg3dfzgbys/T/1549253986697-0/src/coffeetextview-master/app/build/reports/lint-results.html
Wrote XML report to file:///private/var/folders/bq/vtzpc5ns5sg2cthy61lqpg3dfzgbys/T/1549253986697-0/src/coffeetextview-master/app/build/reports/lint-results.xml
:app:compileDebugUnitTestKotlin
:app:javaPreCompileDebugUnitTest
:app:compileDebugUnitTestJavaWithJavac NO-SOURCE
:app:testDebugUnitTest
:app:compileReleaseUnitTestKotlin
:app:javaPreCompileReleaseUnitTest
:app:compileReleaseUnitTestJavaWithJavac NO-SOURCE
:app:testReleaseUnitTest
:app:test
:app:check
:app:build

BUILD SUCCESSFUL in 53s
100 actionable tasks: 100 executed

2019-02-04 11:21:01,677 INFO  FullProcessService - Found APK file: /var/folders/bq/vtzpc5ns5sg2cthy61lqpg3dfzgbys/T/1549253986697-0/src/coffeetextview-master/app/build/outputs/apk/debug/app-debug.apk
