2019-01-06 20:54:14,370 INFO  DownloadService - Downloading "https://github.com/WindSekirun/RxSocialLogin/archive/master.zip", attempt 3
2019-01-06 20:54:16,651 INFO  DownloadService - Downloaded https://github.com/WindSekirun/RxSocialLogin/archive/master.zip, attempt 3
2019-01-06 20:54:16,652 INFO  DownloadService - Size of file "/var/folders/bq/vtzpc5ns5sg2cthy61lqpg3dfzgbys/T/1546782854361-0/master.zip": 616 KB
2019-01-06 20:54:16,652 INFO  ArchiveUtils - Checking entries [.gradle] in ZIP file...
2019-01-06 20:54:16,654 INFO  ArchiveUtils - Has entries [.gradle] in ZIP file /var/folders/bq/vtzpc5ns5sg2cthy61lqpg3dfzgbys/T/1546782854361-0/master.zip: true
2019-01-06 20:54:16,654 DEBUG ZipUtil - Extracting '/var/folders/bq/vtzpc5ns5sg2cthy61lqpg3dfzgbys/T/1546782854361-0/master.zip' into '/var/folders/bq/vtzpc5ns5sg2cthy61lqpg3dfzgbys/T/1546782854361-0/src'.
2019-01-06 20:54:16,698 INFO  FullProcessService - Size of directory with sources: 917 KB
2019-01-06 20:54:16,698 INFO  SysUtils - Execute command: [git, init, /var/folders/bq/vtzpc5ns5sg2cthy61lqpg3dfzgbys/T/1546782854361-0/src]
2019-01-06 20:54:16,728 INFO  SysUtils - Initialized empty Git repository in /private/var/folders/bq/vtzpc5ns5sg2cthy61lqpg3dfzgbys/T/1546782854361-0/src/.git/

2019-01-06 20:54:16,735 INFO  ProjectBuildService - Gradle wrapper(s): /var/folders/bq/vtzpc5ns5sg2cthy61lqpg3dfzgbys/T/1546782854361-0/src/RxSocialLogin-master/gradlew
2019-01-06 20:54:16,742 INFO  ProjectBuildService - Build script(s): /var/folders/bq/vtzpc5ns5sg2cthy61lqpg3dfzgbys/T/1546782854361-0/src/RxSocialLogin-master/demo/build.gradle /var/folders/bq/vtzpc5ns5sg2cthy61lqpg3dfzgbys/T/1546782854361-0/src/RxSocialLogin-master/library/build.gradle /var/folders/bq/vtzpc5ns5sg2cthy61lqpg3dfzgbys/T/1546782854361-0/src/RxSocialLogin-master/build.gradle
2019-01-06 20:54:16,748 INFO  ProjectBuildService - All script(s): /var/folders/bq/vtzpc5ns5sg2cthy61lqpg3dfzgbys/T/1546782854361-0/src/RxSocialLogin-master/demo/build.gradle /var/folders/bq/vtzpc5ns5sg2cthy61lqpg3dfzgbys/T/1546782854361-0/src/RxSocialLogin-master/library/build.gradle /var/folders/bq/vtzpc5ns5sg2cthy61lqpg3dfzgbys/T/1546782854361-0/src/RxSocialLogin-master/build.gradle /var/folders/bq/vtzpc5ns5sg2cthy61lqpg3dfzgbys/T/1546782854361-0/src/RxSocialLogin-master/settings.gradle
2019-01-06 20:54:16,749 INFO  ProjectBuildService - Remote scripts: none
2019-01-06 20:54:16,749 INFO  ProjectFixService - Fixing project...
2019-01-06 20:54:16,763 INFO  LocalPropertiesFixService - Created fake /var/folders/bq/vtzpc5ns5sg2cthy61lqpg3dfzgbys/T/1546782854361-0/src/RxSocialLogin-master/demo/local.properties
2019-01-06 20:54:16,765 INFO  ProjectFixService - Build info for "/var/folders/bq/vtzpc5ns5sg2cthy61lqpg3dfzgbys/T/1546782854361-0/src/RxSocialLogin-master/demo/build.gradle": [buildToolsVersion=<null>,compileSdkVersion=28,minSdkVersion=21,targetSdkVersion=28]
2019-01-06 20:54:16,765 INFO  ProjectFixService - Fixed build info for "/var/folders/bq/vtzpc5ns5sg2cthy61lqpg3dfzgbys/T/1546782854361-0/src/RxSocialLogin-master/demo/build.gradle": [buildToolsVersion=28.0.0-rc2,compileSdkVersion=28,minSdkVersion=21,targetSdkVersion=28]
2019-01-06 20:54:16,766 INFO  LocalPropertiesFixService - Created fake /var/folders/bq/vtzpc5ns5sg2cthy61lqpg3dfzgbys/T/1546782854361-0/src/RxSocialLogin-master/library/local.properties
2019-01-06 20:54:16,768 INFO  ProjectFixService - Build info for "/var/folders/bq/vtzpc5ns5sg2cthy61lqpg3dfzgbys/T/1546782854361-0/src/RxSocialLogin-master/library/build.gradle": [buildToolsVersion=<null>,compileSdkVersion=28,minSdkVersion=16,targetSdkVersion=28]
2019-01-06 20:54:16,768 INFO  ProjectFixService - Fixed build info for "/var/folders/bq/vtzpc5ns5sg2cthy61lqpg3dfzgbys/T/1546782854361-0/src/RxSocialLogin-master/library/build.gradle": [buildToolsVersion=28.0.0-rc2,compileSdkVersion=28,minSdkVersion=16,targetSdkVersion=28]
2019-01-06 20:54:16,769 INFO  LocalPropertiesFixService - Created fake /var/folders/bq/vtzpc5ns5sg2cthy61lqpg3dfzgbys/T/1546782854361-0/src/RxSocialLogin-master/local.properties
2019-01-06 20:54:16,770 INFO  WrapperPropertiesFixService - Gradle wrapper: https://services.gradle.org/distributions/gradle-4.6-all.zip
2019-01-06 20:54:16,770 INFO  WrapperPropertiesFixService - Gradle wrapper was changed from "-all.zip" to "-bin.zip" (https://services.gradle.org/distributions/gradle-4.6-bin.zip)
2019-01-06 20:54:16,773 INFO  ProjectFixService - Build info for "/var/folders/bq/vtzpc5ns5sg2cthy61lqpg3dfzgbys/T/1546782854361-0/src/RxSocialLogin-master/build.gradle": [buildToolsVersion=<null>,compileSdkVersion=28,minSdkVersion=21,targetSdkVersion=28]
2019-01-06 20:54:16,773 INFO  ProjectFixService - Fixed build info for "/var/folders/bq/vtzpc5ns5sg2cthy61lqpg3dfzgbys/T/1546782854361-0/src/RxSocialLogin-master/build.gradle": [buildToolsVersion=28.0.0-rc2,compileSdkVersion=28,minSdkVersion=21,targetSdkVersion=28]
2019-01-06 20:54:16,773 INFO  ProjectFixService - Project was maybe fixed
2019-01-06 20:54:16,774 INFO  ProjectTaskService - Detecting possible tasks...
2019-01-06 20:54:16,774 INFO  SysUtils - Execute command: [/var/folders/bq/vtzpc5ns5sg2cthy61lqpg3dfzgbys/T/1546782854361-0/src/RxSocialLogin-master/gradlew, -b, /var/folders/bq/vtzpc5ns5sg2cthy61lqpg3dfzgbys/T/1546782854361-0/src/RxSocialLogin-master/demo/build.gradle, -Dorg.gradle.daemon=false, -Dorg.gradle.daemon.performance.enable-monitoring=false, -Dorg.gradle.configureondemand=true, tasks]
2019-01-06 20:54:24,785 INFO  ProjectTaskService - Detected possible tasks: 72
2019-01-06 20:54:24,785 INFO  ProjectTaskService - Excluded tasks (18): lintDebug deviceCheck lint testReleaseUnitTest uninstallRelease deviceAndroidTest uninstallDebugAndroidTest installDebugAndroidTest connectedCheck connectedDebugAndroidTest uninstallAll test check testDebugUnitTest connectedAndroidTest installDebug lintRelease uninstallDebug
2019-01-06 20:54:24,786 INFO  SysUtils - Execute command: [/var/folders/bq/vtzpc5ns5sg2cthy61lqpg3dfzgbys/T/1546782854361-0/src/RxSocialLogin-master/gradlew, -b, /var/folders/bq/vtzpc5ns5sg2cthy61lqpg3dfzgbys/T/1546782854361-0/src/RxSocialLogin-master/demo/build.gradle, -Dorg.gradle.daemon=false, -Dorg.gradle.daemon.performance.enable-monitoring=false, -Dorg.gradle.configureondemand=true, --stacktrace, -x, lintDebug, -x, deviceCheck, -x, lint, -x, testReleaseUnitTest, -x, uninstallRelease, -x, deviceAndroidTest, -x, uninstallDebugAndroidTest, -x, installDebugAndroidTest, -x, connectedCheck, -x, connectedDebugAndroidTest, -x, uninstallAll, -x, test, -x, check, -x, testDebugUnitTest, -x, connectedAndroidTest, -x, installDebug, -x, lintRelease, -x, uninstallDebug, build]
2019-01-06 20:54:52,301 ERROR SysUtils - Could not process external command
org.apache.commons.exec.ExecuteException: Process exited with an error: 1 (Exit value: 1)
	at org.apache.commons.exec.DefaultExecutor.executeInternal(DefaultExecutor.java:404)
	at org.apache.commons.exec.DefaultExecutor.execute(DefaultExecutor.java:166)
	at com.github.vbauer.apkmaster.util.SysUtils.execute(SysUtils.java:67)
	at com.github.vbauer.apkmaster.util.SysUtils.executeSimple(SysUtils.java:43)
	at com.github.vbauer.apkmaster.service.assembly.ProjectBuildService.buildProject(ProjectBuildService.java:78)
	at com.github.vbauer.apkmaster.service.assembly.ProjectBuildService.buildProject(ProjectBuildService.java:64)
	at com.github.vbauer.apkmaster.service.assembly.ProjectBuildService.buildProject(ProjectBuildService.java:43)
	at com.github.vbauer.apkmaster.service.FullProcessService.build(FullProcessService.java:84)
	at com.github.vbauer.apkmaster.service.FullProcessService.process(FullProcessService.java:34)
	at com.github.vbauer.apkmaster.app.MainApplication.process(MainApplication.java:38)
	at com.github.vbauer.apkmaster.app.MainApplication.main(MainApplication.java:20)
	at sun.reflect.NativeMethodAccessorImpl.invoke0(Native Method)
	at sun.reflect.NativeMethodAccessorImpl.invoke(NativeMethodAccessorImpl.java:62)
	at sun.reflect.DelegatingMethodAccessorImpl.invoke(DelegatingMethodAccessorImpl.java:43)
	at java.lang.reflect.Method.invoke(Method.java:498)
	at com.android.arsenal.util.ReflectionUtils.invoke(ReflectionUtils.java:52)
	at com.android.arsenal.util.ApkMasterUtils.main(ApkMasterUtils.java:30)
	at com.android.arsenal.service.processor.impl.BuildProcessorServiceImpl.buildProject(BuildProcessorServiceImpl.java:196)
	at com.android.arsenal.service.processor.impl.BuildProcessorServiceImpl.build(BuildProcessorServiceImpl.java:130)
	at com.android.arsenal.service.processor.impl.BuildProcessorServiceImpl.lambda$createTasks$1(BuildProcessorServiceImpl.java:113)
	at java.util.concurrent.FutureTask.run(FutureTask.java:266)
	at java.util.concurrent.Executors$RunnableAdapter.call(Executors.java:511)
	at java.util.concurrent.FutureTask.run(FutureTask.java:266)
	at java.util.concurrent.ThreadPoolExecutor.runWorker(ThreadPoolExecutor.java:1149)
	at java.util.concurrent.ThreadPoolExecutor$Worker.run(ThreadPoolExecutor.java:624)
	at java.lang.Thread.run(Thread.java:748)
2019-01-06 20:54:52,301 INFO  SysUtils - Configuration on demand is an incubating feature.
WARNING: Configuration 'compile' is obsolete and has been replaced with 'implementation' and 'api'.
It will be removed at the end of 2018. For more information see: http://d.android.com/r/tools/update-dependency-configurations.html
registerResGeneratingTask is deprecated, use registerGeneratedResFolders(FileCollection)
registerResGeneratingTask is deprecated, use registerGeneratedResFolders(FileCollection)
:demo:checkDebugClasspath
Download https://dl.google.com/dl/android/maven2/com/google/android/gms/play-services-ads-identifier/15.0.1/play-services-ads-identifier-15.0.1.aar
:demo:preBuild UP-TO-DATE
:library:preBuild UP-TO-DATE
:library:preDebugBuild UP-TO-DATE
:library:checkDebugManifest
:library:processDebugManifest
:demo:preDebugBuild
:library:compileDebugAidl NO-SOURCE
:demo:compileDebugAidl NO-SOURCE
:library:packageDebugRenderscript NO-SOURCE
:demo:compileDebugRenderscript
:demo:checkDebugManifest
:demo:generateDebugBuildConfig
:demo:mainApkListPersistenceDebug
:demo:generateDebugResValues
:demo:generateDebugResources
:demo:processDebugGoogleServices FAILED

FAILURE: Build failed with an exception.

* What went wrong:
Execution failed for task ':demo:processDebugGoogleServices'.
> File google-services.json is missing. The Google Services Plugin cannot function without it. 
   Searched Location: 
  /private/var/folders/bq/vtzpc5ns5sg2cthy61lqpg3dfzgbys/T/1546782854361-0/src/RxSocialLogin-master/demo/src/debug/google-services.json
  /private/var/folders/bq/vtzpc5ns5sg2cthy61lqpg3dfzgbys/T/1546782854361-0/src/RxSocialLogin-master/demo/google-services.json

* Try:
Run with --info or --debug option to get more log output. Run with --scan to get full insights.

* Exception is:
org.gradle.api.tasks.TaskExecutionException: Execution failed for task ':demo:processDebugGoogleServices'.
	at org.gradle.api.internal.tasks.execution.ExecuteActionsTaskExecuter.executeActions(ExecuteActionsTaskExecuter.java:103)
	at org.gradle.api.internal.tasks.execution.ExecuteActionsTaskExecuter.execute(ExecuteActionsTaskExecuter.java:73)
	at org.gradle.api.internal.tasks.execution.OutputDirectoryCreatingTaskExecuter.execute(OutputDirectoryCreatingTaskExecuter.java:51)
	at org.gradle.api.internal.tasks.execution.SkipUpToDateTaskExecuter.execute(SkipUpToDateTaskExecuter.java:59)
	at org.gradle.api.internal.tasks.execution.ResolveTaskOutputCachingStateExecuter.execute(ResolveTaskOutputCachingStateExecuter.java:54)
	at org.gradle.api.internal.tasks.execution.ValidatingTaskExecuter.execute(ValidatingTaskExecuter.java:59)
	at org.gradle.api.internal.tasks.execution.SkipEmptySourceFilesTaskExecuter.execute(SkipEmptySourceFilesTaskExecuter.java:101)
	at org.gradle.api.internal.tasks.execution.FinalizeInputFilePropertiesTaskExecuter.execute(FinalizeInputFilePropertiesTaskExecuter.java:44)
	at org.gradle.api.internal.tasks.execution.CleanupStaleOutputsExecuter.execute(CleanupStaleOutputsExecuter.java:91)
	at org.gradle.api.internal.tasks.execution.ResolveTaskArtifactStateTaskExecuter.execute(ResolveTaskArtifactStateTaskExecuter.java:62)
	at org.gradle.api.internal.tasks.execution.SkipTaskWithNoActionsExecuter.execute(SkipTaskWithNoActionsExecuter.java:59)
	at org.gradle.api.internal.tasks.execution.SkipOnlyIfTaskExecuter.execute(SkipOnlyIfTaskExecuter.java:54)
	at org.gradle.api.internal.tasks.execution.ExecuteAtMostOnceTaskExecuter.execute(ExecuteAtMostOnceTaskExecuter.java:43)
	at org.gradle.api.internal.tasks.execution.CatchExceptionTaskExecuter.execute(CatchExceptionTaskExecuter.java:34)
	at org.gradle.execution.taskgraph.DefaultTaskGraphExecuter$EventFiringTaskWorker$1.run(DefaultTaskGraphExecuter.java:256)
	at org.gradle.internal.progress.DefaultBuildOperationExecutor$RunnableBuildOperationWorker.execute(DefaultBuildOperationExecutor.java:336)
	at org.gradle.internal.progress.DefaultBuildOperationExecutor$RunnableBuildOperationWorker.execute(DefaultBuildOperationExecutor.java:328)
	at org.gradle.internal.progress.DefaultBuildOperationExecutor.execute(DefaultBuildOperationExecutor.java:199)
	at org.gradle.internal.progress.DefaultBuildOperationExecutor.run(DefaultBuildOperationExecutor.java:110)
	at org.gradle.execution.taskgraph.DefaultTaskGraphExecuter$EventFiringTaskWorker.execute(DefaultTaskGraphExecuter.java:249)
	at org.gradle.execution.taskgraph.DefaultTaskGraphExecuter$EventFiringTaskWorker.execute(DefaultTaskGraphExecuter.java:238)
	at org.gradle.execution.taskgraph.DefaultTaskPlanExecutor$TaskExecutorWorker.processTask(DefaultTaskPlanExecutor.java:123)
	at org.gradle.execution.taskgraph.DefaultTaskPlanExecutor$TaskExecutorWorker.access$200(DefaultTaskPlanExecutor.java:79)
	at org.gradle.execution.taskgraph.DefaultTaskPlanExecutor$TaskExecutorWorker$1.execute(DefaultTaskPlanExecutor.java:104)
	at org.gradle.execution.taskgraph.DefaultTaskPlanExecutor$TaskExecutorWorker$1.execute(DefaultTaskPlanExecutor.java:98)
	at org.gradle.execution.taskgraph.DefaultTaskExecutionPlan.execute(DefaultTaskExecutionPlan.java:663)
	at org.gradle.execution.taskgraph.DefaultTaskExecutionPlan.executeWithTask(DefaultTaskExecutionPlan.java:597)
	at org.gradle.execution.taskgraph.DefaultTaskPlanExecutor$TaskExecutorWorker.run(DefaultTaskPlanExecutor.java:98)
	at org.gradle.internal.concurrent.ExecutorPolicy$CatchAndRecordFailures.onExecute(ExecutorPolicy.java:63)
	at org.gradle.internal.concurrent.ManagedExecutorImpl$1.run(ManagedExecutorImpl.java:46)
	at org.gradle.internal.concurrent.ThreadFactoryImpl$ManagedThreadRunnable.run(ThreadFactoryImpl.java:55)
Caused by: org.gradle.api.GradleException: File google-services.json is missing. The Google Services Plugin cannot function without it. 
 Searched Location: 
/private/var/folders/bq/vtzpc5ns5sg2cthy61lqpg3dfzgbys/T/1546782854361-0/src/RxSocialLogin-master/demo/src/debug/google-services.json
/private/var/folders/bq/vtzpc5ns5sg2cthy61lqpg3dfzgbys/T/1546782854361-0/src/RxSocialLogin-master/demo/google-services.json
	at com.google.gms.googleservices.GoogleServicesTask.action(GoogleServicesTask.java:90)
	at org.gradle.internal.reflect.JavaMethod.invoke(JavaMethod.java:73)
	at org.gradle.api.internal.project.taskfactory.StandardTaskAction.doExecute(StandardTaskAction.java:46)
	at org.gradle.api.internal.project.taskfactory.StandardTaskAction.execute(StandardTaskAction.java:39)
	at org.gradle.api.internal.project.taskfactory.StandardTaskAction.execute(StandardTaskAction.java:26)
	at org.gradle.api.internal.AbstractTask$TaskActionWrapper.execute(AbstractTask.java:788)
	at org.gradle.api.internal.AbstractTask$TaskActionWrapper.execute(AbstractTask.java:755)
	at org.gradle.api.internal.tasks.execution.ExecuteActionsTaskExecuter$1.run(ExecuteActionsTaskExecuter.java:124)
	at org.gradle.internal.progress.DefaultBuildOperationExecutor$RunnableBuildOperationWorker.execute(DefaultBuildOperationExecutor.java:336)
	at org.gradle.internal.progress.DefaultBuildOperationExecutor$RunnableBuildOperationWorker.execute(DefaultBuildOperationExecutor.java:328)
	at org.gradle.internal.progress.DefaultBuildOperationExecutor.execute(DefaultBuildOperationExecutor.java:199)
	at org.gradle.internal.progress.DefaultBuildOperationExecutor.run(DefaultBuildOperationExecutor.java:110)
	at org.gradle.api.internal.tasks.execution.ExecuteActionsTaskExecuter.executeAction(ExecuteActionsTaskExecuter.java:113)
	at org.gradle.api.internal.tasks.execution.ExecuteActionsTaskExecuter.executeActions(ExecuteActionsTaskExecuter.java:95)
	... 30 more


* Get more help at https://help.gradle.org

BUILD FAILED in 27s
10 actionable tasks: 10 executed

2019-01-06 20:54:52,312 INFO  ProjectTaskService - Detecting possible tasks...
2019-01-06 20:54:52,312 INFO  SysUtils - Execute command: [/var/folders/bq/vtzpc5ns5sg2cthy61lqpg3dfzgbys/T/1546782854361-0/src/RxSocialLogin-master/gradlew, -b, /var/folders/bq/vtzpc5ns5sg2cthy61lqpg3dfzgbys/T/1546782854361-0/src/RxSocialLogin-master/library/build.gradle, -Dorg.gradle.daemon=false, -Dorg.gradle.daemon.performance.enable-monitoring=false, -Dorg.gradle.configureondemand=true, tasks]
2019-01-06 20:54:59,334 INFO  ProjectTaskService - Detected possible tasks: 65
2019-01-06 20:54:59,334 INFO  ProjectTaskService - Excluded tasks (15): lintDebug deviceCheck lint testReleaseUnitTest deviceAndroidTest uninstallDebugAndroidTest installDebugAndroidTest connectedCheck connectedDebugAndroidTest uninstallAll test check testDebugUnitTest connectedAndroidTest lintRelease
2019-01-06 20:54:59,335 INFO  SysUtils - Execute command: [/var/folders/bq/vtzpc5ns5sg2cthy61lqpg3dfzgbys/T/1546782854361-0/src/RxSocialLogin-master/gradlew, -b, /var/folders/bq/vtzpc5ns5sg2cthy61lqpg3dfzgbys/T/1546782854361-0/src/RxSocialLogin-master/library/build.gradle, -Dorg.gradle.daemon=false, -Dorg.gradle.daemon.performance.enable-monitoring=false, -Dorg.gradle.configureondemand=true, --stacktrace, -x, lintDebug, -x, deviceCheck, -x, lint, -x, testReleaseUnitTest, -x, deviceAndroidTest, -x, uninstallDebugAndroidTest, -x, installDebugAndroidTest, -x, connectedCheck, -x, connectedDebugAndroidTest, -x, uninstallAll, -x, test, -x, check, -x, testDebugUnitTest, -x, connectedAndroidTest, -x, lintRelease, build]
2019-01-06 20:55:43,307 INFO  SysUtils - Configuration on demand is an incubating feature.
:library:preBuild UP-TO-DATE
:library:preDebugBuild UP-TO-DATE
:library:compileDebugAidl NO-SOURCE
:library:compileDebugRenderscript
:library:checkDebugManifest UP-TO-DATE
:library:generateDebugBuildConfig
:library:generateDebugResValues
:library:generateDebugResources
:library:packageDebugResources
:library:processDebugManifest UP-TO-DATE
:library:generateDebugRFile
:library:compileDebugKotlin
w: /private/var/folders/bq/vtzpc5ns5sg2cthy61lqpg3dfzgbys/T/1546782854361-0/src/RxSocialLogin-master/library/src/main/java/com/github/windsekirun/rxsociallogin/facebook/FacebookAccessTokenProvider.kt: (34, 5): '@JvmOverloads' annotation has no effect for methods without default arguments
w: /private/var/folders/bq/vtzpc5ns5sg2cthy61lqpg3dfzgbys/T/1546782854361-0/src/RxSocialLogin-master/library/src/main/java/com/github/windsekirun/rxsociallogin/google/GoogleLogin.kt: (32, 41): Unnecessary non-null assertion (!!) on a non-null receiver of type FragmentActivity
w: /private/var/folders/bq/vtzpc5ns5sg2cthy61lqpg3dfzgbys/T/1546782854361-0/src/RxSocialLogin-master/library/src/main/java/com/github/windsekirun/rxsociallogin/intenal/oauth/LoginOAuthActivity.kt: (71, 19): Expected type does not accept nulls in Kotlin, but the value may be null in Java
w: /private/var/folders/bq/vtzpc5ns5sg2cthy61lqpg3dfzgbys/T/1546782854361-0/src/RxSocialLogin-master/library/src/main/java/com/github/windsekirun/rxsociallogin/intenal/oauth/LoginOAuthActivity.kt: (72, 20): Expected type does not accept nulls in Kotlin, but the value may be null in Java
w: /private/var/folders/bq/vtzpc5ns5sg2cthy61lqpg3dfzgbys/T/1546782854361-0/src/RxSocialLogin-master/library/src/main/java/com/github/windsekirun/rxsociallogin/intenal/oauth/LoginOAuthActivity.kt: (73, 24): Expected type does not accept nulls in Kotlin, but the value may be null in Java
w: /private/var/folders/bq/vtzpc5ns5sg2cthy61lqpg3dfzgbys/T/1546782854361-0/src/RxSocialLogin-master/library/src/main/java/com/github/windsekirun/rxsociallogin/intenal/oauth/LoginOAuthActivity.kt: (74, 22): Expected type does not accept nulls in Kotlin, but the value may be null in Java
w: /private/var/folders/bq/vtzpc5ns5sg2cthy61lqpg3dfzgbys/T/1546782854361-0/src/RxSocialLogin-master/library/src/main/java/com/github/windsekirun/rxsociallogin/intenal/oauth/LoginOAuthActivity.kt: (74, 76): Unchecked cast: Serializable! to HashMap<String, String>
w: /private/var/folders/bq/vtzpc5ns5sg2cthy61lqpg3dfzgbys/T/1546782854361-0/src/RxSocialLogin-master/library/src/main/java/com/github/windsekirun/rxsociallogin/intenal/oauth/LoginOAuthActivity.kt: (75, 17): Expected type does not accept nulls in Kotlin, but the value may be null in Java
w: /private/var/folders/bq/vtzpc5ns5sg2cthy61lqpg3dfzgbys/T/1546782854361-0/src/RxSocialLogin-master/library/src/main/java/com/github/windsekirun/rxsociallogin/intenal/oauth/LoginOAuthActivity.kt: (76, 30): Expected type does not accept nulls in Kotlin, but the value may be null in Java
w: /private/var/folders/bq/vtzpc5ns5sg2cthy61lqpg3dfzgbys/T/1546782854361-0/src/RxSocialLogin-master/library/src/main/java/com/github/windsekirun/rxsociallogin/intenal/utils/OAuthExtensions.kt: (11, 23): 'removeAllCookie(): Unit' is deprecated. Deprecated in Java
w: /private/var/folders/bq/vtzpc5ns5sg2cthy61lqpg3dfzgbys/T/1546782854361-0/src/RxSocialLogin-master/library/src/main/java/com/github/windsekirun/rxsociallogin/intenal/webview/EnhanceWebView.kt: (249, 22): Parameter 'attrs' is never used
w: /private/var/folders/bq/vtzpc5ns5sg2cthy61lqpg3dfzgbys/T/1546782854361-0/src/RxSocialLogin-master/library/src/main/java/com/github/windsekirun/rxsociallogin/intenal/webview/EnhanceWebView.kt: (312, 104): Expected type does not accept nulls in Kotlin, but the value may be null in Java
w: /private/var/folders/bq/vtzpc5ns5sg2cthy61lqpg3dfzgbys/T/1546782854361-0/src/RxSocialLogin-master/library/src/main/java/com/github/windsekirun/rxsociallogin/intenal/webview/EnhanceWebView.kt: (313, 21): Expected type does not accept nulls in Kotlin, but the value may be null in Java
w: /private/var/folders/bq/vtzpc5ns5sg2cthy61lqpg3dfzgbys/T/1546782854361-0/src/RxSocialLogin-master/library/src/main/java/com/github/windsekirun/rxsociallogin/intenal/webview/EnhanceWebView.kt: (326, 26): 'shouldInterceptRequest(WebView!, String!): WebResourceResponse!' is deprecated. Deprecated in Java
w: /private/var/folders/bq/vtzpc5ns5sg2cthy61lqpg3dfzgbys/T/1546782854361-0/src/RxSocialLogin-master/library/src/main/java/com/github/windsekirun/rxsociallogin/intenal/webview/EnhanceWebView.kt: (390, 60): Parameter 'acceptType' is never used
w: /private/var/folders/bq/vtzpc5ns5sg2cthy61lqpg3dfzgbys/T/1546782854361-0/src/RxSocialLogin-master/library/src/main/java/com/github/windsekirun/rxsociallogin/intenal/webview/EnhanceWebView.kt: (395, 60): Parameter 'acceptType' is never used
w: /private/var/folders/bq/vtzpc5ns5sg2cthy61lqpg3dfzgbys/T/1546782854361-0/src/RxSocialLogin-master/library/src/main/java/com/github/windsekirun/rxsociallogin/intenal/webview/EnhanceWebView.kt: (395, 80): Parameter 'capture' is never used
w: /private/var/folders/bq/vtzpc5ns5sg2cthy61lqpg3dfzgbys/T/1546782854361-0/src/RxSocialLogin-master/library/src/main/java/com/github/windsekirun/rxsociallogin/line/LineLogin.kt: (24, 38): Elvis operator (?:) always returns the left operand of non-nullable type String
w: /private/var/folders/bq/vtzpc5ns5sg2cthy61lqpg3dfzgbys/T/1546782854361-0/src/RxSocialLogin-master/library/src/main/java/com/github/windsekirun/rxsociallogin/windows/WindowsLogin.kt: (25, 102): Unnecessary non-null assertion (!!) on a non-null receiver of type FragmentActivity
:library:prepareLintJar
:library:generateDebugSources
:library:javaPreCompileDebug
:library:compileDebugJavaWithJavac
:library:extractDebugAnnotations
:library:mergeDebugConsumerProguardFiles
:library:mergeDebugShaders
:library:compileDebugShaders
:library:generateDebugAssets
:library:packageDebugAssets
:library:packageDebugRenderscript NO-SOURCE
:library:processDebugJavaRes NO-SOURCE
:library:transformResourcesWithMergeJavaResForDebug
:library:transformClassesAndResourcesWithSyncLibJarsForDebug
:library:compileDebugNdk NO-SOURCE
:library:mergeDebugJniLibFolders
:library:transformNativeLibsWithMergeJniLibsForDebug
:library:transformNativeLibsWithStripDebugSymbolForDebug
:library:transformNativeLibsWithSyncJniLibsForDebug
:library:bundleDebugAar
:library:compileDebugSources
:library:assembleDebug
:library:preReleaseBuild UP-TO-DATE
:library:compileReleaseAidl NO-SOURCE
:library:compileReleaseRenderscript
:library:checkReleaseManifest
:library:generateReleaseBuildConfig
:library:generateReleaseResValues
:library:generateReleaseResources
:library:packageReleaseResources
:library:processReleaseManifest
:library:generateReleaseRFile
:library:compileReleaseKotlin
w: /private/var/folders/bq/vtzpc5ns5sg2cthy61lqpg3dfzgbys/T/1546782854361-0/src/RxSocialLogin-master/library/src/main/java/com/github/windsekirun/rxsociallogin/facebook/FacebookAccessTokenProvider.kt: (34, 5): '@JvmOverloads' annotation has no effect for methods without default arguments
w: /private/var/folders/bq/vtzpc5ns5sg2cthy61lqpg3dfzgbys/T/1546782854361-0/src/RxSocialLogin-master/library/src/main/java/com/github/windsekirun/rxsociallogin/google/GoogleLogin.kt: (32, 41): Unnecessary non-null assertion (!!) on a non-null receiver of type FragmentActivity
w: /private/var/folders/bq/vtzpc5ns5sg2cthy61lqpg3dfzgbys/T/1546782854361-0/src/RxSocialLogin-master/library/src/main/java/com/github/windsekirun/rxsociallogin/intenal/oauth/LoginOAuthActivity.kt: (71, 19): Expected type does not accept nulls in Kotlin, but the value may be null in Java
w: /private/var/folders/bq/vtzpc5ns5sg2cthy61lqpg3dfzgbys/T/1546782854361-0/src/RxSocialLogin-master/library/src/main/java/com/github/windsekirun/rxsociallogin/intenal/oauth/LoginOAuthActivity.kt: (72, 20): Expected type does not accept nulls in Kotlin, but the value may be null in Java
w: /private/var/folders/bq/vtzpc5ns5sg2cthy61lqpg3dfzgbys/T/1546782854361-0/src/RxSocialLogin-master/library/src/main/java/com/github/windsekirun/rxsociallogin/intenal/oauth/LoginOAuthActivity.kt: (73, 24): Expected type does not accept nulls in Kotlin, but the value may be null in Java
w: /private/var/folders/bq/vtzpc5ns5sg2cthy61lqpg3dfzgbys/T/1546782854361-0/src/RxSocialLogin-master/library/src/main/java/com/github/windsekirun/rxsociallogin/intenal/oauth/LoginOAuthActivity.kt: (74, 22): Expected type does not accept nulls in Kotlin, but the value may be null in Java
w: /private/var/folders/bq/vtzpc5ns5sg2cthy61lqpg3dfzgbys/T/1546782854361-0/src/RxSocialLogin-master/library/src/main/java/com/github/windsekirun/rxsociallogin/intenal/oauth/LoginOAuthActivity.kt: (74, 76): Unchecked cast: Serializable! to HashMap<String, String>
w: /private/var/folders/bq/vtzpc5ns5sg2cthy61lqpg3dfzgbys/T/1546782854361-0/src/RxSocialLogin-master/library/src/main/java/com/github/windsekirun/rxsociallogin/intenal/oauth/LoginOAuthActivity.kt: (75, 17): Expected type does not accept nulls in Kotlin, but the value may be null in Java
w: /private/var/folders/bq/vtzpc5ns5sg2cthy61lqpg3dfzgbys/T/1546782854361-0/src/RxSocialLogin-master/library/src/main/java/com/github/windsekirun/rxsociallogin/intenal/oauth/LoginOAuthActivity.kt: (76, 30): Expected type does not accept nulls in Kotlin, but the value may be null in Java
w: /private/var/folders/bq/vtzpc5ns5sg2cthy61lqpg3dfzgbys/T/1546782854361-0/src/RxSocialLogin-master/library/src/main/java/com/github/windsekirun/rxsociallogin/intenal/utils/OAuthExtensions.kt: (11, 23): 'removeAllCookie(): Unit' is deprecated. Deprecated in Java
w: /private/var/folders/bq/vtzpc5ns5sg2cthy61lqpg3dfzgbys/T/1546782854361-0/src/RxSocialLogin-master/library/src/main/java/com/github/windsekirun/rxsociallogin/intenal/webview/EnhanceWebView.kt: (249, 22): Parameter 'attrs' is never used
w: /private/var/folders/bq/vtzpc5ns5sg2cthy61lqpg3dfzgbys/T/1546782854361-0/src/RxSocialLogin-master/library/src/main/java/com/github/windsekirun/rxsociallogin/intenal/webview/EnhanceWebView.kt: (312, 104): Expected type does not accept nulls in Kotlin, but the value may be null in Java
w: /private/var/folders/bq/vtzpc5ns5sg2cthy61lqpg3dfzgbys/T/1546782854361-0/src/RxSocialLogin-master/library/src/main/java/com/github/windsekirun/rxsociallogin/intenal/webview/EnhanceWebView.kt: (313, 21): Expected type does not accept nulls in Kotlin, but the value may be null in Java
w: /private/var/folders/bq/vtzpc5ns5sg2cthy61lqpg3dfzgbys/T/1546782854361-0/src/RxSocialLogin-master/library/src/main/java/com/github/windsekirun/rxsociallogin/intenal/webview/EnhanceWebView.kt: (326, 26): 'shouldInterceptRequest(WebView!, String!): WebResourceResponse!' is deprecated. Deprecated in Java
w: /private/var/folders/bq/vtzpc5ns5sg2cthy61lqpg3dfzgbys/T/1546782854361-0/src/RxSocialLogin-master/library/src/main/java/com/github/windsekirun/rxsociallogin/intenal/webview/EnhanceWebView.kt: (390, 60): Parameter 'acceptType' is never used
w: /private/var/folders/bq/vtzpc5ns5sg2cthy61lqpg3dfzgbys/T/1546782854361-0/src/RxSocialLogin-master/library/src/main/java/com/github/windsekirun/rxsociallogin/intenal/webview/EnhanceWebView.kt: (395, 60): Parameter 'acceptType' is never used
w: /private/var/folders/bq/vtzpc5ns5sg2cthy61lqpg3dfzgbys/T/1546782854361-0/src/RxSocialLogin-master/library/src/main/java/com/github/windsekirun/rxsociallogin/intenal/webview/EnhanceWebView.kt: (395, 80): Parameter 'capture' is never used
w: /private/var/folders/bq/vtzpc5ns5sg2cthy61lqpg3dfzgbys/T/1546782854361-0/src/RxSocialLogin-master/library/src/main/java/com/github/windsekirun/rxsociallogin/line/LineLogin.kt: (24, 38): Elvis operator (?:) always returns the left operand of non-nullable type String
w: /private/var/folders/bq/vtzpc5ns5sg2cthy61lqpg3dfzgbys/T/1546782854361-0/src/RxSocialLogin-master/library/src/main/java/com/github/windsekirun/rxsociallogin/windows/WindowsLogin.kt: (25, 102): Unnecessary non-null assertion (!!) on a non-null receiver of type FragmentActivity
:library:generateReleaseSources
:library:javaPreCompileRelease
:library:compileReleaseJavaWithJavac
:library:extractReleaseAnnotations
:library:mergeReleaseConsumerProguardFiles
:library:mergeReleaseShaders
:library:compileReleaseShaders
:library:generateReleaseAssets
:library:packageReleaseAssets
:library:packageReleaseRenderscript NO-SOURCE
:library:processReleaseJavaRes NO-SOURCE
:library:transformResourcesWithMergeJavaResForRelease
:library:transformClassesAndResourcesWithSyncLibJarsForRelease
:library:compileReleaseNdk NO-SOURCE
:library:mergeReleaseJniLibFolders
:library:transformNativeLibsWithMergeJniLibsForRelease
:library:transformNativeLibsWithStripDebugSymbolForRelease
:library:transformNativeLibsWithSyncJniLibsForRelease
:library:bundleReleaseAar
:library:compileReleaseSources
:library:mergeReleaseResources
:library:verifyReleaseResources
:library:assembleRelease
:library:sourcesJar
:library:assemble
:library:build

BUILD SUCCESSFUL in 43s
48 actionable tasks: 46 executed, 2 up-to-date

2019-01-06 20:55:43,410 INFO  ProjectTaskService - Detecting possible tasks...
2019-01-06 20:55:43,410 INFO  SysUtils - Execute command: [/var/folders/bq/vtzpc5ns5sg2cthy61lqpg3dfzgbys/T/1546782854361-0/src/RxSocialLogin-master/gradlew, -b, /var/folders/bq/vtzpc5ns5sg2cthy61lqpg3dfzgbys/T/1546782854361-0/src/RxSocialLogin-master/build.gradle, -Dorg.gradle.daemon=false, -Dorg.gradle.daemon.performance.enable-monitoring=false, -Dorg.gradle.configureondemand=true, tasks]
2019-01-06 20:55:50,603 INFO  ProjectTaskService - Detected possible tasks: 74
2019-01-06 20:55:50,604 INFO  ProjectTaskService - Excluded tasks (18): lintDebug deviceCheck lint testReleaseUnitTest uninstallRelease deviceAndroidTest uninstallDebugAndroidTest installDebugAndroidTest connectedCheck connectedDebugAndroidTest uninstallAll test check testDebugUnitTest connectedAndroidTest installDebug lintRelease uninstallDebug
2019-01-06 20:55:50,604 INFO  SysUtils - Execute command: [/var/folders/bq/vtzpc5ns5sg2cthy61lqpg3dfzgbys/T/1546782854361-0/src/RxSocialLogin-master/gradlew, -b, /var/folders/bq/vtzpc5ns5sg2cthy61lqpg3dfzgbys/T/1546782854361-0/src/RxSocialLogin-master/build.gradle, -Dorg.gradle.daemon=false, -Dorg.gradle.daemon.performance.enable-monitoring=false, -Dorg.gradle.configureondemand=true, --stacktrace, -x, lintDebug, -x, deviceCheck, -x, lint, -x, testReleaseUnitTest, -x, uninstallRelease, -x, deviceAndroidTest, -x, uninstallDebugAndroidTest, -x, installDebugAndroidTest, -x, connectedCheck, -x, connectedDebugAndroidTest, -x, uninstallAll, -x, test, -x, check, -x, testDebugUnitTest, -x, connectedAndroidTest, -x, installDebug, -x, lintRelease, -x, uninstallDebug, build]
2019-01-06 20:55:58,847 ERROR SysUtils - Could not process external command
org.apache.commons.exec.ExecuteException: Process exited with an error: 1 (Exit value: 1)
	at org.apache.commons.exec.DefaultExecutor.executeInternal(DefaultExecutor.java:404)
	at org.apache.commons.exec.DefaultExecutor.execute(DefaultExecutor.java:166)
	at com.github.vbauer.apkmaster.util.SysUtils.execute(SysUtils.java:67)
	at com.github.vbauer.apkmaster.util.SysUtils.executeSimple(SysUtils.java:43)
	at com.github.vbauer.apkmaster.service.assembly.ProjectBuildService.buildProject(ProjectBuildService.java:78)
	at com.github.vbauer.apkmaster.service.assembly.ProjectBuildService.buildProject(ProjectBuildService.java:64)
	at com.github.vbauer.apkmaster.service.assembly.ProjectBuildService.buildProject(ProjectBuildService.java:43)
	at com.github.vbauer.apkmaster.service.FullProcessService.build(FullProcessService.java:84)
	at com.github.vbauer.apkmaster.service.FullProcessService.process(FullProcessService.java:34)
	at com.github.vbauer.apkmaster.app.MainApplication.process(MainApplication.java:38)
	at com.github.vbauer.apkmaster.app.MainApplication.main(MainApplication.java:20)
	at sun.reflect.NativeMethodAccessorImpl.invoke0(Native Method)
	at sun.reflect.NativeMethodAccessorImpl.invoke(NativeMethodAccessorImpl.java:62)
	at sun.reflect.DelegatingMethodAccessorImpl.invoke(DelegatingMethodAccessorImpl.java:43)
	at java.lang.reflect.Method.invoke(Method.java:498)
	at com.android.arsenal.util.ReflectionUtils.invoke(ReflectionUtils.java:52)
	at com.android.arsenal.util.ApkMasterUtils.main(ApkMasterUtils.java:30)
	at com.android.arsenal.service.processor.impl.BuildProcessorServiceImpl.buildProject(BuildProcessorServiceImpl.java:196)
	at com.android.arsenal.service.processor.impl.BuildProcessorServiceImpl.build(BuildProcessorServiceImpl.java:130)
	at com.android.arsenal.service.processor.impl.BuildProcessorServiceImpl.lambda$createTasks$1(BuildProcessorServiceImpl.java:113)
	at java.util.concurrent.FutureTask.run(FutureTask.java:266)
	at java.util.concurrent.Executors$RunnableAdapter.call(Executors.java:511)
	at java.util.concurrent.FutureTask.run(FutureTask.java:266)
	at java.util.concurrent.ThreadPoolExecutor.runWorker(ThreadPoolExecutor.java:1149)
	at java.util.concurrent.ThreadPoolExecutor$Worker.run(ThreadPoolExecutor.java:624)
	at java.lang.Thread.run(Thread.java:748)
2019-01-06 20:55:58,848 INFO  SysUtils - Configuration on demand is an incubating feature.
WARNING: Configuration 'compile' is obsolete and has been replaced with 'implementation' and 'api'.
It will be removed at the end of 2018. For more information see: http://d.android.com/r/tools/update-dependency-configurations.html
registerResGeneratingTask is deprecated, use registerGeneratedResFolders(FileCollection)
registerResGeneratingTask is deprecated, use registerGeneratedResFolders(FileCollection)
:demo:checkDebugClasspath UP-TO-DATE
:demo:preBuild UP-TO-DATE
:library:preBuild UP-TO-DATE
:library:preDebugBuild UP-TO-DATE
:library:checkDebugManifest UP-TO-DATE
:library:processDebugManifest UP-TO-DATE
:demo:preDebugBuild UP-TO-DATE
:library:compileDebugAidl NO-SOURCE
:demo:compileDebugAidl NO-SOURCE
:library:packageDebugRenderscript NO-SOURCE
:demo:compileDebugRenderscript UP-TO-DATE
:demo:checkDebugManifest UP-TO-DATE
:demo:generateDebugBuildConfig UP-TO-DATE
:demo:mainApkListPersistenceDebug UP-TO-DATE
:demo:generateDebugResValues UP-TO-DATE
:demo:generateDebugResources UP-TO-DATE
:demo:processDebugGoogleServices FAILED

FAILURE: Build failed with an exception.

* What went wrong:
Execution failed for task ':demo:processDebugGoogleServices'.
> File google-services.json is missing. The Google Services Plugin cannot function without it. 
   Searched Location: 
  /private/var/folders/bq/vtzpc5ns5sg2cthy61lqpg3dfzgbys/T/1546782854361-0/src/RxSocialLogin-master/demo/src/debug/google-services.json
  /private/var/folders/bq/vtzpc5ns5sg2cthy61lqpg3dfzgbys/T/1546782854361-0/src/RxSocialLogin-master/demo/google-services.json

* Try:
Run with --info or --debug option to get more log output. Run with --scan to get full insights.

* Exception is:
org.gradle.api.tasks.TaskExecutionException: Execution failed for task ':demo:processDebugGoogleServices'.
	at org.gradle.api.internal.tasks.execution.ExecuteActionsTaskExecuter.executeActions(ExecuteActionsTaskExecuter.java:103)
	at org.gradle.api.internal.tasks.execution.ExecuteActionsTaskExecuter.execute(ExecuteActionsTaskExecuter.java:73)
	at org.gradle.api.internal.tasks.execution.OutputDirectoryCreatingTaskExecuter.execute(OutputDirectoryCreatingTaskExecuter.java:51)
	at org.gradle.api.internal.tasks.execution.SkipUpToDateTaskExecuter.execute(SkipUpToDateTaskExecuter.java:59)
	at org.gradle.api.internal.tasks.execution.ResolveTaskOutputCachingStateExecuter.execute(ResolveTaskOutputCachingStateExecuter.java:54)
	at org.gradle.api.internal.tasks.execution.ValidatingTaskExecuter.execute(ValidatingTaskExecuter.java:59)
	at org.gradle.api.internal.tasks.execution.SkipEmptySourceFilesTaskExecuter.execute(SkipEmptySourceFilesTaskExecuter.java:101)
	at org.gradle.api.internal.tasks.execution.FinalizeInputFilePropertiesTaskExecuter.execute(FinalizeInputFilePropertiesTaskExecuter.java:44)
	at org.gradle.api.internal.tasks.execution.CleanupStaleOutputsExecuter.execute(CleanupStaleOutputsExecuter.java:91)
	at org.gradle.api.internal.tasks.execution.ResolveTaskArtifactStateTaskExecuter.execute(ResolveTaskArtifactStateTaskExecuter.java:62)
	at org.gradle.api.internal.tasks.execution.SkipTaskWithNoActionsExecuter.execute(SkipTaskWithNoActionsExecuter.java:59)
	at org.gradle.api.internal.tasks.execution.SkipOnlyIfTaskExecuter.execute(SkipOnlyIfTaskExecuter.java:54)
	at org.gradle.api.internal.tasks.execution.ExecuteAtMostOnceTaskExecuter.execute(ExecuteAtMostOnceTaskExecuter.java:43)
	at org.gradle.api.internal.tasks.execution.CatchExceptionTaskExecuter.execute(CatchExceptionTaskExecuter.java:34)
	at org.gradle.execution.taskgraph.DefaultTaskGraphExecuter$EventFiringTaskWorker$1.run(DefaultTaskGraphExecuter.java:256)
	at org.gradle.internal.progress.DefaultBuildOperationExecutor$RunnableBuildOperationWorker.execute(DefaultBuildOperationExecutor.java:336)
	at org.gradle.internal.progress.DefaultBuildOperationExecutor$RunnableBuildOperationWorker.execute(DefaultBuildOperationExecutor.java:328)
	at org.gradle.internal.progress.DefaultBuildOperationExecutor.execute(DefaultBuildOperationExecutor.java:199)
	at org.gradle.internal.progress.DefaultBuildOperationExecutor.run(DefaultBuildOperationExecutor.java:110)
	at org.gradle.execution.taskgraph.DefaultTaskGraphExecuter$EventFiringTaskWorker.execute(DefaultTaskGraphExecuter.java:249)
	at org.gradle.execution.taskgraph.DefaultTaskGraphExecuter$EventFiringTaskWorker.execute(DefaultTaskGraphExecuter.java:238)
	at org.gradle.execution.taskgraph.DefaultTaskPlanExecutor$TaskExecutorWorker.processTask(DefaultTaskPlanExecutor.java:123)
	at org.gradle.execution.taskgraph.DefaultTaskPlanExecutor$TaskExecutorWorker.access$200(DefaultTaskPlanExecutor.java:79)
	at org.gradle.execution.taskgraph.DefaultTaskPlanExecutor$TaskExecutorWorker$1.execute(DefaultTaskPlanExecutor.java:104)
	at org.gradle.execution.taskgraph.DefaultTaskPlanExecutor$TaskExecutorWorker$1.execute(DefaultTaskPlanExecutor.java:98)
	at org.gradle.execution.taskgraph.DefaultTaskExecutionPlan.execute(DefaultTaskExecutionPlan.java:663)
	at org.gradle.execution.taskgraph.DefaultTaskExecutionPlan.executeWithTask(DefaultTaskExecutionPlan.java:597)
	at org.gradle.execution.taskgraph.DefaultTaskPlanExecutor$TaskExecutorWorker.run(DefaultTaskPlanExecutor.java:98)
	at org.gradle.internal.concurrent.ExecutorPolicy$CatchAndRecordFailures.onExecute(ExecutorPolicy.java:63)
	at org.gradle.internal.concurrent.ManagedExecutorImpl$1.run(ManagedExecutorImpl.java:46)
	at org.gradle.internal.concurrent.ThreadFactoryImpl$ManagedThreadRunnable.run(ThreadFactoryImpl.java:55)
Caused by: org.gradle.api.GradleException: File google-services.json is missing. The Google Services Plugin cannot function without it. 
 Searched Location: 
/private/var/folders/bq/vtzpc5ns5sg2cthy61lqpg3dfzgbys/T/1546782854361-0/src/RxSocialLogin-master/demo/src/debug/google-services.json
/private/var/folders/bq/vtzpc5ns5sg2cthy61lqpg3dfzgbys/T/1546782854361-0/src/RxSocialLogin-master/demo/google-services.json
	at com.google.gms.googleservices.GoogleServicesTask.action(GoogleServicesTask.java:90)
	at org.gradle.internal.reflect.JavaMethod.invoke(JavaMethod.java:73)
	at org.gradle.api.internal.project.taskfactory.StandardTaskAction.doExecute(StandardTaskAction.java:46)
	at org.gradle.api.internal.project.taskfactory.StandardTaskAction.execute(StandardTaskAction.java:39)
	at org.gradle.api.internal.project.taskfactory.StandardTaskAction.execute(StandardTaskAction.java:26)
	at org.gradle.api.internal.AbstractTask$TaskActionWrapper.execute(AbstractTask.java:788)
	at org.gradle.api.internal.AbstractTask$TaskActionWrapper.execute(AbstractTask.java:755)
	at org.gradle.api.internal.tasks.execution.ExecuteActionsTaskExecuter$1.run(ExecuteActionsTaskExecuter.java:124)
	at org.gradle.internal.progress.DefaultBuildOperationExecutor$RunnableBuildOperationWorker.execute(DefaultBuildOperationExecutor.java:336)
	at org.gradle.internal.progress.DefaultBuildOperationExecutor$RunnableBuildOperationWorker.execute(DefaultBuildOperationExecutor.java:328)
	at org.gradle.internal.progress.DefaultBuildOperationExecutor.execute(DefaultBuildOperationExecutor.java:199)
	at org.gradle.internal.progress.DefaultBuildOperationExecutor.run(DefaultBuildOperationExecutor.java:110)
	at org.gradle.api.internal.tasks.execution.ExecuteActionsTaskExecuter.executeAction(ExecuteActionsTaskExecuter.java:113)
	at org.gradle.api.internal.tasks.execution.ExecuteActionsTaskExecuter.executeActions(ExecuteActionsTaskExecuter.java:95)
	... 30 more


* Get more help at https://help.gradle.org

BUILD FAILED in 8s
10 actionable tasks: 1 executed, 9 up-to-date

2019-01-06 20:55:58,948 ERROR FullProcessService - Project build has not produced APK file
2019-01-06 20:55:59,044 ERROR FullProcessService - Could not find generated or existed APK file
