2020-03-29 16:40:34,943 INFO  DownloadService - Downloading "https://github.com/romellfudi/FudiSharePreference/archive/master.zip", attempt 3
2020-03-29 16:40:37,138 INFO  DownloadService - Downloaded https://github.com/romellfudi/FudiSharePreference/archive/master.zip, attempt 3
2020-03-29 16:40:37,138 INFO  DownloadService - Size of file "/var/folders/bq/vtzpc5ns5sg2cthy61lqpg3dfzgbys/T/1585474834939-0/master.zip": 247 KB
2020-03-29 16:40:37,138 INFO  ArchiveUtils - Checking entries [.gradle] in ZIP file...
2020-03-29 16:40:37,138 INFO  ArchiveUtils - Has entries [.gradle] in ZIP file /var/folders/bq/vtzpc5ns5sg2cthy61lqpg3dfzgbys/T/1585474834939-0/master.zip: true
2020-03-29 16:40:37,139 DEBUG ZipUtil - Extracting '/var/folders/bq/vtzpc5ns5sg2cthy61lqpg3dfzgbys/T/1585474834939-0/master.zip' into '/var/folders/bq/vtzpc5ns5sg2cthy61lqpg3dfzgbys/T/1585474834939-0/src'.
2020-03-29 16:40:37,170 INFO  FullProcessService - Size of directory with sources: 279 KB
2020-03-29 16:40:37,170 INFO  SysUtils - Execute command: [git, init, /var/folders/bq/vtzpc5ns5sg2cthy61lqpg3dfzgbys/T/1585474834939-0/src]
2020-03-29 16:40:37,193 INFO  SysUtils - Initialized empty Git repository in /private/var/folders/bq/vtzpc5ns5sg2cthy61lqpg3dfzgbys/T/1585474834939-0/src/.git/

2020-03-29 16:40:37,198 INFO  ProjectBuildService - Gradle wrapper(s): /var/folders/bq/vtzpc5ns5sg2cthy61lqpg3dfzgbys/T/1585474834939-0/src/FudiSharePreference-master/gradlew
2020-03-29 16:40:37,204 INFO  ProjectBuildService - Build script(s): /var/folders/bq/vtzpc5ns5sg2cthy61lqpg3dfzgbys/T/1585474834939-0/src/FudiSharePreference-master/app-kotlin/build.gradle /var/folders/bq/vtzpc5ns5sg2cthy61lqpg3dfzgbys/T/1585474834939-0/src/FudiSharePreference-master/app/build.gradle /var/folders/bq/vtzpc5ns5sg2cthy61lqpg3dfzgbys/T/1585474834939-0/src/FudiSharePreference-master/fudi-store-kotlin/build.gradle /var/folders/bq/vtzpc5ns5sg2cthy61lqpg3dfzgbys/T/1585474834939-0/src/FudiSharePreference-master/fudi-store/build.gradle /var/folders/bq/vtzpc5ns5sg2cthy61lqpg3dfzgbys/T/1585474834939-0/src/FudiSharePreference-master/build.gradle
2020-03-29 16:40:37,209 INFO  ProjectBuildService - All script(s): /var/folders/bq/vtzpc5ns5sg2cthy61lqpg3dfzgbys/T/1585474834939-0/src/FudiSharePreference-master/app/build.gradle /var/folders/bq/vtzpc5ns5sg2cthy61lqpg3dfzgbys/T/1585474834939-0/src/FudiSharePreference-master/fudi-store-kotlin/build.gradle /var/folders/bq/vtzpc5ns5sg2cthy61lqpg3dfzgbys/T/1585474834939-0/src/FudiSharePreference-master/app-kotlin/build.gradle /var/folders/bq/vtzpc5ns5sg2cthy61lqpg3dfzgbys/T/1585474834939-0/src/FudiSharePreference-master/build.gradle /var/folders/bq/vtzpc5ns5sg2cthy61lqpg3dfzgbys/T/1585474834939-0/src/FudiSharePreference-master/fudi-store/build.gradle /var/folders/bq/vtzpc5ns5sg2cthy61lqpg3dfzgbys/T/1585474834939-0/src/FudiSharePreference-master/settings.gradle
2020-03-29 16:40:37,210 INFO  DownloadService - Downloading "https://raw.githubusercontent.com/romellfudi/assets/bintray/artifactory_install.gradle", attempt 3
2020-03-29 16:40:37,464 INFO  DownloadService - Downloaded https://raw.githubusercontent.com/romellfudi/assets/bintray/artifactory_install.gradle, attempt 3
2020-03-29 16:40:37,464 INFO  DownloadService - Downloading "https://raw.githubusercontent.com/romellfudi/assets/bintray/artifactory_bintray.gradle", attempt 3
2020-03-29 16:40:37,792 INFO  DownloadService - Downloaded https://raw.githubusercontent.com/romellfudi/assets/bintray/artifactory_bintray.gradle, attempt 3
2020-03-29 16:40:37,792 INFO  ProjectBuildService - Remote scripts: https://raw.githubusercontent.com/romellfudi/assets/bintray/artifactory_install.gradle https://raw.githubusercontent.com/romellfudi/assets/bintray/artifactory_bintray.gradle
2020-03-29 16:40:37,792 INFO  ProjectFixService - Fixing project...
2020-03-29 16:40:37,806 INFO  LocalPropertiesFixService - Created fake /var/folders/bq/vtzpc5ns5sg2cthy61lqpg3dfzgbys/T/1585474834939-0/src/FudiSharePreference-master/app-kotlin/local.properties
2020-03-29 16:40:37,807 INFO  ProjectFixService - Build info for "/var/folders/bq/vtzpc5ns5sg2cthy61lqpg3dfzgbys/T/1585474834939-0/src/FudiSharePreference-master/app-kotlin/build.gradle": [buildToolsVersion=28.0.3,compileSdkVersion=28,minSdkVersion=17,targetSdkVersion=28]
2020-03-29 16:40:37,807 INFO  LocalPropertiesFixService - Created fake /var/folders/bq/vtzpc5ns5sg2cthy61lqpg3dfzgbys/T/1585474834939-0/src/FudiSharePreference-master/app/local.properties
2020-03-29 16:40:37,808 INFO  ProjectFixService - Build info for "/var/folders/bq/vtzpc5ns5sg2cthy61lqpg3dfzgbys/T/1585474834939-0/src/FudiSharePreference-master/app/build.gradle": [buildToolsVersion=28.0.3,compileSdkVersion=28,minSdkVersion=17,targetSdkVersion=28]
2020-03-29 16:40:37,808 INFO  LocalPropertiesFixService - Created fake /var/folders/bq/vtzpc5ns5sg2cthy61lqpg3dfzgbys/T/1585474834939-0/src/FudiSharePreference-master/fudi-store-kotlin/local.properties
2020-03-29 16:40:37,809 INFO  ProjectFixService - Build info for "/var/folders/bq/vtzpc5ns5sg2cthy61lqpg3dfzgbys/T/1585474834939-0/src/FudiSharePreference-master/fudi-store-kotlin/build.gradle": [buildToolsVersion=28.0.3,compileSdkVersion=28,minSdkVersion=17,targetSdkVersion=28]
2020-03-29 16:40:37,809 INFO  LocalPropertiesFixService - Created fake /var/folders/bq/vtzpc5ns5sg2cthy61lqpg3dfzgbys/T/1585474834939-0/src/FudiSharePreference-master/fudi-store/local.properties
2020-03-29 16:40:37,810 INFO  ProjectFixService - Build info for "/var/folders/bq/vtzpc5ns5sg2cthy61lqpg3dfzgbys/T/1585474834939-0/src/FudiSharePreference-master/fudi-store/build.gradle": [buildToolsVersion=28.0.3,compileSdkVersion=28,minSdkVersion=17,targetSdkVersion=28]
2020-03-29 16:40:37,811 INFO  LocalPropertiesFixService - Updated fake /var/folders/bq/vtzpc5ns5sg2cthy61lqpg3dfzgbys/T/1585474834939-0/src/FudiSharePreference-master/local.properties
2020-03-29 16:40:37,811 INFO  WrapperPropertiesFixService - Gradle wrapper: https://services.gradle.org/distributions/gradle-4.10-all.zip
2020-03-29 16:40:37,812 INFO  WrapperPropertiesFixService - Gradle wrapper was changed from "-all.zip" to "-bin.zip" (https://services.gradle.org/distributions/gradle-4.10-bin.zip)
2020-03-29 16:40:37,813 INFO  ProjectFixService - Build info for "/var/folders/bq/vtzpc5ns5sg2cthy61lqpg3dfzgbys/T/1585474834939-0/src/FudiSharePreference-master/build.gradle": [buildToolsVersion=28.0.3,compileSdkVersion=28,minSdkVersion=17,targetSdkVersion=28]
2020-03-29 16:40:37,813 INFO  ProjectFixService - Project was maybe fixed
2020-03-29 16:40:37,813 INFO  ProjectTaskService - Detecting possible tasks...
2020-03-29 16:40:37,814 INFO  SysUtils - Execute command: [/var/folders/bq/vtzpc5ns5sg2cthy61lqpg3dfzgbys/T/1585474834939-0/src/FudiSharePreference-master/gradlew, -b, /var/folders/bq/vtzpc5ns5sg2cthy61lqpg3dfzgbys/T/1585474834939-0/src/FudiSharePreference-master/app-kotlin/build.gradle, -Dorg.gradle.daemon=false, -Dorg.gradle.daemon.performance.enable-monitoring=false, -Dorg.gradle.configureondemand=true, tasks]
2020-03-29 16:40:44,133 INFO  VirusProcessorServiceImpl - Queued project 7173 to scan viruses
2020-03-29 16:40:59,424 INFO  ProjectTaskService - Detected possible tasks: 77
2020-03-29 16:40:59,424 INFO  ProjectTaskService - Excluded tasks (21): lintDebug javadocJar deviceCheck lint testReleaseUnitTest javadoc uninstallRelease deviceAndroidTest uninstallDebugAndroidTest installDebugAndroidTest connectedCheck connectedDebugAndroidTest uninstallAll sourcesJar test check testDebugUnitTest connectedAndroidTest installDebug lintRelease uninstallDebug
2020-03-29 16:40:59,424 INFO  SysUtils - Execute command: [/var/folders/bq/vtzpc5ns5sg2cthy61lqpg3dfzgbys/T/1585474834939-0/src/FudiSharePreference-master/gradlew, -b, /var/folders/bq/vtzpc5ns5sg2cthy61lqpg3dfzgbys/T/1585474834939-0/src/FudiSharePreference-master/app-kotlin/build.gradle, -Dorg.gradle.daemon=false, -Dorg.gradle.daemon.performance.enable-monitoring=false, -Dorg.gradle.configureondemand=true, --stacktrace, -x, lintDebug, -x, javadocJar, -x, deviceCheck, -x, lint, -x, testReleaseUnitTest, -x, javadoc, -x, uninstallRelease, -x, deviceAndroidTest, -x, uninstallDebugAndroidTest, -x, installDebugAndroidTest, -x, connectedCheck, -x, connectedDebugAndroidTest, -x, uninstallAll, -x, sourcesJar, -x, test, -x, check, -x, testDebugUnitTest, -x, connectedAndroidTest, -x, installDebug, -x, lintRelease, -x, uninstallDebug, build]
2020-03-29 16:41:06,107 ERROR SysUtils - Could not process external command
org.apache.commons.exec.ExecuteException: Process exited with an error: 1 (Exit value: 1)
	at org.apache.commons.exec.DefaultExecutor.executeInternal(DefaultExecutor.java:404)
	at org.apache.commons.exec.DefaultExecutor.execute(DefaultExecutor.java:166)
	at com.github.vbauer.apkmaster.util.SysUtils.execute(SysUtils.java:67)
	at com.github.vbauer.apkmaster.util.SysUtils.executeSimple(SysUtils.java:43)
	at com.github.vbauer.apkmaster.service.assembly.ProjectBuildService.buildProject(ProjectBuildService.java:78)
	at com.github.vbauer.apkmaster.service.assembly.ProjectBuildService.buildProject(ProjectBuildService.java:64)
	at com.github.vbauer.apkmaster.service.assembly.ProjectBuildService.buildProject(ProjectBuildService.java:43)
	at com.github.vbauer.apkmaster.service.FullProcessService.build(FullProcessService.java:84)
	at com.github.vbauer.apkmaster.service.FullProcessService.process(FullProcessService.java:34)
	at com.github.vbauer.apkmaster.app.MainApplication.process(MainApplication.java:38)
	at com.github.vbauer.apkmaster.app.MainApplication.main(MainApplication.java:20)
	at sun.reflect.NativeMethodAccessorImpl.invoke0(Native Method)
	at sun.reflect.NativeMethodAccessorImpl.invoke(NativeMethodAccessorImpl.java:62)
	at sun.reflect.DelegatingMethodAccessorImpl.invoke(DelegatingMethodAccessorImpl.java:43)
	at java.lang.reflect.Method.invoke(Method.java:498)
	at com.android.arsenal.util.ReflectionUtils.invoke(ReflectionUtils.java:42)
	at com.android.arsenal.util.ApkMasterUtils.main(ApkMasterUtils.java:30)
	at com.android.arsenal.service.processor.impl.BuildProcessorServiceImpl.buildProject(BuildProcessorServiceImpl.java:197)
	at com.android.arsenal.service.processor.impl.BuildProcessorServiceImpl.build(BuildProcessorServiceImpl.java:131)
	at com.android.arsenal.service.processor.impl.BuildProcessorServiceImpl.lambda$null$1(BuildProcessorServiceImpl.java:114)
	at java.util.concurrent.FutureTask.run(FutureTask.java:266)
	at java.util.concurrent.Executors$RunnableAdapter.call(Executors.java:511)
	at java.util.concurrent.FutureTask.run(FutureTask.java:266)
	at java.util.concurrent.ThreadPoolExecutor.runWorker(ThreadPoolExecutor.java:1149)
	at java.util.concurrent.ThreadPoolExecutor$Worker.run(ThreadPoolExecutor.java:624)
	at java.lang.Thread.run(Thread.java:748)
2020-03-29 16:41:06,108 INFO  SysUtils - Configuration on demand is an incubating feature.

> Configure project :app-kotlin
Kotlin plugin should be enabled before 'kotlin-android-extensions'

FAILURE: Build failed with an exception.

* What went wrong:
Task 'javadocJar' not found in project ':app-kotlin'.

* Try:
Run gradlew tasks to get a list of available tasks. Run with --info or --debug option to get more log output. Run with --scan to get full insights.

* Exception is:
org.gradle.execution.TaskSelectionException: Task 'javadocJar' not found in project ':app-kotlin'.
	at org.gradle.execution.TaskSelector.getSelection(TaskSelector.java:116)
	at org.gradle.execution.TaskSelector.getFilter(TaskSelector.java:66)
	at org.gradle.execution.ExcludedTaskFilteringBuildConfigurationAction.configure(ExcludedTaskFilteringBuildConfigurationAction.java:42)
	at org.gradle.execution.DefaultBuildConfigurationActionExecuter.configure(DefaultBuildConfigurationActionExecuter.java:48)
	at org.gradle.execution.DefaultBuildConfigurationActionExecuter.select(DefaultBuildConfigurationActionExecuter.java:36)
	at org.gradle.initialization.DefaultGradleLauncher$CalculateTaskGraph.run(DefaultGradleLauncher.java:305)
	at org.gradle.internal.operations.DefaultBuildOperationExecutor$RunnableBuildOperationWorker.execute(DefaultBuildOperationExecutor.java:300)
	at org.gradle.internal.operations.DefaultBuildOperationExecutor$RunnableBuildOperationWorker.execute(DefaultBuildOperationExecutor.java:292)
	at org.gradle.internal.operations.DefaultBuildOperationExecutor.execute(DefaultBuildOperationExecutor.java:174)
	at org.gradle.internal.operations.DefaultBuildOperationExecutor.run(DefaultBuildOperationExecutor.java:90)
	at org.gradle.internal.operations.DelegatingBuildOperationExecutor.run(DelegatingBuildOperationExecutor.java:31)
	at org.gradle.initialization.DefaultGradleLauncher.constructTaskGraph(DefaultGradleLauncher.java:190)
	at org.gradle.initialization.DefaultGradleLauncher.doBuildStages(DefaultGradleLauncher.java:145)
	at org.gradle.initialization.DefaultGradleLauncher.executeTasks(DefaultGradleLauncher.java:124)
	at org.gradle.internal.invocation.GradleBuildController$1.call(GradleBuildController.java:77)
	at org.gradle.internal.invocation.GradleBuildController$1.call(GradleBuildController.java:74)
	at org.gradle.internal.work.DefaultWorkerLeaseService.withLocks(DefaultWorkerLeaseService.java:154)
	at org.gradle.internal.work.StopShieldingWorkerLeaseService.withLocks(StopShieldingWorkerLeaseService.java:38)
	at org.gradle.internal.invocation.GradleBuildController.doBuild(GradleBuildController.java:96)
	at org.gradle.internal.invocation.GradleBuildController.run(GradleBuildController.java:74)
	at org.gradle.tooling.internal.provider.ExecuteBuildActionRunner.run(ExecuteBuildActionRunner.java:28)
	at org.gradle.launcher.exec.ChainingBuildActionRunner.run(ChainingBuildActionRunner.java:35)
	at org.gradle.tooling.internal.provider.ValidatingBuildActionRunner.run(ValidatingBuildActionRunner.java:32)
	at org.gradle.launcher.exec.RunAsBuildOperationBuildActionRunner$3.run(RunAsBuildOperationBuildActionRunner.java:50)
	at org.gradle.internal.operations.DefaultBuildOperationExecutor$RunnableBuildOperationWorker.execute(DefaultBuildOperationExecutor.java:300)
	at org.gradle.internal.operations.DefaultBuildOperationExecutor$RunnableBuildOperationWorker.execute(DefaultBuildOperationExecutor.java:292)
	at org.gradle.internal.operations.DefaultBuildOperationExecutor.execute(DefaultBuildOperationExecutor.java:174)
	at org.gradle.internal.operations.DefaultBuildOperationExecutor.run(DefaultBuildOperationExecutor.java:90)
	at org.gradle.internal.operations.DelegatingBuildOperationExecutor.run(DelegatingBuildOperationExecutor.java:31)
	at org.gradle.launcher.exec.RunAsBuildOperationBuildActionRunner.run(RunAsBuildOperationBuildActionRunner.java:45)
	at org.gradle.tooling.internal.provider.SubscribableBuildActionRunner.run(SubscribableBuildActionRunner.java:51)
	at org.gradle.launcher.exec.InProcessBuildActionExecuter$1.transform(InProcessBuildActionExecuter.java:47)
	at org.gradle.launcher.exec.InProcessBuildActionExecuter$1.transform(InProcessBuildActionExecuter.java:44)
	at org.gradle.composite.internal.DefaultRootBuildState.run(DefaultRootBuildState.java:79)
	at org.gradle.launcher.exec.InProcessBuildActionExecuter.execute(InProcessBuildActionExecuter.java:44)
	at org.gradle.launcher.exec.InProcessBuildActionExecuter.execute(InProcessBuildActionExecuter.java:30)
	at org.gradle.launcher.exec.BuildTreeScopeBuildActionExecuter.execute(BuildTreeScopeBuildActionExecuter.java:39)
	at org.gradle.launcher.exec.BuildTreeScopeBuildActionExecuter.execute(BuildTreeScopeBuildActionExecuter.java:25)
	at org.gradle.tooling.internal.provider.ContinuousBuildActionExecuter.execute(ContinuousBuildActionExecuter.java:80)
	at org.gradle.tooling.internal.provider.ContinuousBuildActionExecuter.execute(ContinuousBuildActionExecuter.java:53)
	at org.gradle.tooling.internal.provider.ServicesSetupBuildActionExecuter.execute(ServicesSetupBuildActionExecuter.java:62)
	at org.gradle.tooling.internal.provider.ServicesSetupBuildActionExecuter.execute(ServicesSetupBuildActionExecuter.java:34)
	at org.gradle.tooling.internal.provider.GradleThreadBuildActionExecuter.execute(GradleThreadBuildActionExecuter.java:36)
	at org.gradle.tooling.internal.provider.GradleThreadBuildActionExecuter.execute(GradleThreadBuildActionExecuter.java:25)
	at org.gradle.tooling.internal.provider.ParallelismConfigurationBuildActionExecuter.execute(ParallelismConfigurationBuildActionExecuter.java:43)
	at org.gradle.tooling.internal.provider.ParallelismConfigurationBuildActionExecuter.execute(ParallelismConfigurationBuildActionExecuter.java:29)
	at org.gradle.tooling.internal.provider.StartParamsValidatingActionExecuter.execute(StartParamsValidatingActionExecuter.java:59)
	at org.gradle.tooling.internal.provider.StartParamsValidatingActionExecuter.execute(StartParamsValidatingActionExecuter.java:31)
	at org.gradle.tooling.internal.provider.SessionFailureReportingActionExecuter.execute(SessionFailureReportingActionExecuter.java:59)
	at org.gradle.tooling.internal.provider.SessionFailureReportingActionExecuter.execute(SessionFailureReportingActionExecuter.java:44)
	at org.gradle.tooling.internal.provider.SetupLoggingActionExecuter.execute(SetupLoggingActionExecuter.java:46)
	at org.gradle.tooling.internal.provider.SetupLoggingActionExecuter.execute(SetupLoggingActionExecuter.java:30)
	at org.gradle.launcher.cli.RunBuildAction.run(RunBuildAction.java:52)
	at org.gradle.internal.Actions$RunnableActionAdapter.execute(Actions.java:207)
	at org.gradle.launcher.cli.CommandLineActionFactory$ParseAndBuildAction.execute(CommandLineActionFactory.java:402)
	at org.gradle.launcher.cli.CommandLineActionFactory$ParseAndBuildAction.execute(CommandLineActionFactory.java:375)
	at org.gradle.launcher.cli.ExceptionReportingAction.execute(ExceptionReportingAction.java:37)
	at org.gradle.launcher.cli.ExceptionReportingAction.execute(ExceptionReportingAction.java:23)
	at org.gradle.launcher.cli.CommandLineActionFactory$WithLogging.execute(CommandLineActionFactory.java:368)
	at org.gradle.launcher.cli.CommandLineActionFactory$WithLogging.execute(CommandLineActionFactory.java:298)
	at org.gradle.launcher.Main.doAction(Main.java:36)
	at org.gradle.launcher.bootstrap.EntryPoint.run(EntryPoint.java:45)
	at org.gradle.launcher.bootstrap.ProcessBootstrap.runNoExit(ProcessBootstrap.java:60)
	at org.gradle.launcher.bootstrap.ProcessBootstrap.run(ProcessBootstrap.java:37)
	at org.gradle.launcher.GradleMain.main(GradleMain.java:23)
	at org.gradle.wrapper.BootstrapMainStarter.start(BootstrapMainStarter.java:30)
	at org.gradle.wrapper.WrapperExecutor.execute(WrapperExecutor.java:129)
	at org.gradle.wrapper.GradleWrapperMain.main(GradleWrapperMain.java:61)


* Get more help at https://help.gradle.org

BUILD FAILED in 6s

2020-03-29 16:41:06,108 ERROR ProjectBuildService - Excluded tasks were detected wrong
2020-03-29 16:41:06,108 INFO  SysUtils - Execute command: [/var/folders/bq/vtzpc5ns5sg2cthy61lqpg3dfzgbys/T/1585474834939-0/src/FudiSharePreference-master/gradlew, -b, /var/folders/bq/vtzpc5ns5sg2cthy61lqpg3dfzgbys/T/1585474834939-0/src/FudiSharePreference-master/app-kotlin/build.gradle, -Dorg.gradle.daemon=false, -Dorg.gradle.daemon.performance.enable-monitoring=false, -Dorg.gradle.configureondemand=true, --stacktrace, build]
2020-03-29 16:42:22,250 INFO  SysUtils - Configuration on demand is an incubating feature.

> Configure project :app-kotlin
Kotlin plugin should be enabled before 'kotlin-android-extensions'

> Configure project :fudi-store-kotlin
Kotlin plugin should be enabled before 'kotlin-android-extensions'

> Task :app-kotlin:checkDebugClasspath
> Task :app-kotlin:preBuild UP-TO-DATE
> Task :fudi-store-kotlin:preBuild UP-TO-DATE
> Task :fudi-store-kotlin:preDebugBuild UP-TO-DATE
> Task :fudi-store-kotlin:checkDebugManifest
> Task :fudi-store-kotlin:processDebugManifest
> Task :app-kotlin:preDebugBuild
> Task :fudi-store-kotlin:compileDebugAidl NO-SOURCE
> Task :app-kotlin:compileDebugAidl NO-SOURCE
> Task :fudi-store-kotlin:packageDebugRenderscript NO-SOURCE
> Task :app-kotlin:compileDebugRenderscript
> Task :app-kotlin:checkDebugManifest
> Task :app-kotlin:generateDebugBuildConfig
> Task :app-kotlin:mainApkListPersistenceDebug
> Task :app-kotlin:generateDebugResValues
> Task :app-kotlin:generateDebugResources
> Task :fudi-store-kotlin:compileDebugRenderscript
> Task :fudi-store-kotlin:generateDebugResValues
> Task :fudi-store-kotlin:generateDebugResources
> Task :fudi-store-kotlin:packageDebugResources
> Task :app-kotlin:mergeDebugResources
> Task :app-kotlin:createDebugCompatibleScreenManifests
> Task :app-kotlin:processDebugManifest
> Task :app-kotlin:splitsDiscoveryTaskDebug
> Task :fudi-store-kotlin:generateDebugRFile
> Task :app-kotlin:processDebugResources
> Task :fudi-store-kotlin:generateDebugBuildConfig

> Task :fudi-store-kotlin:compileDebugKotlin
w: /private/var/folders/bq/vtzpc5ns5sg2cthy61lqpg3dfzgbys/T/1585474834939-0/src/FudiSharePreference-master/fudi-store-kotlin/src/main/java/com/romellfudi/sharepreference/SharePreferenced.kt: (23, 13): Name shadowed: value

> Task :fudi-store-kotlin:prepareLintJar
> Task :fudi-store-kotlin:generateDebugSources
> Task :fudi-store-kotlin:javaPreCompileDebug
> Task :fudi-store-kotlin:compileDebugJavaWithJavac
> Task :fudi-store-kotlin:processDebugJavaRes NO-SOURCE
> Task :fudi-store-kotlin:transformClassesAndResourcesWithPrepareIntermediateJarsForDebug

> Task :app-kotlin:compileDebugKotlin
w: /private/var/folders/bq/vtzpc5ns5sg2cthy61lqpg3dfzgbys/T/1585474834939-0/src/FudiSharePreference-master/app-kotlin/src/main/java/com/romellfudi/sharepreferencesample/MainActivity.kt: (14, 13): Variable 'objectDetailBean' is never used

> Task :app-kotlin:prepareLintJar
> Task :app-kotlin:generateDebugSources
> Task :app-kotlin:javaPreCompileDebug
> Task :app-kotlin:compileDebugJavaWithJavac
> Task :app-kotlin:compileDebugNdk NO-SOURCE
> Task :app-kotlin:compileDebugSources
> Task :app-kotlin:mergeDebugShaders
> Task :app-kotlin:compileDebugShaders
> Task :app-kotlin:generateDebugAssets
> Task :fudi-store-kotlin:mergeDebugShaders
> Task :fudi-store-kotlin:compileDebugShaders
> Task :fudi-store-kotlin:generateDebugAssets
> Task :fudi-store-kotlin:packageDebugAssets
> Task :app-kotlin:mergeDebugAssets
> Task :app-kotlin:transformClassesWithDexBuilderForDebug
> Task :app-kotlin:transformDexArchiveWithExternalLibsDexMergerForDebug
> Task :app-kotlin:transformDexArchiveWithDexMergerForDebug
> Task :app-kotlin:mergeDebugJniLibFolders
> Task :fudi-store-kotlin:compileDebugNdk NO-SOURCE
> Task :fudi-store-kotlin:mergeDebugJniLibFolders
> Task :fudi-store-kotlin:transformNativeLibsWithMergeJniLibsForDebug
> Task :fudi-store-kotlin:transformNativeLibsWithStripDebugSymbolForDebug
> Task :fudi-store-kotlin:transformNativeLibsWithIntermediateJniLibsForDebug
> Task :app-kotlin:transformNativeLibsWithMergeJniLibsForDebug
> Task :app-kotlin:transformNativeLibsWithStripDebugSymbolForDebug
> Task :app-kotlin:checkDebugLibraries
> Task :app-kotlin:processDebugJavaRes NO-SOURCE
> Task :app-kotlin:transformResourcesWithMergeJavaResForDebug
> Task :app-kotlin:validateSigningDebug
> Task :app-kotlin:packageDebug
> Task :app-kotlin:assembleDebug
> Task :app-kotlin:checkReleaseClasspath
> Task :fudi-store-kotlin:preReleaseBuild UP-TO-DATE
> Task :fudi-store-kotlin:checkReleaseManifest
> Task :fudi-store-kotlin:processReleaseManifest
> Task :app-kotlin:preReleaseBuild
> Task :fudi-store-kotlin:compileReleaseAidl NO-SOURCE
> Task :app-kotlin:compileReleaseAidl NO-SOURCE
> Task :fudi-store-kotlin:packageReleaseRenderscript NO-SOURCE
> Task :app-kotlin:compileReleaseRenderscript
> Task :app-kotlin:checkReleaseManifest
> Task :app-kotlin:generateReleaseBuildConfig
> Task :app-kotlin:mainApkListPersistenceRelease
> Task :app-kotlin:generateReleaseResValues
> Task :app-kotlin:generateReleaseResources
> Task :fudi-store-kotlin:compileReleaseRenderscript
> Task :fudi-store-kotlin:generateReleaseResValues
> Task :fudi-store-kotlin:generateReleaseResources
> Task :fudi-store-kotlin:packageReleaseResources
> Task :app-kotlin:mergeReleaseResources
> Task :app-kotlin:createReleaseCompatibleScreenManifests
> Task :app-kotlin:processReleaseManifest
> Task :app-kotlin:splitsDiscoveryTaskRelease
> Task :fudi-store-kotlin:generateReleaseRFile
> Task :app-kotlin:processReleaseResources
> Task :fudi-store-kotlin:generateReleaseBuildConfig

> Task :fudi-store-kotlin:compileReleaseKotlin
w: /private/var/folders/bq/vtzpc5ns5sg2cthy61lqpg3dfzgbys/T/1585474834939-0/src/FudiSharePreference-master/fudi-store-kotlin/src/main/java/com/romellfudi/sharepreference/SharePreferenced.kt: (23, 13): Name shadowed: value

> Task :fudi-store-kotlin:generateReleaseSources
> Task :fudi-store-kotlin:javaPreCompileRelease
> Task :fudi-store-kotlin:compileReleaseJavaWithJavac
> Task :fudi-store-kotlin:processReleaseJavaRes NO-SOURCE
> Task :fudi-store-kotlin:transformClassesAndResourcesWithPrepareIntermediateJarsForRelease

> Task :app-kotlin:compileReleaseKotlin
w: /private/var/folders/bq/vtzpc5ns5sg2cthy61lqpg3dfzgbys/T/1585474834939-0/src/FudiSharePreference-master/app-kotlin/src/main/java/com/romellfudi/sharepreferencesample/MainActivity.kt: (14, 13): Variable 'objectDetailBean' is never used

> Task :app-kotlin:generateReleaseSources
> Task :app-kotlin:javaPreCompileRelease
> Task :app-kotlin:compileReleaseJavaWithJavac
> Task :app-kotlin:compileReleaseNdk NO-SOURCE
> Task :app-kotlin:compileReleaseSources
> Task :app-kotlin:lintVitalRelease SKIPPED
> Task :app-kotlin:mergeReleaseShaders
> Task :app-kotlin:compileReleaseShaders
> Task :app-kotlin:generateReleaseAssets
> Task :fudi-store-kotlin:mergeReleaseShaders
> Task :fudi-store-kotlin:compileReleaseShaders
> Task :fudi-store-kotlin:generateReleaseAssets
> Task :fudi-store-kotlin:packageReleaseAssets
> Task :app-kotlin:mergeReleaseAssets
> Task :app-kotlin:transformClassesWithDexBuilderForRelease
> Task :app-kotlin:transformDexArchiveWithExternalLibsDexMergerForRelease
> Task :app-kotlin:transformDexArchiveWithDexMergerForRelease
> Task :app-kotlin:mergeReleaseJniLibFolders
> Task :fudi-store-kotlin:compileReleaseNdk NO-SOURCE
> Task :fudi-store-kotlin:mergeReleaseJniLibFolders
> Task :fudi-store-kotlin:transformNativeLibsWithMergeJniLibsForRelease
> Task :fudi-store-kotlin:transformNativeLibsWithStripDebugSymbolForRelease
> Task :fudi-store-kotlin:transformNativeLibsWithIntermediateJniLibsForRelease
> Task :app-kotlin:transformNativeLibsWithMergeJniLibsForRelease
> Task :app-kotlin:transformNativeLibsWithStripDebugSymbolForRelease
> Task :app-kotlin:checkReleaseLibraries
> Task :app-kotlin:processReleaseJavaRes NO-SOURCE
> Task :app-kotlin:transformResourcesWithMergeJavaResForRelease
> Task :app-kotlin:packageRelease
> Task :app-kotlin:assembleRelease
> Task :app-kotlin:assemble

> Task :app-kotlin:lint
Calling mockable JAR artifact transform to create file: /Users/vbauer/.gradle/caches/transforms-1/files-1.1/android.jar/d6063913173a96cdb01e00e25810257e/android.jar with input /Users/vbauer/Library/Android/sdk/platforms/android-28/android.jar
Calling mockable JAR artifact transform to create file: /Users/vbauer/.gradle/caches/transforms-1/files-1.1/android.jar/fc840779e29025409a478de3fed23a80/android.jar with input /Users/vbauer/Library/Android/sdk/platforms/android-28/android.jar
Ran lint on variant debug: 5 issues found
Ran lint on variant release: 5 issues found
Wrote HTML report to file:///private/var/folders/bq/vtzpc5ns5sg2cthy61lqpg3dfzgbys/T/1585474834939-0/src/FudiSharePreference-master/app-kotlin/build/reports/lint-results.html
Wrote XML report to file:///private/var/folders/bq/vtzpc5ns5sg2cthy61lqpg3dfzgbys/T/1585474834939-0/src/FudiSharePreference-master/app-kotlin/build/reports/lint-results.xml

> Task :app-kotlin:compileDebugUnitTestKotlin NO-SOURCE
> Task :app-kotlin:generateDebugUnitTestSources
> Task :app-kotlin:preDebugUnitTestBuild UP-TO-DATE
> Task :app-kotlin:javaPreCompileDebugUnitTest
> Task :app-kotlin:compileDebugUnitTestJavaWithJavac NO-SOURCE
> Task :app-kotlin:processDebugUnitTestJavaRes NO-SOURCE
> Task :app-kotlin:testDebugUnitTest NO-SOURCE
> Task :app-kotlin:compileReleaseUnitTestKotlin NO-SOURCE
> Task :app-kotlin:generateReleaseUnitTestSources
> Task :app-kotlin:preReleaseUnitTestBuild UP-TO-DATE
> Task :app-kotlin:javaPreCompileReleaseUnitTest
> Task :app-kotlin:compileReleaseUnitTestJavaWithJavac NO-SOURCE
> Task :app-kotlin:processReleaseUnitTestJavaRes NO-SOURCE
> Task :app-kotlin:testReleaseUnitTest NO-SOURCE
> Task :app-kotlin:test UP-TO-DATE
> Task :app-kotlin:check
> Task :app-kotlin:build

BUILD SUCCESSFUL in 1m 15s
96 actionable tasks: 96 executed

2020-03-29 16:42:22,346 INFO  FullProcessService - Found APK file: /var/folders/bq/vtzpc5ns5sg2cthy61lqpg3dfzgbys/T/1585474834939-0/src/FudiSharePreference-master/app-kotlin/build/outputs/apk/release/app-kotlin-release-unsigned.apk
