2019-01-18 11:21:18,104 INFO  DownloadService - Downloading "https://github.com/MSay2/CircularDeletionSwipe/archive/master.zip", attempt 3
2019-01-18 11:21:21,441 INFO  DownloadService - Downloaded https://github.com/MSay2/CircularDeletionSwipe/archive/master.zip, attempt 3
2019-01-18 11:21:21,442 INFO  DownloadService - Size of file "/var/folders/bq/vtzpc5ns5sg2cthy61lqpg3dfzgbys/T/1547785278100-0/master.zip": 1 MB
2019-01-18 11:21:21,442 INFO  ArchiveUtils - Checking entries [.gradle] in ZIP file...
2019-01-18 11:21:21,447 INFO  ArchiveUtils - Has entries [.gradle] in ZIP file /var/folders/bq/vtzpc5ns5sg2cthy61lqpg3dfzgbys/T/1547785278100-0/master.zip: true
2019-01-18 11:21:21,447 DEBUG ZipUtil - Extracting '/var/folders/bq/vtzpc5ns5sg2cthy61lqpg3dfzgbys/T/1547785278100-0/master.zip' into '/var/folders/bq/vtzpc5ns5sg2cthy61lqpg3dfzgbys/T/1547785278100-0/src'.
2019-01-18 11:21:21,466 INFO  FullProcessService - Size of directory with sources: 1 MB
2019-01-18 11:21:21,466 INFO  SysUtils - Execute command: [git, init, /var/folders/bq/vtzpc5ns5sg2cthy61lqpg3dfzgbys/T/1547785278100-0/src]
2019-01-18 11:21:21,498 INFO  SysUtils - Initialized empty Git repository in /private/var/folders/bq/vtzpc5ns5sg2cthy61lqpg3dfzgbys/T/1547785278100-0/src/.git/

2019-01-18 11:21:21,500 INFO  ProjectBuildService - Gradle wrapper(s): none
2019-01-18 11:21:21,500 ERROR ProjectBuildService - Could not detect Gradle wrapper. Default Gradle installation will be used
2019-01-18 11:21:21,503 INFO  ProjectBuildService - Build script(s): /var/folders/bq/vtzpc5ns5sg2cthy61lqpg3dfzgbys/T/1547785278100-0/src/CircularDeletionSwipe-master/app/build.gradle /var/folders/bq/vtzpc5ns5sg2cthy61lqpg3dfzgbys/T/1547785278100-0/src/CircularDeletionSwipe-master/build.gradle
2019-01-18 11:21:21,506 INFO  ProjectBuildService - All script(s): /var/folders/bq/vtzpc5ns5sg2cthy61lqpg3dfzgbys/T/1547785278100-0/src/CircularDeletionSwipe-master/app/build.gradle /var/folders/bq/vtzpc5ns5sg2cthy61lqpg3dfzgbys/T/1547785278100-0/src/CircularDeletionSwipe-master/build.gradle /var/folders/bq/vtzpc5ns5sg2cthy61lqpg3dfzgbys/T/1547785278100-0/src/CircularDeletionSwipe-master/settings.gradle
2019-01-18 11:21:21,506 INFO  ProjectBuildService - Remote scripts: none
2019-01-18 11:21:21,506 INFO  ProjectFixService - Fixing project...
2019-01-18 11:21:21,512 INFO  LocalPropertiesFixService - Created fake /var/folders/bq/vtzpc5ns5sg2cthy61lqpg3dfzgbys/T/1547785278100-0/src/CircularDeletionSwipe-master/app/local.properties
2019-01-18 11:21:21,513 INFO  ProjectFixService - Build info for "/var/folders/bq/vtzpc5ns5sg2cthy61lqpg3dfzgbys/T/1547785278100-0/src/CircularDeletionSwipe-master/app/build.gradle": [buildToolsVersion=21.1.0,compileSdkVersion=21,minSdkVersion=14,targetSdkVersion=21]
2019-01-18 11:21:21,513 INFO  LocalPropertiesFixService - Created fake /var/folders/bq/vtzpc5ns5sg2cthy61lqpg3dfzgbys/T/1547785278100-0/src/CircularDeletionSwipe-master/local.properties
2019-01-18 11:21:21,514 INFO  ProjectFixService - Build info for "/var/folders/bq/vtzpc5ns5sg2cthy61lqpg3dfzgbys/T/1547785278100-0/src/CircularDeletionSwipe-master/build.gradle": [buildToolsVersion=21.1.0,compileSdkVersion=21,minSdkVersion=14,targetSdkVersion=21]
2019-01-18 11:21:21,514 INFO  ProjectFixService - Project was maybe fixed
2019-01-18 11:21:21,514 INFO  ProjectTaskService - Detecting possible tasks...
2019-01-18 11:21:21,515 INFO  SysUtils - Execute command: [gradle, -b, /var/folders/bq/vtzpc5ns5sg2cthy61lqpg3dfzgbys/T/1547785278100-0/src/CircularDeletionSwipe-master/app/build.gradle, -Dorg.gradle.daemon=false, -Dorg.gradle.daemon.performance.enable-monitoring=false, -Dorg.gradle.configureondemand=true, tasks]
2019-01-18 11:21:21,520 ERROR ProjectTaskService - Could not detect possible Gradle tasks: Cannot run program "gradle" (in directory "."): error=2, No such file or directory
2019-01-18 11:21:21,520 INFO  ProjectTaskService - Detected possible tasks: 0
2019-01-18 11:21:21,521 INFO  ProjectTaskService - Excluded tasks (0): none
2019-01-18 11:21:21,521 INFO  SysUtils - Execute command: [gradle, -b, /var/folders/bq/vtzpc5ns5sg2cthy61lqpg3dfzgbys/T/1547785278100-0/src/CircularDeletionSwipe-master/app/build.gradle, -Dorg.gradle.daemon=false, -Dorg.gradle.daemon.performance.enable-monitoring=false, -Dorg.gradle.configureondemand=true, --stacktrace, build]
2019-01-18 11:21:21,527 ERROR SysUtils - Could not process external command
java.io.IOException: Cannot run program "gradle" (in directory "."): error=2, No such file or directory
	at java.lang.ProcessBuilder.start(ProcessBuilder.java:1048)
	at java.lang.Runtime.exec(Runtime.java:620)
	at org.apache.commons.exec.launcher.Java13CommandLauncher.exec(Java13CommandLauncher.java:61)
	at org.apache.commons.exec.DefaultExecutor.launch(DefaultExecutor.java:279)
	at org.apache.commons.exec.DefaultExecutor.executeInternal(DefaultExecutor.java:336)
	at org.apache.commons.exec.DefaultExecutor.execute(DefaultExecutor.java:166)
	at com.github.vbauer.apkmaster.util.SysUtils.execute(SysUtils.java:67)
	at com.github.vbauer.apkmaster.util.SysUtils.executeSimple(SysUtils.java:43)
	at com.github.vbauer.apkmaster.service.assembly.ProjectBuildService.buildProject(ProjectBuildService.java:78)
	at com.github.vbauer.apkmaster.service.assembly.ProjectBuildService.buildProject(ProjectBuildService.java:64)
	at com.github.vbauer.apkmaster.service.assembly.ProjectBuildService.buildProject(ProjectBuildService.java:43)
	at com.github.vbauer.apkmaster.service.FullProcessService.build(FullProcessService.java:84)
	at com.github.vbauer.apkmaster.service.FullProcessService.process(FullProcessService.java:34)
	at com.github.vbauer.apkmaster.app.MainApplication.process(MainApplication.java:38)
	at com.github.vbauer.apkmaster.app.MainApplication.main(MainApplication.java:20)
	at sun.reflect.NativeMethodAccessorImpl.invoke0(Native Method)
	at sun.reflect.NativeMethodAccessorImpl.invoke(NativeMethodAccessorImpl.java:62)
	at sun.reflect.DelegatingMethodAccessorImpl.invoke(DelegatingMethodAccessorImpl.java:43)
	at java.lang.reflect.Method.invoke(Method.java:498)
	at com.android.arsenal.util.ReflectionUtils.invoke(ReflectionUtils.java:52)
	at com.android.arsenal.util.ApkMasterUtils.main(ApkMasterUtils.java:30)
	at com.android.arsenal.service.processor.impl.BuildProcessorServiceImpl.buildProject(BuildProcessorServiceImpl.java:196)
	at com.android.arsenal.service.processor.impl.BuildProcessorServiceImpl.build(BuildProcessorServiceImpl.java:130)
	at com.android.arsenal.service.processor.impl.BuildProcessorServiceImpl.lambda$createTasks$1(BuildProcessorServiceImpl.java:113)
	at java.util.concurrent.FutureTask.run(FutureTask.java:266)
	at java.util.concurrent.Executors$RunnableAdapter.call(Executors.java:511)
	at java.util.concurrent.FutureTask.run(FutureTask.java:266)
	at java.util.concurrent.ThreadPoolExecutor.runWorker(ThreadPoolExecutor.java:1149)
	at java.util.concurrent.ThreadPoolExecutor$Worker.run(ThreadPoolExecutor.java:624)
	at java.lang.Thread.run(Thread.java:748)
Caused by: java.io.IOException: error=2, No such file or directory
	at java.lang.UNIXProcess.forkAndExec(Native Method)
	at java.lang.UNIXProcess.<init>(UNIXProcess.java:247)
	at java.lang.ProcessImpl.start(ProcessImpl.java:134)
	at java.lang.ProcessBuilder.start(ProcessBuilder.java:1029)
	... 29 common frames omitted
2019-01-18 11:21:21,527 INFO  SysUtils - 
2019-01-18 11:21:21,530 INFO  FullProcessService - Found APK file: /var/folders/bq/vtzpc5ns5sg2cthy61lqpg3dfzgbys/T/1547785278100-0/src/CircularDeletionSwipe-master/sample apk/CircularDeletionSwipe.apk
