2019-03-02 16:48:19,865 INFO  DownloadService - Downloading "https://github.com/SysdataSpA/KTAndroidArchitecture/archive/master.zip", attempt 3
2019-03-02 16:48:20,937 INFO  DownloadService - Downloaded https://github.com/SysdataSpA/KTAndroidArchitecture/archive/master.zip, attempt 3
2019-03-02 16:48:20,938 INFO  DownloadService - Size of file "/var/folders/bq/vtzpc5ns5sg2cthy61lqpg3dfzgbys/T/1551520099863-0/master.zip": 473 KB
2019-03-02 16:48:20,938 INFO  ArchiveUtils - Checking entries [.gradle] in ZIP file...
2019-03-02 16:48:20,943 INFO  ArchiveUtils - Has entries [.gradle] in ZIP file /var/folders/bq/vtzpc5ns5sg2cthy61lqpg3dfzgbys/T/1551520099863-0/master.zip: true
2019-03-02 16:48:20,944 DEBUG ZipUtil - Extracting '/var/folders/bq/vtzpc5ns5sg2cthy61lqpg3dfzgbys/T/1551520099863-0/master.zip' into '/var/folders/bq/vtzpc5ns5sg2cthy61lqpg3dfzgbys/T/1551520099863-0/src'.
2019-03-02 16:48:20,973 INFO  FullProcessService - Size of directory with sources: 546 KB
2019-03-02 16:48:20,974 INFO  SysUtils - Execute command: [git, init, /var/folders/bq/vtzpc5ns5sg2cthy61lqpg3dfzgbys/T/1551520099863-0/src]
2019-03-02 16:48:20,992 INFO  SysUtils - Initialized empty Git repository in /private/var/folders/bq/vtzpc5ns5sg2cthy61lqpg3dfzgbys/T/1551520099863-0/src/.git/

2019-03-02 16:48:20,996 INFO  ProjectBuildService - Gradle wrapper(s): /var/folders/bq/vtzpc5ns5sg2cthy61lqpg3dfzgbys/T/1551520099863-0/src/KTAndroidArchitecture-master/gradlew
2019-03-02 16:48:21,000 INFO  ProjectBuildService - Build script(s): /var/folders/bq/vtzpc5ns5sg2cthy61lqpg3dfzgbys/T/1551520099863-0/src/KTAndroidArchitecture-master/app/build.gradle /var/folders/bq/vtzpc5ns5sg2cthy61lqpg3dfzgbys/T/1551520099863-0/src/KTAndroidArchitecture-master/ktandroidarchitecturecore/build.gradle /var/folders/bq/vtzpc5ns5sg2cthy61lqpg3dfzgbys/T/1551520099863-0/src/KTAndroidArchitecture-master/build.gradle
2019-03-02 16:48:21,005 INFO  ProjectBuildService - All script(s): /var/folders/bq/vtzpc5ns5sg2cthy61lqpg3dfzgbys/T/1551520099863-0/src/KTAndroidArchitecture-master/app/build.gradle /var/folders/bq/vtzpc5ns5sg2cthy61lqpg3dfzgbys/T/1551520099863-0/src/KTAndroidArchitecture-master/ktandroidarchitecturecore/build.gradle /var/folders/bq/vtzpc5ns5sg2cthy61lqpg3dfzgbys/T/1551520099863-0/src/KTAndroidArchitecture-master/ktandroidarchitecturecore/publishBintray.gradle /var/folders/bq/vtzpc5ns5sg2cthy61lqpg3dfzgbys/T/1551520099863-0/src/KTAndroidArchitecture-master/build.gradle /var/folders/bq/vtzpc5ns5sg2cthy61lqpg3dfzgbys/T/1551520099863-0/src/KTAndroidArchitecture-master/settings.gradle
2019-03-02 16:48:21,006 INFO  DownloadService - Downloading "https://raw.githubusercontent.com/nuuneoi/JCenter/master/bintrayv1.gradle", attempt 3
2019-03-02 16:48:21,101 INFO  DownloadService - Downloaded https://raw.githubusercontent.com/nuuneoi/JCenter/master/bintrayv1.gradle, attempt 3
2019-03-02 16:48:21,102 INFO  DownloadService - Downloading "https://raw.githubusercontent.com/nuuneoi/JCenter/master/installv1.gradle", attempt 3
2019-03-02 16:48:21,196 INFO  DownloadService - Downloaded https://raw.githubusercontent.com/nuuneoi/JCenter/master/installv1.gradle, attempt 3
2019-03-02 16:48:21,196 INFO  ProjectBuildService - Remote scripts: https://raw.githubusercontent.com/nuuneoi/JCenter/master/bintrayv1.gradle https://raw.githubusercontent.com/nuuneoi/JCenter/master/installv1.gradle
2019-03-02 16:48:21,196 INFO  ProjectFixService - Fixing project...
2019-03-02 16:48:21,209 INFO  LocalPropertiesFixService - Created fake /var/folders/bq/vtzpc5ns5sg2cthy61lqpg3dfzgbys/T/1551520099863-0/src/KTAndroidArchitecture-master/app/local.properties
2019-03-02 16:48:21,211 INFO  ProjectFixService - Build info for "/var/folders/bq/vtzpc5ns5sg2cthy61lqpg3dfzgbys/T/1551520099863-0/src/KTAndroidArchitecture-master/app/build.gradle": [buildToolsVersion=<null>,compileSdkVersion=28,minSdkVersion=19,targetSdkVersion=28]
2019-03-02 16:48:21,211 INFO  ProjectFixService - Fixed build info for "/var/folders/bq/vtzpc5ns5sg2cthy61lqpg3dfzgbys/T/1551520099863-0/src/KTAndroidArchitecture-master/app/build.gradle": [buildToolsVersion=28.0.0-rc2,compileSdkVersion=28,minSdkVersion=19,targetSdkVersion=28]
2019-03-02 16:48:21,212 INFO  LocalPropertiesFixService - Created fake /var/folders/bq/vtzpc5ns5sg2cthy61lqpg3dfzgbys/T/1551520099863-0/src/KTAndroidArchitecture-master/ktandroidarchitecturecore/local.properties
2019-03-02 16:48:21,216 INFO  ProjectFixService - Build info for "/var/folders/bq/vtzpc5ns5sg2cthy61lqpg3dfzgbys/T/1551520099863-0/src/KTAndroidArchitecture-master/ktandroidarchitecturecore/build.gradle": [buildToolsVersion=<null>,compileSdkVersion=28,minSdkVersion=15,targetSdkVersion=28]
2019-03-02 16:48:21,217 INFO  ProjectFixService - Fixed build info for "/var/folders/bq/vtzpc5ns5sg2cthy61lqpg3dfzgbys/T/1551520099863-0/src/KTAndroidArchitecture-master/ktandroidarchitecturecore/build.gradle": [buildToolsVersion=28.0.0-rc2,compileSdkVersion=28,minSdkVersion=15,targetSdkVersion=28]
2019-03-02 16:48:21,218 INFO  LocalPropertiesFixService - Created fake /var/folders/bq/vtzpc5ns5sg2cthy61lqpg3dfzgbys/T/1551520099863-0/src/KTAndroidArchitecture-master/local.properties
2019-03-02 16:48:21,218 INFO  WrapperPropertiesFixService - Gradle wrapper: https://services.gradle.org/distributions/gradle-4.6-all.zip
2019-03-02 16:48:21,219 INFO  WrapperPropertiesFixService - Gradle wrapper was changed from "-all.zip" to "-bin.zip" (https://services.gradle.org/distributions/gradle-4.6-bin.zip)
2019-03-02 16:48:21,221 INFO  ProjectFixService - Build info for "/var/folders/bq/vtzpc5ns5sg2cthy61lqpg3dfzgbys/T/1551520099863-0/src/KTAndroidArchitecture-master/build.gradle": [buildToolsVersion=<null>,compileSdkVersion=28,minSdkVersion=19,targetSdkVersion=28]
2019-03-02 16:48:21,221 INFO  ProjectFixService - Fixed build info for "/var/folders/bq/vtzpc5ns5sg2cthy61lqpg3dfzgbys/T/1551520099863-0/src/KTAndroidArchitecture-master/build.gradle": [buildToolsVersion=28.0.0-rc2,compileSdkVersion=28,minSdkVersion=19,targetSdkVersion=28]
2019-03-02 16:48:21,222 INFO  ProjectFixService - Project was maybe fixed
2019-03-02 16:48:21,222 INFO  ProjectTaskService - Detecting possible tasks...
2019-03-02 16:48:21,222 INFO  SysUtils - Execute command: [/var/folders/bq/vtzpc5ns5sg2cthy61lqpg3dfzgbys/T/1551520099863-0/src/KTAndroidArchitecture-master/gradlew, -b, /var/folders/bq/vtzpc5ns5sg2cthy61lqpg3dfzgbys/T/1551520099863-0/src/KTAndroidArchitecture-master/app/build.gradle, -Dorg.gradle.daemon=false, -Dorg.gradle.daemon.performance.enable-monitoring=false, -Dorg.gradle.configureondemand=true, tasks]
2019-03-02 16:48:29,028 INFO  ProjectTaskService - Detected possible tasks: 72
2019-03-02 16:48:29,029 INFO  ProjectTaskService - Excluded tasks (21): lintDebug javadocJar deviceCheck lint testReleaseUnitTest javadoc uninstallRelease deviceAndroidTest uninstallDebugAndroidTest installDebugAndroidTest connectedCheck connectedDebugAndroidTest uninstallAll sourcesJar test check testDebugUnitTest connectedAndroidTest installDebug lintRelease uninstallDebug
2019-03-02 16:48:29,029 INFO  SysUtils - Execute command: [/var/folders/bq/vtzpc5ns5sg2cthy61lqpg3dfzgbys/T/1551520099863-0/src/KTAndroidArchitecture-master/gradlew, -b, /var/folders/bq/vtzpc5ns5sg2cthy61lqpg3dfzgbys/T/1551520099863-0/src/KTAndroidArchitecture-master/app/build.gradle, -Dorg.gradle.daemon=false, -Dorg.gradle.daemon.performance.enable-monitoring=false, -Dorg.gradle.configureondemand=true, --stacktrace, -x, lintDebug, -x, javadocJar, -x, deviceCheck, -x, lint, -x, testReleaseUnitTest, -x, javadoc, -x, uninstallRelease, -x, deviceAndroidTest, -x, uninstallDebugAndroidTest, -x, installDebugAndroidTest, -x, connectedCheck, -x, connectedDebugAndroidTest, -x, uninstallAll, -x, sourcesJar, -x, test, -x, check, -x, testDebugUnitTest, -x, connectedAndroidTest, -x, installDebug, -x, lintRelease, -x, uninstallDebug, build]
2019-03-02 16:48:35,431 ERROR SysUtils - Could not process external command
org.apache.commons.exec.ExecuteException: Process exited with an error: 1 (Exit value: 1)
	at org.apache.commons.exec.DefaultExecutor.executeInternal(DefaultExecutor.java:404)
	at org.apache.commons.exec.DefaultExecutor.execute(DefaultExecutor.java:166)
	at com.github.vbauer.apkmaster.util.SysUtils.execute(SysUtils.java:67)
	at com.github.vbauer.apkmaster.util.SysUtils.executeSimple(SysUtils.java:43)
	at com.github.vbauer.apkmaster.service.assembly.ProjectBuildService.buildProject(ProjectBuildService.java:78)
	at com.github.vbauer.apkmaster.service.assembly.ProjectBuildService.buildProject(ProjectBuildService.java:64)
	at com.github.vbauer.apkmaster.service.assembly.ProjectBuildService.buildProject(ProjectBuildService.java:43)
	at com.github.vbauer.apkmaster.service.FullProcessService.build(FullProcessService.java:84)
	at com.github.vbauer.apkmaster.service.FullProcessService.process(FullProcessService.java:34)
	at com.github.vbauer.apkmaster.app.MainApplication.process(MainApplication.java:38)
	at com.github.vbauer.apkmaster.app.MainApplication.main(MainApplication.java:20)
	at sun.reflect.GeneratedMethodAccessor9.invoke(Unknown Source)
	at sun.reflect.DelegatingMethodAccessorImpl.invoke(DelegatingMethodAccessorImpl.java:43)
	at java.lang.reflect.Method.invoke(Method.java:498)
	at com.android.arsenal.util.ReflectionUtils.invoke(ReflectionUtils.java:52)
	at com.android.arsenal.util.ApkMasterUtils.main(ApkMasterUtils.java:30)
	at com.android.arsenal.service.processor.impl.BuildProcessorServiceImpl.buildProject(BuildProcessorServiceImpl.java:196)
	at com.android.arsenal.service.processor.impl.BuildProcessorServiceImpl.build(BuildProcessorServiceImpl.java:130)
	at com.android.arsenal.service.processor.impl.BuildProcessorServiceImpl.lambda$null$1(BuildProcessorServiceImpl.java:113)
	at java.util.concurrent.FutureTask.run(FutureTask.java:266)
	at java.util.concurrent.Executors$RunnableAdapter.call(Executors.java:511)
	at java.util.concurrent.FutureTask.run(FutureTask.java:266)
	at java.util.concurrent.ThreadPoolExecutor.runWorker(ThreadPoolExecutor.java:1149)
	at java.util.concurrent.ThreadPoolExecutor$Worker.run(ThreadPoolExecutor.java:624)
	at java.lang.Thread.run(Thread.java:748)
2019-03-02 16:48:35,431 INFO  SysUtils - Configuration on demand is an incubating feature.

FAILURE: Build failed with an exception.

* What went wrong:
Task 'javadocJar' not found in project ':app'.

* Try:
Run gradlew tasks to get a list of available tasks. Run with --info or --debug option to get more log output. Run with --scan to get full insights.

* Exception is:
org.gradle.execution.TaskSelectionException: Task 'javadocJar' not found in project ':app'.
	at org.gradle.execution.TaskSelector.getSelection(TaskSelector.java:116)
	at org.gradle.execution.TaskSelector.getFilter(TaskSelector.java:66)
	at org.gradle.execution.ExcludedTaskFilteringBuildConfigurationAction.configure(ExcludedTaskFilteringBuildConfigurationAction.java:42)
	at org.gradle.execution.DefaultBuildConfigurationActionExecuter.configure(DefaultBuildConfigurationActionExecuter.java:48)
	at org.gradle.execution.DefaultBuildConfigurationActionExecuter.select(DefaultBuildConfigurationActionExecuter.java:36)
	at org.gradle.initialization.DefaultGradleLauncher$CalculateTaskGraph.run(DefaultGradleLauncher.java:286)
	at org.gradle.internal.progress.DefaultBuildOperationExecutor$RunnableBuildOperationWorker.execute(DefaultBuildOperationExecutor.java:336)
	at org.gradle.internal.progress.DefaultBuildOperationExecutor$RunnableBuildOperationWorker.execute(DefaultBuildOperationExecutor.java:328)
	at org.gradle.internal.progress.DefaultBuildOperationExecutor.execute(DefaultBuildOperationExecutor.java:199)
	at org.gradle.internal.progress.DefaultBuildOperationExecutor.run(DefaultBuildOperationExecutor.java:110)
	at org.gradle.initialization.DefaultGradleLauncher.constructTaskGraph(DefaultGradleLauncher.java:181)
	at org.gradle.initialization.DefaultGradleLauncher.doBuildStages(DefaultGradleLauncher.java:136)
	at org.gradle.initialization.DefaultGradleLauncher.executeTasks(DefaultGradleLauncher.java:115)
	at org.gradle.internal.invocation.GradleBuildController$1.call(GradleBuildController.java:78)
	at org.gradle.internal.invocation.GradleBuildController$1.call(GradleBuildController.java:75)
	at org.gradle.internal.work.DefaultWorkerLeaseService.withLocks(DefaultWorkerLeaseService.java:152)
	at org.gradle.internal.invocation.GradleBuildController.doBuild(GradleBuildController.java:100)
	at org.gradle.internal.invocation.GradleBuildController.run(GradleBuildController.java:75)
	at org.gradle.tooling.internal.provider.ExecuteBuildActionRunner.run(ExecuteBuildActionRunner.java:28)
	at org.gradle.launcher.exec.ChainingBuildActionRunner.run(ChainingBuildActionRunner.java:35)
	at org.gradle.tooling.internal.provider.ValidatingBuildActionRunner.run(ValidatingBuildActionRunner.java:32)
	at org.gradle.launcher.exec.RunAsBuildOperationBuildActionRunner$1.run(RunAsBuildOperationBuildActionRunner.java:43)
	at org.gradle.internal.progress.DefaultBuildOperationExecutor$RunnableBuildOperationWorker.execute(DefaultBuildOperationExecutor.java:336)
	at org.gradle.internal.progress.DefaultBuildOperationExecutor$RunnableBuildOperationWorker.execute(DefaultBuildOperationExecutor.java:328)
	at org.gradle.internal.progress.DefaultBuildOperationExecutor.execute(DefaultBuildOperationExecutor.java:199)
	at org.gradle.internal.progress.DefaultBuildOperationExecutor.run(DefaultBuildOperationExecutor.java:110)
	at org.gradle.launcher.exec.RunAsBuildOperationBuildActionRunner.run(RunAsBuildOperationBuildActionRunner.java:40)
	at org.gradle.tooling.internal.provider.SubscribableBuildActionRunner.run(SubscribableBuildActionRunner.java:51)
	at org.gradle.launcher.exec.InProcessBuildActionExecuter.execute(InProcessBuildActionExecuter.java:49)
	at org.gradle.launcher.exec.InProcessBuildActionExecuter.execute(InProcessBuildActionExecuter.java:32)
	at org.gradle.launcher.exec.BuildTreeScopeBuildActionExecuter.execute(BuildTreeScopeBuildActionExecuter.java:39)
	at org.gradle.launcher.exec.BuildTreeScopeBuildActionExecuter.execute(BuildTreeScopeBuildActionExecuter.java:25)
	at org.gradle.tooling.internal.provider.ContinuousBuildActionExecuter.execute(ContinuousBuildActionExecuter.java:80)
	at org.gradle.tooling.internal.provider.ContinuousBuildActionExecuter.execute(ContinuousBuildActionExecuter.java:53)
	at org.gradle.tooling.internal.provider.ServicesSetupBuildActionExecuter.execute(ServicesSetupBuildActionExecuter.java:57)
	at org.gradle.tooling.internal.provider.ServicesSetupBuildActionExecuter.execute(ServicesSetupBuildActionExecuter.java:32)
	at org.gradle.tooling.internal.provider.GradleThreadBuildActionExecuter.execute(GradleThreadBuildActionExecuter.java:36)
	at org.gradle.tooling.internal.provider.GradleThreadBuildActionExecuter.execute(GradleThreadBuildActionExecuter.java:25)
	at org.gradle.tooling.internal.provider.ParallelismConfigurationBuildActionExecuter.execute(ParallelismConfigurationBuildActionExecuter.java:43)
	at org.gradle.tooling.internal.provider.ParallelismConfigurationBuildActionExecuter.execute(ParallelismConfigurationBuildActionExecuter.java:29)
	at org.gradle.tooling.internal.provider.StartParamsValidatingActionExecuter.execute(StartParamsValidatingActionExecuter.java:64)
	at org.gradle.tooling.internal.provider.StartParamsValidatingActionExecuter.execute(StartParamsValidatingActionExecuter.java:29)
	at org.gradle.tooling.internal.provider.SessionFailureReportingActionExecuter.execute(SessionFailureReportingActionExecuter.java:59)
	at org.gradle.tooling.internal.provider.SessionFailureReportingActionExecuter.execute(SessionFailureReportingActionExecuter.java:44)
	at org.gradle.tooling.internal.provider.SetupLoggingActionExecuter.execute(SetupLoggingActionExecuter.java:45)
	at org.gradle.tooling.internal.provider.SetupLoggingActionExecuter.execute(SetupLoggingActionExecuter.java:30)
	at org.gradle.launcher.cli.RunBuildAction.run(RunBuildAction.java:51)
	at org.gradle.internal.Actions$RunnableActionAdapter.execute(Actions.java:173)
	at org.gradle.launcher.cli.CommandLineActionFactory$ParseAndBuildAction.execute(CommandLineActionFactory.java:285)
	at org.gradle.launcher.cli.CommandLineActionFactory$ParseAndBuildAction.execute(CommandLineActionFactory.java:258)
	at org.gradle.launcher.cli.ExceptionReportingAction.execute(ExceptionReportingAction.java:33)
	at org.gradle.launcher.cli.ExceptionReportingAction.execute(ExceptionReportingAction.java:22)
	at org.gradle.launcher.cli.CommandLineActionFactory$WithLogging.execute(CommandLineActionFactory.java:251)
	at org.gradle.launcher.cli.CommandLineActionFactory$WithLogging.execute(CommandLineActionFactory.java:185)
	at org.gradle.launcher.Main.doAction(Main.java:36)
	at org.gradle.launcher.bootstrap.EntryPoint.run(EntryPoint.java:45)
	at org.gradle.launcher.bootstrap.ProcessBootstrap.runNoExit(ProcessBootstrap.java:60)
	at org.gradle.launcher.bootstrap.ProcessBootstrap.run(ProcessBootstrap.java:37)
	at org.gradle.launcher.GradleMain.main(GradleMain.java:23)
	at org.gradle.wrapper.BootstrapMainStarter.start(BootstrapMainStarter.java:31)
	at org.gradle.wrapper.WrapperExecutor.execute(WrapperExecutor.java:108)
	at org.gradle.wrapper.GradleWrapperMain.main(GradleWrapperMain.java:61)


* Get more help at https://help.gradle.org

BUILD FAILED in 6s

2019-03-02 16:48:35,431 ERROR ProjectBuildService - Excluded tasks were detected wrong
2019-03-02 16:48:35,431 INFO  SysUtils - Execute command: [/var/folders/bq/vtzpc5ns5sg2cthy61lqpg3dfzgbys/T/1551520099863-0/src/KTAndroidArchitecture-master/gradlew, -b, /var/folders/bq/vtzpc5ns5sg2cthy61lqpg3dfzgbys/T/1551520099863-0/src/KTAndroidArchitecture-master/app/build.gradle, -Dorg.gradle.daemon=false, -Dorg.gradle.daemon.performance.enable-monitoring=false, -Dorg.gradle.configureondemand=true, --stacktrace, build]
2019-03-02 16:50:02,949 INFO  SysUtils - Configuration on demand is an incubating feature.
Download https://plugins.gradle.org/m2/org/jfrog/buildinfo/build-info-client/2.5.1/build-info-client-2.5.1.jar
Download https://plugins.gradle.org/m2/org/jfrog/buildinfo/build-info-extractor/2.5.1/build-info-extractor-2.5.1.jar
Download https://plugins.gradle.org/m2/org/jfrog/buildinfo/build-info-api/2.5.1/build-info-api-2.5.1.jar
Download https://plugins.gradle.org/m2/org/apache/ivy/ivy/2.2.0/ivy-2.2.0.jar
Download https://plugins.gradle.org/m2/org/jfrog/buildinfo/build-info-extractor-gradle/3.1.1/build-info-extractor-gradle-3.1.1.jar
Download https://plugins.gradle.org/m2/org/codehaus/jackson/jackson-mapper-asl/1.9.12/jackson-mapper-asl-1.9.12.jar
Download https://plugins.gradle.org/m2/org/codehaus/jackson/jackson-core-asl/1.9.12/jackson-core-asl-1.9.12.jar
Download https://plugins.gradle.org/m2/com/github/dcendents/android-maven-plugin/1.2/android-maven-plugin-1.2.jar
:app:checkDebugClasspath
Download https://jcenter.bintray.com/com/jakewharton/retrofit/retrofit2-kotlin-coroutines-experimental-adapter/1.0.0/retrofit2-kotlin-coroutines-experimental-adapter-1.0.0.jar
WARNING: Conflict with dependency 'org.jetbrains.kotlinx:kotlinx-coroutines-core' in project ':app'. Resolved versions for runtime classpath (1.0.1) and compile classpath (0.20) differ. This can lead to runtime crashes. To resolve this issue follow advice at https://developer.android.com/studio/build/gradle-tips#configure-project-wide-properties. Alternatively, you can try to fix the problem by adding this snippet to /private/var/folders/bq/vtzpc5ns5sg2cthy61lqpg3dfzgbys/T/1551520099863-0/src/KTAndroidArchitecture-master/app/build.gradle:
dependencies {
    implementation("org.jetbrains.kotlinx:kotlinx-coroutines-core:1.0.1")
}

:app:preBuild UP-TO-DATE
:ktandroidarchitecturecore:preBuild UP-TO-DATE
:ktandroidarchitecturecore:preDebugBuild UP-TO-DATE
:ktandroidarchitecturecore:checkDebugManifest
:ktandroidarchitecturecore:processDebugManifest
:app:preDebugBuild
:ktandroidarchitecturecore:compileDebugAidl NO-SOURCE
:app:compileDebugAidl NO-SOURCE
:ktandroidarchitecturecore:packageDebugRenderscript NO-SOURCE
:app:compileDebugRenderscript
:app:checkDebugManifest
:app:generateDebugBuildConfig
:app:mainApkListPersistenceDebug
:app:generateDebugResValues
:app:generateDebugResources
:ktandroidarchitecturecore:compileDebugRenderscript
:ktandroidarchitecturecore:generateDebugResValues
:ktandroidarchitecturecore:generateDebugResources
:ktandroidarchitecturecore:packageDebugResources
:app:mergeDebugResources
:app:createDebugCompatibleScreenManifests
:app:processDebugManifest
:app:splitsDiscoveryTaskDebug
:ktandroidarchitecturecore:generateDebugRFile
:app:processDebugResources
:ktandroidarchitecturecore:generateDebugBuildConfig
:ktandroidarchitecturecore:kaptGenerateStubsDebugKotlin
Download https://dl.google.com/dl/android/maven2/androidx/lifecycle/lifecycle-compiler/2.0.0/lifecycle-compiler-2.0.0.jar
:ktandroidarchitecturecore:kaptDebugKotlin
:ktandroidarchitecturecore:compileDebugKotlin
w: /private/var/folders/bq/vtzpc5ns5sg2cthy61lqpg3dfzgbys/T/1551520099863-0/src/KTAndroidArchitecture-master/ktandroidarchitecturecore/src/main/java/it/sysdata/ktandroidarchitecturecore/platform/KParcelable.kt: (43, 86): Type mismatch: inferred type is ClassLoader? but ClassLoader was expected
:ktandroidarchitecturecore:prepareLintJar
:ktandroidarchitecturecore:generateDebugSources
:ktandroidarchitecturecore:javaPreCompileDebug
:ktandroidarchitecturecore:compileDebugJavaWithJavac
:ktandroidarchitecturecore:processDebugJavaRes NO-SOURCE
:ktandroidarchitecturecore:transformClassesAndResourcesWithPrepareIntermediateJarsForDebug
:app:kaptGenerateStubsDebugKotlin
ERROR: [TAG] Failed to resolve variable '${project.version}'
ERROR: [TAG] Failed to resolve variable '${junit.version}'
Download https://dl.google.com/dl/android/maven2/androidx/databinding/databinding-common/3.4.0-alpha04/databinding-common-3.4.0-alpha04.jar
Download https://dl.google.com/dl/android/maven2/androidx/databinding/databinding-compiler-common/3.4.0-alpha04/databinding-compiler-common-3.4.0-alpha04.jar
Download https://dl.google.com/dl/android/maven2/androidx/databinding/databinding-compiler/3.4.0-alpha04/databinding-compiler-3.4.0-alpha04.jar
Download https://dl.google.com/dl/android/maven2/com/android/tools/annotations/26.4.0-alpha04/annotations-26.4.0-alpha04.jar
ERROR: [TAG] Failed to resolve variable '${animal.sniffer.version}'
Download https://dl.google.com/dl/android/maven2/com/android/databinding/baseLibrary/3.4.0-alpha04/baseLibrary-3.4.0-alpha04.jar
Download https://jcenter.bintray.com/org/jetbrains/kotlin/kotlin-stdlib-jdk8/1.3.0/kotlin-stdlib-jdk8-1.3.0.jar
:app:kaptDebugKotlin
:app:compileDebugKotlin
:app:prepareLintJar
:app:generateDebugSources
:app:javaPreCompileDebug
:app:compileDebugJavaWithJavac
:app:compileDebugNdk NO-SOURCE
:app:compileDebugSources
:app:mergeDebugShaders
:app:compileDebugShaders
:app:generateDebugAssets
:ktandroidarchitecturecore:mergeDebugShaders
:ktandroidarchitecturecore:compileDebugShaders
:ktandroidarchitecturecore:generateDebugAssets
:ktandroidarchitecturecore:packageDebugAssets
:app:mergeDebugAssets
:app:transformClassesWithDexBuilderForDebug
D8: Stripped invalid locals information from 2 methods.
/Users/vbauer/.gradle/caches/modules-2/files-2.1/org.jetbrains.kotlin/kotlin-stdlib/1.3.10/b178c1501609c6e4ee8be635513cb023a466457d/kotlin-stdlib-1.3.10.jar: D8: Methods with invalid locals information:
  java.lang.Object kotlin.sequences.SequencesKt__SequencesKt$ifEmpty$1.invokeSuspend(java.lang.Object)
  Attempt to read local this but no local information was associated with the value being read.
/Users/vbauer/.gradle/caches/modules-2/files-2.1/org.jetbrains.kotlin/kotlin-stdlib/1.3.10/b178c1501609c6e4ee8be635513cb023a466457d/kotlin-stdlib-1.3.10.jar: D8: Methods with invalid locals information:
  java.lang.Object kotlin.sequences.SequencesKt___SequencesKt$zipWithNext$2.invokeSuspend(java.lang.Object)
  Attempt to read local this but no local information was associated with the value being read.
D8: Stripped invalid locals information from 1 method.
/Users/vbauer/.gradle/caches/modules-2/files-2.1/org.jetbrains.kotlin/kotlin-stdlib/1.3.10/b178c1501609c6e4ee8be635513cb023a466457d/kotlin-stdlib-1.3.10.jar: D8: Methods with invalid locals information:
  java.lang.Object kotlin.collections.SlidingWindowKt$windowedIterator$1.invokeSuspend(java.lang.Object)
  Attempt to read local this but no local information was associated with the value being read.
:app:transformDexArchiveWithExternalLibsDexMergerForDebug
:app:transformDexArchiveWithDexMergerForDebug
:app:mergeDebugJniLibFolders
:ktandroidarchitecturecore:compileDebugNdk NO-SOURCE
:ktandroidarchitecturecore:mergeDebugJniLibFolders
:ktandroidarchitecturecore:transformNativeLibsWithMergeJniLibsForDebug
:ktandroidarchitecturecore:transformNativeLibsWithStripDebugSymbolForDebug
:ktandroidarchitecturecore:transformNativeLibsWithIntermediateJniLibsForDebug
:app:transformNativeLibsWithMergeJniLibsForDebug
:app:transformNativeLibsWithStripDebugSymbolForDebug
:app:checkDebugLibraries
:app:processDebugJavaRes NO-SOURCE
:app:transformResourcesWithMergeJavaResForDebug
:app:validateSigningDebug
:app:packageDebug
:app:assembleDebug
:app:checkReleaseClasspath
WARNING: Conflict with dependency 'org.jetbrains.kotlinx:kotlinx-coroutines-core' in project ':app'. Resolved versions for runtime classpath (1.0.1) and compile classpath (0.20) differ. This can lead to runtime crashes. To resolve this issue follow advice at https://developer.android.com/studio/build/gradle-tips#configure-project-wide-properties. Alternatively, you can try to fix the problem by adding this snippet to /private/var/folders/bq/vtzpc5ns5sg2cthy61lqpg3dfzgbys/T/1551520099863-0/src/KTAndroidArchitecture-master/app/build.gradle:
dependencies {
    implementation("org.jetbrains.kotlinx:kotlinx-coroutines-core:1.0.1")
}

:ktandroidarchitecturecore:preReleaseBuild UP-TO-DATE
:ktandroidarchitecturecore:checkReleaseManifest
:ktandroidarchitecturecore:processReleaseManifest
:app:preReleaseBuild
:ktandroidarchitecturecore:compileReleaseAidl NO-SOURCE
:app:compileReleaseAidl NO-SOURCE
:ktandroidarchitecturecore:packageReleaseRenderscript NO-SOURCE
:app:compileReleaseRenderscript
:app:checkReleaseManifest
:app:generateReleaseBuildConfig
:app:mainApkListPersistenceRelease
:app:generateReleaseResValues
:app:generateReleaseResources
:ktandroidarchitecturecore:compileReleaseRenderscript
:ktandroidarchitecturecore:generateReleaseResValues
:ktandroidarchitecturecore:generateReleaseResources
:ktandroidarchitecturecore:packageReleaseResources
:app:mergeReleaseResources
:app:createReleaseCompatibleScreenManifests
:app:processReleaseManifest
:app:splitsDiscoveryTaskRelease
:ktandroidarchitecturecore:generateReleaseRFile
:app:processReleaseResources
:ktandroidarchitecturecore:generateReleaseBuildConfig
:ktandroidarchitecturecore:kaptGenerateStubsReleaseKotlin
:ktandroidarchitecturecore:kaptReleaseKotlin
:ktandroidarchitecturecore:compileReleaseKotlin
w: /private/var/folders/bq/vtzpc5ns5sg2cthy61lqpg3dfzgbys/T/1551520099863-0/src/KTAndroidArchitecture-master/ktandroidarchitecturecore/src/main/java/it/sysdata/ktandroidarchitecturecore/platform/KParcelable.kt: (43, 86): Type mismatch: inferred type is ClassLoader? but ClassLoader was expected
:ktandroidarchitecturecore:generateReleaseSources
:ktandroidarchitecturecore:javaPreCompileRelease
:ktandroidarchitecturecore:compileReleaseJavaWithJavac
:ktandroidarchitecturecore:processReleaseJavaRes NO-SOURCE
:ktandroidarchitecturecore:transformClassesAndResourcesWithPrepareIntermediateJarsForRelease
:app:kaptGenerateStubsReleaseKotlin
:app:kaptReleaseKotlin
:app:compileReleaseKotlin
:app:generateReleaseSources
:app:javaPreCompileRelease
:app:compileReleaseJavaWithJavac
:app:compileReleaseNdk NO-SOURCE
:app:compileReleaseSources
:app:lintVitalRelease SKIPPED
:app:mergeReleaseShaders
:app:compileReleaseShaders
:app:generateReleaseAssets
:ktandroidarchitecturecore:mergeReleaseShaders
:ktandroidarchitecturecore:compileReleaseShaders
:ktandroidarchitecturecore:generateReleaseAssets
:ktandroidarchitecturecore:packageReleaseAssets
:app:mergeReleaseAssets
:app:transformClassesWithDexBuilderForRelease
:app:transformDexArchiveWithExternalLibsDexMergerForRelease
:app:transformDexArchiveWithDexMergerForRelease
:app:mergeReleaseJniLibFolders
:ktandroidarchitecturecore:compileReleaseNdk NO-SOURCE
:ktandroidarchitecturecore:mergeReleaseJniLibFolders
:ktandroidarchitecturecore:transformNativeLibsWithMergeJniLibsForRelease
:ktandroidarchitecturecore:transformNativeLibsWithStripDebugSymbolForRelease
:ktandroidarchitecturecore:transformNativeLibsWithIntermediateJniLibsForRelease
:app:transformNativeLibsWithMergeJniLibsForRelease
:app:transformNativeLibsWithStripDebugSymbolForRelease
:app:checkReleaseLibraries
:app:processReleaseJavaRes NO-SOURCE
:app:transformResourcesWithMergeJavaResForRelease
:app:packageRelease
:app:assembleRelease
:app:assemble
:app:lint
Ran lint on variant release: 10 issues found
Ran lint on variant debug: 10 issues found
Wrote HTML report to file:///private/var/folders/bq/vtzpc5ns5sg2cthy61lqpg3dfzgbys/T/1551520099863-0/src/KTAndroidArchitecture-master/app/build/reports/lint-results.html
Wrote XML report to file:///private/var/folders/bq/vtzpc5ns5sg2cthy61lqpg3dfzgbys/T/1551520099863-0/src/KTAndroidArchitecture-master/app/build/reports/lint-results.xml
:app:kaptGenerateStubsDebugUnitTestKotlin
:app:kaptDebugUnitTestKotlin
:app:compileDebugUnitTestKotlin
:app:generateDebugUnitTestSources
:app:preDebugUnitTestBuild UP-TO-DATE
:app:javaPreCompileDebugUnitTest
:app:compileDebugUnitTestJavaWithJavac NO-SOURCE
:app:processDebugUnitTestJavaRes NO-SOURCE
:app:testDebugUnitTest
:app:kaptGenerateStubsReleaseUnitTestKotlin
:app:kaptReleaseUnitTestKotlin
:app:compileReleaseUnitTestKotlin
:app:generateReleaseUnitTestSources
:app:preReleaseUnitTestBuild UP-TO-DATE
:app:javaPreCompileReleaseUnitTest
:app:compileReleaseUnitTestJavaWithJavac NO-SOURCE
:app:processReleaseUnitTestJavaRes NO-SOURCE
:app:testReleaseUnitTest
:app:test
:app:check
:app:build

BUILD SUCCESSFUL in 1m 26s
112 actionable tasks: 112 executed

2019-03-02 16:50:03,078 INFO  FullProcessService - Found APK file: /var/folders/bq/vtzpc5ns5sg2cthy61lqpg3dfzgbys/T/1551520099863-0/src/KTAndroidArchitecture-master/app/build/outputs/apk/debug/app-debug.apk
