2019-07-20 11:48:02,847 INFO  DownloadService - Downloading "https://github.com/vinisauter/CurrencyConverter/archive/master.zip", attempt 3
2019-07-20 11:49:03,446 INFO  GithubDownloadService - Could not find ZIP archive for master branch
2019-07-20 11:49:04,427 INFO  GithubDownloadService - Default branch of this repository: master
2019-07-20 11:49:04,427 INFO  DownloadService - Downloading "https://github.com/vinisauter/CurrencyConverter/archive/master.zip", attempt 3
2019-07-20 11:50:05,915 DEBUG FullProcessService - Repository https://github.com/vinisauter/CurrencyConverter available: true
2019-07-20 11:50:05,915 INFO  FullProcessService - Could not download ZIP file from Github, lets clone it
2019-07-20 11:50:05,916 INFO  SysUtils - Execute command: [git, clone, -q, --single-branch, --depth, 1, https://github.com/vinisauter/CurrencyConverter, /var/folders/bq/vtzpc5ns5sg2cthy61lqpg3dfzgbys/T/1563598082844-0/src]
2019-07-20 11:50:07,896 INFO  SysUtils - 
2019-07-20 11:50:07,903 INFO  GitService - Deleted "/var/folders/bq/vtzpc5ns5sg2cthy61lqpg3dfzgbys/T/1563598082844-0/src/.git": true
2019-07-20 11:50:07,906 INFO  FullProcessService - Size of directory with sources: 193 KB
2019-07-20 11:50:07,906 INFO  SysUtils - Execute command: [git, init, /var/folders/bq/vtzpc5ns5sg2cthy61lqpg3dfzgbys/T/1563598082844-0/src]
2019-07-20 11:50:07,922 INFO  SysUtils - Initialized empty Git repository in /private/var/folders/bq/vtzpc5ns5sg2cthy61lqpg3dfzgbys/T/1563598082844-0/src/.git/

2019-07-20 11:50:07,925 INFO  ProjectBuildService - Gradle wrapper(s): /var/folders/bq/vtzpc5ns5sg2cthy61lqpg3dfzgbys/T/1563598082844-0/src/gradlew
2019-07-20 11:50:07,928 INFO  ProjectBuildService - Build script(s): /var/folders/bq/vtzpc5ns5sg2cthy61lqpg3dfzgbys/T/1563598082844-0/src/app/build.gradle /var/folders/bq/vtzpc5ns5sg2cthy61lqpg3dfzgbys/T/1563598082844-0/src/currencyconverter/build.gradle /var/folders/bq/vtzpc5ns5sg2cthy61lqpg3dfzgbys/T/1563598082844-0/src/build.gradle
2019-07-20 11:50:07,930 INFO  ProjectBuildService - All script(s): /var/folders/bq/vtzpc5ns5sg2cthy61lqpg3dfzgbys/T/1563598082844-0/src/currencyconverter/build.gradle /var/folders/bq/vtzpc5ns5sg2cthy61lqpg3dfzgbys/T/1563598082844-0/src/app/build.gradle /var/folders/bq/vtzpc5ns5sg2cthy61lqpg3dfzgbys/T/1563598082844-0/src/build.gradle /var/folders/bq/vtzpc5ns5sg2cthy61lqpg3dfzgbys/T/1563598082844-0/src/settings.gradle
2019-07-20 11:50:07,930 INFO  ProjectBuildService - Remote scripts: none
2019-07-20 11:50:07,930 INFO  ProjectFixService - Fixing project...
2019-07-20 11:50:07,937 INFO  LocalPropertiesFixService - Created fake /var/folders/bq/vtzpc5ns5sg2cthy61lqpg3dfzgbys/T/1563598082844-0/src/app/local.properties
2019-07-20 11:50:07,938 INFO  ProjectFixService - Build info for "/var/folders/bq/vtzpc5ns5sg2cthy61lqpg3dfzgbys/T/1563598082844-0/src/app/build.gradle": [buildToolsVersion=<null>,compileSdkVersion=27,minSdkVersion=14,targetSdkVersion=27]
2019-07-20 11:50:07,938 INFO  ProjectFixService - Fixed build info for "/var/folders/bq/vtzpc5ns5sg2cthy61lqpg3dfzgbys/T/1563598082844-0/src/app/build.gradle": [buildToolsVersion=28.0.0-rc2,compileSdkVersion=27,minSdkVersion=14,targetSdkVersion=27]
2019-07-20 11:50:07,938 INFO  LocalPropertiesFixService - Created fake /var/folders/bq/vtzpc5ns5sg2cthy61lqpg3dfzgbys/T/1563598082844-0/src/currencyconverter/local.properties
2019-07-20 11:50:07,939 INFO  ProjectFixService - Build info for "/var/folders/bq/vtzpc5ns5sg2cthy61lqpg3dfzgbys/T/1563598082844-0/src/currencyconverter/build.gradle": [buildToolsVersion=<null>,compileSdkVersion=27,minSdkVersion=14,targetSdkVersion=27]
2019-07-20 11:50:07,939 INFO  ProjectFixService - Fixed build info for "/var/folders/bq/vtzpc5ns5sg2cthy61lqpg3dfzgbys/T/1563598082844-0/src/currencyconverter/build.gradle": [buildToolsVersion=28.0.0-rc2,compileSdkVersion=27,minSdkVersion=14,targetSdkVersion=27]
2019-07-20 11:50:07,940 INFO  LocalPropertiesFixService - Created fake /var/folders/bq/vtzpc5ns5sg2cthy61lqpg3dfzgbys/T/1563598082844-0/src/local.properties
2019-07-20 11:50:07,940 INFO  WrapperPropertiesFixService - Gradle wrapper: https://services.gradle.org/distributions/gradle-4.4-all.zip
2019-07-20 11:50:07,941 INFO  WrapperPropertiesFixService - Gradle wrapper was changed from "-all.zip" to "-bin.zip" (https://services.gradle.org/distributions/gradle-4.4-bin.zip)
2019-07-20 11:50:07,942 INFO  ProjectFixService - Build info for "/var/folders/bq/vtzpc5ns5sg2cthy61lqpg3dfzgbys/T/1563598082844-0/src/build.gradle": [buildToolsVersion=<null>,compileSdkVersion=27,minSdkVersion=14,targetSdkVersion=27]
2019-07-20 11:50:07,942 INFO  ProjectFixService - Fixed build info for "/var/folders/bq/vtzpc5ns5sg2cthy61lqpg3dfzgbys/T/1563598082844-0/src/build.gradle": [buildToolsVersion=28.0.0-rc2,compileSdkVersion=27,minSdkVersion=14,targetSdkVersion=27]
2019-07-20 11:50:07,942 INFO  ProjectFixService - Project was maybe fixed
2019-07-20 11:50:07,942 INFO  ProjectTaskService - Detecting possible tasks...
2019-07-20 11:50:07,942 INFO  SysUtils - Execute command: [/var/folders/bq/vtzpc5ns5sg2cthy61lqpg3dfzgbys/T/1563598082844-0/src/gradlew, -b, /var/folders/bq/vtzpc5ns5sg2cthy61lqpg3dfzgbys/T/1563598082844-0/src/app/build.gradle, -Dorg.gradle.daemon=false, -Dorg.gradle.daemon.performance.enable-monitoring=false, -Dorg.gradle.configureondemand=true, tasks]
2019-07-20 11:50:17,383 INFO  ProjectTaskService - Detected possible tasks: 67
2019-07-20 11:50:17,383 INFO  ProjectTaskService - Excluded tasks (19): lintDebug mockableAndroidJar deviceCheck lint testReleaseUnitTest uninstallRelease deviceAndroidTest uninstallDebugAndroidTest installDebugAndroidTest connectedCheck connectedDebugAndroidTest uninstallAll test check testDebugUnitTest connectedAndroidTest installDebug lintRelease uninstallDebug
2019-07-20 11:50:17,383 INFO  SysUtils - Execute command: [/var/folders/bq/vtzpc5ns5sg2cthy61lqpg3dfzgbys/T/1563598082844-0/src/gradlew, -b, /var/folders/bq/vtzpc5ns5sg2cthy61lqpg3dfzgbys/T/1563598082844-0/src/app/build.gradle, -Dorg.gradle.daemon=false, -Dorg.gradle.daemon.performance.enable-monitoring=false, -Dorg.gradle.configureondemand=true, --stacktrace, -x, lintDebug, -x, mockableAndroidJar, -x, deviceCheck, -x, lint, -x, testReleaseUnitTest, -x, uninstallRelease, -x, deviceAndroidTest, -x, uninstallDebugAndroidTest, -x, installDebugAndroidTest, -x, connectedCheck, -x, connectedDebugAndroidTest, -x, uninstallAll, -x, test, -x, check, -x, testDebugUnitTest, -x, connectedAndroidTest, -x, installDebug, -x, lintRelease, -x, uninstallDebug, build]
2019-07-20 11:50:31,715 ERROR SysUtils - Could not process external command
org.apache.commons.exec.ExecuteException: Process exited with an error: 1 (Exit value: 1)
	at org.apache.commons.exec.DefaultExecutor.executeInternal(DefaultExecutor.java:404)
	at org.apache.commons.exec.DefaultExecutor.execute(DefaultExecutor.java:166)
	at com.github.vbauer.apkmaster.util.SysUtils.execute(SysUtils.java:67)
	at com.github.vbauer.apkmaster.util.SysUtils.executeSimple(SysUtils.java:43)
	at com.github.vbauer.apkmaster.service.assembly.ProjectBuildService.buildProject(ProjectBuildService.java:78)
	at com.github.vbauer.apkmaster.service.assembly.ProjectBuildService.buildProject(ProjectBuildService.java:64)
	at com.github.vbauer.apkmaster.service.assembly.ProjectBuildService.buildProject(ProjectBuildService.java:43)
	at com.github.vbauer.apkmaster.service.FullProcessService.build(FullProcessService.java:84)
	at com.github.vbauer.apkmaster.service.FullProcessService.process(FullProcessService.java:34)
	at com.github.vbauer.apkmaster.app.MainApplication.process(MainApplication.java:38)
	at com.github.vbauer.apkmaster.app.MainApplication.main(MainApplication.java:20)
	at sun.reflect.GeneratedMethodAccessor9.invoke(Unknown Source)
	at sun.reflect.DelegatingMethodAccessorImpl.invoke(DelegatingMethodAccessorImpl.java:43)
	at java.lang.reflect.Method.invoke(Method.java:498)
	at com.android.arsenal.util.ReflectionUtils.invoke(ReflectionUtils.java:52)
	at com.android.arsenal.util.ApkMasterUtils.main(ApkMasterUtils.java:30)
	at com.android.arsenal.service.processor.impl.BuildProcessorServiceImpl.buildProject(BuildProcessorServiceImpl.java:196)
	at com.android.arsenal.service.processor.impl.BuildProcessorServiceImpl.build(BuildProcessorServiceImpl.java:130)
	at com.android.arsenal.service.processor.impl.BuildProcessorServiceImpl.lambda$createTasks$1(BuildProcessorServiceImpl.java:113)
	at java.util.concurrent.FutureTask.run(FutureTask.java:266)
	at java.util.concurrent.Executors$RunnableAdapter.call(Executors.java:511)
	at java.util.concurrent.FutureTask.run(FutureTask.java:266)
	at java.util.concurrent.ThreadPoolExecutor.runWorker(ThreadPoolExecutor.java:1149)
	at java.util.concurrent.ThreadPoolExecutor$Worker.run(ThreadPoolExecutor.java:624)
	at java.lang.Thread.run(Thread.java:748)
2019-07-20 11:50:31,715 INFO  SysUtils - Configuration on demand is an incubating feature.
:app:preBuild UP-TO-DATE
:currencyconverter:preBuild UP-TO-DATE
:currencyconverter:preDebugBuild UP-TO-DATE
:currencyconverter:checkDebugManifest
:currencyconverter:processDebugManifest
:app:preDebugBuild
:currencyconverter:compileDebugAidl
:app:compileDebugAidl
:currencyconverter:packageDebugRenderscript NO-SOURCE
:app:compileDebugRenderscript
:app:checkDebugManifest
:app:generateDebugBuildConfig
:app:prepareLintJar
:app:mainApkListPersistenceDebug
:app:generateDebugResValues
:app:generateDebugResources
:currencyconverter:compileDebugRenderscript
:currencyconverter:generateDebugResValues
:currencyconverter:generateDebugResources
:currencyconverter:packageDebugResources
:app:mergeDebugResources
:app:createDebugCompatibleScreenManifests
:app:processDebugManifest
:app:splitsDiscoveryTaskDebug
:currencyconverter:platformAttrExtractor
:currencyconverter:generateDebugBuildConfig
:currencyconverter:prepareLintJar
:currencyconverter:javaPreCompileDebug
:currencyconverter:processDebugJavaRes NO-SOURCE
:app:compileDebugNdk NO-SOURCE
:app:mergeDebugShaders
:app:compileDebugShaders
:app:generateDebugAssets
:currencyconverter:mergeDebugShaders
:currencyconverter:compileDebugShaders
:currencyconverter:generateDebugAssets
:currencyconverter:packageDebugAssets
:app:mergeDebugAssets
:app:mergeDebugJniLibFolders
:currencyconverter:compileDebugNdk NO-SOURCE
:currencyconverter:mergeDebugJniLibFolders
:currencyconverter:transformNativeLibsWithMergeJniLibsForDebug
:currencyconverter:transformNativeLibsWithStripDebugSymbolForDebug
:currencyconverter:transformNativeLibsWithIntermediateJniLibsForDebug
:app:processDebugJavaRes NO-SOURCE
:app:validateSigningDebug
:currencyconverter:preReleaseBuild UP-TO-DATE
:currencyconverter:checkReleaseManifest
:currencyconverter:processReleaseManifest
:app:preReleaseBuild
:currencyconverter:compileReleaseAidl
:app:compileReleaseAidl
:currencyconverter:packageReleaseRenderscript NO-SOURCE
:app:compileReleaseRenderscript
:app:checkReleaseManifest
:app:generateReleaseBuildConfig
:app:mainApkListPersistenceRelease
:app:generateReleaseResValues
:app:generateReleaseResources
:currencyconverter:compileReleaseRenderscript
:currencyconverter:generateReleaseResValues
:currencyconverter:generateReleaseResources
:currencyconverter:packageReleaseResources
:app:mergeReleaseResources
:app:createReleaseCompatibleScreenManifests
:app:processReleaseManifest
:app:splitsDiscoveryTaskRelease
:currencyconverter:generateReleaseBuildConfig
:currencyconverter:javaPreCompileRelease
:currencyconverter:processReleaseJavaRes NO-SOURCE
:app:compileReleaseNdk NO-SOURCE
:app:mergeReleaseShaders
:app:compileReleaseShaders
:app:generateReleaseAssets
:currencyconverter:mergeReleaseShaders
:currencyconverter:compileReleaseShaders
:currencyconverter:generateReleaseAssets
:currencyconverter:packageReleaseAssets
:app:mergeReleaseAssets
:app:mergeReleaseJniLibFolders
:currencyconverter:compileReleaseNdk NO-SOURCE
:currencyconverter:mergeReleaseJniLibFolders
:currencyconverter:transformNativeLibsWithMergeJniLibsForRelease
:currencyconverter:transformNativeLibsWithStripDebugSymbolForRelease
:currencyconverter:transformNativeLibsWithIntermediateJniLibsForRelease
:app:processReleaseJavaRes NO-SOURCE
:currencyconverter:generateDebugRFile
:app:processDebugResources
:app:generateDebugSources
:currencyconverter:generateDebugSources
:currencyconverter:compileDebugJavaWithJavac
:currencyconverter:transformClassesAndResourcesWithPrepareIntermediateJarsForDebug
:app:javaPreCompileDebug
:app:compileDebugJavaWithJavac
:app:compileDebugSources
:app:transformClassesWithDexBuilderForDebug
:app:transformDexArchiveWithExternalLibsDexMergerForDebug
:app:transformDexArchiveWithDexMergerForDebugD8: Program type already present: vas.com.currencyconverter.BuildConfig
java.lang.RuntimeException: java.lang.RuntimeException: com.android.builder.dexing.DexArchiveMergerException: Error while merging dex archives: /private/var/folders/bq/vtzpc5ns5sg2cthy61lqpg3dfzgbys/T/1563598082844-0/src/app/build/intermediates/transforms/dexBuilder/debug/21, /private/var/folders/bq/vtzpc5ns5sg2cthy61lqpg3dfzgbys/T/1563598082844-0/src/app/build/intermediates/transforms/externalLibsDexMerger/debug/0, /private/var/folders/bq/vtzpc5ns5sg2cthy61lqpg3dfzgbys/T/1563598082844-0/src/app/build/intermediates/transforms/dexBuilder/debug/16.jar, /private/var/folders/bq/vtzpc5ns5sg2cthy61lqpg3dfzgbys/T/1563598082844-0/src/app/build/intermediates/transforms/dexBuilder/debug/17.jar, /private/var/folders/bq/vtzpc5ns5sg2cthy61lqpg3dfzgbys/T/1563598082844-0/src/app/build/intermediates/transforms/dexBuilder/debug/18.jar, /private/var/folders/bq/vtzpc5ns5sg2cthy61lqpg3dfzgbys/T/1563598082844-0/src/app/build/intermediates/transforms/dexBuilder/debug/19.jar
	at sun.reflect.NativeConstructorAccessorImpl.newInstance0(Native Method)
	at sun.reflect.NativeConstructorAccessorImpl.newInstance(NativeConstructorAccessorImpl.java:62)
	at sun.reflect.DelegatingConstructorAccessorImpl.newInstance(DelegatingConstructorAccessorImpl.java:45)
	at java.lang.reflect.Constructor.newInstance(Constructor.java:423)
	at java.util.concurrent.ForkJoinTask.getThrowableException(ForkJoinTask.java:593)
	at java.util.concurrent.ForkJoinTask.reportException(ForkJoinTask.java:677)
	at java.util.concurrent.ForkJoinTask.join(ForkJoinTask.java:720)
	at com.google.common.collect.ImmutableList.forEach(ImmutableList.java:397)
	at com.android.build.gradle.internal.transforms.DexMergerTransform.transform(DexMergerTransform.java:221)
	at com.android.build.gradle.internal.pipeline.TransformTask$2.call(TransformTask.java:221)
	at com.android.build.gradle.internal.pipeline.TransformTask$2.call(TransformTask.java:217)
	at com.android.builder.profile.ThreadRecorder.record(ThreadRecorder.java:102)
	at com.android.build.gradle.internal.pipeline.TransformTask.transform(TransformTask.java:212)
	at sun.reflect.NativeMethodAccessorImpl.invoke0(Native Method)
	at sun.reflect.NativeMethodAccessorImpl.invoke(NativeMethodAccessorImpl.java:62)
	at sun.reflect.DelegatingMethodAccessorImpl.invoke(DelegatingMethodAccessorImpl.java:43)
	at java.lang.reflect.Method.invoke(Method.java:498)
	at org.gradle.internal.reflect.JavaMethod.invoke(JavaMethod.java:73)
	at org.gradle.api.internal.project.taskfactory.IncrementalTaskAction.doExecute(IncrementalTaskAction.java:46)
	at org.gradle.api.internal.project.taskfactory.StandardTaskAction.execute(StandardTaskAction.java:39)
	at org.gradle.api.internal.project.taskfactory.StandardTaskAction.execute(StandardTaskAction.java:26)
	at org.gradle.api.internal.tasks.execution.ExecuteActionsTaskExecuter$1.run(ExecuteActionsTaskExecuter.java:121)
	at org.gradle.internal.progress.DefaultBuildOperationExecutor$RunnableBuildOperationWorker.execute(DefaultBuildOperationExecutor.java:336)
	at org.gradle.internal.progress.DefaultBuildOperationExecutor$RunnableBuildOperationWorker.execute(DefaultBuildOperationExecutor.java:328)
	at org.gradle.internal.progress.DefaultBuildOperationExecutor.execute(DefaultBuildOperationExecutor.java:199)
	at org.gradle.internal.progress.DefaultBuildOperationExecutor.run(DefaultBuildOperationExecutor.java:110)
	at org.gradle.api.internal.tasks.execution.ExecuteActionsTaskExecuter.executeAction(ExecuteActionsTaskExecuter.java:110)
	at org.gradle.api.internal.tasks.execution.ExecuteActionsTaskExecuter.executeActions(ExecuteActionsTaskExecuter.java:92)
	at org.gradle.api.internal.tasks.execution.ExecuteActionsTaskExecuter.execute(ExecuteActionsTaskExecuter.java:70)
	at org.gradle.api.internal.tasks.execution.OutputDirectoryCreatingTaskExecuter.execute(OutputDirectoryCreatingTaskExecuter.java:51)
	at org.gradle.api.internal.tasks.execution.SkipUpToDateTaskExecuter.execute(SkipUpToDateTaskExecuter.java:62)
	at org.gradle.api.internal.tasks.execution.ResolveTaskOutputCachingStateExecuter.execute(ResolveTaskOutputCachingStateExecuter.java:54)
	at org.gradle.api.internal.tasks.execution.ValidatingTaskExecuter.execute(ValidatingTaskExecuter.java:60)
	at org.gradle.api.internal.tasks.execution.SkipEmptySourceFilesTaskExecuter.execute(SkipEmptySourceFilesTaskExecuter.java:97)
	at org.gradle.api.internal.tasks.execution.CleanupStaleOutputsExecuter.execute(CleanupStaleOutputsExecuter.java:87)
	at org.gradle.api.internal.tasks.execution.ResolveTaskArtifactStateTaskExecuter.execute(ResolveTaskArtifactStateTaskExecuter.java:52)
	at org.gradle.api.internal.tasks.execution.SkipTaskWithNoActionsExecuter.execute(SkipTaskWithNoActionsExecuter.java:52)
	at org.gradle.api.internal.tasks.execution.SkipOnlyIfTaskExecuter.execute(SkipOnlyIfTaskExecuter.java:54)
	at org.gradle.api.internal.tasks.execution.ExecuteAtMostOnceTaskExecuter.execute(ExecuteAtMostOnceTaskExecuter.java:43)
	at org.gradle.api.internal.tasks.execution.CatchExceptionTaskExecuter.execute(CatchExceptionTaskExecuter.java:34)
	at org.gradle.execution.taskgraph.DefaultTaskGraphExecuter$EventFiringTaskWorker$1.run(DefaultTaskGraphExecuter.java:248)
	at org.gradle.internal.progress.DefaultBuildOperationExecutor$RunnableBuildOperationWorker.execute(DefaultBuildOperationExecutor.java:336)
	at org.gradle.internal.progress.DefaultBuildOperationExecutor$RunnableBuildOperationWorker.execute(DefaultBuildOperationExecutor.java:328)
	at org.gradle.internal.progress.DefaultBuildOperationExecutor.execute(DefaultBuildOperationExecutor.java:199)
	at org.gradle.internal.progress.DefaultBuildOperationExecutor.run(DefaultBuildOperationExecutor.java:110)
	at org.gradle.execution.taskgraph.DefaultTaskGraphExecuter$EventFiringTaskWorker.execute(DefaultTaskGraphExecuter.java:241)
	at org.gradle.execution.taskgraph.DefaultTaskGraphExecuter$EventFiringTaskWorker.execute(DefaultTaskGraphExecuter.java:230)
	at org.gradle.execution.taskgraph.DefaultTaskPlanExecutor$TaskExecutorWorker.processTask(DefaultTaskPlanExecutor.java:123)
	at org.gradle.execution.taskgraph.DefaultTaskPlanExecutor$TaskExecutorWorker.access$200(DefaultTaskPlanExecutor.java:79)
	at org.gradle.execution.taskgraph.DefaultTaskPlanExecutor$TaskExecutorWorker$1.execute(DefaultTaskPlanExecutor.java:104)
	at org.gradle.execution.taskgraph.DefaultTaskPlanExecutor$TaskExecutorWorker$1.execute(DefaultTaskPlanExecutor.java:98)
	at org.gradle.execution.taskgraph.DefaultTaskExecutionPlan.execute(DefaultTaskExecutionPlan.java:626)
	at org.gradle.execution.taskgraph.DefaultTaskExecutionPlan.executeWithTask(DefaultTaskExecutionPlan.java:581)
	at org.gradle.execution.taskgraph.DefaultTaskPlanExecutor$TaskExecutorWorker.run(DefaultTaskPlanExecutor.java:98)
	at org.gradle.internal.concurrent.ExecutorPolicy$CatchAndRecordFailures.onExecute(ExecutorPolicy.java:63)
	at org.gradle.internal.concurrent.ManagedExecutorImpl$1.run(ManagedExecutorImpl.java:46)
	at java.util.concurrent.ThreadPoolExecutor.runWorker(ThreadPoolExecutor.java:1149)
	at java.util.concurrent.ThreadPoolExecutor$Worker.run(ThreadPoolExecutor.java:624)
	at org.gradle.internal.concurrent.ThreadFactoryImpl$ManagedThreadRunnable.run(ThreadFactoryImpl.java:55)
	at java.lang.Thread.run(Thread.java:748)
Caused by: java.lang.RuntimeException: com.android.builder.dexing.DexArchiveMergerException: Error while merging dex archives: /private/var/folders/bq/vtzpc5ns5sg2cthy61lqpg3dfzgbys/T/1563598082844-0/src/app/build/intermediates/transforms/dexBuilder/debug/21, /private/var/folders/bq/vtzpc5ns5sg2cthy61lqpg3dfzgbys/T/1563598082844-0/src/app/build/intermediates/transforms/externalLibsDexMerger/debug/0, /private/var/folders/bq/vtzpc5ns5sg2cthy61lqpg3dfzgbys/T/1563598082844-0/src/app/build/intermediates/transforms/dexBuilder/debug/16.jar, /private/var/folders/bq/vtzpc5ns5sg2cthy61lqpg3dfzgbys/T/1563598082844-0/src/app/build/intermediates/transforms/dexBuilder/debug/17.jar, /private/var/folders/bq/vtzpc5ns5sg2cthy61lqpg3dfzgbys/T/1563598082844-0/src/app/build/intermediates/transforms/dexBuilder/debug/18.jar, /private/var/folders/bq/vtzpc5ns5sg2cthy61lqpg3dfzgbys/T/1563598082844-0/src/app/build/intermediates/transforms/dexBuilder/debug/19.jar
	at java.util.concurrent.ForkJoinTask$AdaptedCallable.exec(ForkJoinTask.java:1431)
	at java.util.concurrent.ForkJoinTask.doExec(ForkJoinTask.java:289)
	at java.util.concurrent.ForkJoinPool$WorkQueue.runTask(ForkJoinPool.java:1056)
	at java.util.concurrent.ForkJoinPool.runWorker(ForkJoinPool.java:1692)
	at java.util.concurrent.ForkJoinWorkerThread.run(ForkJoinWorkerThread.java:157)
Caused by: com.android.builder.dexing.DexArchiveMergerException: Error while merging dex archives: /private/var/folders/bq/vtzpc5ns5sg2cthy61lqpg3dfzgbys/T/1563598082844-0/src/app/build/intermediates/transforms/dexBuilder/debug/21, /private/var/folders/bq/vtzpc5ns5sg2cthy61lqpg3dfzgbys/T/1563598082844-0/src/app/build/intermediates/transforms/externalLibsDexMerger/debug/0, /private/var/folders/bq/vtzpc5ns5sg2cthy61lqpg3dfzgbys/T/1563598082844-0/src/app/build/intermediates/transforms/dexBuilder/debug/16.jar, /private/var/folders/bq/vtzpc5ns5sg2cthy61lqpg3dfzgbys/T/1563598082844-0/src/app/build/intermediates/transforms/dexBuilder/debug/17.jar, /private/var/folders/bq/vtzpc5ns5sg2cthy61lqpg3dfzgbys/T/1563598082844-0/src/app/build/intermediates/transforms/dexBuilder/debug/18.jar, /private/var/folders/bq/vtzpc5ns5sg2cthy61lqpg3dfzgbys/T/1563598082844-0/src/app/build/intermediates/transforms/dexBuilder/debug/19.jar
	at com.android.builder.dexing.D8DexArchiveMerger.getExceptionToRethrow(D8DexArchiveMerger.java:124)
	at com.android.builder.dexing.D8DexArchiveMerger.mergeDexArchives(D8DexArchiveMerger.java:109)
	at com.android.build.gradle.internal.transforms.DexMergerTransformCallable.call(DexMergerTransformCallable.java:101)
	at com.android.build.gradle.internal.transforms.DexMergerTransformCallable.call(DexMergerTransformCallable.java:36)
	at java.util.concurrent.ForkJoinTask$AdaptedCallable.exec(ForkJoinTask.java:1424)
	... 4 more
Caused by: com.android.tools.r8.CompilationFailedException: Compilation failed to complete
	at com.android.tools.r8.utils.ExceptionUtils.withCompilationHandler(ExceptionUtils.java:76)
	at com.android.tools.r8.utils.ExceptionUtils.withD8CompilationHandler(ExceptionUtils.java:45)
	at com.android.tools.r8.D8.run(D8.java:67)
	at com.android.builder.dexing.D8DexArchiveMerger.mergeDexArchives(D8DexArchiveMerger.java:107)
	... 7 more
Caused by: com.android.tools.r8.utils.AbortException
	at com.android.tools.r8.utils.Reporter.failIfPendingErrors(Reporter.java:77)
	at com.android.tools.r8.utils.Reporter.fatalError(Reporter.java:58)
	at com.android.tools.r8.utils.ExceptionUtils.withCompilationHandler(ExceptionUtils.java:67)
	... 10 more

 FAILED

FAILURE: Build failed with an exception.

* What went wrong:
Execution failed for task ':app:transformDexArchiveWithDexMergerForDebug'.
> com.android.build.api.transform.TransformException: java.lang.RuntimeException: java.lang.RuntimeException: com.android.builder.dexing.DexArchiveMergerException: Error while merging dex archives: /private/var/folders/bq/vtzpc5ns5sg2cthy61lqpg3dfzgbys/T/1563598082844-0/src/app/build/intermediates/transforms/dexBuilder/debug/21, /private/var/folders/bq/vtzpc5ns5sg2cthy61lqpg3dfzgbys/T/1563598082844-0/src/app/build/intermediates/transforms/externalLibsDexMerger/debug/0, /private/var/folders/bq/vtzpc5ns5sg2cthy61lqpg3dfzgbys/T/1563598082844-0/src/app/build/intermediates/transforms/dexBuilder/debug/16.jar, /private/var/folders/bq/vtzpc5ns5sg2cthy61lqpg3dfzgbys/T/1563598082844-0/src/app/build/intermediates/transforms/dexBuilder/debug/17.jar, /private/var/folders/bq/vtzpc5ns5sg2cthy61lqpg3dfzgbys/T/1563598082844-0/src/app/build/intermediates/transforms/dexBuilder/debug/18.jar, /private/var/folders/bq/vtzpc5ns5sg2cthy61lqpg3dfzgbys/T/1563598082844-0/src/app/build/intermediates/transforms/dexBuilder/debug/19.jar

* Try:
Run with --info or --debug option to get more log output. Run with --scan to get full insights.

* Exception is:
org.gradle.api.tasks.TaskExecutionException: Execution failed for task ':app:transformDexArchiveWithDexMergerForDebug'.
	at org.gradle.api.internal.tasks.execution.ExecuteActionsTaskExecuter.executeActions(ExecuteActionsTaskExecuter.java:100)
	at org.gradle.api.internal.tasks.execution.ExecuteActionsTaskExecuter.execute(ExecuteActionsTaskExecuter.java:70)
	at org.gradle.api.internal.tasks.execution.OutputDirectoryCreatingTaskExecuter.execute(OutputDirectoryCreatingTaskExecuter.java:51)
	at org.gradle.api.internal.tasks.execution.SkipUpToDateTaskExecuter.execute(SkipUpToDateTaskExecuter.java:62)
	at org.gradle.api.internal.tasks.execution.ResolveTaskOutputCachingStateExecuter.execute(ResolveTaskOutputCachingStateExecuter.java:54)
	at org.gradle.api.internal.tasks.execution.ValidatingTaskExecuter.execute(ValidatingTaskExecuter.java:60)
	at org.gradle.api.internal.tasks.execution.SkipEmptySourceFilesTaskExecuter.execute(SkipEmptySourceFilesTaskExecuter.java:97)
	at org.gradle.api.internal.tasks.execution.CleanupStaleOutputsExecuter.execute(CleanupStaleOutputsExecuter.java:87)
	at org.gradle.api.internal.tasks.execution.ResolveTaskArtifactStateTaskExecuter.execute(ResolveTaskArtifactStateTaskExecuter.java:52)
	at org.gradle.api.internal.tasks.execution.SkipTaskWithNoActionsExecuter.execute(SkipTaskWithNoActionsExecuter.java:52)
	at org.gradle.api.internal.tasks.execution.SkipOnlyIfTaskExecuter.execute(SkipOnlyIfTaskExecuter.java:54)
	at org.gradle.api.internal.tasks.execution.ExecuteAtMostOnceTaskExecuter.execute(ExecuteAtMostOnceTaskExecuter.java:43)
	at org.gradle.api.internal.tasks.execution.CatchExceptionTaskExecuter.execute(CatchExceptionTaskExecuter.java:34)
	at org.gradle.execution.taskgraph.DefaultTaskGraphExecuter$EventFiringTaskWorker$1.run(DefaultTaskGraphExecuter.java:248)
	at org.gradle.internal.progress.DefaultBuildOperationExecutor$RunnableBuildOperationWorker.execute(DefaultBuildOperationExecutor.java:336)
	at org.gradle.internal.progress.DefaultBuildOperationExecutor$RunnableBuildOperationWorker.execute(DefaultBuildOperationExecutor.java:328)
	at org.gradle.internal.progress.DefaultBuildOperationExecutor.execute(DefaultBuildOperationExecutor.java:199)
	at org.gradle.internal.progress.DefaultBuildOperationExecutor.run(DefaultBuildOperationExecutor.java:110)
	at org.gradle.execution.taskgraph.DefaultTaskGraphExecuter$EventFiringTaskWorker.execute(DefaultTaskGraphExecuter.java:241)
	at org.gradle.execution.taskgraph.DefaultTaskGraphExecuter$EventFiringTaskWorker.execute(DefaultTaskGraphExecuter.java:230)
	at org.gradle.execution.taskgraph.DefaultTaskPlanExecutor$TaskExecutorWorker.processTask(DefaultTaskPlanExecutor.java:123)
	at org.gradle.execution.taskgraph.DefaultTaskPlanExecutor$TaskExecutorWorker.access$200(DefaultTaskPlanExecutor.java:79)
	at org.gradle.execution.taskgraph.DefaultTaskPlanExecutor$TaskExecutorWorker$1.execute(DefaultTaskPlanExecutor.java:104)
	at org.gradle.execution.taskgraph.DefaultTaskPlanExecutor$TaskExecutorWorker$1.execute(DefaultTaskPlanExecutor.java:98)
	at org.gradle.execution.taskgraph.DefaultTaskExecutionPlan.execute(DefaultTaskExecutionPlan.java:626)
	at org.gradle.execution.taskgraph.DefaultTaskExecutionPlan.executeWithTask(DefaultTaskExecutionPlan.java:581)
	at org.gradle.execution.taskgraph.DefaultTaskPlanExecutor$TaskExecutorWorker.run(DefaultTaskPlanExecutor.java:98)
	at org.gradle.internal.concurrent.ExecutorPolicy$CatchAndRecordFailures.onExecute(ExecutorPolicy.java:63)
	at org.gradle.internal.concurrent.ManagedExecutorImpl$1.run(ManagedExecutorImpl.java:46)
	at org.gradle.internal.concurrent.ThreadFactoryImpl$ManagedThreadRunnable.run(ThreadFactoryImpl.java:55)
Caused by: java.lang.RuntimeException: com.android.build.api.transform.TransformException: java.lang.RuntimeException: java.lang.RuntimeException: com.android.builder.dexing.DexArchiveMergerException: Error while merging dex archives: /private/var/folders/bq/vtzpc5ns5sg2cthy61lqpg3dfzgbys/T/1563598082844-0/src/app/build/intermediates/transforms/dexBuilder/debug/21, /private/var/folders/bq/vtzpc5ns5sg2cthy61lqpg3dfzgbys/T/1563598082844-0/src/app/build/intermediates/transforms/externalLibsDexMerger/debug/0, /private/var/folders/bq/vtzpc5ns5sg2cthy61lqpg3dfzgbys/T/1563598082844-0/src/app/build/intermediates/transforms/dexBuilder/debug/16.jar, /private/var/folders/bq/vtzpc5ns5sg2cthy61lqpg3dfzgbys/T/1563598082844-0/src/app/build/intermediates/transforms/dexBuilder/debug/17.jar, /private/var/folders/bq/vtzpc5ns5sg2cthy61lqpg3dfzgbys/T/1563598082844-0/src/app/build/intermediates/transforms/dexBuilder/debug/18.jar, /private/var/folders/bq/vtzpc5ns5sg2cthy61lqpg3dfzgbys/T/1563598082844-0/src/app/build/intermediates/transforms/dexBuilder/debug/19.jar
	at com.android.builder.profile.Recorder$Block.handleException(Recorder.java:55)
	at com.android.builder.profile.ThreadRecorder.record(ThreadRecorder.java:104)
	at com.android.build.gradle.internal.pipeline.TransformTask.transform(TransformTask.java:212)
	at org.gradle.internal.reflect.JavaMethod.invoke(JavaMethod.java:73)
	at org.gradle.api.internal.project.taskfactory.IncrementalTaskAction.doExecute(IncrementalTaskAction.java:46)
	at org.gradle.api.internal.project.taskfactory.StandardTaskAction.execute(StandardTaskAction.java:39)
	at org.gradle.api.internal.project.taskfactory.StandardTaskAction.execute(StandardTaskAction.java:26)
	at org.gradle.api.internal.tasks.execution.ExecuteActionsTaskExecuter$1.run(ExecuteActionsTaskExecuter.java:121)
	at org.gradle.internal.progress.DefaultBuildOperationExecutor$RunnableBuildOperationWorker.execute(DefaultBuildOperationExecutor.java:336)
	at org.gradle.internal.progress.DefaultBuildOperationExecutor$RunnableBuildOperationWorker.execute(DefaultBuildOperationExecutor.java:328)
	at org.gradle.internal.progress.DefaultBuildOperationExecutor.execute(DefaultBuildOperationExecutor.java:199)
	at org.gradle.internal.progress.DefaultBuildOperationExecutor.run(DefaultBuildOperationExecutor.java:110)
	at org.gradle.api.internal.tasks.execution.ExecuteActionsTaskExecuter.executeAction(ExecuteActionsTaskExecuter.java:110)
	at org.gradle.api.internal.tasks.execution.ExecuteActionsTaskExecuter.executeActions(ExecuteActionsTaskExecuter.java:92)
	... 29 more
Caused by: com.android.build.api.transform.TransformException: java.lang.RuntimeException: java.lang.RuntimeException: com.android.builder.dexing.DexArchiveMergerException: Error while merging dex archives: /private/var/folders/bq/vtzpc5ns5sg2cthy61lqpg3dfzgbys/T/1563598082844-0/src/app/build/intermediates/transforms/dexBuilder/debug/21, /private/var/folders/bq/vtzpc5ns5sg2cthy61lqpg3dfzgbys/T/1563598082844-0/src/app/build/intermediates/transforms/externalLibsDexMerger/debug/0, /private/var/folders/bq/vtzpc5ns5sg2cthy61lqpg3dfzgbys/T/1563598082844-0/src/app/build/intermediates/transforms/dexBuilder/debug/16.jar, /private/var/folders/bq/vtzpc5ns5sg2cthy61lqpg3dfzgbys/T/1563598082844-0/src/app/build/intermediates/transforms/dexBuilder/debug/17.jar, /private/var/folders/bq/vtzpc5ns5sg2cthy61lqpg3dfzgbys/T/1563598082844-0/src/app/build/intermediates/transforms/dexBuilder/debug/18.jar, /private/var/folders/bq/vtzpc5ns5sg2cthy61lqpg3dfzgbys/T/1563598082844-0/src/app/build/intermediates/transforms/dexBuilder/debug/19.jar
	at com.android.build.gradle.internal.transforms.DexMergerTransform.transform(DexMergerTransform.java:225)
	at com.android.build.gradle.internal.pipeline.TransformTask$2.call(TransformTask.java:221)
	at com.android.build.gradle.internal.pipeline.TransformTask$2.call(TransformTask.java:217)
	at com.android.builder.profile.ThreadRecorder.record(ThreadRecorder.java:102)
	... 41 more
Caused by: java.lang.RuntimeException: java.lang.RuntimeException: com.android.builder.dexing.DexArchiveMergerException: Error while merging dex archives: /private/var/folders/bq/vtzpc5ns5sg2cthy61lqpg3dfzgbys/T/1563598082844-0/src/app/build/intermediates/transforms/dexBuilder/debug/21, /private/var/folders/bq/vtzpc5ns5sg2cthy61lqpg3dfzgbys/T/1563598082844-0/src/app/build/intermediates/transforms/externalLibsDexMerger/debug/0, /private/var/folders/bq/vtzpc5ns5sg2cthy61lqpg3dfzgbys/T/1563598082844-0/src/app/build/intermediates/transforms/dexBuilder/debug/16.jar, /private/var/folders/bq/vtzpc5ns5sg2cthy61lqpg3dfzgbys/T/1563598082844-0/src/app/build/intermediates/transforms/dexBuilder/debug/17.jar, /private/var/folders/bq/vtzpc5ns5sg2cthy61lqpg3dfzgbys/T/1563598082844-0/src/app/build/intermediates/transforms/dexBuilder/debug/18.jar, /private/var/folders/bq/vtzpc5ns5sg2cthy61lqpg3dfzgbys/T/1563598082844-0/src/app/build/intermediates/transforms/dexBuilder/debug/19.jar
	at com.google.common.collect.ImmutableList.forEach(ImmutableList.java:397)
	at com.android.build.gradle.internal.transforms.DexMergerTransform.transform(DexMergerTransform.java:221)
	... 44 more
Caused by: java.lang.RuntimeException: com.android.builder.dexing.DexArchiveMergerException: Error while merging dex archives: /private/var/folders/bq/vtzpc5ns5sg2cthy61lqpg3dfzgbys/T/1563598082844-0/src/app/build/intermediates/transforms/dexBuilder/debug/21, /private/var/folders/bq/vtzpc5ns5sg2cthy61lqpg3dfzgbys/T/1563598082844-0/src/app/build/intermediates/transforms/externalLibsDexMerger/debug/0, /private/var/folders/bq/vtzpc5ns5sg2cthy61lqpg3dfzgbys/T/1563598082844-0/src/app/build/intermediates/transforms/dexBuilder/debug/16.jar, /private/var/folders/bq/vtzpc5ns5sg2cthy61lqpg3dfzgbys/T/1563598082844-0/src/app/build/intermediates/transforms/dexBuilder/debug/17.jar, /private/var/folders/bq/vtzpc5ns5sg2cthy61lqpg3dfzgbys/T/1563598082844-0/src/app/build/intermediates/transforms/dexBuilder/debug/18.jar, /private/var/folders/bq/vtzpc5ns5sg2cthy61lqpg3dfzgbys/T/1563598082844-0/src/app/build/intermediates/transforms/dexBuilder/debug/19.jar
Caused by: com.android.builder.dexing.DexArchiveMergerException: Error while merging dex archives: /private/var/folders/bq/vtzpc5ns5sg2cthy61lqpg3dfzgbys/T/1563598082844-0/src/app/build/intermediates/transforms/dexBuilder/debug/21, /private/var/folders/bq/vtzpc5ns5sg2cthy61lqpg3dfzgbys/T/1563598082844-0/src/app/build/intermediates/transforms/externalLibsDexMerger/debug/0, /private/var/folders/bq/vtzpc5ns5sg2cthy61lqpg3dfzgbys/T/1563598082844-0/src/app/build/intermediates/transforms/dexBuilder/debug/16.jar, /private/var/folders/bq/vtzpc5ns5sg2cthy61lqpg3dfzgbys/T/1563598082844-0/src/app/build/intermediates/transforms/dexBuilder/debug/17.jar, /private/var/folders/bq/vtzpc5ns5sg2cthy61lqpg3dfzgbys/T/1563598082844-0/src/app/build/intermediates/transforms/dexBuilder/debug/18.jar, /private/var/folders/bq/vtzpc5ns5sg2cthy61lqpg3dfzgbys/T/1563598082844-0/src/app/build/intermediates/transforms/dexBuilder/debug/19.jar
	at com.android.builder.dexing.D8DexArchiveMerger.getExceptionToRethrow(D8DexArchiveMerger.java:124)
	at com.android.builder.dexing.D8DexArchiveMerger.mergeDexArchives(D8DexArchiveMerger.java:109)
	at com.android.build.gradle.internal.transforms.DexMergerTransformCallable.call(DexMergerTransformCallable.java:101)
	at com.android.build.gradle.internal.transforms.DexMergerTransformCallable.call(DexMergerTransformCallable.java:36)
Caused by: com.android.tools.r8.CompilationFailedException: Compilation failed to complete
	at com.android.tools.r8.utils.ExceptionUtils.withCompilationHandler(ExceptionUtils.java:76)
	at com.android.tools.r8.utils.ExceptionUtils.withD8CompilationHandler(ExceptionUtils.java:45)
	at com.android.tools.r8.D8.run(D8.java:67)
	at com.android.builder.dexing.D8DexArchiveMerger.mergeDexArchives(D8DexArchiveMerger.java:107)
	... 2 more
Caused by: com.android.tools.r8.utils.AbortException
	at com.android.tools.r8.utils.Reporter.failIfPendingErrors(Reporter.java:77)
	at com.android.tools.r8.utils.Reporter.fatalError(Reporter.java:58)
	at com.android.tools.r8.utils.ExceptionUtils.withCompilationHandler(ExceptionUtils.java:67)
	... 5 more


* Get more help at https://help.gradle.org

BUILD FAILED in 13s
73 actionable tasks: 73 executed

2019-07-20 11:50:31,759 INFO  ProjectTaskService - Detecting possible tasks...
2019-07-20 11:50:31,759 INFO  SysUtils - Execute command: [/var/folders/bq/vtzpc5ns5sg2cthy61lqpg3dfzgbys/T/1563598082844-0/src/gradlew, -b, /var/folders/bq/vtzpc5ns5sg2cthy61lqpg3dfzgbys/T/1563598082844-0/src/currencyconverter/build.gradle, -Dorg.gradle.daemon=false, -Dorg.gradle.daemon.performance.enable-monitoring=false, -Dorg.gradle.configureondemand=true, tasks]
2019-07-20 11:50:37,310 INFO  ProjectTaskService - Detected possible tasks: 64
2019-07-20 11:50:37,310 INFO  ProjectTaskService - Excluded tasks (16): lintDebug mockableAndroidJar deviceCheck lint testReleaseUnitTest deviceAndroidTest uninstallDebugAndroidTest installDebugAndroidTest connectedCheck connectedDebugAndroidTest uninstallAll test check testDebugUnitTest connectedAndroidTest lintRelease
2019-07-20 11:50:37,310 INFO  SysUtils - Execute command: [/var/folders/bq/vtzpc5ns5sg2cthy61lqpg3dfzgbys/T/1563598082844-0/src/gradlew, -b, /var/folders/bq/vtzpc5ns5sg2cthy61lqpg3dfzgbys/T/1563598082844-0/src/currencyconverter/build.gradle, -Dorg.gradle.daemon=false, -Dorg.gradle.daemon.performance.enable-monitoring=false, -Dorg.gradle.configureondemand=true, --stacktrace, -x, lintDebug, -x, mockableAndroidJar, -x, deviceCheck, -x, lint, -x, testReleaseUnitTest, -x, deviceAndroidTest, -x, uninstallDebugAndroidTest, -x, installDebugAndroidTest, -x, connectedCheck, -x, connectedDebugAndroidTest, -x, uninstallAll, -x, test, -x, check, -x, testDebugUnitTest, -x, connectedAndroidTest, -x, lintRelease, build]
2019-07-20 11:50:46,047 INFO  SysUtils - Configuration on demand is an incubating feature.
:currencyconverter:preBuild UP-TO-DATE
:currencyconverter:preDebugBuild UP-TO-DATE
:currencyconverter:compileDebugAidl UP-TO-DATE
:currencyconverter:compileDebugRenderscript UP-TO-DATE
:currencyconverter:checkDebugManifest UP-TO-DATE
:currencyconverter:generateDebugBuildConfig UP-TO-DATE
:currencyconverter:generateDebugResValues UP-TO-DATE
:currencyconverter:generateDebugResources UP-TO-DATE
:currencyconverter:packageDebugResources UP-TO-DATE
:currencyconverter:platformAttrExtractor UP-TO-DATE
:currencyconverter:processDebugManifest UP-TO-DATE
:currencyconverter:generateDebugRFile UP-TO-DATE
:currencyconverter:prepareLintJar UP-TO-DATE
:currencyconverter:generateDebugSources UP-TO-DATE
:currencyconverter:javaPreCompileDebug UP-TO-DATE
:currencyconverter:compileDebugJavaWithJavac UP-TO-DATE
:currencyconverter:extractDebugAnnotations
:currencyconverter:mergeDebugConsumerProguardFiles
:currencyconverter:mergeDebugShaders UP-TO-DATE
:currencyconverter:compileDebugShaders UP-TO-DATE
:currencyconverter:generateDebugAssets UP-TO-DATE
:currencyconverter:packageDebugAssets UP-TO-DATE
:currencyconverter:packageDebugRenderscript NO-SOURCE
:currencyconverter:processDebugJavaRes NO-SOURCE
:currencyconverter:transformResourcesWithMergeJavaResForDebug
:currencyconverter:transformClassesAndResourcesWithSyncLibJarsForDebug
:currencyconverter:compileDebugNdk NO-SOURCE
:currencyconverter:mergeDebugJniLibFolders UP-TO-DATE
:currencyconverter:transformNativeLibsWithMergeJniLibsForDebug UP-TO-DATE
:currencyconverter:transformNativeLibsWithStripDebugSymbolForDebug UP-TO-DATE
:currencyconverter:transformNativeLibsWithSyncJniLibsForDebug
:currencyconverter:bundleDebug
:currencyconverter:compileDebugSources UP-TO-DATE
:currencyconverter:assembleDebug
:currencyconverter:preReleaseBuild UP-TO-DATE
:currencyconverter:compileReleaseAidl UP-TO-DATE
:currencyconverter:compileReleaseRenderscript UP-TO-DATE
:currencyconverter:checkReleaseManifest UP-TO-DATE
:currencyconverter:generateReleaseBuildConfig UP-TO-DATE
:currencyconverter:generateReleaseResValues UP-TO-DATE
:currencyconverter:generateReleaseResources UP-TO-DATE
:currencyconverter:packageReleaseResources UP-TO-DATE
:currencyconverter:processReleaseManifest UP-TO-DATE
:currencyconverter:generateReleaseRFile
:currencyconverter:generateReleaseSources
:currencyconverter:javaPreCompileRelease UP-TO-DATE
:currencyconverter:compileReleaseJavaWithJavac
:currencyconverter:extractReleaseAnnotations
:currencyconverter:mergeReleaseConsumerProguardFiles
:currencyconverter:mergeReleaseShaders UP-TO-DATE
:currencyconverter:compileReleaseShaders UP-TO-DATE
:currencyconverter:generateReleaseAssets UP-TO-DATE
:currencyconverter:packageReleaseAssets UP-TO-DATE
:currencyconverter:packageReleaseRenderscript NO-SOURCE
:currencyconverter:processReleaseJavaRes NO-SOURCE
:currencyconverter:transformResourcesWithMergeJavaResForRelease
:currencyconverter:transformClassesAndResourcesWithSyncLibJarsForRelease
:currencyconverter:compileReleaseNdk NO-SOURCE
:currencyconverter:mergeReleaseJniLibFolders UP-TO-DATE
:currencyconverter:transformNativeLibsWithMergeJniLibsForRelease UP-TO-DATE
:currencyconverter:transformNativeLibsWithStripDebugSymbolForRelease UP-TO-DATE
:currencyconverter:transformNativeLibsWithSyncJniLibsForRelease
:currencyconverter:bundleRelease
:currencyconverter:compileReleaseSources
:currencyconverter:mergeReleaseResources
:currencyconverter:verifyReleaseResources
:currencyconverter:assembleRelease
:currencyconverter:assemble
:currencyconverter:build

BUILD SUCCESSFUL in 8s
48 actionable tasks: 16 executed, 32 up-to-date

2019-07-20 11:50:46,112 INFO  ProjectTaskService - Detecting possible tasks...
2019-07-20 11:50:46,112 INFO  SysUtils - Execute command: [/var/folders/bq/vtzpc5ns5sg2cthy61lqpg3dfzgbys/T/1563598082844-0/src/gradlew, -b, /var/folders/bq/vtzpc5ns5sg2cthy61lqpg3dfzgbys/T/1563598082844-0/src/build.gradle, -Dorg.gradle.daemon=false, -Dorg.gradle.daemon.performance.enable-monitoring=false, -Dorg.gradle.configureondemand=true, tasks]
2019-07-20 11:50:51,641 INFO  ProjectTaskService - Detected possible tasks: 68
2019-07-20 11:50:51,641 INFO  ProjectTaskService - Excluded tasks (19): lintDebug mockableAndroidJar deviceCheck lint testReleaseUnitTest uninstallRelease deviceAndroidTest uninstallDebugAndroidTest installDebugAndroidTest connectedCheck connectedDebugAndroidTest uninstallAll test check testDebugUnitTest connectedAndroidTest installDebug lintRelease uninstallDebug
2019-07-20 11:50:51,641 INFO  SysUtils - Execute command: [/var/folders/bq/vtzpc5ns5sg2cthy61lqpg3dfzgbys/T/1563598082844-0/src/gradlew, -b, /var/folders/bq/vtzpc5ns5sg2cthy61lqpg3dfzgbys/T/1563598082844-0/src/build.gradle, -Dorg.gradle.daemon=false, -Dorg.gradle.daemon.performance.enable-monitoring=false, -Dorg.gradle.configureondemand=true, --stacktrace, -x, lintDebug, -x, mockableAndroidJar, -x, deviceCheck, -x, lint, -x, testReleaseUnitTest, -x, uninstallRelease, -x, deviceAndroidTest, -x, uninstallDebugAndroidTest, -x, installDebugAndroidTest, -x, connectedCheck, -x, connectedDebugAndroidTest, -x, uninstallAll, -x, test, -x, check, -x, testDebugUnitTest, -x, connectedAndroidTest, -x, installDebug, -x, lintRelease, -x, uninstallDebug, build]
2019-07-20 11:50:58,456 ERROR SysUtils - Could not process external command
org.apache.commons.exec.ExecuteException: Process exited with an error: 1 (Exit value: 1)
	at org.apache.commons.exec.DefaultExecutor.executeInternal(DefaultExecutor.java:404)
	at org.apache.commons.exec.DefaultExecutor.execute(DefaultExecutor.java:166)
	at com.github.vbauer.apkmaster.util.SysUtils.execute(SysUtils.java:67)
	at com.github.vbauer.apkmaster.util.SysUtils.executeSimple(SysUtils.java:43)
	at com.github.vbauer.apkmaster.service.assembly.ProjectBuildService.buildProject(ProjectBuildService.java:78)
	at com.github.vbauer.apkmaster.service.assembly.ProjectBuildService.buildProject(ProjectBuildService.java:64)
	at com.github.vbauer.apkmaster.service.assembly.ProjectBuildService.buildProject(ProjectBuildService.java:43)
	at com.github.vbauer.apkmaster.service.FullProcessService.build(FullProcessService.java:84)
	at com.github.vbauer.apkmaster.service.FullProcessService.process(FullProcessService.java:34)
	at com.github.vbauer.apkmaster.app.MainApplication.process(MainApplication.java:38)
	at com.github.vbauer.apkmaster.app.MainApplication.main(MainApplication.java:20)
	at sun.reflect.GeneratedMethodAccessor9.invoke(Unknown Source)
	at sun.reflect.DelegatingMethodAccessorImpl.invoke(DelegatingMethodAccessorImpl.java:43)
	at java.lang.reflect.Method.invoke(Method.java:498)
	at com.android.arsenal.util.ReflectionUtils.invoke(ReflectionUtils.java:52)
	at com.android.arsenal.util.ApkMasterUtils.main(ApkMasterUtils.java:30)
	at com.android.arsenal.service.processor.impl.BuildProcessorServiceImpl.buildProject(BuildProcessorServiceImpl.java:196)
	at com.android.arsenal.service.processor.impl.BuildProcessorServiceImpl.build(BuildProcessorServiceImpl.java:130)
	at com.android.arsenal.service.processor.impl.BuildProcessorServiceImpl.lambda$createTasks$1(BuildProcessorServiceImpl.java:113)
	at java.util.concurrent.FutureTask.run(FutureTask.java:266)
	at java.util.concurrent.Executors$RunnableAdapter.call(Executors.java:511)
	at java.util.concurrent.FutureTask.run(FutureTask.java:266)
	at java.util.concurrent.ThreadPoolExecutor.runWorker(ThreadPoolExecutor.java:1149)
	at java.util.concurrent.ThreadPoolExecutor$Worker.run(ThreadPoolExecutor.java:624)
	at java.lang.Thread.run(Thread.java:748)
2019-07-20 11:50:58,457 INFO  SysUtils - Configuration on demand is an incubating feature.
:app:preBuild UP-TO-DATE
:currencyconverter:preBuild UP-TO-DATE
:currencyconverter:preDebugBuild UP-TO-DATE
:currencyconverter:checkDebugManifest UP-TO-DATE
:currencyconverter:processDebugManifest UP-TO-DATE
:app:preDebugBuild UP-TO-DATE
:currencyconverter:compileDebugAidl UP-TO-DATE
:app:compileDebugAidl UP-TO-DATE
:currencyconverter:packageDebugRenderscript NO-SOURCE
:app:compileDebugRenderscript UP-TO-DATE
:app:checkDebugManifest UP-TO-DATE
:app:generateDebugBuildConfig UP-TO-DATE
:app:prepareLintJar UP-TO-DATE
:app:mainApkListPersistenceDebug UP-TO-DATE
:app:generateDebugResValues UP-TO-DATE
:app:generateDebugResources UP-TO-DATE
:currencyconverter:compileDebugRenderscript UP-TO-DATE
:currencyconverter:generateDebugResValues UP-TO-DATE
:currencyconverter:generateDebugResources UP-TO-DATE
:currencyconverter:packageDebugResources UP-TO-DATE
:app:mergeDebugResources UP-TO-DATE
:app:createDebugCompatibleScreenManifests UP-TO-DATE
:app:processDebugManifest UP-TO-DATE
:app:splitsDiscoveryTaskDebug UP-TO-DATE
:currencyconverter:platformAttrExtractor UP-TO-DATE
:currencyconverter:generateDebugRFile UP-TO-DATE
:app:processDebugResources UP-TO-DATE
:app:generateDebugSources UP-TO-DATE
:currencyconverter:generateDebugBuildConfig UP-TO-DATE
:currencyconverter:prepareLintJar UP-TO-DATE
:currencyconverter:generateDebugSources UP-TO-DATE
:currencyconverter:javaPreCompileDebug UP-TO-DATE
:currencyconverter:compileDebugJavaWithJavac UP-TO-DATE
:currencyconverter:processDebugJavaRes NO-SOURCE
:currencyconverter:transformClassesAndResourcesWithPrepareIntermediateJarsForDebug UP-TO-DATE
:app:javaPreCompileDebug UP-TO-DATE
:app:compileDebugJavaWithJavac UP-TO-DATE
:app:compileDebugNdk NO-SOURCE
:app:compileDebugSources UP-TO-DATE
:app:mergeDebugShaders UP-TO-DATE
:app:compileDebugShaders UP-TO-DATE
:app:generateDebugAssets UP-TO-DATE
:currencyconverter:mergeDebugShaders UP-TO-DATE
:currencyconverter:compileDebugShaders UP-TO-DATE
:currencyconverter:generateDebugAssets UP-TO-DATE
:currencyconverter:packageDebugAssets UP-TO-DATE
:app:mergeDebugAssets UP-TO-DATE
:app:transformClassesWithDexBuilderForDebug UP-TO-DATE
:app:transformDexArchiveWithExternalLibsDexMergerForDebug UP-TO-DATE
:app:transformDexArchiveWithDexMergerForDebugD8: Program type already present: vas.com.currencyconverter.BuildConfig
java.lang.RuntimeException: java.lang.RuntimeException: com.android.builder.dexing.DexArchiveMergerException: Error while merging dex archives: /private/var/folders/bq/vtzpc5ns5sg2cthy61lqpg3dfzgbys/T/1563598082844-0/src/app/build/intermediates/transforms/dexBuilder/debug/21, /private/var/folders/bq/vtzpc5ns5sg2cthy61lqpg3dfzgbys/T/1563598082844-0/src/app/build/intermediates/transforms/externalLibsDexMerger/debug/0, /private/var/folders/bq/vtzpc5ns5sg2cthy61lqpg3dfzgbys/T/1563598082844-0/src/app/build/intermediates/transforms/dexBuilder/debug/16.jar, /private/var/folders/bq/vtzpc5ns5sg2cthy61lqpg3dfzgbys/T/1563598082844-0/src/app/build/intermediates/transforms/dexBuilder/debug/17.jar, /private/var/folders/bq/vtzpc5ns5sg2cthy61lqpg3dfzgbys/T/1563598082844-0/src/app/build/intermediates/transforms/dexBuilder/debug/18.jar, /private/var/folders/bq/vtzpc5ns5sg2cthy61lqpg3dfzgbys/T/1563598082844-0/src/app/build/intermediates/transforms/dexBuilder/debug/19.jar
	at sun.reflect.NativeConstructorAccessorImpl.newInstance0(Native Method)
	at sun.reflect.NativeConstructorAccessorImpl.newInstance(NativeConstructorAccessorImpl.java:62)
	at sun.reflect.DelegatingConstructorAccessorImpl.newInstance(DelegatingConstructorAccessorImpl.java:45)
	at java.lang.reflect.Constructor.newInstance(Constructor.java:423)
	at java.util.concurrent.ForkJoinTask.getThrowableException(ForkJoinTask.java:593)
	at java.util.concurrent.ForkJoinTask.reportException(ForkJoinTask.java:677)
	at java.util.concurrent.ForkJoinTask.join(ForkJoinTask.java:720)
	at com.google.common.collect.ImmutableList.forEach(ImmutableList.java:397)
	at com.android.build.gradle.internal.transforms.DexMergerTransform.transform(DexMergerTransform.java:221)
	at com.android.build.gradle.internal.pipeline.TransformTask$2.call(TransformTask.java:221)
	at com.android.build.gradle.internal.pipeline.TransformTask$2.call(TransformTask.java:217)
	at com.android.builder.profile.ThreadRecorder.record(ThreadRecorder.java:102)
	at com.android.build.gradle.internal.pipeline.TransformTask.transform(TransformTask.java:212)
	at sun.reflect.NativeMethodAccessorImpl.invoke0(Native Method)
	at sun.reflect.NativeMethodAccessorImpl.invoke(NativeMethodAccessorImpl.java:62)
	at sun.reflect.DelegatingMethodAccessorImpl.invoke(DelegatingMethodAccessorImpl.java:43)
	at java.lang.reflect.Method.invoke(Method.java:498)
	at org.gradle.internal.reflect.JavaMethod.invoke(JavaMethod.java:73)
	at org.gradle.api.internal.project.taskfactory.IncrementalTaskAction.doExecute(IncrementalTaskAction.java:46)
	at org.gradle.api.internal.project.taskfactory.StandardTaskAction.execute(StandardTaskAction.java:39)
	at org.gradle.api.internal.project.taskfactory.StandardTaskAction.execute(StandardTaskAction.java:26)
	at org.gradle.api.internal.tasks.execution.ExecuteActionsTaskExecuter$1.run(ExecuteActionsTaskExecuter.java:121)
	at org.gradle.internal.progress.DefaultBuildOperationExecutor$RunnableBuildOperationWorker.execute(DefaultBuildOperationExecutor.java:336)
	at org.gradle.internal.progress.DefaultBuildOperationExecutor$RunnableBuildOperationWorker.execute(DefaultBuildOperationExecutor.java:328)
	at org.gradle.internal.progress.DefaultBuildOperationExecutor.execute(DefaultBuildOperationExecutor.java:199)
	at org.gradle.internal.progress.DefaultBuildOperationExecutor.run(DefaultBuildOperationExecutor.java:110)
	at org.gradle.api.internal.tasks.execution.ExecuteActionsTaskExecuter.executeAction(ExecuteActionsTaskExecuter.java:110)
	at org.gradle.api.internal.tasks.execution.ExecuteActionsTaskExecuter.executeActions(ExecuteActionsTaskExecuter.java:92)
	at org.gradle.api.internal.tasks.execution.ExecuteActionsTaskExecuter.execute(ExecuteActionsTaskExecuter.java:70)
	at org.gradle.api.internal.tasks.execution.OutputDirectoryCreatingTaskExecuter.execute(OutputDirectoryCreatingTaskExecuter.java:51)
	at org.gradle.api.internal.tasks.execution.SkipUpToDateTaskExecuter.execute(SkipUpToDateTaskExecuter.java:62)
	at org.gradle.api.internal.tasks.execution.ResolveTaskOutputCachingStateExecuter.execute(ResolveTaskOutputCachingStateExecuter.java:54)
	at org.gradle.api.internal.tasks.execution.ValidatingTaskExecuter.execute(ValidatingTaskExecuter.java:60)
	at org.gradle.api.internal.tasks.execution.SkipEmptySourceFilesTaskExecuter.execute(SkipEmptySourceFilesTaskExecuter.java:97)
	at org.gradle.api.internal.tasks.execution.CleanupStaleOutputsExecuter.execute(CleanupStaleOutputsExecuter.java:87)
	at org.gradle.api.internal.tasks.execution.ResolveTaskArtifactStateTaskExecuter.execute(ResolveTaskArtifactStateTaskExecuter.java:52)
	at org.gradle.api.internal.tasks.execution.SkipTaskWithNoActionsExecuter.execute(SkipTaskWithNoActionsExecuter.java:52)
	at org.gradle.api.internal.tasks.execution.SkipOnlyIfTaskExecuter.execute(SkipOnlyIfTaskExecuter.java:54)
	at org.gradle.api.internal.tasks.execution.ExecuteAtMostOnceTaskExecuter.execute(ExecuteAtMostOnceTaskExecuter.java:43)
	at org.gradle.api.internal.tasks.execution.CatchExceptionTaskExecuter.execute(CatchExceptionTaskExecuter.java:34)
	at org.gradle.execution.taskgraph.DefaultTaskGraphExecuter$EventFiringTaskWorker$1.run(DefaultTaskGraphExecuter.java:248)
	at org.gradle.internal.progress.DefaultBuildOperationExecutor$RunnableBuildOperationWorker.execute(DefaultBuildOperationExecutor.java:336)
	at org.gradle.internal.progress.DefaultBuildOperationExecutor$RunnableBuildOperationWorker.execute(DefaultBuildOperationExecutor.java:328)
	at org.gradle.internal.progress.DefaultBuildOperationExecutor.execute(DefaultBuildOperationExecutor.java:199)
	at org.gradle.internal.progress.DefaultBuildOperationExecutor.run(DefaultBuildOperationExecutor.java:110)
	at org.gradle.execution.taskgraph.DefaultTaskGraphExecuter$EventFiringTaskWorker.execute(DefaultTaskGraphExecuter.java:241)
	at org.gradle.execution.taskgraph.DefaultTaskGraphExecuter$EventFiringTaskWorker.execute(DefaultTaskGraphExecuter.java:230)
	at org.gradle.execution.taskgraph.DefaultTaskPlanExecutor$TaskExecutorWorker.processTask(DefaultTaskPlanExecutor.java:123)
	at org.gradle.execution.taskgraph.DefaultTaskPlanExecutor$TaskExecutorWorker.access$200(DefaultTaskPlanExecutor.java:79)
	at org.gradle.execution.taskgraph.DefaultTaskPlanExecutor$TaskExecutorWorker$1.execute(DefaultTaskPlanExecutor.java:104)
	at org.gradle.execution.taskgraph.DefaultTaskPlanExecutor$TaskExecutorWorker$1.execute(DefaultTaskPlanExecutor.java:98)
	at org.gradle.execution.taskgraph.DefaultTaskExecutionPlan.execute(DefaultTaskExecutionPlan.java:626)
	at org.gradle.execution.taskgraph.DefaultTaskExecutionPlan.executeWithTask(DefaultTaskExecutionPlan.java:581)
	at org.gradle.execution.taskgraph.DefaultTaskPlanExecutor$TaskExecutorWorker.run(DefaultTaskPlanExecutor.java:98)
	at org.gradle.internal.concurrent.ExecutorPolicy$CatchAndRecordFailures.onExecute(ExecutorPolicy.java:63)
	at org.gradle.internal.concurrent.ManagedExecutorImpl$1.run(ManagedExecutorImpl.java:46)
	at java.util.concurrent.ThreadPoolExecutor.runWorker(ThreadPoolExecutor.java:1149)
	at java.util.concurrent.ThreadPoolExecutor$Worker.run(ThreadPoolExecutor.java:624)
	at org.gradle.internal.concurrent.ThreadFactoryImpl$ManagedThreadRunnable.run(ThreadFactoryImpl.java:55)
	at java.lang.Thread.run(Thread.java:748)
Caused by: java.lang.RuntimeException: com.android.builder.dexing.DexArchiveMergerException: Error while merging dex archives: /private/var/folders/bq/vtzpc5ns5sg2cthy61lqpg3dfzgbys/T/1563598082844-0/src/app/build/intermediates/transforms/dexBuilder/debug/21, /private/var/folders/bq/vtzpc5ns5sg2cthy61lqpg3dfzgbys/T/1563598082844-0/src/app/build/intermediates/transforms/externalLibsDexMerger/debug/0, /private/var/folders/bq/vtzpc5ns5sg2cthy61lqpg3dfzgbys/T/1563598082844-0/src/app/build/intermediates/transforms/dexBuilder/debug/16.jar, /private/var/folders/bq/vtzpc5ns5sg2cthy61lqpg3dfzgbys/T/1563598082844-0/src/app/build/intermediates/transforms/dexBuilder/debug/17.jar, /private/var/folders/bq/vtzpc5ns5sg2cthy61lqpg3dfzgbys/T/1563598082844-0/src/app/build/intermediates/transforms/dexBuilder/debug/18.jar, /private/var/folders/bq/vtzpc5ns5sg2cthy61lqpg3dfzgbys/T/1563598082844-0/src/app/build/intermediates/transforms/dexBuilder/debug/19.jar
	at java.util.concurrent.ForkJoinTask$AdaptedCallable.exec(ForkJoinTask.java:1431)
	at java.util.concurrent.ForkJoinTask.doExec(ForkJoinTask.java:289)
	at java.util.concurrent.ForkJoinPool$WorkQueue.runTask(ForkJoinPool.java:1056)
	at java.util.concurrent.ForkJoinPool.runWorker(ForkJoinPool.java:1692)
	at java.util.concurrent.ForkJoinWorkerThread.run(ForkJoinWorkerThread.java:157)
Caused by: com.android.builder.dexing.DexArchiveMergerException: Error while merging dex archives: /private/var/folders/bq/vtzpc5ns5sg2cthy61lqpg3dfzgbys/T/1563598082844-0/src/app/build/intermediates/transforms/dexBuilder/debug/21, /private/var/folders/bq/vtzpc5ns5sg2cthy61lqpg3dfzgbys/T/1563598082844-0/src/app/build/intermediates/transforms/externalLibsDexMerger/debug/0, /private/var/folders/bq/vtzpc5ns5sg2cthy61lqpg3dfzgbys/T/1563598082844-0/src/app/build/intermediates/transforms/dexBuilder/debug/16.jar, /private/var/folders/bq/vtzpc5ns5sg2cthy61lqpg3dfzgbys/T/1563598082844-0/src/app/build/intermediates/transforms/dexBuilder/debug/17.jar, /private/var/folders/bq/vtzpc5ns5sg2cthy61lqpg3dfzgbys/T/1563598082844-0/src/app/build/intermediates/transforms/dexBuilder/debug/18.jar, /private/var/folders/bq/vtzpc5ns5sg2cthy61lqpg3dfzgbys/T/1563598082844-0/src/app/build/intermediates/transforms/dexBuilder/debug/19.jar
	at com.android.builder.dexing.D8DexArchiveMerger.getExceptionToRethrow(D8DexArchiveMerger.java:124)
	at com.android.builder.dexing.D8DexArchiveMerger.mergeDexArchives(D8DexArchiveMerger.java:109)
	at com.android.build.gradle.internal.transforms.DexMergerTransformCallable.call(DexMergerTransformCallable.java:101)
	at com.android.build.gradle.internal.transforms.DexMergerTransformCallable.call(DexMergerTransformCallable.java:36)
	at java.util.concurrent.ForkJoinTask$AdaptedCallable.exec(ForkJoinTask.java:1424)
	... 4 more
Caused by: com.android.tools.r8.CompilationFailedException: Compilation failed to complete
	at com.android.tools.r8.utils.ExceptionUtils.withCompilationHandler(ExceptionUtils.java:76)
	at com.android.tools.r8.utils.ExceptionUtils.withD8CompilationHandler(ExceptionUtils.java:45)
	at com.android.tools.r8.D8.run(D8.java:67)
	at com.android.builder.dexing.D8DexArchiveMerger.mergeDexArchives(D8DexArchiveMerger.java:107)
	... 7 more
Caused by: com.android.tools.r8.utils.AbortException
	at com.android.tools.r8.utils.Reporter.failIfPendingErrors(Reporter.java:77)
	at com.android.tools.r8.utils.Reporter.fatalError(Reporter.java:58)
	at com.android.tools.r8.utils.ExceptionUtils.withCompilationHandler(ExceptionUtils.java:67)
	... 10 more

 FAILED

FAILURE: Build failed with an exception.

* What went wrong:
Execution failed for task ':app:transformDexArchiveWithDexMergerForDebug'.
> com.android.build.api.transform.TransformException: java.lang.RuntimeException: java.lang.RuntimeException: com.android.builder.dexing.DexArchiveMergerException: Error while merging dex archives: /private/var/folders/bq/vtzpc5ns5sg2cthy61lqpg3dfzgbys/T/1563598082844-0/src/app/build/intermediates/transforms/dexBuilder/debug/21, /private/var/folders/bq/vtzpc5ns5sg2cthy61lqpg3dfzgbys/T/1563598082844-0/src/app/build/intermediates/transforms/externalLibsDexMerger/debug/0, /private/var/folders/bq/vtzpc5ns5sg2cthy61lqpg3dfzgbys/T/1563598082844-0/src/app/build/intermediates/transforms/dexBuilder/debug/16.jar, /private/var/folders/bq/vtzpc5ns5sg2cthy61lqpg3dfzgbys/T/1563598082844-0/src/app/build/intermediates/transforms/dexBuilder/debug/17.jar, /private/var/folders/bq/vtzpc5ns5sg2cthy61lqpg3dfzgbys/T/1563598082844-0/src/app/build/intermediates/transforms/dexBuilder/debug/18.jar, /private/var/folders/bq/vtzpc5ns5sg2cthy61lqpg3dfzgbys/T/1563598082844-0/src/app/build/intermediates/transforms/dexBuilder/debug/19.jar

* Try:
Run with --info or --debug option to get more log output. Run with --scan to get full insights.

* Exception is:
org.gradle.api.tasks.TaskExecutionException: Execution failed for task ':app:transformDexArchiveWithDexMergerForDebug'.
	at org.gradle.api.internal.tasks.execution.ExecuteActionsTaskExecuter.executeActions(ExecuteActionsTaskExecuter.java:100)
	at org.gradle.api.internal.tasks.execution.ExecuteActionsTaskExecuter.execute(ExecuteActionsTaskExecuter.java:70)
	at org.gradle.api.internal.tasks.execution.OutputDirectoryCreatingTaskExecuter.execute(OutputDirectoryCreatingTaskExecuter.java:51)
	at org.gradle.api.internal.tasks.execution.SkipUpToDateTaskExecuter.execute(SkipUpToDateTaskExecuter.java:62)
	at org.gradle.api.internal.tasks.execution.ResolveTaskOutputCachingStateExecuter.execute(ResolveTaskOutputCachingStateExecuter.java:54)
	at org.gradle.api.internal.tasks.execution.ValidatingTaskExecuter.execute(ValidatingTaskExecuter.java:60)
	at org.gradle.api.internal.tasks.execution.SkipEmptySourceFilesTaskExecuter.execute(SkipEmptySourceFilesTaskExecuter.java:97)
	at org.gradle.api.internal.tasks.execution.CleanupStaleOutputsExecuter.execute(CleanupStaleOutputsExecuter.java:87)
	at org.gradle.api.internal.tasks.execution.ResolveTaskArtifactStateTaskExecuter.execute(ResolveTaskArtifactStateTaskExecuter.java:52)
	at org.gradle.api.internal.tasks.execution.SkipTaskWithNoActionsExecuter.execute(SkipTaskWithNoActionsExecuter.java:52)
	at org.gradle.api.internal.tasks.execution.SkipOnlyIfTaskExecuter.execute(SkipOnlyIfTaskExecuter.java:54)
	at org.gradle.api.internal.tasks.execution.ExecuteAtMostOnceTaskExecuter.execute(ExecuteAtMostOnceTaskExecuter.java:43)
	at org.gradle.api.internal.tasks.execution.CatchExceptionTaskExecuter.execute(CatchExceptionTaskExecuter.java:34)
	at org.gradle.execution.taskgraph.DefaultTaskGraphExecuter$EventFiringTaskWorker$1.run(DefaultTaskGraphExecuter.java:248)
	at org.gradle.internal.progress.DefaultBuildOperationExecutor$RunnableBuildOperationWorker.execute(DefaultBuildOperationExecutor.java:336)
	at org.gradle.internal.progress.DefaultBuildOperationExecutor$RunnableBuildOperationWorker.execute(DefaultBuildOperationExecutor.java:328)
	at org.gradle.internal.progress.DefaultBuildOperationExecutor.execute(DefaultBuildOperationExecutor.java:199)
	at org.gradle.internal.progress.DefaultBuildOperationExecutor.run(DefaultBuildOperationExecutor.java:110)
	at org.gradle.execution.taskgraph.DefaultTaskGraphExecuter$EventFiringTaskWorker.execute(DefaultTaskGraphExecuter.java:241)
	at org.gradle.execution.taskgraph.DefaultTaskGraphExecuter$EventFiringTaskWorker.execute(DefaultTaskGraphExecuter.java:230)
	at org.gradle.execution.taskgraph.DefaultTaskPlanExecutor$TaskExecutorWorker.processTask(DefaultTaskPlanExecutor.java:123)
	at org.gradle.execution.taskgraph.DefaultTaskPlanExecutor$TaskExecutorWorker.access$200(DefaultTaskPlanExecutor.java:79)
	at org.gradle.execution.taskgraph.DefaultTaskPlanExecutor$TaskExecutorWorker$1.execute(DefaultTaskPlanExecutor.java:104)
	at org.gradle.execution.taskgraph.DefaultTaskPlanExecutor$TaskExecutorWorker$1.execute(DefaultTaskPlanExecutor.java:98)
	at org.gradle.execution.taskgraph.DefaultTaskExecutionPlan.execute(DefaultTaskExecutionPlan.java:626)
	at org.gradle.execution.taskgraph.DefaultTaskExecutionPlan.executeWithTask(DefaultTaskExecutionPlan.java:581)
	at org.gradle.execution.taskgraph.DefaultTaskPlanExecutor$TaskExecutorWorker.run(DefaultTaskPlanExecutor.java:98)
	at org.gradle.internal.concurrent.ExecutorPolicy$CatchAndRecordFailures.onExecute(ExecutorPolicy.java:63)
	at org.gradle.internal.concurrent.ManagedExecutorImpl$1.run(ManagedExecutorImpl.java:46)
	at org.gradle.internal.concurrent.ThreadFactoryImpl$ManagedThreadRunnable.run(ThreadFactoryImpl.java:55)
Caused by: java.lang.RuntimeException: com.android.build.api.transform.TransformException: java.lang.RuntimeException: java.lang.RuntimeException: com.android.builder.dexing.DexArchiveMergerException: Error while merging dex archives: /private/var/folders/bq/vtzpc5ns5sg2cthy61lqpg3dfzgbys/T/1563598082844-0/src/app/build/intermediates/transforms/dexBuilder/debug/21, /private/var/folders/bq/vtzpc5ns5sg2cthy61lqpg3dfzgbys/T/1563598082844-0/src/app/build/intermediates/transforms/externalLibsDexMerger/debug/0, /private/var/folders/bq/vtzpc5ns5sg2cthy61lqpg3dfzgbys/T/1563598082844-0/src/app/build/intermediates/transforms/dexBuilder/debug/16.jar, /private/var/folders/bq/vtzpc5ns5sg2cthy61lqpg3dfzgbys/T/1563598082844-0/src/app/build/intermediates/transforms/dexBuilder/debug/17.jar, /private/var/folders/bq/vtzpc5ns5sg2cthy61lqpg3dfzgbys/T/1563598082844-0/src/app/build/intermediates/transforms/dexBuilder/debug/18.jar, /private/var/folders/bq/vtzpc5ns5sg2cthy61lqpg3dfzgbys/T/1563598082844-0/src/app/build/intermediates/transforms/dexBuilder/debug/19.jar
	at com.android.builder.profile.Recorder$Block.handleException(Recorder.java:55)
	at com.android.builder.profile.ThreadRecorder.record(ThreadRecorder.java:104)
	at com.android.build.gradle.internal.pipeline.TransformTask.transform(TransformTask.java:212)
	at org.gradle.internal.reflect.JavaMethod.invoke(JavaMethod.java:73)
	at org.gradle.api.internal.project.taskfactory.IncrementalTaskAction.doExecute(IncrementalTaskAction.java:46)
	at org.gradle.api.internal.project.taskfactory.StandardTaskAction.execute(StandardTaskAction.java:39)
	at org.gradle.api.internal.project.taskfactory.StandardTaskAction.execute(StandardTaskAction.java:26)
	at org.gradle.api.internal.tasks.execution.ExecuteActionsTaskExecuter$1.run(ExecuteActionsTaskExecuter.java:121)
	at org.gradle.internal.progress.DefaultBuildOperationExecutor$RunnableBuildOperationWorker.execute(DefaultBuildOperationExecutor.java:336)
	at org.gradle.internal.progress.DefaultBuildOperationExecutor$RunnableBuildOperationWorker.execute(DefaultBuildOperationExecutor.java:328)
	at org.gradle.internal.progress.DefaultBuildOperationExecutor.execute(DefaultBuildOperationExecutor.java:199)
	at org.gradle.internal.progress.DefaultBuildOperationExecutor.run(DefaultBuildOperationExecutor.java:110)
	at org.gradle.api.internal.tasks.execution.ExecuteActionsTaskExecuter.executeAction(ExecuteActionsTaskExecuter.java:110)
	at org.gradle.api.internal.tasks.execution.ExecuteActionsTaskExecuter.executeActions(ExecuteActionsTaskExecuter.java:92)
	... 29 more
Caused by: com.android.build.api.transform.TransformException: java.lang.RuntimeException: java.lang.RuntimeException: com.android.builder.dexing.DexArchiveMergerException: Error while merging dex archives: /private/var/folders/bq/vtzpc5ns5sg2cthy61lqpg3dfzgbys/T/1563598082844-0/src/app/build/intermediates/transforms/dexBuilder/debug/21, /private/var/folders/bq/vtzpc5ns5sg2cthy61lqpg3dfzgbys/T/1563598082844-0/src/app/build/intermediates/transforms/externalLibsDexMerger/debug/0, /private/var/folders/bq/vtzpc5ns5sg2cthy61lqpg3dfzgbys/T/1563598082844-0/src/app/build/intermediates/transforms/dexBuilder/debug/16.jar, /private/var/folders/bq/vtzpc5ns5sg2cthy61lqpg3dfzgbys/T/1563598082844-0/src/app/build/intermediates/transforms/dexBuilder/debug/17.jar, /private/var/folders/bq/vtzpc5ns5sg2cthy61lqpg3dfzgbys/T/1563598082844-0/src/app/build/intermediates/transforms/dexBuilder/debug/18.jar, /private/var/folders/bq/vtzpc5ns5sg2cthy61lqpg3dfzgbys/T/1563598082844-0/src/app/build/intermediates/transforms/dexBuilder/debug/19.jar
	at com.android.build.gradle.internal.transforms.DexMergerTransform.transform(DexMergerTransform.java:225)
	at com.android.build.gradle.internal.pipeline.TransformTask$2.call(TransformTask.java:221)
	at com.android.build.gradle.internal.pipeline.TransformTask$2.call(TransformTask.java:217)
	at com.android.builder.profile.ThreadRecorder.record(ThreadRecorder.java:102)
	... 41 more
Caused by: java.lang.RuntimeException: java.lang.RuntimeException: com.android.builder.dexing.DexArchiveMergerException: Error while merging dex archives: /private/var/folders/bq/vtzpc5ns5sg2cthy61lqpg3dfzgbys/T/1563598082844-0/src/app/build/intermediates/transforms/dexBuilder/debug/21, /private/var/folders/bq/vtzpc5ns5sg2cthy61lqpg3dfzgbys/T/1563598082844-0/src/app/build/intermediates/transforms/externalLibsDexMerger/debug/0, /private/var/folders/bq/vtzpc5ns5sg2cthy61lqpg3dfzgbys/T/1563598082844-0/src/app/build/intermediates/transforms/dexBuilder/debug/16.jar, /private/var/folders/bq/vtzpc5ns5sg2cthy61lqpg3dfzgbys/T/1563598082844-0/src/app/build/intermediates/transforms/dexBuilder/debug/17.jar, /private/var/folders/bq/vtzpc5ns5sg2cthy61lqpg3dfzgbys/T/1563598082844-0/src/app/build/intermediates/transforms/dexBuilder/debug/18.jar, /private/var/folders/bq/vtzpc5ns5sg2cthy61lqpg3dfzgbys/T/1563598082844-0/src/app/build/intermediates/transforms/dexBuilder/debug/19.jar
	at com.google.common.collect.ImmutableList.forEach(ImmutableList.java:397)
	at com.android.build.gradle.internal.transforms.DexMergerTransform.transform(DexMergerTransform.java:221)
	... 44 more
Caused by: java.lang.RuntimeException: com.android.builder.dexing.DexArchiveMergerException: Error while merging dex archives: /private/var/folders/bq/vtzpc5ns5sg2cthy61lqpg3dfzgbys/T/1563598082844-0/src/app/build/intermediates/transforms/dexBuilder/debug/21, /private/var/folders/bq/vtzpc5ns5sg2cthy61lqpg3dfzgbys/T/1563598082844-0/src/app/build/intermediates/transforms/externalLibsDexMerger/debug/0, /private/var/folders/bq/vtzpc5ns5sg2cthy61lqpg3dfzgbys/T/1563598082844-0/src/app/build/intermediates/transforms/dexBuilder/debug/16.jar, /private/var/folders/bq/vtzpc5ns5sg2cthy61lqpg3dfzgbys/T/1563598082844-0/src/app/build/intermediates/transforms/dexBuilder/debug/17.jar, /private/var/folders/bq/vtzpc5ns5sg2cthy61lqpg3dfzgbys/T/1563598082844-0/src/app/build/intermediates/transforms/dexBuilder/debug/18.jar, /private/var/folders/bq/vtzpc5ns5sg2cthy61lqpg3dfzgbys/T/1563598082844-0/src/app/build/intermediates/transforms/dexBuilder/debug/19.jar
Caused by: com.android.builder.dexing.DexArchiveMergerException: Error while merging dex archives: /private/var/folders/bq/vtzpc5ns5sg2cthy61lqpg3dfzgbys/T/1563598082844-0/src/app/build/intermediates/transforms/dexBuilder/debug/21, /private/var/folders/bq/vtzpc5ns5sg2cthy61lqpg3dfzgbys/T/1563598082844-0/src/app/build/intermediates/transforms/externalLibsDexMerger/debug/0, /private/var/folders/bq/vtzpc5ns5sg2cthy61lqpg3dfzgbys/T/1563598082844-0/src/app/build/intermediates/transforms/dexBuilder/debug/16.jar, /private/var/folders/bq/vtzpc5ns5sg2cthy61lqpg3dfzgbys/T/1563598082844-0/src/app/build/intermediates/transforms/dexBuilder/debug/17.jar, /private/var/folders/bq/vtzpc5ns5sg2cthy61lqpg3dfzgbys/T/1563598082844-0/src/app/build/intermediates/transforms/dexBuilder/debug/18.jar, /private/var/folders/bq/vtzpc5ns5sg2cthy61lqpg3dfzgbys/T/1563598082844-0/src/app/build/intermediates/transforms/dexBuilder/debug/19.jar
	at com.android.builder.dexing.D8DexArchiveMerger.getExceptionToRethrow(D8DexArchiveMerger.java:124)
	at com.android.builder.dexing.D8DexArchiveMerger.mergeDexArchives(D8DexArchiveMerger.java:109)
	at com.android.build.gradle.internal.transforms.DexMergerTransformCallable.call(DexMergerTransformCallable.java:101)
	at com.android.build.gradle.internal.transforms.DexMergerTransformCallable.call(DexMergerTransformCallable.java:36)
Caused by: com.android.tools.r8.CompilationFailedException: Compilation failed to complete
	at com.android.tools.r8.utils.ExceptionUtils.withCompilationHandler(ExceptionUtils.java:76)
	at com.android.tools.r8.utils.ExceptionUtils.withD8CompilationHandler(ExceptionUtils.java:45)
	at com.android.tools.r8.D8.run(D8.java:67)
	at com.android.builder.dexing.D8DexArchiveMerger.mergeDexArchives(D8DexArchiveMerger.java:107)
	... 2 more
Caused by: com.android.tools.r8.utils.AbortException
	at com.android.tools.r8.utils.Reporter.failIfPendingErrors(Reporter.java:77)
	at com.android.tools.r8.utils.Reporter.fatalError(Reporter.java:58)
	at com.android.tools.r8.utils.ExceptionUtils.withCompilationHandler(ExceptionUtils.java:67)
	... 5 more


* Get more help at https://help.gradle.org

BUILD FAILED in 6s
37 actionable tasks: 1 executed, 36 up-to-date

2019-07-20 11:50:58,519 ERROR FullProcessService - Project build has not produced APK file
2019-07-20 11:50:58,576 ERROR FullProcessService - Could not find generated or existed APK file
